{"uid":"73fed7a9b0f0df15","name":"Check if item appear on Today section","fullName":"Check if item appear on Today section","historyId":"Check if item appear on Today section-2134815732","time":{"start":1677603345371,"stop":1677603349600,"duration":4229},"status":"failed","statusMessage":"stale element reference: element is not attached to the page document\n  (Session info: chrome=109.0.5414.119)","statusTrace":"OpenQA.Selenium.StaleElementReferenceException: stale element reference: element is not attached to the page document\n  (Session info: chrome=109.0.5414.119)\n   at OpenQA.Selenium.WebDriver.UnpackAndThrowOnError(Response errorResponse, String commandToExecute)\n   at OpenQA.Selenium.WebDriver.Execute(String driverCommandToExecute, Dictionary`2 parameters)\n   at OpenQA.Selenium.WebDriver.InternalExecute(String driverCommandToExecute, Dictionary`2 parameters)\n   at OpenQA.Selenium.WebElement.Execute(String commandToExecute, Dictionary`2 parameters)\n   at OpenQA.Selenium.WebElement.get_Text()\n   at System.Dynamic.UpdateDelegates.UpdateAndExecute1[T0,TRet](CallSite site, T0 arg0)\n   at SeleniumTest.Tests.Steps.Items.DueDateStepDefinitions.DisplayedInSection(String itemName, String sectionName) in /home/runner/work/GUI-Framework/GUI-Framework/3.Tests/UI/StepDefinitions/Item/DueDateStepDefinition.cs:line 68\n   at TechTalk.SpecFlow.Bindings.BindingInvoker.InvokeBinding(IBinding binding, IContextManager contextManager, Object[] arguments, ITestTracer testTracer, TimeSpan& duration)\n   at Allure.SpecFlowPlugin.AllureBindingInvoker.InvokeBinding(IBinding binding, IContextManager contextManager, Object[] arguments, ITestTracer testTracer, TimeSpan& duration)\n   at TechTalk.SpecFlow.Infrastructure.TestExecutionEngine.ExecuteStepMatch(BindingMatch match, Object[] arguments, TimeSpan& duration)\n   at TechTalk.SpecFlow.Infrastructure.TestExecutionEngine.ExecuteStep(IContextManager contextManager, StepInstance stepInstance)","flaky":false,"newFailed":true,"newBroken":false,"newPassed":false,"retriesCount":0,"retriesStatusChange":false,"beforeStages":[{"name":"BeforeFeature [10000]","time":{"start":1677603344846,"stop":1677603344858,"duration":12},"status":"passed","steps":[],"attachments":[],"parameters":[],"stepsCount":0,"attachmentsCount":0,"shouldDisplayMessage":false,"hasContent":false},{"name":"CreateProject [1]","time":{"start":1677603344860,"stop":1677603345308,"duration":448},"status":"passed","steps":[],"attachments":[],"parameters":[],"stepsCount":0,"attachmentsCount":0,"shouldDisplayMessage":false,"hasContent":false},{"name":"CreateAnItem [2]","time":{"start":1677603345308,"stop":1677603345370,"duration":62},"status":"passed","steps":[],"attachments":[],"parameters":[],"stepsCount":0,"attachmentsCount":0,"shouldDisplayMessage":false,"hasContent":false},{"name":"BeforeScenario [10000]","time":{"start":1677603345370,"stop":1677603345370,"duration":0},"status":"passed","steps":[],"attachments":[],"parameters":[],"stepsCount":0,"attachmentsCount":0,"shouldDisplayMessage":false,"hasContent":false}],"testStage":{"status":"failed","statusMessage":"stale element reference: element is not attached to the page document\n  (Session info: chrome=109.0.5414.119)","statusTrace":"OpenQA.Selenium.StaleElementReferenceException: stale element reference: element is not attached to the page document\n  (Session info: chrome=109.0.5414.119)\n   at OpenQA.Selenium.WebDriver.UnpackAndThrowOnError(Response errorResponse, String commandToExecute)\n   at OpenQA.Selenium.WebDriver.Execute(String driverCommandToExecute, Dictionary`2 parameters)\n   at OpenQA.Selenium.WebDriver.InternalExecute(String driverCommandToExecute, Dictionary`2 parameters)\n   at OpenQA.Selenium.WebElement.Execute(String commandToExecute, Dictionary`2 parameters)\n   at OpenQA.Selenium.WebElement.get_Text()\n   at System.Dynamic.UpdateDelegates.UpdateAndExecute1[T0,TRet](CallSite site, T0 arg0)\n   at SeleniumTest.Tests.Steps.Items.DueDateStepDefinitions.DisplayedInSection(String itemName, String sectionName) in /home/runner/work/GUI-Framework/GUI-Framework/3.Tests/UI/StepDefinitions/Item/DueDateStepDefinition.cs:line 68\n   at TechTalk.SpecFlow.Bindings.BindingInvoker.InvokeBinding(IBinding binding, IContextManager contextManager, Object[] arguments, ITestTracer testTracer, TimeSpan& duration)\n   at Allure.SpecFlowPlugin.AllureBindingInvoker.InvokeBinding(IBinding binding, IContextManager contextManager, Object[] arguments, ITestTracer testTracer, TimeSpan& duration)\n   at TechTalk.SpecFlow.Infrastructure.TestExecutionEngine.ExecuteStepMatch(BindingMatch match, Object[] arguments, TimeSpan& duration)\n   at TechTalk.SpecFlow.Infrastructure.TestExecutionEngine.ExecuteStep(IContextManager contextManager, StepInstance stepInstance)","steps":[{"name":"Given  the user is logged in","time":{"start":1677603345371,"stop":1677603348057,"duration":2686},"status":"passed","steps":[],"attachments":[],"parameters":[],"stepsCount":0,"attachmentsCount":0,"shouldDisplayMessage":false,"hasContent":false},{"name":"When  the user clicks on 'Project Button' <Today> at 'Project Component'","time":{"start":1677603348057,"stop":1677603348156,"duration":99},"status":"passed","steps":[],"attachments":[],"parameters":[],"stepsCount":0,"attachmentsCount":0,"shouldDisplayMessage":false,"hasContent":false},{"name":"And  the user hovers on \"Get Item\" <GoToGym> at 'Items Component'","time":{"start":1677603348156,"stop":1677603348518,"duration":362},"status":"passed","steps":[],"attachments":[],"parameters":[],"stepsCount":0,"attachmentsCount":0,"shouldDisplayMessage":false,"hasContent":false},{"name":"And  the user clicks on 'Item DueDate' <GoToGym> at 'Items Component'","time":{"start":1677603348518,"stop":1677603348697,"duration":179},"status":"passed","steps":[],"attachments":[],"parameters":[],"stepsCount":0,"attachmentsCount":0,"shouldDisplayMessage":false,"hasContent":false},{"name":"And  inputs \"1 Jan 2020 12:00 AM\" as due date","time":{"start":1677603348698,"stop":1677603349171,"duration":473},"status":"passed","steps":[],"attachments":[],"parameters":[],"stepsCount":0,"attachmentsCount":0,"shouldDisplayMessage":false,"hasContent":false},{"name":"Then  the \"GoToGym\" should be displayed in \"Today\" section","time":{"start":1677603349171,"stop":1677603349491,"duration":320},"status":"failed","steps":[],"attachments":[],"parameters":[],"stepsCount":0,"attachmentsCount":0,"shouldDisplayMessage":false,"hasContent":false}],"attachments":[{"uid":"fac81716ba706a8","name":"Failed test screenshot","source":"fac81716ba706a8.png","type":"application/png","size":63851}],"parameters":[],"stepsCount":6,"attachmentsCount":1,"shouldDisplayMessage":true,"hasContent":true},"afterStages":[{"name":"RemoveProjects [10000]","time":{"start":1677603349600,"stop":1677603350193,"duration":593},"status":"passed","steps":[],"attachments":[],"parameters":[],"stepsCount":0,"attachmentsCount":0,"shouldDisplayMessage":false,"hasContent":false},{"name":"CaptureScreenshot [10000]","time":{"start":1677603350193,"stop":1677603350409,"duration":216},"status":"passed","steps":[],"attachments":[],"parameters":[],"stepsCount":0,"attachmentsCount":0,"shouldDisplayMessage":false,"hasContent":false},{"name":"SessionDisposal [10000]","time":{"start":1677603350409,"stop":1677603350410,"duration":1},"status":"passed","steps":[],"attachments":[],"parameters":[],"stepsCount":0,"attachmentsCount":0,"shouldDisplayMessage":false,"hasContent":false},{"name":"AfterFeature [10000]","time":{"start":1677603440128,"stop":1677603440128,"duration":0},"status":"passed","steps":[],"attachments":[],"parameters":[],"stepsCount":0,"attachmentsCount":0,"shouldDisplayMessage":false,"hasContent":false}],"labels":[{"name":"thread","value":"NonParallelWorker"},{"name":"host","value":"fv-az210-508"},{"name":"feature","value":"Item Due Date"},{"name":"tag","value":"Smoke"},{"name":"tag","value":"Regression"},{"name":"tag","value":"create.project.Today"},{"name":"tag","value":"delete.projects"},{"name":"tag","value":"create.item.GoToGym"},{"name":"tag","value":"Due_Date_Item"},{"name":"resultFormat","value":"allure2"}],"parameters":[{"name":"Date","value":"1 Jan 2020 12:00 AM"},{"name":"When","value":"Today"}],"links":[],"hidden":false,"retry":false,"extra":{"severity":"normal","retries":[],"categories":[{"name":"Product defects","matchedStatuses":[],"flaky":false}],"history":{"statistic":{"failed":1,"broken":1,"skipped":0,"passed":5,"unknown":0,"total":7},"items":[{"uid":"bda0963a90fb54c7","reportUrl":"https://BC-LT-02.github.io/GUI-Framework/648//#testresult/bda0963a90fb54c7","status":"broken","statusDetails":"The type initializer for 'Todoly.Core.Helpers.ConfigModel' threw an exception. -> Key not found","time":{"start":1677603243900,"stop":1677603243901,"duration":1}},{"uid":"ef1b862f4adc3ac9","reportUrl":"https://BC-LT-02.github.io/GUI-Framework/647//#testresult/ef1b862f4adc3ac9","status":"passed","time":{"start":1677602586545,"stop":1677602591630,"duration":5085}},{"uid":"98bddb5ea840f8c1","reportUrl":"https://BC-LT-02.github.io/GUI-Framework/644//#testresult/98bddb5ea840f8c1","status":"passed","time":{"start":1677601696862,"stop":1677601700481,"duration":3619}},{"uid":"446e234cfb614472","reportUrl":"https://BC-LT-02.github.io/GUI-Framework/642//#testresult/446e234cfb614472","status":"passed","time":{"start":1677600990066,"stop":1677600994241,"duration":4175}},{"uid":"b08b35692e35588c","reportUrl":"https://BC-LT-02.github.io/GUI-Framework/641//#testresult/b08b35692e35588c","status":"passed","time":{"start":1677599971172,"stop":1677599976682,"duration":5510}},{"uid":"b766d767b79ad4fe","reportUrl":"https://BC-LT-02.github.io/GUI-Framework/640//#testresult/b766d767b79ad4fe","status":"passed","time":{"start":1677599546793,"stop":1677599551122,"duration":4329}}]},"tags":["create.project.Today","Regression","Due_Date_Item","Smoke","create.item.GoToGym","delete.projects"]},"source":"73fed7a9b0f0df15.json","parameterValues":["1 Jan 2020 12:00 AM","Today"]}