{"uid":"62e9cbf44c1d8dbf","name":"Checking an Item in a Project successfully","fullName":"Checking an Item in a Project successfully","historyId":"Checking an Item in a Project successfully","time":{"start":1677590698991,"stop":1677590761650,"duration":62659},"status":"failed","statusMessage":"Timed out after 30 seconds -> no such element: Unable to locate element: {\"method\":\"xpath\",\"selector\":\"//div[@id='ProjectListPlaceHolder']//td[text()='NewProject']\"}\n  (Session info: chrome=109.0.5414.119)","statusTrace":"OpenQA.Selenium.WebDriverTimeoutException: Timed out after 30 seconds\n ---> OpenQA.Selenium.NoSuchElementException: no such element: Unable to locate element: {\"method\":\"xpath\",\"selector\":\"//div[@id='ProjectListPlaceHolder']//td[text()='NewProject']\"}\n  (Session info: chrome=109.0.5414.119)\n   at OpenQA.Selenium.WebDriver.UnpackAndThrowOnError(Response errorResponse, String commandToExecute)\n   at OpenQA.Selenium.WebDriver.Execute(String driverCommandToExecute, Dictionary`2 parameters)\n   at OpenQA.Selenium.WebDriver.FindElement(String mechanism, String value)\n   at OpenQA.Selenium.By.<.ctor>b__11_0(ISearchContext context)\n   at OpenQA.Selenium.By.FindElement(ISearchContext context)\n   at OpenQA.Selenium.WebDriver.FindElement(By by)\n   at SeleniumExtras.WaitHelpers.ExpectedConditions.<>c__DisplayClass6_0.<ElementExists>b__0(IWebDriver driver)\n   at OpenQA.Selenium.Support.UI.DefaultWait`1.Until[TResult](Func`2 condition, CancellationToken token)\n   --- End of inner exception stack trace ---\n   at OpenQA.Selenium.Support.UI.DefaultWait`1.ThrowTimeoutException(String exceptionMessage, Exception lastException)\n   at OpenQA.Selenium.Support.UI.DefaultWait`1.Until[TResult](Func`2 condition, CancellationToken token)\n   at OpenQA.Selenium.Support.UI.DefaultWait`1.Until[TResult](Func`2 condition)\n   at Todoly.Core.UIElements.Web.BaseWebElement.get_WebElement() in /home/runner/work/GUI-Framework/GUI-Framework/1.Core/UIElements/Web/BaseWebElement.cs:line 37\n   at Todoly.Core.UIElements.Web.Button.Click() in /home/runner/work/GUI-Framework/GUI-Framework/1.Core/UIElements/Web/Button.cs:line 17\n   at Todoly.Tests.UI.Steps.Commons.CommonSteps.Click(String elementName, String locatorArgument, String viewName) in /home/runner/work/GUI-Framework/GUI-Framework/3.Tests/UI/StepDefinitions/CommonStepDefinition.cs:line 69\n   at TechTalk.SpecFlow.Bindings.BindingInvoker.InvokeBinding(IBinding binding, IContextManager contextManager, Object[] arguments, ITestTracer testTracer, TimeSpan& duration)\n   at Allure.SpecFlowPlugin.AllureBindingInvoker.InvokeBinding(IBinding binding, IContextManager contextManager, Object[] arguments, ITestTracer testTracer, TimeSpan& duration)\n   at TechTalk.SpecFlow.Infrastructure.TestExecutionEngine.ExecuteStepMatch(BindingMatch match, Object[] arguments, TimeSpan& duration)\n   at TechTalk.SpecFlow.Infrastructure.TestExecutionEngine.ExecuteStep(IContextManager contextManager, StepInstance stepInstance)","flaky":false,"newFailed":true,"newBroken":false,"newPassed":false,"retriesCount":0,"retriesStatusChange":false,"beforeStages":[{"name":"CreateProject [1]","time":{"start":1677590698652,"stop":1677590698937,"duration":285},"status":"passed","steps":[],"attachments":[],"parameters":[],"stepsCount":0,"attachmentsCount":0,"shouldDisplayMessage":false,"hasContent":false},{"name":"CreateAnItem [2]","time":{"start":1677590698937,"stop":1677590698991,"duration":54},"status":"passed","steps":[],"attachments":[],"parameters":[],"stepsCount":0,"attachmentsCount":0,"shouldDisplayMessage":false,"hasContent":false}],"testStage":{"status":"failed","statusMessage":"Timed out after 30 seconds -> no such element: Unable to locate element: {\"method\":\"xpath\",\"selector\":\"//div[@id='ProjectListPlaceHolder']//td[text()='NewProject']\"}\n  (Session info: chrome=109.0.5414.119)","statusTrace":"OpenQA.Selenium.WebDriverTimeoutException: Timed out after 30 seconds\n ---> OpenQA.Selenium.NoSuchElementException: no such element: Unable to locate element: {\"method\":\"xpath\",\"selector\":\"//div[@id='ProjectListPlaceHolder']//td[text()='NewProject']\"}\n  (Session info: chrome=109.0.5414.119)\n   at OpenQA.Selenium.WebDriver.UnpackAndThrowOnError(Response errorResponse, String commandToExecute)\n   at OpenQA.Selenium.WebDriver.Execute(String driverCommandToExecute, Dictionary`2 parameters)\n   at OpenQA.Selenium.WebDriver.FindElement(String mechanism, String value)\n   at OpenQA.Selenium.By.<.ctor>b__11_0(ISearchContext context)\n   at OpenQA.Selenium.By.FindElement(ISearchContext context)\n   at OpenQA.Selenium.WebDriver.FindElement(By by)\n   at SeleniumExtras.WaitHelpers.ExpectedConditions.<>c__DisplayClass6_0.<ElementExists>b__0(IWebDriver driver)\n   at OpenQA.Selenium.Support.UI.DefaultWait`1.Until[TResult](Func`2 condition, CancellationToken token)\n   --- End of inner exception stack trace ---\n   at OpenQA.Selenium.Support.UI.DefaultWait`1.ThrowTimeoutException(String exceptionMessage, Exception lastException)\n   at OpenQA.Selenium.Support.UI.DefaultWait`1.Until[TResult](Func`2 condition, CancellationToken token)\n   at OpenQA.Selenium.Support.UI.DefaultWait`1.Until[TResult](Func`2 condition)\n   at Todoly.Core.UIElements.Web.BaseWebElement.get_WebElement() in /home/runner/work/GUI-Framework/GUI-Framework/1.Core/UIElements/Web/BaseWebElement.cs:line 37\n   at Todoly.Core.UIElements.Web.Button.Click() in /home/runner/work/GUI-Framework/GUI-Framework/1.Core/UIElements/Web/Button.cs:line 17\n   at Todoly.Tests.UI.Steps.Commons.CommonSteps.Click(String elementName, String locatorArgument, String viewName) in /home/runner/work/GUI-Framework/GUI-Framework/3.Tests/UI/StepDefinitions/CommonStepDefinition.cs:line 69\n   at TechTalk.SpecFlow.Bindings.BindingInvoker.InvokeBinding(IBinding binding, IContextManager contextManager, Object[] arguments, ITestTracer testTracer, TimeSpan& duration)\n   at Allure.SpecFlowPlugin.AllureBindingInvoker.InvokeBinding(IBinding binding, IContextManager contextManager, Object[] arguments, ITestTracer testTracer, TimeSpan& duration)\n   at TechTalk.SpecFlow.Infrastructure.TestExecutionEngine.ExecuteStepMatch(BindingMatch match, Object[] arguments, TimeSpan& duration)\n   at TechTalk.SpecFlow.Infrastructure.TestExecutionEngine.ExecuteStep(IContextManager contextManager, StepInstance stepInstance)","steps":[{"name":"Given  the user is logged in","time":{"start":1677590698991,"stop":1677590701492,"duration":2501},"status":"passed","steps":[],"attachments":[],"parameters":[],"stepsCount":0,"attachmentsCount":0,"shouldDisplayMessage":false,"hasContent":false},{"name":"When  the user clicks on 'Project Button' <NewProject> at 'Project Component'","time":{"start":1677590701492,"stop":1677590761544,"duration":60052},"status":"failed","steps":[],"attachments":[],"parameters":[],"stepsCount":0,"attachmentsCount":0,"shouldDisplayMessage":false,"hasContent":false},{"name":"When  the user checks the item","time":{"start":1677590761649,"stop":1677590761649,"duration":0},"status":"skipped","steps":[],"attachments":[],"parameters":[],"stepsCount":0,"attachmentsCount":0,"shouldDisplayMessage":false,"hasContent":false},{"name":"Then  the item should be listed in the Done Items","time":{"start":1677590761649,"stop":1677590761649,"duration":0},"status":"skipped","steps":[],"attachments":[],"parameters":[],"stepsCount":0,"attachmentsCount":0,"shouldDisplayMessage":false,"hasContent":false}],"attachments":[{"uid":"3636ddd41727d5ff","name":"Failed test screenshot","source":"3636ddd41727d5ff.png","type":"application/png","size":54433}],"parameters":[],"stepsCount":4,"attachmentsCount":1,"shouldDisplayMessage":true,"hasContent":true},"afterStages":[{"name":"CaptureScreenshot [10000]","time":{"start":1677590761650,"stop":1677590761852,"duration":202},"status":"passed","steps":[],"attachments":[],"parameters":[],"stepsCount":0,"attachmentsCount":0,"shouldDisplayMessage":false,"hasContent":false},{"name":"SessionDisposal [10000]","time":{"start":1677590761852,"stop":1677590761852,"duration":0},"status":"passed","steps":[],"attachments":[],"parameters":[],"stepsCount":0,"attachmentsCount":0,"shouldDisplayMessage":false,"hasContent":false}],"labels":[{"name":"thread","value":"NonParallelWorker"},{"name":"host","value":"fv-az341-892"},{"name":"feature","value":"Checking a Todo Item"},{"name":"tag","value":"Smoke"},{"name":"tag","value":"create.project.NewProject"},{"name":"tag","value":"create.item.NewItem"},{"name":"resultFormat","value":"allure2"}],"parameters":[],"links":[],"hidden":false,"retry":false,"extra":{"severity":"normal","retries":[],"categories":[{"name":"Product defects","matchedStatuses":[],"flaky":false}],"history":{"statistic":{"failed":1,"broken":5,"skipped":0,"passed":10,"unknown":0,"total":16},"items":[{"uid":"ee18192d493141d2","reportUrl":"https://BC-LT-02.github.io/GUI-Framework/626//#testresult/ee18192d493141d2","status":"passed","time":{"start":1677590544538,"stop":1677590547603,"duration":3065}},{"uid":"4909f4c661863029","reportUrl":"https://BC-LT-02.github.io/GUI-Framework/625//#testresult/4909f4c661863029","status":"passed","time":{"start":1677590098275,"stop":1677590101225,"duration":2950}},{"uid":"22b2d304724b779f","reportUrl":"https://BC-LT-02.github.io/GUI-Framework/624//#testresult/22b2d304724b779f","status":"broken","statusDetails":"Error specifying the driver","time":{"start":1677588780253,"stop":1677588780255,"duration":2}},{"uid":"70f43979240a73be","reportUrl":"https://BC-LT-02.github.io/GUI-Framework/623//#testresult/70f43979240a73be","status":"passed","time":{"start":1677588548088,"stop":1677588551034,"duration":2946}},{"uid":"f25ef1c97351f748","reportUrl":"https://BC-LT-02.github.io/GUI-Framework/622//#testresult/f25ef1c97351f748","status":"passed","time":{"start":1677588000414,"stop":1677588003368,"duration":2954}},{"uid":"df0387a177388c4e","reportUrl":"https://BC-LT-02.github.io/GUI-Framework/619//#testresult/df0387a177388c4e","status":"broken","statusDetails":"Error specifying the driver","time":{"start":1677587909904,"stop":1677587909906,"duration":2}},{"uid":"1fe8a74456952ac9","reportUrl":"https://BC-LT-02.github.io/GUI-Framework/622//#testresult/1fe8a74456952ac9","status":"passed","time":{"start":1677587474100,"stop":1677587478240,"duration":4140}},{"uid":"5238c19281eaaf61","reportUrl":"https://BC-LT-02.github.io/GUI-Framework/621//#testresult/5238c19281eaaf61","status":"passed","time":{"start":1677585955470,"stop":1677585959680,"duration":4210}},{"uid":"e9a65e9081c3ef28","reportUrl":"https://BC-LT-02.github.io/GUI-Framework/621//#testresult/e9a65e9081c3ef28","status":"passed","time":{"start":1677585479912,"stop":1677585484222,"duration":4310}},{"uid":"5aeb7d36a7d5b19","reportUrl":"https://BC-LT-02.github.io/GUI-Framework/621//#testresult/5aeb7d36a7d5b19","status":"passed","time":{"start":1677585149523,"stop":1677585153690,"duration":4167}},{"uid":"c1d80806a0ca3d93","reportUrl":"https://BC-LT-02.github.io/GUI-Framework/621//#testresult/c1d80806a0ca3d93","status":"passed","time":{"start":1677584781045,"stop":1677584783873,"duration":2828}},{"uid":"32e3eaa71b8bd24f","reportUrl":"https://BC-LT-02.github.io/GUI-Framework/620//#testresult/32e3eaa71b8bd24f","status":"passed","time":{"start":1677584136690,"stop":1677584139572,"duration":2882}},{"uid":"c1bb143f3a7dc7ea","reportUrl":"https://BC-LT-02.github.io/GUI-Framework/619//#testresult/c1bb143f3a7dc7ea","status":"broken","statusDetails":"Error specifying the driver","time":{"start":1677571317772,"stop":1677571317774,"duration":2}},{"uid":"cd78544bd83eb512","reportUrl":"https://BC-LT-02.github.io/GUI-Framework/618//#testresult/cd78544bd83eb512","status":"broken","statusDetails":"Error specifying the driver","time":{"start":1677570841274,"stop":1677570841276,"duration":2}},{"uid":"a349d6ca18074171","reportUrl":"https://BC-LT-02.github.io/GUI-Framework/618//#testresult/a349d6ca18074171","status":"broken","statusDetails":"Error specifying the driver","time":{"start":1677570654354,"stop":1677570654356,"duration":2}}]},"tags":["create.item.NewItem","Smoke","create.project.NewProject"]},"source":"62e9cbf44c1d8dbf.json","parameterValues":[]}