{"uid":"80c011dcce06edcd","name":"Update a name of an item succesfully","fullName":"Update a name of an item succesfully","historyId":"Update a name of an item succesfully","time":{"start":1677737583355,"stop":1677737583359,"duration":4},"status":"broken","statusMessage":"An unknown exception was encountered sending an HTTP request to the remote WebDriver server for URL http://localhost:4444/session/dbc41eb91dbc32fb506ba5b3d0c71a7d/screenshot. The exception message was: Connection refused (localhost:4444) -> Connection refused (localhost:4444) -> Connection refused","statusTrace":"OpenQA.Selenium.WebDriverException: An unknown exception was encountered sending an HTTP request to the remote WebDriver server for URL http://localhost:4444/session/dbc41eb91dbc32fb506ba5b3d0c71a7d/screenshot. The exception message was: Connection refused (localhost:4444)\n ---> System.Net.Http.HttpRequestException: Connection refused (localhost:4444)\n ---> System.Net.Sockets.SocketException (111): Connection refused\n   at System.Net.Sockets.Socket.AwaitableSocketAsyncEventArgs.ThrowException(SocketError error, CancellationToken cancellationToken)\n   at System.Net.Sockets.Socket.AwaitableSocketAsyncEventArgs.System.Threading.Tasks.Sources.IValueTaskSource.GetResult(Int16 token)\n   at System.Net.Sockets.Socket.<ConnectAsync>g__WaitForConnectWithCancellation|277_0(AwaitableSocketAsyncEventArgs saea, ValueTask connectTask, CancellationToken cancellationToken)\n   at System.Net.Http.HttpConnectionPool.ConnectToTcpHostAsync(String host, Int32 port, HttpRequestMessage initialRequest, Boolean async, CancellationToken cancellationToken)\n   --- End of inner exception stack trace ---\n   at System.Net.Http.HttpConnectionPool.ConnectToTcpHostAsync(String host, Int32 port, HttpRequestMessage initialRequest, Boolean async, CancellationToken cancellationToken)\n   at System.Net.Http.HttpConnectionPool.ConnectAsync(HttpRequestMessage request, Boolean async, CancellationToken cancellationToken)\n   at System.Net.Http.HttpConnectionPool.CreateHttp11ConnectionAsync(HttpRequestMessage request, Boolean async, CancellationToken cancellationToken)\n   at System.Net.Http.HttpConnectionPool.AddHttp11ConnectionAsync(HttpRequestMessage request)\n   at System.Threading.Tasks.TaskCompletionSourceWithCancellation`1.WaitWithCancellationAsync(CancellationToken cancellationToken)\n   at System.Net.Http.HttpConnectionPool.GetHttp11ConnectionAsync(HttpRequestMessage request, Boolean async, CancellationToken cancellationToken)\n   at System.Net.Http.HttpConnectionPool.SendWithVersionDetectionAndRetryAsync(HttpRequestMessage request, Boolean async, Boolean doRequestAuth, CancellationToken cancellationToken)\n   at System.Net.Http.RedirectHandler.SendAsync(HttpRequestMessage request, Boolean async, CancellationToken cancellationToken)\n   at System.Net.Http.HttpClient.<SendAsync>g__Core|83_0(HttpRequestMessage request, HttpCompletionOption completionOption, CancellationTokenSource cts, Boolean disposeCts, CancellationTokenSource pendingRequestsCts, CancellationToken originalCancellationToken)\n   at OpenQA.Selenium.Remote.HttpCommandExecutor.MakeHttpRequest(HttpRequestInfo requestInfo)\n   at OpenQA.Selenium.Remote.HttpCommandExecutor.Execute(Command commandToExecute)\n   --- End of inner exception stack trace ---\n   at OpenQA.Selenium.Remote.HttpCommandExecutor.Execute(Command commandToExecute)\n   at OpenQA.Selenium.WebDriver.Execute(String driverCommandToExecute, Dictionary`2 parameters)\n   at OpenQA.Selenium.WebDriver.GetScreenshot()\n   at SeleniumTest.Tests.Hooks.Hooks.CaptureScreenshot() in /home/sch/actions-runner/_work/GUI-Framework/GUI-Framework/3.Tests/UI/Hooks/Hooks.cs:line 176\n   at TechTalk.SpecFlow.Bindings.BindingInvoker.InvokeBinding(IBinding binding, IContextManager contextManager, Object[] arguments, ITestTracer testTracer, TimeSpan& duration)\n   at Allure.SpecFlowPlugin.AllureBindingInvoker.InvokeBinding(IBinding binding, IContextManager contextManager, Object[] arguments, ITestTracer testTracer, TimeSpan& duration)","flaky":false,"newFailed":false,"newBroken":true,"newPassed":false,"retriesCount":0,"retriesStatusChange":false,"beforeStages":[{"name":"BeforeFeature [10000]","time":{"start":1677737567130,"stop":1677737567138,"duration":8},"status":"passed","steps":[],"attachments":[],"parameters":[],"stepsCount":0,"attachmentsCount":0,"shouldDisplayMessage":false,"hasContent":false},{"name":"CreateProject [1]","time":{"start":1677737582401,"stop":1677737583167,"duration":766},"status":"passed","steps":[],"attachments":[],"parameters":[],"stepsCount":0,"attachmentsCount":0,"shouldDisplayMessage":false,"hasContent":false},{"name":"CreateItems [2]","time":{"start":1677737583167,"stop":1677737583355,"duration":188},"status":"passed","steps":[],"attachments":[],"parameters":[],"stepsCount":0,"attachmentsCount":0,"shouldDisplayMessage":false,"hasContent":false},{"name":"BeforeScenario [10000]","time":{"start":1677737583355,"stop":1677737583355,"duration":0},"status":"passed","steps":[],"attachments":[],"parameters":[],"stepsCount":0,"attachmentsCount":0,"shouldDisplayMessage":false,"hasContent":false}],"testStage":{"status":"broken","statusMessage":"An unknown exception was encountered sending an HTTP request to the remote WebDriver server for URL http://localhost:4444/session/dbc41eb91dbc32fb506ba5b3d0c71a7d/screenshot. The exception message was: Connection refused (localhost:4444) -> Connection refused (localhost:4444) -> Connection refused","statusTrace":"OpenQA.Selenium.WebDriverException: An unknown exception was encountered sending an HTTP request to the remote WebDriver server for URL http://localhost:4444/session/dbc41eb91dbc32fb506ba5b3d0c71a7d/screenshot. The exception message was: Connection refused (localhost:4444)\n ---> System.Net.Http.HttpRequestException: Connection refused (localhost:4444)\n ---> System.Net.Sockets.SocketException (111): Connection refused\n   at System.Net.Sockets.Socket.AwaitableSocketAsyncEventArgs.ThrowException(SocketError error, CancellationToken cancellationToken)\n   at System.Net.Sockets.Socket.AwaitableSocketAsyncEventArgs.System.Threading.Tasks.Sources.IValueTaskSource.GetResult(Int16 token)\n   at System.Net.Sockets.Socket.<ConnectAsync>g__WaitForConnectWithCancellation|277_0(AwaitableSocketAsyncEventArgs saea, ValueTask connectTask, CancellationToken cancellationToken)\n   at System.Net.Http.HttpConnectionPool.ConnectToTcpHostAsync(String host, Int32 port, HttpRequestMessage initialRequest, Boolean async, CancellationToken cancellationToken)\n   --- End of inner exception stack trace ---\n   at System.Net.Http.HttpConnectionPool.ConnectToTcpHostAsync(String host, Int32 port, HttpRequestMessage initialRequest, Boolean async, CancellationToken cancellationToken)\n   at System.Net.Http.HttpConnectionPool.ConnectAsync(HttpRequestMessage request, Boolean async, CancellationToken cancellationToken)\n   at System.Net.Http.HttpConnectionPool.CreateHttp11ConnectionAsync(HttpRequestMessage request, Boolean async, CancellationToken cancellationToken)\n   at System.Net.Http.HttpConnectionPool.AddHttp11ConnectionAsync(HttpRequestMessage request)\n   at System.Threading.Tasks.TaskCompletionSourceWithCancellation`1.WaitWithCancellationAsync(CancellationToken cancellationToken)\n   at System.Net.Http.HttpConnectionPool.GetHttp11ConnectionAsync(HttpRequestMessage request, Boolean async, CancellationToken cancellationToken)\n   at System.Net.Http.HttpConnectionPool.SendWithVersionDetectionAndRetryAsync(HttpRequestMessage request, Boolean async, Boolean doRequestAuth, CancellationToken cancellationToken)\n   at System.Net.Http.RedirectHandler.SendAsync(HttpRequestMessage request, Boolean async, CancellationToken cancellationToken)\n   at System.Net.Http.HttpClient.<SendAsync>g__Core|83_0(HttpRequestMessage request, HttpCompletionOption completionOption, CancellationTokenSource cts, Boolean disposeCts, CancellationTokenSource pendingRequestsCts, CancellationToken originalCancellationToken)\n   at OpenQA.Selenium.Remote.HttpCommandExecutor.MakeHttpRequest(HttpRequestInfo requestInfo)\n   at OpenQA.Selenium.Remote.HttpCommandExecutor.Execute(Command commandToExecute)\n   --- End of inner exception stack trace ---\n   at OpenQA.Selenium.Remote.HttpCommandExecutor.Execute(Command commandToExecute)\n   at OpenQA.Selenium.WebDriver.Execute(String driverCommandToExecute, Dictionary`2 parameters)\n   at OpenQA.Selenium.WebDriver.GetScreenshot()\n   at SeleniumTest.Tests.Hooks.Hooks.CaptureScreenshot() in /home/sch/actions-runner/_work/GUI-Framework/GUI-Framework/3.Tests/UI/Hooks/Hooks.cs:line 176\n   at TechTalk.SpecFlow.Bindings.BindingInvoker.InvokeBinding(IBinding binding, IContextManager contextManager, Object[] arguments, ITestTracer testTracer, TimeSpan& duration)\n   at Allure.SpecFlowPlugin.AllureBindingInvoker.InvokeBinding(IBinding binding, IContextManager contextManager, Object[] arguments, ITestTracer testTracer, TimeSpan& duration)","steps":[{"name":"Given  the user is logged in","time":{"start":1677737583355,"stop":1677737583357,"duration":2},"status":"failed","steps":[],"attachments":[],"parameters":[],"stepsCount":0,"attachmentsCount":0,"shouldDisplayMessage":false,"hasContent":false}],"attachments":[],"parameters":[],"stepsCount":1,"attachmentsCount":0,"shouldDisplayMessage":true,"hasContent":true},"afterStages":[{"name":"RemoveProjects [10000]","time":{"start":1677737583359,"stop":1677737584211,"duration":852},"status":"passed","steps":[],"attachments":[],"parameters":[],"stepsCount":0,"attachmentsCount":0,"shouldDisplayMessage":false,"hasContent":false},{"name":"CaptureScreenshot [10000]","time":{"start":1677737584211,"stop":1677737584212,"duration":1},"status":"broken","steps":[],"attachments":[],"parameters":[],"stepsCount":0,"attachmentsCount":0,"shouldDisplayMessage":false,"hasContent":false},{"name":"AfterFeature [10000]","time":{"start":1677737584214,"stop":1677737584214,"duration":0},"status":"passed","steps":[],"attachments":[],"parameters":[],"stepsCount":0,"attachmentsCount":0,"shouldDisplayMessage":false,"hasContent":false}],"labels":[{"name":"thread","value":"NonParallelWorker"},{"name":"host","value":"sch"},{"name":"feature","value":"Items CRUD operations"},{"name":"tag","value":"Smoke"},{"name":"tag","value":"Regression"},{"name":"tag","value":"create.project.Exercise"},{"name":"tag","value":"delete.projects"},{"name":"tag","value":"create.item.Math"},{"name":"tag","value":"UI_Update_Item"},{"name":"tag","value":"jorge"},{"name":"resultFormat","value":"allure2"}],"parameters":[],"links":[],"hidden":false,"retry":false,"extra":{"severity":"normal","retries":[],"categories":[{"name":"Test defects","matchedStatuses":[],"flaky":false}],"history":{"statistic":{"failed":0,"broken":14,"skipped":0,"passed":1,"unknown":0,"total":15},"items":[{"uid":"c2137285601c7772","reportUrl":"https://BC-LT-02.github.io/GUI-Framework/735//#testresult/c2137285601c7772","status":"passed","time":{"start":1677733841927,"stop":1677733848791,"duration":6864}},{"uid":"992c269df8b38a77","reportUrl":"https://BC-LT-02.github.io/GUI-Framework/732//#testresult/992c269df8b38a77","status":"broken","statusDetails":"No matching step definition found for the step","time":{"start":1677730322891,"stop":1677730329253,"duration":6362}},{"uid":"d6932b5758879503","reportUrl":"https://BC-LT-02.github.io/GUI-Framework/734//#testresult/d6932b5758879503","status":"broken","statusDetails":"No matching step definition found for the step","time":{"start":1677729566738,"stop":1677729573028,"duration":6290}},{"uid":"a1aaece16f1b35a0","reportUrl":"https://BC-LT-02.github.io/GUI-Framework/732//#testresult/a1aaece16f1b35a0","status":"broken","statusDetails":"No matching step definition found for the step","time":{"start":1677728816950,"stop":1677728823569,"duration":6619}},{"uid":"a767c307d78e535c","reportUrl":"https://BC-LT-02.github.io/GUI-Framework/15//#testresult/a767c307d78e535c","status":"broken","statusDetails":"No matching step definition found for the step","time":{"start":1677728002818,"stop":1677728009726,"duration":6908}},{"uid":"eb24113922ea8988","reportUrl":"https://BC-LT-02.github.io/GUI-Framework/733//#testresult/eb24113922ea8988","status":"broken","statusDetails":"No matching step definition found for the step","time":{"start":1677727350099,"stop":1677727356922,"duration":6823}},{"uid":"acd6385483e7b88","reportUrl":"https://BC-LT-02.github.io/GUI-Framework/732//#testresult/acd6385483e7b88","status":"broken","statusDetails":"No matching step definition found for the step","time":{"start":1677726475933,"stop":1677726482646,"duration":6713}},{"uid":"2dc091a10dc57ea","reportUrl":"https://BC-LT-02.github.io/GUI-Framework/730//#testresult/2dc091a10dc57ea","status":"broken","statusDetails":"No matching step definition found for the step","time":{"start":1677724804401,"stop":1677724810911,"duration":6510}},{"uid":"d59a7ddb30a25dfc","reportUrl":"https://BC-LT-02.github.io/GUI-Framework/14//#testresult/d59a7ddb30a25dfc","status":"broken","statusDetails":"No matching step definition found for the step","time":{"start":1677718656647,"stop":1677718663518,"duration":6871}},{"uid":"3cbff9282a515bc9","reportUrl":"https://BC-LT-02.github.io/GUI-Framework/729//#testresult/3cbff9282a515bc9","status":"broken","statusDetails":"No matching step definition found for the step","time":{"start":1677714436142,"stop":1677714443006,"duration":6864}},{"uid":"3cfeff1e8bb7ee52","reportUrl":"https://BC-LT-02.github.io/GUI-Framework/728//#testresult/3cfeff1e8bb7ee52","status":"broken","statusDetails":"No matching step definition found for the step","time":{"start":1677713061277,"stop":1677713067944,"duration":6667}},{"uid":"f0a49cdbcbf3efb5","reportUrl":"https://BC-LT-02.github.io/GUI-Framework/727//#testresult/f0a49cdbcbf3efb5","status":"broken","statusDetails":"No matching step definition found for the step","time":{"start":1677710528210,"stop":1677710535278,"duration":7068}},{"uid":"f73a25645aaa252f","reportUrl":"https://BC-LT-02.github.io/GUI-Framework/726//#testresult/f73a25645aaa252f","status":"broken","statusDetails":"No matching step definition found for the step","time":{"start":1677709715954,"stop":1677709722369,"duration":6415}},{"uid":"99f2696c5d5b2271","reportUrl":"https://BC-LT-02.github.io/GUI-Framework/725//#testresult/99f2696c5d5b2271","status":"broken","statusDetails":"No matching step definition found for the step","time":{"start":1677709218651,"stop":1677709225126,"duration":6475}}]},"tags":["jorge","Regression","create.project.Exercise","Smoke","UI_Update_Item","create.item.Math","delete.projects"]},"source":"80c011dcce06edcd.json","parameterValues":[]}