{"uid":"c1f30394608b5b5c","name":"Postpone the Due Date of an item succesfully","fullName":"Postpone the Due Date of an item succesfully","historyId":"Postpone the Due Date of an item succesfully-1954856252","time":{"start":1677603243922,"stop":1677603243923,"duration":1},"status":"broken","statusMessage":"The type initializer for 'Todoly.Core.Helpers.ConfigModel' threw an exception. -> Key not found","statusTrace":"System.TypeInitializationException: The type initializer for 'Todoly.Core.Helpers.ConfigModel' threw an exception.\n ---> System.Exception: Key not found\n   at Todoly.Core.Helpers.ConfigBuilder.GetString(String key) in /home/runner/work/GUI-Framework/GUI-Framework/1.Core/Helpers/ConfigBuilder.cs:line 22\n   at Todoly.Core.Helpers.ConfigModel..cctor() in /home/runner/work/GUI-Framework/GUI-Framework/1.Core/Helpers/ConfigModel.cs:line 18\n   --- End of inner exception stack trace ---\n   at Todoly.Core.Helpers.APIScripts.RemoveAllProjects() in /home/runner/work/GUI-Framework/GUI-Framework/1.Core/Helpers/Scripts/APIScripts.cs:line 11\n   at SeleniumTest.Tests.Hooks.Hooks.RemoveProjects() in /home/runner/work/GUI-Framework/GUI-Framework/3.Tests/UI/Hooks/Hooks.cs:line 76\n   at TechTalk.SpecFlow.Bindings.BindingInvoker.InvokeBinding(IBinding binding, IContextManager contextManager, Object[] arguments, ITestTracer testTracer, TimeSpan& duration)\n   at Allure.SpecFlowPlugin.AllureBindingInvoker.InvokeBinding(IBinding binding, IContextManager contextManager, Object[] arguments, ITestTracer testTracer, TimeSpan& duration)","flaky":true,"newFailed":false,"newBroken":true,"newPassed":false,"retriesCount":0,"retriesStatusChange":false,"beforeStages":[{"name":"CreateProject [1]","time":{"start":1677603243922,"stop":1677603243922,"duration":0},"status":"broken","steps":[],"attachments":[],"parameters":[],"stepsCount":0,"attachmentsCount":0,"shouldDisplayMessage":false,"hasContent":false}],"testStage":{"status":"broken","statusMessage":"The type initializer for 'Todoly.Core.Helpers.ConfigModel' threw an exception. -> Key not found","statusTrace":"System.TypeInitializationException: The type initializer for 'Todoly.Core.Helpers.ConfigModel' threw an exception.\n ---> System.Exception: Key not found\n   at Todoly.Core.Helpers.ConfigBuilder.GetString(String key) in /home/runner/work/GUI-Framework/GUI-Framework/1.Core/Helpers/ConfigBuilder.cs:line 22\n   at Todoly.Core.Helpers.ConfigModel..cctor() in /home/runner/work/GUI-Framework/GUI-Framework/1.Core/Helpers/ConfigModel.cs:line 18\n   --- End of inner exception stack trace ---\n   at Todoly.Core.Helpers.APIScripts.RemoveAllProjects() in /home/runner/work/GUI-Framework/GUI-Framework/1.Core/Helpers/Scripts/APIScripts.cs:line 11\n   at SeleniumTest.Tests.Hooks.Hooks.RemoveProjects() in /home/runner/work/GUI-Framework/GUI-Framework/3.Tests/UI/Hooks/Hooks.cs:line 76\n   at TechTalk.SpecFlow.Bindings.BindingInvoker.InvokeBinding(IBinding binding, IContextManager contextManager, Object[] arguments, ITestTracer testTracer, TimeSpan& duration)\n   at Allure.SpecFlowPlugin.AllureBindingInvoker.InvokeBinding(IBinding binding, IContextManager contextManager, Object[] arguments, ITestTracer testTracer, TimeSpan& duration)","steps":[{"name":"Given  the user is logged in","time":{"start":1677603243922,"stop":1677603243922,"duration":0},"status":"skipped","steps":[],"attachments":[],"parameters":[],"stepsCount":0,"attachmentsCount":0,"shouldDisplayMessage":false,"hasContent":false},{"name":"When  the user clicks on 'Project Button' <NotImportant> at 'Project Component'","time":{"start":1677603243922,"stop":1677603243922,"duration":0},"status":"skipped","steps":[],"attachments":[],"parameters":[],"stepsCount":0,"attachmentsCount":0,"shouldDisplayMessage":false,"hasContent":false},{"name":"And  the user hovers on \"Get Item\" <Clean> at 'Items Component'","time":{"start":1677603243922,"stop":1677603243923,"duration":1},"status":"skipped","steps":[],"attachments":[],"parameters":[],"stepsCount":0,"attachmentsCount":0,"shouldDisplayMessage":false,"hasContent":false},{"name":"And  the user clicks on 'Item DueDate' <Clean> at 'Items Component'","time":{"start":1677603243923,"stop":1677603243923,"duration":0},"status":"skipped","steps":[],"attachments":[],"parameters":[],"stepsCount":0,"attachmentsCount":0,"shouldDisplayMessage":false,"hasContent":false},{"name":"And  inputs \"20 Jun 12:00 PM\" as due date","time":{"start":1677603243923,"stop":1677603243923,"duration":0},"status":"skipped","steps":[],"attachments":[],"parameters":[],"stepsCount":0,"attachmentsCount":0,"shouldDisplayMessage":false,"hasContent":false},{"name":"And  clicks on 1 month \"Clean\"","time":{"start":1677603243923,"stop":1677603243923,"duration":0},"status":"skipped","steps":[],"attachments":[],"parameters":[],"stepsCount":0,"attachmentsCount":0,"shouldDisplayMessage":false,"hasContent":false},{"name":"Then  the \"Clean\" date-tag should be displayed as \"20 Jul 12:00 PM\"","time":{"start":1677603243923,"stop":1677603243923,"duration":0},"status":"skipped","steps":[],"attachments":[],"parameters":[],"stepsCount":0,"attachmentsCount":0,"shouldDisplayMessage":false,"hasContent":false}],"attachments":[],"parameters":[],"stepsCount":7,"attachmentsCount":0,"shouldDisplayMessage":true,"hasContent":true},"afterStages":[{"name":"RemoveProjects [10000]","time":{"start":1677603243923,"stop":1677603243923,"duration":0},"status":"broken","steps":[],"attachments":[],"parameters":[],"stepsCount":0,"attachmentsCount":0,"shouldDisplayMessage":false,"hasContent":false}],"labels":[{"name":"thread","value":"NonParallelWorker"},{"name":"host","value":"fv-az482-448"},{"name":"feature","value":"Item Due Date"},{"name":"tag","value":"Jorge"},{"name":"tag","value":"Smoke"},{"name":"tag","value":"Regression"},{"name":"tag","value":"create.project.NotImportant"},{"name":"tag","value":"delete.projects"},{"name":"tag","value":"create.item.Clean"},{"name":"tag","value":"Due_Date_Item"},{"name":"resultFormat","value":"allure2"}],"parameters":[{"name":"DateTag","value":"20 Jul 12:00 PM"},{"name":"Postpone","value":"1 month"}],"links":[],"hidden":false,"retry":false,"extra":{"severity":"normal","retries":[],"categories":[{"name":"Test defects","matchedStatuses":[],"flaky":false}],"history":{"statistic":{"failed":1,"broken":1,"skipped":0,"passed":3,"unknown":0,"total":5},"items":[{"uid":"87b7043fe7c41333","reportUrl":"https://BC-LT-02.github.io/GUI-Framework/647//#testresult/87b7043fe7c41333","status":"passed","time":{"start":1677602664592,"stop":1677602670813,"duration":6221}},{"uid":"a9e0bc90fc231c8c","reportUrl":"https://BC-LT-02.github.io/GUI-Framework/644//#testresult/a9e0bc90fc231c8c","status":"passed","time":{"start":1677601751025,"stop":1677601755130,"duration":4105}},{"uid":"899dc03b89d2f7b3","reportUrl":"https://BC-LT-02.github.io/GUI-Framework/642//#testresult/899dc03b89d2f7b3","status":"passed","time":{"start":1677601047146,"stop":1677601052167,"duration":5021}},{"uid":"f956d7ff188c5d4f","reportUrl":"https://BC-LT-02.github.io/GUI-Framework/641//#testresult/f956d7ff188c5d4f","status":"failed","statusDetails":"Timed out after 30 seconds -> no such element: Unable to locate element: {\"method\":\"xpath\",\"selector\":\"//div[@id='ProjectListPlaceHolder']//td[text()='NotImportant']\"}\n  (Session info: chrome=109.0.5414.119)","time":{"start":1677600112985,"stop":1677600176960,"duration":63975}}]},"tags":["Regression","Due_Date_Item","Smoke","Jorge","create.item.Clean","create.project.NotImportant","delete.projects"]},"source":"c1f30394608b5b5c.json","parameterValues":["20 Jul 12:00 PM","1 month"]}