{"uid":"b5829fbbb3a20dda","name":"Edit a project","fullName":"Edit a project","historyId":"Edit a project","time":{"start":1677612276804,"stop":1677612340416,"duration":63612},"status":"failed","statusMessage":"Timed out after 30 seconds -> no such element: Unable to locate element: {\"method\":\"xpath\",\"selector\":\"//div[@id='ProjectListPlaceHolder']//td[text()='MyProject']\"}\n  (Session info: chrome=109.0.5414.119)","statusTrace":"OpenQA.Selenium.WebDriverTimeoutException: Timed out after 30 seconds\n ---> OpenQA.Selenium.NoSuchElementException: no such element: Unable to locate element: {\"method\":\"xpath\",\"selector\":\"//div[@id='ProjectListPlaceHolder']//td[text()='MyProject']\"}\n  (Session info: chrome=109.0.5414.119)\n   at OpenQA.Selenium.WebDriver.UnpackAndThrowOnError(Response errorResponse, String commandToExecute)\n   at OpenQA.Selenium.WebDriver.Execute(String driverCommandToExecute, Dictionary`2 parameters)\n   at OpenQA.Selenium.WebDriver.FindElement(String mechanism, String value)\n   at OpenQA.Selenium.By.<.ctor>b__11_0(ISearchContext context)\n   at OpenQA.Selenium.By.FindElement(ISearchContext context)\n   at OpenQA.Selenium.WebDriver.FindElement(By by)\n   at SeleniumExtras.WaitHelpers.ExpectedConditions.<>c__DisplayClass6_0.<ElementExists>b__0(IWebDriver driver)\n   at OpenQA.Selenium.Support.UI.DefaultWait`1.Until[TResult](Func`2 condition, CancellationToken token)\n   --- End of inner exception stack trace ---\n   at OpenQA.Selenium.Support.UI.DefaultWait`1.ThrowTimeoutException(String exceptionMessage, Exception lastException)\n   at OpenQA.Selenium.Support.UI.DefaultWait`1.Until[TResult](Func`2 condition, CancellationToken token)\n   at OpenQA.Selenium.Support.UI.DefaultWait`1.Until[TResult](Func`2 condition)\n   at Todoly.Core.UIElements.Web.BaseWebElement.get_WebElement() in /home/runner/work/GUI-Framework/GUI-Framework/1.Core/UIElements/Web/BaseWebElement.cs:line 37\n   at Todoly.Tests.UI.Steps.Commons.CommonSteps.OpenContextMenu(String locatorArgument, String viewName) in /home/runner/work/GUI-Framework/GUI-Framework/3.Tests/UI/StepDefinitions/CommonStepDefinition.cs:line 119\n   at TechTalk.SpecFlow.Bindings.BindingInvoker.InvokeBinding(IBinding binding, IContextManager contextManager, Object[] arguments, ITestTracer testTracer, TimeSpan& duration)\n   at Allure.SpecFlowPlugin.AllureBindingInvoker.InvokeBinding(IBinding binding, IContextManager contextManager, Object[] arguments, ITestTracer testTracer, TimeSpan& duration)\n   at TechTalk.SpecFlow.Infrastructure.TestExecutionEngine.ExecuteStepMatch(BindingMatch match, Object[] arguments, TimeSpan& duration)\n   at TechTalk.SpecFlow.Infrastructure.TestExecutionEngine.ExecuteStep(IContextManager contextManager, StepInstance stepInstance)","flaky":true,"newFailed":true,"newBroken":false,"newPassed":false,"retriesCount":0,"retriesStatusChange":false,"beforeStages":[{"name":"CreateProject [1]","time":{"start":1677612276284,"stop":1677612276804,"duration":520},"status":"passed","steps":[],"attachments":[],"parameters":[],"stepsCount":0,"attachmentsCount":0,"shouldDisplayMessage":false,"hasContent":false},{"name":"CreateAnItem [2]","time":{"start":1677612276804,"stop":1677612276804,"duration":0},"status":"passed","steps":[],"attachments":[],"parameters":[],"stepsCount":0,"attachmentsCount":0,"shouldDisplayMessage":false,"hasContent":false}],"testStage":{"status":"failed","statusMessage":"Timed out after 30 seconds -> no such element: Unable to locate element: {\"method\":\"xpath\",\"selector\":\"//div[@id='ProjectListPlaceHolder']//td[text()='MyProject']\"}\n  (Session info: chrome=109.0.5414.119)","statusTrace":"OpenQA.Selenium.WebDriverTimeoutException: Timed out after 30 seconds\n ---> OpenQA.Selenium.NoSuchElementException: no such element: Unable to locate element: {\"method\":\"xpath\",\"selector\":\"//div[@id='ProjectListPlaceHolder']//td[text()='MyProject']\"}\n  (Session info: chrome=109.0.5414.119)\n   at OpenQA.Selenium.WebDriver.UnpackAndThrowOnError(Response errorResponse, String commandToExecute)\n   at OpenQA.Selenium.WebDriver.Execute(String driverCommandToExecute, Dictionary`2 parameters)\n   at OpenQA.Selenium.WebDriver.FindElement(String mechanism, String value)\n   at OpenQA.Selenium.By.<.ctor>b__11_0(ISearchContext context)\n   at OpenQA.Selenium.By.FindElement(ISearchContext context)\n   at OpenQA.Selenium.WebDriver.FindElement(By by)\n   at SeleniumExtras.WaitHelpers.ExpectedConditions.<>c__DisplayClass6_0.<ElementExists>b__0(IWebDriver driver)\n   at OpenQA.Selenium.Support.UI.DefaultWait`1.Until[TResult](Func`2 condition, CancellationToken token)\n   --- End of inner exception stack trace ---\n   at OpenQA.Selenium.Support.UI.DefaultWait`1.ThrowTimeoutException(String exceptionMessage, Exception lastException)\n   at OpenQA.Selenium.Support.UI.DefaultWait`1.Until[TResult](Func`2 condition, CancellationToken token)\n   at OpenQA.Selenium.Support.UI.DefaultWait`1.Until[TResult](Func`2 condition)\n   at Todoly.Core.UIElements.Web.BaseWebElement.get_WebElement() in /home/runner/work/GUI-Framework/GUI-Framework/1.Core/UIElements/Web/BaseWebElement.cs:line 37\n   at Todoly.Tests.UI.Steps.Commons.CommonSteps.OpenContextMenu(String locatorArgument, String viewName) in /home/runner/work/GUI-Framework/GUI-Framework/3.Tests/UI/StepDefinitions/CommonStepDefinition.cs:line 119\n   at TechTalk.SpecFlow.Bindings.BindingInvoker.InvokeBinding(IBinding binding, IContextManager contextManager, Object[] arguments, ITestTracer testTracer, TimeSpan& duration)\n   at Allure.SpecFlowPlugin.AllureBindingInvoker.InvokeBinding(IBinding binding, IContextManager contextManager, Object[] arguments, ITestTracer testTracer, TimeSpan& duration)\n   at TechTalk.SpecFlow.Infrastructure.TestExecutionEngine.ExecuteStepMatch(BindingMatch match, Object[] arguments, TimeSpan& duration)\n   at TechTalk.SpecFlow.Infrastructure.TestExecutionEngine.ExecuteStep(IContextManager contextManager, StepInstance stepInstance)","steps":[{"name":"Given  the user is logged in","time":{"start":1677612276804,"stop":1677612280270,"duration":3466},"status":"passed","steps":[],"attachments":[],"parameters":[],"stepsCount":0,"attachmentsCount":0,"shouldDisplayMessage":false,"hasContent":false},{"name":"When  the user opens the Project Context Menu on <MyProject> at 'Project Component'","time":{"start":1677612280270,"stop":1677612340320,"duration":60050},"status":"failed","steps":[],"attachments":[],"parameters":[],"stepsCount":0,"attachmentsCount":0,"shouldDisplayMessage":false,"hasContent":false},{"name":"And  clicks on 'Edit' on the Project Context Menu","time":{"start":1677612340415,"stop":1677612340415,"duration":0},"status":"skipped","steps":[],"attachments":[],"parameters":[],"stepsCount":0,"attachmentsCount":0,"shouldDisplayMessage":false,"hasContent":false},{"name":"And  types \"My New Project Name\" on 'Edit Project Input'","time":{"start":1677612340415,"stop":1677612340415,"duration":0},"status":"skipped","steps":[],"attachments":[],"parameters":[],"stepsCount":0,"attachmentsCount":0,"shouldDisplayMessage":false,"hasContent":false},{"name":"And  clicks on 'Save Edit Project'","time":{"start":1677612340415,"stop":1677612340415,"duration":0},"status":"skipped","steps":[],"attachments":[],"parameters":[],"stepsCount":0,"attachmentsCount":0,"shouldDisplayMessage":false,"hasContent":false},{"name":"Then  the 'Project Button' <My New Project Name> should be displayed","time":{"start":1677612340415,"stop":1677612340415,"duration":0},"status":"skipped","steps":[],"attachments":[],"parameters":[],"stepsCount":0,"attachmentsCount":0,"shouldDisplayMessage":false,"hasContent":false}],"attachments":[{"uid":"96d4e4e1a991f242","name":"Failed test screenshot","source":"96d4e4e1a991f242.png","type":"application/png","size":56749}],"parameters":[],"stepsCount":6,"attachmentsCount":1,"shouldDisplayMessage":true,"hasContent":true},"afterStages":[{"name":"CaptureScreenshot [10000]","time":{"start":1677612340416,"stop":1677612340602,"duration":186},"status":"passed","steps":[],"attachments":[],"parameters":[],"stepsCount":0,"attachmentsCount":0,"shouldDisplayMessage":false,"hasContent":false},{"name":"SessionDisposal [10000]","time":{"start":1677612340602,"stop":1677612340602,"duration":0},"status":"passed","steps":[],"attachments":[],"parameters":[],"stepsCount":0,"attachmentsCount":0,"shouldDisplayMessage":false,"hasContent":false}],"labels":[{"name":"thread","value":"NonParallelWorker"},{"name":"host","value":"fv-az363-155"},{"name":"feature","value":"Project Update"},{"name":"tag","value":"Regression"},{"name":"tag","value":"create.project.MyProject"},{"name":"resultFormat","value":"allure2"}],"parameters":[],"links":[],"hidden":false,"retry":false,"extra":{"severity":"normal","retries":[],"categories":[{"name":"Product defects","matchedStatuses":[],"flaky":false}],"history":{"statistic":{"failed":2,"broken":7,"skipped":0,"passed":20,"unknown":0,"total":29},"items":[{"uid":"4c5a6eb6da8cb234","reportUrl":"https://BC-LT-02.github.io/GUI-Framework/662//#testresult/4c5a6eb6da8cb234","status":"passed","time":{"start":1677611721529,"stop":1677611724769,"duration":3240}},{"uid":"ff6689f6c04a7f79","reportUrl":"https://BC-LT-02.github.io/GUI-Framework/661//#testresult/ff6689f6c04a7f79","status":"passed","time":{"start":1677611126034,"stop":1677611129623,"duration":3589}},{"uid":"6ee905b867051faa","reportUrl":"https://BC-LT-02.github.io/GUI-Framework/659//#testresult/6ee905b867051faa","status":"passed","time":{"start":1677610380762,"stop":1677610384385,"duration":3623}},{"uid":"76d0f57461e1e7c8","reportUrl":"https://BC-LT-02.github.io/GUI-Framework/659//#testresult/76d0f57461e1e7c8","status":"passed","time":{"start":1677609953238,"stop":1677609956536,"duration":3298}},{"uid":"5982f19d4eea4959","reportUrl":"https://BC-LT-02.github.io/GUI-Framework/658//#testresult/5982f19d4eea4959","status":"failed","statusDetails":"Timed out after 30 seconds -> no such element: Unable to locate element: {\"method\":\"xpath\",\"selector\":\"//div[@id='ProjectListPlaceHolder']//td[text()='MyProject']\"}\n  (Session info: chrome=109.0.5414.119)","time":{"start":1677609396433,"stop":1677609459565,"duration":63132}},{"uid":"b8cbda37fde77673","reportUrl":"https://BC-LT-02.github.io/GUI-Framework/656//#testresult/b8cbda37fde77673","status":"passed","time":{"start":1677608782537,"stop":1677608786790,"duration":4253}},{"uid":"9737fff45469c3b2","reportUrl":"https://BC-LT-02.github.io/GUI-Framework/657//#testresult/9737fff45469c3b2","status":"broken","statusDetails":"Exception has been thrown by the target of an invocation. -> The type initializer for 'Todoly.Core.Helpers.ConfigModel' threw an exception. -> Key not found : BROWSERSTACK-USERNAME","time":{"start":1677608789890,"stop":1677608789892,"duration":2}},{"uid":"65b0d0c5adb62cdf","reportUrl":"https://BC-LT-02.github.io/GUI-Framework/4//#testresult/65b0d0c5adb62cdf","status":"passed","time":{"start":1677608137151,"stop":1677608140599,"duration":3448}},{"uid":"c426dffbd39c72e2","reportUrl":"https://BC-LT-02.github.io/GUI-Framework/655//#testresult/c426dffbd39c72e2","status":"passed","time":{"start":1677607689194,"stop":1677607693478,"duration":4284}},{"uid":"e43c1b30fe1509d1","reportUrl":"https://BC-LT-02.github.io/GUI-Framework/650//#testresult/e43c1b30fe1509d1","status":"broken","statusDetails":"Exception has been thrown by the target of an invocation. -> The type initializer for 'Todoly.Core.Helpers.ConfigModel' threw an exception. -> Key not found","time":{"start":1677607377990,"stop":1677607377992,"duration":2}},{"uid":"deb3171ebd3b9a50","reportUrl":"https://BC-LT-02.github.io/GUI-Framework/650//#testresult/deb3171ebd3b9a50","status":"broken","statusDetails":"Exception has been thrown by the target of an invocation. -> The type initializer for 'Todoly.Core.Helpers.ConfigModel' threw an exception. -> Key not found","time":{"start":1677607094063,"stop":1677607094064,"duration":1}},{"uid":"bfcc19626f28dfd1","reportUrl":"https://BC-LT-02.github.io/GUI-Framework/654//#testresult/bfcc19626f28dfd1","status":"passed","time":{"start":1677606342214,"stop":1677606346495,"duration":4281}},{"uid":"fa805aaabde331ec","reportUrl":"https://BC-LT-02.github.io/GUI-Framework/653//#testresult/fa805aaabde331ec","status":"passed","time":{"start":1677606011017,"stop":1677606014580,"duration":3563}},{"uid":"f13b062c91ca66c9","reportUrl":"https://BC-LT-02.github.io/GUI-Framework/652//#testresult/f13b062c91ca66c9","status":"passed","time":{"start":1677605355034,"stop":1677605359296,"duration":4262}},{"uid":"5b5bfb6090c1b657","reportUrl":"https://BC-LT-02.github.io/GUI-Framework/649//#testresult/5b5bfb6090c1b657","status":"passed","time":{"start":1677605246141,"stop":1677605250547,"duration":4406}},{"uid":"2c973c302e030d8e","reportUrl":"https://BC-LT-02.github.io/GUI-Framework/650//#testresult/2c973c302e030d8e","status":"broken","statusDetails":"Exception has been thrown by the target of an invocation. -> The type initializer for 'Todoly.Core.Helpers.ConfigModel' threw an exception. -> Key not found","time":{"start":1677605081922,"stop":1677605081923,"duration":1}},{"uid":"3c7f4f9c5a8ae38d","reportUrl":"https://BC-LT-02.github.io/GUI-Framework/651//#testresult/3c7f4f9c5a8ae38d","status":"passed","time":{"start":1677604672699,"stop":1677604676614,"duration":3915}},{"uid":"ea7c0fdd00e98e07","reportUrl":"https://BC-LT-02.github.io/GUI-Framework/650//#testresult/ea7c0fdd00e98e07","status":"broken","statusDetails":"Exception has been thrown by the target of an invocation. -> The type initializer for 'Todoly.Core.Helpers.ConfigModel' threw an exception. -> Key not found","time":{"start":1677604199487,"stop":1677604199488,"duration":1}},{"uid":"e73ab5dff92983fa","reportUrl":"https://BC-LT-02.github.io/GUI-Framework/649//#testresult/e73ab5dff92983fa","status":"passed","time":{"start":1677603881537,"stop":1677603884591,"duration":3054}},{"uid":"e105e6d2e5857a75","reportUrl":"https://BC-LT-02.github.io/GUI-Framework/649//#testresult/e105e6d2e5857a75","status":"passed","time":{"start":1677603517642,"stop":1677603521210,"duration":3568}}]},"tags":["Regression","create.project.MyProject"]},"source":"b5829fbbb3a20dda.json","parameterValues":[]}