{"uid":"3698ac7737f88e24","name":"Add a project above","fullName":"Add a project above","historyId":"Add a project above","time":{"start":1677597247111,"stop":1677597309463,"duration":62352},"status":"failed","statusMessage":"Timed out after 30 seconds -> no such element: Unable to locate element: {\"method\":\"xpath\",\"selector\":\"//div[@id='ProjectListPlaceHolder']//td[text()='MyProject']\"}\n  (Session info: chrome=109.0.5414.119)","statusTrace":"OpenQA.Selenium.WebDriverTimeoutException: Timed out after 30 seconds\n ---> OpenQA.Selenium.NoSuchElementException: no such element: Unable to locate element: {\"method\":\"xpath\",\"selector\":\"//div[@id='ProjectListPlaceHolder']//td[text()='MyProject']\"}\n  (Session info: chrome=109.0.5414.119)\n   at OpenQA.Selenium.WebDriver.UnpackAndThrowOnError(Response errorResponse, String commandToExecute)\n   at OpenQA.Selenium.WebDriver.Execute(String driverCommandToExecute, Dictionary`2 parameters)\n   at OpenQA.Selenium.WebDriver.FindElement(String mechanism, String value)\n   at OpenQA.Selenium.By.<.ctor>b__11_0(ISearchContext context)\n   at OpenQA.Selenium.By.FindElement(ISearchContext context)\n   at OpenQA.Selenium.WebDriver.FindElement(By by)\n   at SeleniumExtras.WaitHelpers.ExpectedConditions.<>c__DisplayClass6_0.<ElementExists>b__0(IWebDriver driver)\n   at OpenQA.Selenium.Support.UI.DefaultWait`1.Until[TResult](Func`2 condition, CancellationToken token)\n   --- End of inner exception stack trace ---\n   at OpenQA.Selenium.Support.UI.DefaultWait`1.ThrowTimeoutException(String exceptionMessage, Exception lastException)\n   at OpenQA.Selenium.Support.UI.DefaultWait`1.Until[TResult](Func`2 condition, CancellationToken token)\n   at OpenQA.Selenium.Support.UI.DefaultWait`1.Until[TResult](Func`2 condition)\n   at Todoly.Core.UIElements.Web.BaseWebElement.get_WebElement() in /home/runner/work/GUI-Framework/GUI-Framework/1.Core/UIElements/Web/BaseWebElement.cs:line 37\n   at System.Dynamic.UpdateDelegates.UpdateAndExecute1[T0,TRet](CallSite site, T0 arg0)\n   at Todoly.Tests.UI.Steps.Commons.CommonSteps.OpenContextMenu(String locatorArgument, String viewName) in /home/runner/work/GUI-Framework/GUI-Framework/3.Tests/UI/StepDefinitions/CommonStepDefinition.cs:line 109\n   at TechTalk.SpecFlow.Bindings.BindingInvoker.InvokeBinding(IBinding binding, IContextManager contextManager, Object[] arguments, ITestTracer testTracer, TimeSpan& duration)\n   at Allure.SpecFlowPlugin.AllureBindingInvoker.InvokeBinding(IBinding binding, IContextManager contextManager, Object[] arguments, ITestTracer testTracer, TimeSpan& duration)\n   at TechTalk.SpecFlow.Infrastructure.TestExecutionEngine.ExecuteStepMatch(BindingMatch match, Object[] arguments, TimeSpan& duration)\n   at TechTalk.SpecFlow.Infrastructure.TestExecutionEngine.ExecuteStep(IContextManager contextManager, StepInstance stepInstance)","flaky":false,"newFailed":false,"newBroken":false,"newPassed":false,"retriesCount":0,"retriesStatusChange":false,"beforeStages":[{"name":"CreateProject [1]","time":{"start":1677597246824,"stop":1677597247111,"duration":287},"status":"passed","steps":[],"attachments":[],"parameters":[],"stepsCount":0,"attachmentsCount":0,"shouldDisplayMessage":false,"hasContent":false},{"name":"CreateAnItem [2]","time":{"start":1677597247111,"stop":1677597247111,"duration":0},"status":"passed","steps":[],"attachments":[],"parameters":[],"stepsCount":0,"attachmentsCount":0,"shouldDisplayMessage":false,"hasContent":false}],"testStage":{"status":"failed","statusMessage":"Timed out after 30 seconds -> no such element: Unable to locate element: {\"method\":\"xpath\",\"selector\":\"//div[@id='ProjectListPlaceHolder']//td[text()='MyProject']\"}\n  (Session info: chrome=109.0.5414.119)","statusTrace":"OpenQA.Selenium.WebDriverTimeoutException: Timed out after 30 seconds\n ---> OpenQA.Selenium.NoSuchElementException: no such element: Unable to locate element: {\"method\":\"xpath\",\"selector\":\"//div[@id='ProjectListPlaceHolder']//td[text()='MyProject']\"}\n  (Session info: chrome=109.0.5414.119)\n   at OpenQA.Selenium.WebDriver.UnpackAndThrowOnError(Response errorResponse, String commandToExecute)\n   at OpenQA.Selenium.WebDriver.Execute(String driverCommandToExecute, Dictionary`2 parameters)\n   at OpenQA.Selenium.WebDriver.FindElement(String mechanism, String value)\n   at OpenQA.Selenium.By.<.ctor>b__11_0(ISearchContext context)\n   at OpenQA.Selenium.By.FindElement(ISearchContext context)\n   at OpenQA.Selenium.WebDriver.FindElement(By by)\n   at SeleniumExtras.WaitHelpers.ExpectedConditions.<>c__DisplayClass6_0.<ElementExists>b__0(IWebDriver driver)\n   at OpenQA.Selenium.Support.UI.DefaultWait`1.Until[TResult](Func`2 condition, CancellationToken token)\n   --- End of inner exception stack trace ---\n   at OpenQA.Selenium.Support.UI.DefaultWait`1.ThrowTimeoutException(String exceptionMessage, Exception lastException)\n   at OpenQA.Selenium.Support.UI.DefaultWait`1.Until[TResult](Func`2 condition, CancellationToken token)\n   at OpenQA.Selenium.Support.UI.DefaultWait`1.Until[TResult](Func`2 condition)\n   at Todoly.Core.UIElements.Web.BaseWebElement.get_WebElement() in /home/runner/work/GUI-Framework/GUI-Framework/1.Core/UIElements/Web/BaseWebElement.cs:line 37\n   at System.Dynamic.UpdateDelegates.UpdateAndExecute1[T0,TRet](CallSite site, T0 arg0)\n   at Todoly.Tests.UI.Steps.Commons.CommonSteps.OpenContextMenu(String locatorArgument, String viewName) in /home/runner/work/GUI-Framework/GUI-Framework/3.Tests/UI/StepDefinitions/CommonStepDefinition.cs:line 109\n   at TechTalk.SpecFlow.Bindings.BindingInvoker.InvokeBinding(IBinding binding, IContextManager contextManager, Object[] arguments, ITestTracer testTracer, TimeSpan& duration)\n   at Allure.SpecFlowPlugin.AllureBindingInvoker.InvokeBinding(IBinding binding, IContextManager contextManager, Object[] arguments, ITestTracer testTracer, TimeSpan& duration)\n   at TechTalk.SpecFlow.Infrastructure.TestExecutionEngine.ExecuteStepMatch(BindingMatch match, Object[] arguments, TimeSpan& duration)\n   at TechTalk.SpecFlow.Infrastructure.TestExecutionEngine.ExecuteStep(IContextManager contextManager, StepInstance stepInstance)","steps":[{"name":"Given  the user is logged in","time":{"start":1677597247111,"stop":1677597249281,"duration":2170},"status":"passed","steps":[],"attachments":[],"parameters":[],"stepsCount":0,"attachmentsCount":0,"shouldDisplayMessage":false,"hasContent":false},{"name":"When  the user opens the Project Context Menu on <MyProject> at 'Project Component'","time":{"start":1677597249282,"stop":1677597309364,"duration":60082},"status":"failed","steps":[],"attachments":[],"parameters":[],"stepsCount":0,"attachmentsCount":0,"shouldDisplayMessage":false,"hasContent":false},{"name":"And  clicks on 'Add item above' on the Project Context Menu","time":{"start":1677597309461,"stop":1677597309462,"duration":1},"status":"skipped","steps":[],"attachments":[],"parameters":[],"stepsCount":0,"attachmentsCount":0,"shouldDisplayMessage":false,"hasContent":false},{"name":"And  types \"My New Project Name\" on 'Edit Project Input'","time":{"start":1677597309462,"stop":1677597309462,"duration":0},"status":"skipped","steps":[],"attachments":[],"parameters":[],"stepsCount":0,"attachmentsCount":0,"shouldDisplayMessage":false,"hasContent":false},{"name":"And  clicks on 'Save Edit Project'","time":{"start":1677597309462,"stop":1677597309462,"duration":0},"status":"skipped","steps":[],"attachments":[],"parameters":[],"stepsCount":0,"attachmentsCount":0,"shouldDisplayMessage":false,"hasContent":false},{"name":"Then  the 'Project Button' <My New Project Name> should be displayed","time":{"start":1677597309462,"stop":1677597309462,"duration":0},"status":"skipped","steps":[],"attachments":[],"parameters":[],"stepsCount":0,"attachmentsCount":0,"shouldDisplayMessage":false,"hasContent":false}],"attachments":[{"uid":"513dccc1e1ce03e1","name":"Failed test screenshot","source":"513dccc1e1ce03e1.png","type":"application/png","size":56422}],"parameters":[],"stepsCount":6,"attachmentsCount":1,"shouldDisplayMessage":true,"hasContent":true},"afterStages":[{"name":"CaptureScreenshot [10000]","time":{"start":1677597309463,"stop":1677597309663,"duration":200},"status":"passed","steps":[],"attachments":[],"parameters":[],"stepsCount":0,"attachmentsCount":0,"shouldDisplayMessage":false,"hasContent":false},{"name":"SessionDisposal [10000]","time":{"start":1677597309663,"stop":1677597309663,"duration":0},"status":"passed","steps":[],"attachments":[],"parameters":[],"stepsCount":0,"attachmentsCount":0,"shouldDisplayMessage":false,"hasContent":false}],"labels":[{"name":"thread","value":"NonParallelWorker"},{"name":"host","value":"fv-az741-913"},{"name":"feature","value":"Project Creation Above"},{"name":"tag","value":"Regression"},{"name":"tag","value":"create.project.MyProject"},{"name":"resultFormat","value":"allure2"}],"parameters":[],"links":[],"hidden":false,"retry":false,"extra":{"severity":"normal","retries":[],"categories":[{"name":"Product defects","matchedStatuses":[],"flaky":false}],"history":{"statistic":{"failed":2,"broken":5,"skipped":0,"passed":14,"unknown":0,"total":21},"items":[{"uid":"e070ad43d9b350d0","reportUrl":"https://BC-LT-02.github.io/GUI-Framework/633//#testresult/e070ad43d9b350d0","status":"failed","statusDetails":"MoveToElement cannot move to a null element with no offset. (Parameter 'toElement')","time":{"start":1677597031091,"stop":1677597094507,"duration":63416}},{"uid":"7a94cf7f841c84b1","reportUrl":"https://BC-LT-02.github.io/GUI-Framework/632//#testresult/7a94cf7f841c84b1","status":"passed","time":{"start":1677596960291,"stop":1677596964753,"duration":4462}},{"uid":"d4af6b853ad0278","reportUrl":"https://BC-LT-02.github.io/GUI-Framework/627//#testresult/d4af6b853ad0278","status":"passed","time":{"start":1677592022170,"stop":1677592026629,"duration":4459}},{"uid":"65cd521b51c396ee","reportUrl":"https://BC-LT-02.github.io/GUI-Framework/626//#testresult/65cd521b51c396ee","status":"passed","time":{"start":1677591580088,"stop":1677591583670,"duration":3582}},{"uid":"47597f5a05f3584f","reportUrl":"https://BC-LT-02.github.io/GUI-Framework/627//#testresult/47597f5a05f3584f","status":"passed","time":{"start":1677590862317,"stop":1677590865684,"duration":3367}},{"uid":"db6ce87f3eb7b746","reportUrl":"https://BC-LT-02.github.io/GUI-Framework/626//#testresult/db6ce87f3eb7b746","status":"passed","time":{"start":1677590639424,"stop":1677590642651,"duration":3227}},{"uid":"81a69f7b197d8fa2","reportUrl":"https://BC-LT-02.github.io/GUI-Framework/625//#testresult/81a69f7b197d8fa2","status":"passed","time":{"start":1677590193969,"stop":1677590197470,"duration":3501}},{"uid":"21b1acb0b3be6a5a","reportUrl":"https://BC-LT-02.github.io/GUI-Framework/624//#testresult/21b1acb0b3be6a5a","status":"broken","statusDetails":"Error specifying the driver","time":{"start":1677588797256,"stop":1677588797258,"duration":2}},{"uid":"c7775f75ac61b28d","reportUrl":"https://BC-LT-02.github.io/GUI-Framework/623//#testresult/c7775f75ac61b28d","status":"passed","time":{"start":1677588668899,"stop":1677588672264,"duration":3365}},{"uid":"40682327478cc090","reportUrl":"https://BC-LT-02.github.io/GUI-Framework/622//#testresult/40682327478cc090","status":"passed","time":{"start":1677588179833,"stop":1677588183482,"duration":3649}},{"uid":"c5f79fc3b18a9a5f","reportUrl":"https://BC-LT-02.github.io/GUI-Framework/619//#testresult/c5f79fc3b18a9a5f","status":"broken","statusDetails":"Error specifying the driver","time":{"start":1677587918277,"stop":1677587918279,"duration":2}},{"uid":"13aff2fe46c5b2f","reportUrl":"https://BC-LT-02.github.io/GUI-Framework/622//#testresult/13aff2fe46c5b2f","status":"passed","time":{"start":1677587631572,"stop":1677587636229,"duration":4657}},{"uid":"40eab1fe612f7fdc","reportUrl":"https://BC-LT-02.github.io/GUI-Framework/621//#testresult/40eab1fe612f7fdc","status":"passed","time":{"start":1677586118842,"stop":1677586123130,"duration":4288}},{"uid":"2e2a9e8ca1207c19","reportUrl":"https://BC-LT-02.github.io/GUI-Framework/621//#testresult/2e2a9e8ca1207c19","status":"passed","time":{"start":1677585648380,"stop":1677585652880,"duration":4500}},{"uid":"165312c41bf698c9","reportUrl":"https://BC-LT-02.github.io/GUI-Framework/621//#testresult/165312c41bf698c9","status":"passed","time":{"start":1677585313387,"stop":1677585317693,"duration":4306}},{"uid":"77776d011fe0526f","reportUrl":"https://BC-LT-02.github.io/GUI-Framework/621//#testresult/77776d011fe0526f","status":"passed","time":{"start":1677584904499,"stop":1677584907692,"duration":3193}},{"uid":"41da0db1f985cf01","reportUrl":"https://BC-LT-02.github.io/GUI-Framework/620//#testresult/41da0db1f985cf01","status":"passed","time":{"start":1677584259303,"stop":1677584262570,"duration":3267}},{"uid":"9244bb123f4e2901","reportUrl":"https://BC-LT-02.github.io/GUI-Framework/619//#testresult/9244bb123f4e2901","status":"broken","statusDetails":"Error specifying the driver","time":{"start":1677571326205,"stop":1677571326207,"duration":2}},{"uid":"b13b1c72f87bbc95","reportUrl":"https://BC-LT-02.github.io/GUI-Framework/618//#testresult/b13b1c72f87bbc95","status":"broken","statusDetails":"Error specifying the driver","time":{"start":1677570849331,"stop":1677570849333,"duration":2}},{"uid":"2661a6bee85383ee","reportUrl":"https://BC-LT-02.github.io/GUI-Framework/618//#testresult/2661a6bee85383ee","status":"broken","statusDetails":"Error specifying the driver","time":{"start":1677570662416,"stop":1677570662418,"duration":2}}]},"tags":["Regression","create.project.MyProject"]},"source":"3698ac7737f88e24.json","parameterValues":[]}