{"uid":"968eef2092283dca","name":"Update the Due Date of an item succesfully","fullName":"Update the Due Date of an item succesfully","historyId":"Update the Due Date of an item succesfully","time":{"start":1677597155898,"stop":1677597218176,"duration":62278},"status":"failed","statusMessage":"Timed out after 30 seconds -> no such element: Unable to locate element: {\"method\":\"xpath\",\"selector\":\"//div[@id='ProjectListPlaceHolder']//td[text()='Calendar']\"}\n  (Session info: chrome=109.0.5414.119)","statusTrace":"OpenQA.Selenium.WebDriverTimeoutException: Timed out after 30 seconds\n ---> OpenQA.Selenium.NoSuchElementException: no such element: Unable to locate element: {\"method\":\"xpath\",\"selector\":\"//div[@id='ProjectListPlaceHolder']//td[text()='Calendar']\"}\n  (Session info: chrome=109.0.5414.119)\n   at OpenQA.Selenium.WebDriver.UnpackAndThrowOnError(Response errorResponse, String commandToExecute)\n   at OpenQA.Selenium.WebDriver.Execute(String driverCommandToExecute, Dictionary`2 parameters)\n   at OpenQA.Selenium.WebDriver.FindElement(String mechanism, String value)\n   at OpenQA.Selenium.By.<.ctor>b__11_0(ISearchContext context)\n   at OpenQA.Selenium.By.FindElement(ISearchContext context)\n   at OpenQA.Selenium.WebDriver.FindElement(By by)\n   at SeleniumExtras.WaitHelpers.ExpectedConditions.<>c__DisplayClass6_0.<ElementExists>b__0(IWebDriver driver)\n   at OpenQA.Selenium.Support.UI.DefaultWait`1.Until[TResult](Func`2 condition, CancellationToken token)\n   --- End of inner exception stack trace ---\n   at OpenQA.Selenium.Support.UI.DefaultWait`1.ThrowTimeoutException(String exceptionMessage, Exception lastException)\n   at OpenQA.Selenium.Support.UI.DefaultWait`1.Until[TResult](Func`2 condition, CancellationToken token)\n   at OpenQA.Selenium.Support.UI.DefaultWait`1.Until[TResult](Func`2 condition)\n   at Todoly.Core.UIElements.Web.BaseWebElement.get_WebElement() in /home/runner/work/GUI-Framework/GUI-Framework/1.Core/UIElements/Web/BaseWebElement.cs:line 37\n   at Todoly.Core.UIElements.Web.Button.Click() in /home/runner/work/GUI-Framework/GUI-Framework/1.Core/UIElements/Web/Button.cs:line 17\n   at Todoly.Tests.UI.Steps.Commons.CommonSteps.Click(String elementName, String locatorArgument, String viewName) in /home/runner/work/GUI-Framework/GUI-Framework/3.Tests/UI/StepDefinitions/CommonStepDefinition.cs:line 69\n   at TechTalk.SpecFlow.Bindings.BindingInvoker.InvokeBinding(IBinding binding, IContextManager contextManager, Object[] arguments, ITestTracer testTracer, TimeSpan& duration)\n   at Allure.SpecFlowPlugin.AllureBindingInvoker.InvokeBinding(IBinding binding, IContextManager contextManager, Object[] arguments, ITestTracer testTracer, TimeSpan& duration)\n   at TechTalk.SpecFlow.Infrastructure.TestExecutionEngine.ExecuteStepMatch(BindingMatch match, Object[] arguments, TimeSpan& duration)\n   at TechTalk.SpecFlow.Infrastructure.TestExecutionEngine.ExecuteStep(IContextManager contextManager, StepInstance stepInstance)","flaky":false,"newFailed":true,"newBroken":false,"newPassed":false,"retriesCount":0,"retriesStatusChange":false,"beforeStages":[{"name":"CreateProject [1]","time":{"start":1677597155633,"stop":1677597155836,"duration":203},"status":"passed","steps":[],"attachments":[],"parameters":[],"stepsCount":0,"attachmentsCount":0,"shouldDisplayMessage":false,"hasContent":false},{"name":"CreateAnItem [2]","time":{"start":1677597155836,"stop":1677597155898,"duration":62},"status":"passed","steps":[],"attachments":[],"parameters":[],"stepsCount":0,"attachmentsCount":0,"shouldDisplayMessage":false,"hasContent":false}],"testStage":{"status":"failed","statusMessage":"Timed out after 30 seconds -> no such element: Unable to locate element: {\"method\":\"xpath\",\"selector\":\"//div[@id='ProjectListPlaceHolder']//td[text()='Calendar']\"}\n  (Session info: chrome=109.0.5414.119)","statusTrace":"OpenQA.Selenium.WebDriverTimeoutException: Timed out after 30 seconds\n ---> OpenQA.Selenium.NoSuchElementException: no such element: Unable to locate element: {\"method\":\"xpath\",\"selector\":\"//div[@id='ProjectListPlaceHolder']//td[text()='Calendar']\"}\n  (Session info: chrome=109.0.5414.119)\n   at OpenQA.Selenium.WebDriver.UnpackAndThrowOnError(Response errorResponse, String commandToExecute)\n   at OpenQA.Selenium.WebDriver.Execute(String driverCommandToExecute, Dictionary`2 parameters)\n   at OpenQA.Selenium.WebDriver.FindElement(String mechanism, String value)\n   at OpenQA.Selenium.By.<.ctor>b__11_0(ISearchContext context)\n   at OpenQA.Selenium.By.FindElement(ISearchContext context)\n   at OpenQA.Selenium.WebDriver.FindElement(By by)\n   at SeleniumExtras.WaitHelpers.ExpectedConditions.<>c__DisplayClass6_0.<ElementExists>b__0(IWebDriver driver)\n   at OpenQA.Selenium.Support.UI.DefaultWait`1.Until[TResult](Func`2 condition, CancellationToken token)\n   --- End of inner exception stack trace ---\n   at OpenQA.Selenium.Support.UI.DefaultWait`1.ThrowTimeoutException(String exceptionMessage, Exception lastException)\n   at OpenQA.Selenium.Support.UI.DefaultWait`1.Until[TResult](Func`2 condition, CancellationToken token)\n   at OpenQA.Selenium.Support.UI.DefaultWait`1.Until[TResult](Func`2 condition)\n   at Todoly.Core.UIElements.Web.BaseWebElement.get_WebElement() in /home/runner/work/GUI-Framework/GUI-Framework/1.Core/UIElements/Web/BaseWebElement.cs:line 37\n   at Todoly.Core.UIElements.Web.Button.Click() in /home/runner/work/GUI-Framework/GUI-Framework/1.Core/UIElements/Web/Button.cs:line 17\n   at Todoly.Tests.UI.Steps.Commons.CommonSteps.Click(String elementName, String locatorArgument, String viewName) in /home/runner/work/GUI-Framework/GUI-Framework/3.Tests/UI/StepDefinitions/CommonStepDefinition.cs:line 69\n   at TechTalk.SpecFlow.Bindings.BindingInvoker.InvokeBinding(IBinding binding, IContextManager contextManager, Object[] arguments, ITestTracer testTracer, TimeSpan& duration)\n   at Allure.SpecFlowPlugin.AllureBindingInvoker.InvokeBinding(IBinding binding, IContextManager contextManager, Object[] arguments, ITestTracer testTracer, TimeSpan& duration)\n   at TechTalk.SpecFlow.Infrastructure.TestExecutionEngine.ExecuteStepMatch(BindingMatch match, Object[] arguments, TimeSpan& duration)\n   at TechTalk.SpecFlow.Infrastructure.TestExecutionEngine.ExecuteStep(IContextManager contextManager, StepInstance stepInstance)","steps":[{"name":"Given  the user is logged in","time":{"start":1677597155898,"stop":1677597157917,"duration":2019},"status":"passed","steps":[],"attachments":[],"parameters":[],"stepsCount":0,"attachmentsCount":0,"shouldDisplayMessage":false,"hasContent":false},{"name":"When  the user clicks on 'Project Button' <Calendar> at 'Project Component'","time":{"start":1677597157918,"stop":1677597218020,"duration":60102},"status":"failed","steps":[],"attachments":[],"parameters":[],"stepsCount":0,"attachmentsCount":0,"shouldDisplayMessage":false,"hasContent":false},{"name":"And  the user clicks on the Set Due Date option","time":{"start":1677597218170,"stop":1677597218175,"duration":5},"status":"skipped","steps":[],"attachments":[],"parameters":[],"stepsCount":0,"attachmentsCount":0,"shouldDisplayMessage":false,"hasContent":false},{"name":"And  inputs \"19 Mar 12:00 AM\" as due date","time":{"start":1677597218175,"stop":1677597218175,"duration":0},"status":"skipped","steps":[],"attachments":[],"parameters":[],"stepsCount":0,"attachmentsCount":0,"shouldDisplayMessage":false,"hasContent":false},{"name":"Then  the item should be displayed with the \"19 Mar 12:00 AM\" date-tag","time":{"start":1677597218175,"stop":1677597218175,"duration":0},"status":"skipped","steps":[],"attachments":[],"parameters":[],"stepsCount":0,"attachmentsCount":0,"shouldDisplayMessage":false,"hasContent":false}],"attachments":[{"uid":"62959fcdd4b8a531","name":"Failed test screenshot","source":"62959fcdd4b8a531.png","type":"application/png","size":240600}],"parameters":[],"stepsCount":5,"attachmentsCount":1,"shouldDisplayMessage":true,"hasContent":true},"afterStages":[{"name":"CaptureScreenshot [10000]","time":{"start":1677597218176,"stop":1677597218399,"duration":223},"status":"passed","steps":[],"attachments":[],"parameters":[],"stepsCount":0,"attachmentsCount":0,"shouldDisplayMessage":false,"hasContent":false},{"name":"SessionDisposal [10000]","time":{"start":1677597218399,"stop":1677597218399,"duration":0},"status":"passed","steps":[],"attachments":[],"parameters":[],"stepsCount":0,"attachmentsCount":0,"shouldDisplayMessage":false,"hasContent":false}],"labels":[{"name":"thread","value":"NonParallelWorker"},{"name":"host","value":"fv-az741-913"},{"name":"feature","value":"Item Due Date"},{"name":"tag","value":"Smoke"},{"name":"tag","value":"Regression"},{"name":"tag","value":"create.project.Calendar"},{"name":"tag","value":"create.item.NewItem"},{"name":"tag","value":"Due_Date_Item"},{"name":"resultFormat","value":"allure2"}],"parameters":[],"links":[],"hidden":false,"retry":false,"extra":{"severity":"normal","retries":[],"categories":[{"name":"Product defects","matchedStatuses":[],"flaky":false}],"history":{"statistic":{"failed":9,"broken":5,"skipped":0,"passed":7,"unknown":0,"total":21},"items":[{"uid":"fd6c74b5dc82b788","reportUrl":"https://BC-LT-02.github.io/GUI-Framework/633//#testresult/fd6c74b5dc82b788","status":"passed","time":{"start":1677596899450,"stop":1677596904195,"duration":4745}},{"uid":"4a1dfd5c8ff5d9c","reportUrl":"https://BC-LT-02.github.io/GUI-Framework/632//#testresult/4a1dfd5c8ff5d9c","status":"passed","time":{"start":1677596823763,"stop":1677596829032,"duration":5269}},{"uid":"dd6abc103b8af5a2","reportUrl":"https://BC-LT-02.github.io/GUI-Framework/627//#testresult/dd6abc103b8af5a2","status":"passed","time":{"start":1677591975158,"stop":1677591980253,"duration":5095}},{"uid":"47c55ecbb0bb7528","reportUrl":"https://BC-LT-02.github.io/GUI-Framework/626//#testresult/47c55ecbb0bb7528","status":"passed","time":{"start":1677591545916,"stop":1677591549749,"duration":3833}},{"uid":"c09946fdf767a88e","reportUrl":"https://BC-LT-02.github.io/GUI-Framework/627//#testresult/c09946fdf767a88e","status":"passed","time":{"start":1677590826127,"stop":1677590830165,"duration":4038}},{"uid":"1872cf8335ca2f0","reportUrl":"https://BC-LT-02.github.io/GUI-Framework/626//#testresult/1872cf8335ca2f0","status":"passed","time":{"start":1677590607022,"stop":1677590610424,"duration":3402}},{"uid":"cd2cf2376bca3710","reportUrl":"https://BC-LT-02.github.io/GUI-Framework/625//#testresult/cd2cf2376bca3710","status":"passed","time":{"start":1677590160897,"stop":1677590164509,"duration":3612}},{"uid":"fa62cd60ef0536d5","reportUrl":"https://BC-LT-02.github.io/GUI-Framework/624//#testresult/fa62cd60ef0536d5","status":"broken","statusDetails":"Error specifying the driver","time":{"start":1677588791878,"stop":1677588791879,"duration":1}},{"uid":"88b5edfc8b1362a3","reportUrl":"https://BC-LT-02.github.io/GUI-Framework/623//#testresult/88b5edfc8b1362a3","status":"failed","statusDetails":"Timed out after 30 seconds","time":{"start":1677588612037,"stop":1677588646214,"duration":34177}},{"uid":"18917b5ca4db40","reportUrl":"https://BC-LT-02.github.io/GUI-Framework/622//#testresult/18917b5ca4db40","status":"failed","statusDetails":"Timed out after 30 seconds","time":{"start":1677588062658,"stop":1677588096954,"duration":34296}},{"uid":"c06ea09903c9a95d","reportUrl":"https://BC-LT-02.github.io/GUI-Framework/619//#testresult/c06ea09903c9a95d","status":"broken","statusDetails":"Error specifying the driver","time":{"start":1677587915697,"stop":1677587915698,"duration":1}},{"uid":"7d2bd634cd57ec62","reportUrl":"https://BC-LT-02.github.io/GUI-Framework/622//#testresult/7d2bd634cd57ec62","status":"failed","statusDetails":"Timed out after 30 seconds","time":{"start":1677587562831,"stop":1677587597932,"duration":35101}},{"uid":"bfbe22e1784bd779","reportUrl":"https://BC-LT-02.github.io/GUI-Framework/621//#testresult/bfbe22e1784bd779","status":"failed","statusDetails":"Timed out after 30 seconds","time":{"start":1677586042023,"stop":1677586076699,"duration":34676}},{"uid":"6f7e0fe713b3c7fe","reportUrl":"https://BC-LT-02.github.io/GUI-Framework/621//#testresult/6f7e0fe713b3c7fe","status":"failed","statusDetails":"Timed out after 30 seconds","time":{"start":1677585569748,"stop":1677585604758,"duration":35010}},{"uid":"721c101756794660","reportUrl":"https://BC-LT-02.github.io/GUI-Framework/621//#testresult/721c101756794660","status":"failed","statusDetails":"Timed out after 30 seconds","time":{"start":1677585236521,"stop":1677585271183,"duration":34662}},{"uid":"d04b7ca2f05e205","reportUrl":"https://BC-LT-02.github.io/GUI-Framework/621//#testresult/d04b7ca2f05e205","status":"failed","statusDetails":"Timed out after 30 seconds","time":{"start":1677584841816,"stop":1677584875806,"duration":33990}},{"uid":"a65265233fbf0668","reportUrl":"https://BC-LT-02.github.io/GUI-Framework/620//#testresult/a65265233fbf0668","status":"failed","statusDetails":"Timed out after 30 seconds","time":{"start":1677584197951,"stop":1677584232114,"duration":34163}},{"uid":"fc3f8cf1f7d70bec","reportUrl":"https://BC-LT-02.github.io/GUI-Framework/619//#testresult/fc3f8cf1f7d70bec","status":"broken","statusDetails":"Error specifying the driver","time":{"start":1677571323590,"stop":1677571323591,"duration":1}},{"uid":"6ee6fa6c7e1d6214","reportUrl":"https://BC-LT-02.github.io/GUI-Framework/618//#testresult/6ee6fa6c7e1d6214","status":"broken","statusDetails":"Error specifying the driver","time":{"start":1677570846716,"stop":1677570846717,"duration":1}},{"uid":"a369e1a044be4066","reportUrl":"https://BC-LT-02.github.io/GUI-Framework/618//#testresult/a369e1a044be4066","status":"broken","statusDetails":"Error specifying the driver","time":{"start":1677570659795,"stop":1677570659796,"duration":1}}]},"tags":["create.project.Calendar","create.item.NewItem","Regression","Due_Date_Item","Smoke"]},"source":"968eef2092283dca.json","parameterValues":[]}