{"uid":"9f4e3e0e246c3db0","name":"Check if item appear on Today section","fullName":"Check if item appear on Today section","historyId":"Check if item appear on Today section-2134815732","time":{"start":1677618805386,"stop":1677618869105,"duration":63719},"status":"failed","statusMessage":"Timed out after 30 seconds -> no such element: Unable to locate element: {\"method\":\"xpath\",\"selector\":\"//div[@id='ProjectListPlaceHolder']//td[text()='Today']\"}\n  (Session info: chrome=109.0.5414.119)","statusTrace":"OpenQA.Selenium.WebDriverTimeoutException: Timed out after 30 seconds\n ---> OpenQA.Selenium.NoSuchElementException: no such element: Unable to locate element: {\"method\":\"xpath\",\"selector\":\"//div[@id='ProjectListPlaceHolder']//td[text()='Today']\"}\n  (Session info: chrome=109.0.5414.119)\n   at OpenQA.Selenium.WebDriver.UnpackAndThrowOnError(Response errorResponse, String commandToExecute)\n   at OpenQA.Selenium.WebDriver.Execute(String driverCommandToExecute, Dictionary`2 parameters)\n   at OpenQA.Selenium.WebDriver.FindElement(String mechanism, String value)\n   at OpenQA.Selenium.By.<.ctor>b__11_0(ISearchContext context)\n   at OpenQA.Selenium.By.FindElement(ISearchContext context)\n   at OpenQA.Selenium.WebDriver.FindElement(By by)\n   at SeleniumExtras.WaitHelpers.ExpectedConditions.<>c__DisplayClass6_0.<ElementExists>b__0(IWebDriver driver)\n   at OpenQA.Selenium.Support.UI.DefaultWait`1.Until[TResult](Func`2 condition, CancellationToken token)\n   --- End of inner exception stack trace ---\n   at OpenQA.Selenium.Support.UI.DefaultWait`1.ThrowTimeoutException(String exceptionMessage, Exception lastException)\n   at OpenQA.Selenium.Support.UI.DefaultWait`1.Until[TResult](Func`2 condition, CancellationToken token)\n   at OpenQA.Selenium.Support.UI.DefaultWait`1.Until[TResult](Func`2 condition)\n   at Todoly.Core.UIElements.Web.BaseWebElement.get_WebElement() in /home/runner/work/GUI-Framework/GUI-Framework/1.Core/UIElements/Web/BaseWebElement.cs:line 37\n   at Todoly.Core.UIElements.Web.Button.Click() in /home/runner/work/GUI-Framework/GUI-Framework/1.Core/UIElements/Web/Button.cs:line 17\n   at Todoly.Tests.UI.Steps.Commons.CommonSteps.Click(String elementName, String locatorArgument, String viewName) in /home/runner/work/GUI-Framework/GUI-Framework/3.Tests/UI/StepDefinitions/CommonStepDefinition.cs:line 69\n   at TechTalk.SpecFlow.Bindings.BindingInvoker.InvokeBinding(IBinding binding, IContextManager contextManager, Object[] arguments, ITestTracer testTracer, TimeSpan& duration)\n   at Allure.SpecFlowPlugin.AllureBindingInvoker.InvokeBinding(IBinding binding, IContextManager contextManager, Object[] arguments, ITestTracer testTracer, TimeSpan& duration)\n   at TechTalk.SpecFlow.Infrastructure.TestExecutionEngine.ExecuteStepMatch(BindingMatch match, Object[] arguments, TimeSpan& duration)\n   at TechTalk.SpecFlow.Infrastructure.TestExecutionEngine.ExecuteStep(IContextManager contextManager, StepInstance stepInstance)","flaky":false,"newFailed":true,"newBroken":false,"newPassed":false,"retriesCount":0,"retriesStatusChange":false,"beforeStages":[{"name":"CreateProject [1]","time":{"start":1677618805079,"stop":1677618805311,"duration":232},"status":"passed","steps":[],"attachments":[],"parameters":[],"stepsCount":0,"attachmentsCount":0,"shouldDisplayMessage":false,"hasContent":false},{"name":"CreateAnItem [2]","time":{"start":1677618805311,"stop":1677618805385,"duration":74},"status":"passed","steps":[],"attachments":[],"parameters":[],"stepsCount":0,"attachmentsCount":0,"shouldDisplayMessage":false,"hasContent":false}],"testStage":{"status":"failed","statusMessage":"Timed out after 30 seconds -> no such element: Unable to locate element: {\"method\":\"xpath\",\"selector\":\"//div[@id='ProjectListPlaceHolder']//td[text()='Today']\"}\n  (Session info: chrome=109.0.5414.119)","statusTrace":"OpenQA.Selenium.WebDriverTimeoutException: Timed out after 30 seconds\n ---> OpenQA.Selenium.NoSuchElementException: no such element: Unable to locate element: {\"method\":\"xpath\",\"selector\":\"//div[@id='ProjectListPlaceHolder']//td[text()='Today']\"}\n  (Session info: chrome=109.0.5414.119)\n   at OpenQA.Selenium.WebDriver.UnpackAndThrowOnError(Response errorResponse, String commandToExecute)\n   at OpenQA.Selenium.WebDriver.Execute(String driverCommandToExecute, Dictionary`2 parameters)\n   at OpenQA.Selenium.WebDriver.FindElement(String mechanism, String value)\n   at OpenQA.Selenium.By.<.ctor>b__11_0(ISearchContext context)\n   at OpenQA.Selenium.By.FindElement(ISearchContext context)\n   at OpenQA.Selenium.WebDriver.FindElement(By by)\n   at SeleniumExtras.WaitHelpers.ExpectedConditions.<>c__DisplayClass6_0.<ElementExists>b__0(IWebDriver driver)\n   at OpenQA.Selenium.Support.UI.DefaultWait`1.Until[TResult](Func`2 condition, CancellationToken token)\n   --- End of inner exception stack trace ---\n   at OpenQA.Selenium.Support.UI.DefaultWait`1.ThrowTimeoutException(String exceptionMessage, Exception lastException)\n   at OpenQA.Selenium.Support.UI.DefaultWait`1.Until[TResult](Func`2 condition, CancellationToken token)\n   at OpenQA.Selenium.Support.UI.DefaultWait`1.Until[TResult](Func`2 condition)\n   at Todoly.Core.UIElements.Web.BaseWebElement.get_WebElement() in /home/runner/work/GUI-Framework/GUI-Framework/1.Core/UIElements/Web/BaseWebElement.cs:line 37\n   at Todoly.Core.UIElements.Web.Button.Click() in /home/runner/work/GUI-Framework/GUI-Framework/1.Core/UIElements/Web/Button.cs:line 17\n   at Todoly.Tests.UI.Steps.Commons.CommonSteps.Click(String elementName, String locatorArgument, String viewName) in /home/runner/work/GUI-Framework/GUI-Framework/3.Tests/UI/StepDefinitions/CommonStepDefinition.cs:line 69\n   at TechTalk.SpecFlow.Bindings.BindingInvoker.InvokeBinding(IBinding binding, IContextManager contextManager, Object[] arguments, ITestTracer testTracer, TimeSpan& duration)\n   at Allure.SpecFlowPlugin.AllureBindingInvoker.InvokeBinding(IBinding binding, IContextManager contextManager, Object[] arguments, ITestTracer testTracer, TimeSpan& duration)\n   at TechTalk.SpecFlow.Infrastructure.TestExecutionEngine.ExecuteStepMatch(BindingMatch match, Object[] arguments, TimeSpan& duration)\n   at TechTalk.SpecFlow.Infrastructure.TestExecutionEngine.ExecuteStep(IContextManager contextManager, StepInstance stepInstance)","steps":[{"name":"Given  the user is logged in","time":{"start":1677618805386,"stop":1677618808867,"duration":3481},"status":"passed","steps":[],"attachments":[],"parameters":[],"stepsCount":0,"attachmentsCount":0,"shouldDisplayMessage":false,"hasContent":false},{"name":"When  the user clicks on 'Project Button' <Today> at 'Project Component'","time":{"start":1677618808867,"stop":1677618868952,"duration":60085},"status":"failed","steps":[],"attachments":[],"parameters":[],"stepsCount":0,"attachmentsCount":0,"shouldDisplayMessage":false,"hasContent":false},{"name":"And  the user hovers on \"Get Item\" <GoToGym> at 'Items Component'","time":{"start":1677618869102,"stop":1677618869103,"duration":1},"status":"skipped","steps":[],"attachments":[],"parameters":[],"stepsCount":0,"attachmentsCount":0,"shouldDisplayMessage":false,"hasContent":false},{"name":"And  the user clicks on 'Item DueDate' <GoToGym> at 'Items Component'","time":{"start":1677618869103,"stop":1677618869103,"duration":0},"status":"skipped","steps":[],"attachments":[],"parameters":[],"stepsCount":0,"attachmentsCount":0,"shouldDisplayMessage":false,"hasContent":false},{"name":"And  inputs \"1 Jan 2020 12:00 AM\" as due date","time":{"start":1677618869103,"stop":1677618869103,"duration":0},"status":"skipped","steps":[],"attachments":[],"parameters":[],"stepsCount":0,"attachmentsCount":0,"shouldDisplayMessage":false,"hasContent":false},{"name":"Then  the \"GoToGym\" should be displayed in \"Today\" section","time":{"start":1677618869103,"stop":1677618869103,"duration":0},"status":"skipped","steps":[],"attachments":[],"parameters":[],"stepsCount":0,"attachmentsCount":0,"shouldDisplayMessage":false,"hasContent":false}],"attachments":[{"uid":"61a57e43ff8cafb6","name":"Failed test screenshot","source":"61a57e43ff8cafb6.png","type":"application/png","size":60272}],"parameters":[],"stepsCount":6,"attachmentsCount":1,"shouldDisplayMessage":true,"hasContent":true},"afterStages":[{"name":"RemoveProjects [10000]","time":{"start":1677618869105,"stop":1677618869517,"duration":412},"status":"passed","steps":[],"attachments":[],"parameters":[],"stepsCount":0,"attachmentsCount":0,"shouldDisplayMessage":false,"hasContent":false},{"name":"CaptureScreenshot [10000]","time":{"start":1677618869517,"stop":1677618869766,"duration":249},"status":"passed","steps":[],"attachments":[],"parameters":[],"stepsCount":0,"attachmentsCount":0,"shouldDisplayMessage":false,"hasContent":false},{"name":"SessionDisposal [10000]","time":{"start":1677618869766,"stop":1677618869766,"duration":0},"status":"passed","steps":[],"attachments":[],"parameters":[],"stepsCount":0,"attachmentsCount":0,"shouldDisplayMessage":false,"hasContent":false}],"labels":[{"name":"thread","value":"NonParallelWorker"},{"name":"host","value":"fv-az550-745"},{"name":"feature","value":"Item Due Date"},{"name":"tag","value":"Smoke"},{"name":"tag","value":"Regression"},{"name":"tag","value":"create.project.Today"},{"name":"tag","value":"delete.projects"},{"name":"tag","value":"create.item.GoToGym"},{"name":"tag","value":"Due_Date_Item"},{"name":"resultFormat","value":"allure2"}],"parameters":[{"name":"Date","value":"1 Jan 2020 12:00 AM"},{"name":"When","value":"Today"}],"links":[],"hidden":false,"retry":false,"extra":{"severity":"normal","retries":[],"categories":[{"name":"Product defects","matchedStatuses":[],"flaky":false}],"history":{"statistic":{"failed":3,"broken":6,"skipped":0,"passed":12,"unknown":0,"total":21},"items":[{"uid":"3409ee3370ae44e3","reportUrl":"https://BC-LT-02.github.io/GUI-Framework/657//#testresult/3409ee3370ae44e3","status":"broken","statusDetails":"The type initializer for 'Todoly.Core.Helpers.ConfigModel' threw an exception. -> Key not found : BROWSERSTACK-USERNAME","time":{"start":1677608789615,"stop":1677608789617,"duration":2}},{"uid":"5e7f1b89e9c4b479","reportUrl":"https://BC-LT-02.github.io/GUI-Framework/4//#testresult/5e7f1b89e9c4b479","status":"passed","time":{"start":1677607982475,"stop":1677607986852,"duration":4377}},{"uid":"ca05eb85d4442c7d","reportUrl":"https://BC-LT-02.github.io/GUI-Framework/655//#testresult/ca05eb85d4442c7d","status":"passed","time":{"start":1677607414640,"stop":1677607419407,"duration":4767}},{"uid":"2fa009609da04769","reportUrl":"https://BC-LT-02.github.io/GUI-Framework/650//#testresult/2fa009609da04769","status":"broken","statusDetails":"The type initializer for 'Todoly.Core.Helpers.ConfigModel' threw an exception. -> Key not found","time":{"start":1677607377836,"stop":1677607377838,"duration":2}},{"uid":"741316ee114c4681","reportUrl":"https://BC-LT-02.github.io/GUI-Framework/650//#testresult/741316ee114c4681","status":"broken","statusDetails":"The type initializer for 'Todoly.Core.Helpers.ConfigModel' threw an exception. -> Key not found","time":{"start":1677607093883,"stop":1677607093885,"duration":2}},{"uid":"a708a1e45ddf0d9a","reportUrl":"https://BC-LT-02.github.io/GUI-Framework/653//#testresult/a708a1e45ddf0d9a","status":"passed","time":{"start":1677605705767,"stop":1677605710654,"duration":4887}},{"uid":"d2c90fdaa973eb0a","reportUrl":"https://BC-LT-02.github.io/GUI-Framework/652//#testresult/d2c90fdaa973eb0a","status":"passed","time":{"start":1677604997479,"stop":1677605002183,"duration":4704}},{"uid":"9a4cb0c52ed79c21","reportUrl":"https://BC-LT-02.github.io/GUI-Framework/649//#testresult/9a4cb0c52ed79c21","status":"passed","time":{"start":1677604890643,"stop":1677604895548,"duration":4905}},{"uid":"e1e5b733ef2aec2","reportUrl":"https://BC-LT-02.github.io/GUI-Framework/650//#testresult/e1e5b733ef2aec2","status":"broken","statusDetails":"The type initializer for 'Todoly.Core.Helpers.ConfigModel' threw an exception. -> Key not found","time":{"start":1677605081778,"stop":1677605081779,"duration":1}},{"uid":"e7bbb8c47cbdbaa5","reportUrl":"https://BC-LT-02.github.io/GUI-Framework/651//#testresult/e7bbb8c47cbdbaa5","status":"passed","time":{"start":1677604509054,"stop":1677604513309,"duration":4255}},{"uid":"8daedc529a4a186a","reportUrl":"https://BC-LT-02.github.io/GUI-Framework/649//#testresult/8daedc529a4a186a","status":"passed","time":{"start":1677604396798,"stop":1677604401602,"duration":4804}},{"uid":"912bd7b8e70d6772","reportUrl":"https://BC-LT-02.github.io/GUI-Framework/650//#testresult/912bd7b8e70d6772","status":"broken","statusDetails":"The type initializer for 'Todoly.Core.Helpers.ConfigModel' threw an exception. -> Key not found","time":{"start":1677604199328,"stop":1677604199330,"duration":2}},{"uid":"5405892c205e3adf","reportUrl":"https://BC-LT-02.github.io/GUI-Framework/649//#testresult/5405892c205e3adf","status":"failed","statusDetails":"stale element reference: element is not attached to the page document\n  (Session info: chrome=109.0.5414.119)","time":{"start":1677603731808,"stop":1677603735528,"duration":3720}},{"uid":"73fed7a9b0f0df15","reportUrl":"https://BC-LT-02.github.io/GUI-Framework/649//#testresult/73fed7a9b0f0df15","status":"failed","statusDetails":"stale element reference: element is not attached to the page document\n  (Session info: chrome=109.0.5414.119)","time":{"start":1677603345371,"stop":1677603349600,"duration":4229}},{"uid":"bda0963a90fb54c7","reportUrl":"https://BC-LT-02.github.io/GUI-Framework/648//#testresult/bda0963a90fb54c7","status":"broken","statusDetails":"The type initializer for 'Todoly.Core.Helpers.ConfigModel' threw an exception. -> Key not found","time":{"start":1677603243900,"stop":1677603243901,"duration":1}},{"uid":"ef1b862f4adc3ac9","reportUrl":"https://BC-LT-02.github.io/GUI-Framework/647//#testresult/ef1b862f4adc3ac9","status":"passed","time":{"start":1677602586545,"stop":1677602591630,"duration":5085}},{"uid":"98bddb5ea840f8c1","reportUrl":"https://BC-LT-02.github.io/GUI-Framework/644//#testresult/98bddb5ea840f8c1","status":"passed","time":{"start":1677601696862,"stop":1677601700481,"duration":3619}},{"uid":"446e234cfb614472","reportUrl":"https://BC-LT-02.github.io/GUI-Framework/642//#testresult/446e234cfb614472","status":"passed","time":{"start":1677600990066,"stop":1677600994241,"duration":4175}},{"uid":"b08b35692e35588c","reportUrl":"https://BC-LT-02.github.io/GUI-Framework/641//#testresult/b08b35692e35588c","status":"passed","time":{"start":1677599971172,"stop":1677599976682,"duration":5510}},{"uid":"b766d767b79ad4fe","reportUrl":"https://BC-LT-02.github.io/GUI-Framework/640//#testresult/b766d767b79ad4fe","status":"passed","time":{"start":1677599546793,"stop":1677599551122,"duration":4329}}]},"tags":["create.project.Today","Regression","Due_Date_Item","Smoke","create.item.GoToGym","delete.projects"]},"source":"9f4e3e0e246c3db0.json","parameterValues":["1 Jan 2020 12:00 AM","Today"]}