{"uid":"f5b8ed5bee657374","name":"Postpone the Due Date of an item succesfully","fullName":"Postpone the Due Date of an item succesfully","historyId":"Postpone the Due Date of an item succesfully-114629447","time":{"start":1677599689477,"stop":1677599753138,"duration":63661},"status":"failed","statusMessage":"Timed out after 30 seconds -> no such element: Unable to locate element: {\"method\":\"xpath\",\"selector\":\"//div[@class='ItemContentDiv' and text()='']\"}\n  (Session info: chrome=109.0.5414.119)","statusTrace":"OpenQA.Selenium.WebDriverTimeoutException: Timed out after 30 seconds\n ---> OpenQA.Selenium.NoSuchElementException: no such element: Unable to locate element: {\"method\":\"xpath\",\"selector\":\"//div[@class='ItemContentDiv' and text()='']\"}\n  (Session info: chrome=109.0.5414.119)\n   at OpenQA.Selenium.WebDriver.UnpackAndThrowOnError(Response errorResponse, String commandToExecute)\n   at OpenQA.Selenium.WebDriver.Execute(String driverCommandToExecute, Dictionary`2 parameters)\n   at OpenQA.Selenium.WebDriver.FindElement(String mechanism, String value)\n   at OpenQA.Selenium.By.<.ctor>b__11_0(ISearchContext context)\n   at OpenQA.Selenium.By.FindElement(ISearchContext context)\n   at OpenQA.Selenium.WebDriver.FindElement(By by)\n   at SeleniumExtras.WaitHelpers.ExpectedConditions.<>c__DisplayClass6_0.<ElementExists>b__0(IWebDriver driver)\n   at OpenQA.Selenium.Support.UI.DefaultWait`1.Until[TResult](Func`2 condition, CancellationToken token)\n   --- End of inner exception stack trace ---\n   at OpenQA.Selenium.Support.UI.DefaultWait`1.ThrowTimeoutException(String exceptionMessage, Exception lastException)\n   at OpenQA.Selenium.Support.UI.DefaultWait`1.Until[TResult](Func`2 condition, CancellationToken token)\n   at OpenQA.Selenium.Support.UI.DefaultWait`1.Until[TResult](Func`2 condition)\n   at Todoly.Core.UIElements.Web.BaseWebElement.get_WebElement() in /home/runner/work/GUI-Framework/GUI-Framework/1.Core/UIElements/Web/BaseWebElement.cs:line 37\n   at SeleniumTest.Tests.Steps.Items.DueDateStepDefinitions.PostponeDueDate(String postponeTime) in /home/runner/work/GUI-Framework/GUI-Framework/3.Tests/UI/StepDefinitions/Item/DueDateStepDefinition.cs:line 57\n   at TechTalk.SpecFlow.Bindings.BindingInvoker.InvokeBinding(IBinding binding, IContextManager contextManager, Object[] arguments, ITestTracer testTracer, TimeSpan& duration)\n   at Allure.SpecFlowPlugin.AllureBindingInvoker.InvokeBinding(IBinding binding, IContextManager contextManager, Object[] arguments, ITestTracer testTracer, TimeSpan& duration)\n   at TechTalk.SpecFlow.Infrastructure.TestExecutionEngine.ExecuteStepMatch(BindingMatch match, Object[] arguments, TimeSpan& duration)\n   at TechTalk.SpecFlow.Infrastructure.TestExecutionEngine.ExecuteStep(IContextManager contextManager, StepInstance stepInstance)","flaky":false,"newFailed":false,"newBroken":false,"newPassed":false,"retriesCount":0,"retriesStatusChange":false,"beforeStages":[{"name":"CreateProject [1]","time":{"start":1677599689259,"stop":1677599689448,"duration":189},"status":"passed","steps":[],"attachments":[],"parameters":[],"stepsCount":0,"attachmentsCount":0,"shouldDisplayMessage":false,"hasContent":false},{"name":"CreateAnItem [2]","time":{"start":1677599689448,"stop":1677599689477,"duration":29},"status":"passed","steps":[],"attachments":[],"parameters":[],"stepsCount":0,"attachmentsCount":0,"shouldDisplayMessage":false,"hasContent":false}],"testStage":{"status":"failed","statusMessage":"Timed out after 30 seconds -> no such element: Unable to locate element: {\"method\":\"xpath\",\"selector\":\"//div[@class='ItemContentDiv' and text()='']\"}\n  (Session info: chrome=109.0.5414.119)","statusTrace":"OpenQA.Selenium.WebDriverTimeoutException: Timed out after 30 seconds\n ---> OpenQA.Selenium.NoSuchElementException: no such element: Unable to locate element: {\"method\":\"xpath\",\"selector\":\"//div[@class='ItemContentDiv' and text()='']\"}\n  (Session info: chrome=109.0.5414.119)\n   at OpenQA.Selenium.WebDriver.UnpackAndThrowOnError(Response errorResponse, String commandToExecute)\n   at OpenQA.Selenium.WebDriver.Execute(String driverCommandToExecute, Dictionary`2 parameters)\n   at OpenQA.Selenium.WebDriver.FindElement(String mechanism, String value)\n   at OpenQA.Selenium.By.<.ctor>b__11_0(ISearchContext context)\n   at OpenQA.Selenium.By.FindElement(ISearchContext context)\n   at OpenQA.Selenium.WebDriver.FindElement(By by)\n   at SeleniumExtras.WaitHelpers.ExpectedConditions.<>c__DisplayClass6_0.<ElementExists>b__0(IWebDriver driver)\n   at OpenQA.Selenium.Support.UI.DefaultWait`1.Until[TResult](Func`2 condition, CancellationToken token)\n   --- End of inner exception stack trace ---\n   at OpenQA.Selenium.Support.UI.DefaultWait`1.ThrowTimeoutException(String exceptionMessage, Exception lastException)\n   at OpenQA.Selenium.Support.UI.DefaultWait`1.Until[TResult](Func`2 condition, CancellationToken token)\n   at OpenQA.Selenium.Support.UI.DefaultWait`1.Until[TResult](Func`2 condition)\n   at Todoly.Core.UIElements.Web.BaseWebElement.get_WebElement() in /home/runner/work/GUI-Framework/GUI-Framework/1.Core/UIElements/Web/BaseWebElement.cs:line 37\n   at SeleniumTest.Tests.Steps.Items.DueDateStepDefinitions.PostponeDueDate(String postponeTime) in /home/runner/work/GUI-Framework/GUI-Framework/3.Tests/UI/StepDefinitions/Item/DueDateStepDefinition.cs:line 57\n   at TechTalk.SpecFlow.Bindings.BindingInvoker.InvokeBinding(IBinding binding, IContextManager contextManager, Object[] arguments, ITestTracer testTracer, TimeSpan& duration)\n   at Allure.SpecFlowPlugin.AllureBindingInvoker.InvokeBinding(IBinding binding, IContextManager contextManager, Object[] arguments, ITestTracer testTracer, TimeSpan& duration)\n   at TechTalk.SpecFlow.Infrastructure.TestExecutionEngine.ExecuteStepMatch(BindingMatch match, Object[] arguments, TimeSpan& duration)\n   at TechTalk.SpecFlow.Infrastructure.TestExecutionEngine.ExecuteStep(IContextManager contextManager, StepInstance stepInstance)","steps":[{"name":"Given  the user is logged in","time":{"start":1677599689477,"stop":1677599691746,"duration":2269},"status":"passed","steps":[],"attachments":[],"parameters":[],"stepsCount":0,"attachmentsCount":0,"shouldDisplayMessage":false,"hasContent":false},{"name":"When  the user clicks on 'Project Button' <NotImportant> at 'Project Component'","time":{"start":1677599691746,"stop":1677599691858,"duration":112},"status":"passed","steps":[],"attachments":[],"parameters":[],"stepsCount":0,"attachmentsCount":0,"shouldDisplayMessage":false,"hasContent":false},{"name":"And  the user hovers on \"Get Item\" <Clean> at 'Items Component'","time":{"start":1677599691858,"stop":1677599692214,"duration":356},"status":"passed","steps":[],"attachments":[],"parameters":[],"stepsCount":0,"attachmentsCount":0,"shouldDisplayMessage":false,"hasContent":false},{"name":"And  the user clicks on 'Item DueDate' <Clean> at 'Items Component'","time":{"start":1677599692214,"stop":1677599692429,"duration":215},"status":"passed","steps":[],"attachments":[],"parameters":[],"stepsCount":0,"attachmentsCount":0,"shouldDisplayMessage":false,"hasContent":false},{"name":"And  inputs \"20 Jun 12:00 PM\" as due date","time":{"start":1677599692429,"stop":1677599692921,"duration":492},"status":"passed","steps":[],"attachments":[],"parameters":[],"stepsCount":0,"attachmentsCount":0,"shouldDisplayMessage":false,"hasContent":false},{"name":"And  clicks on Postpone 3 days","time":{"start":1677599692921,"stop":1677599753016,"duration":60095},"status":"failed","steps":[],"attachments":[],"parameters":[],"stepsCount":0,"attachmentsCount":0,"shouldDisplayMessage":false,"hasContent":false},{"name":"Then  the \"Clean\" date-tag should be displayed as \"<DateTag>\"","time":{"start":1677599753138,"stop":1677599753138,"duration":0},"status":"skipped","steps":[],"attachments":[],"parameters":[],"stepsCount":0,"attachmentsCount":0,"shouldDisplayMessage":false,"hasContent":false}],"attachments":[{"uid":"7a573b6833e02112","name":"Failed test screenshot","source":"7a573b6833e02112.png","type":"application/png","size":59196}],"parameters":[],"stepsCount":7,"attachmentsCount":1,"shouldDisplayMessage":true,"hasContent":true},"afterStages":[{"name":"RemoveProjects [10000]","time":{"start":1677599753138,"stop":1677599753284,"duration":146},"status":"passed","steps":[],"attachments":[],"parameters":[],"stepsCount":0,"attachmentsCount":0,"shouldDisplayMessage":false,"hasContent":false},{"name":"CaptureScreenshot [10000]","time":{"start":1677599753284,"stop":1677599753505,"duration":221},"status":"passed","steps":[],"attachments":[],"parameters":[],"stepsCount":0,"attachmentsCount":0,"shouldDisplayMessage":false,"hasContent":false},{"name":"SessionDisposal [10000]","time":{"start":1677599753505,"stop":1677599753505,"duration":0},"status":"passed","steps":[],"attachments":[],"parameters":[],"stepsCount":0,"attachmentsCount":0,"shouldDisplayMessage":false,"hasContent":false}],"labels":[{"name":"thread","value":"NonParallelWorker"},{"name":"host","value":"fv-az574-20"},{"name":"feature","value":"Item Due Date"},{"name":"tag","value":"Smoke"},{"name":"tag","value":"Regression"},{"name":"tag","value":"create.project.NotImportant"},{"name":"tag","value":"delete.projects"},{"name":"tag","value":"create.item.Clean"},{"name":"tag","value":"Due_Date_Item"},{"name":"resultFormat","value":"allure2"}],"parameters":[{"name":"Postpone","value":"3 days"},{"name":"PostposeDate","value":"23 Jun 12:00 PM"}],"links":[],"hidden":false,"retry":false,"extra":{"severity":"normal","retries":[],"categories":[{"name":"Product defects","matchedStatuses":[],"flaky":false}],"history":{"statistic":{"failed":2,"broken":0,"skipped":0,"passed":0,"unknown":0,"total":2},"items":[{"uid":"7128f04652d5644b","reportUrl":"https://BC-LT-02.github.io/GUI-Framework/636//#testresult/7128f04652d5644b","status":"failed","statusDetails":"Cannot perform runtime binding on a null reference","time":{"start":1677598621647,"stop":1677598684567,"duration":62920}}]},"tags":["Regression","Due_Date_Item","Smoke","create.item.Clean","create.project.NotImportant","delete.projects"]},"source":"f5b8ed5bee657374.json","parameterValues":["3 days","23 Jun 12:00 PM"]}