{"uid":"106ad1a686d275bd","name":"Delete a pending item succesfully","fullName":"Delete a pending item succesfully","historyId":"Delete a pending item succesfully-968482599","time":{"start":1677588105269,"stop":1677588168595,"duration":63326},"status":"failed","statusMessage":"Timed out after 30 seconds -> no such element: Unable to locate element: {\"method\":\"xpath\",\"selector\":\"//div[@class='ItemContentDiv'][contains(@style,'0')]\"}\n  (Session info: chrome=109.0.5414.119)","statusTrace":"OpenQA.Selenium.WebDriverTimeoutException: Timed out after 30 seconds\n ---> OpenQA.Selenium.NoSuchElementException: no such element: Unable to locate element: {\"method\":\"xpath\",\"selector\":\"//div[@class='ItemContentDiv'][contains(@style,'0')]\"}\n  (Session info: chrome=109.0.5414.119)\n   at OpenQA.Selenium.WebDriver.UnpackAndThrowOnError(Response errorResponse, String commandToExecute)\n   at OpenQA.Selenium.WebDriver.Execute(String driverCommandToExecute, Dictionary`2 parameters)\n   at OpenQA.Selenium.WebDriver.FindElement(String mechanism, String value)\n   at OpenQA.Selenium.By.<.ctor>b__11_0(ISearchContext context)\n   at OpenQA.Selenium.By.FindElement(ISearchContext context)\n   at OpenQA.Selenium.WebDriver.FindElement(By by)\n   at SeleniumExtras.WaitHelpers.ExpectedConditions.<>c__DisplayClass6_0.<ElementExists>b__0(IWebDriver driver)\n   at OpenQA.Selenium.Support.UI.DefaultWait`1.Until[TResult](Func`2 condition, CancellationToken token)\n   --- End of inner exception stack trace ---\n   at OpenQA.Selenium.Support.UI.DefaultWait`1.ThrowTimeoutException(String exceptionMessage, Exception lastException)\n   at OpenQA.Selenium.Support.UI.DefaultWait`1.Until[TResult](Func`2 condition, CancellationToken token)\n   at OpenQA.Selenium.Support.UI.DefaultWait`1.Until[TResult](Func`2 condition)\n   at Todoly.Core.UIElements.Web.BaseWebElement.get_WebElement() in /home/runner/work/GUI-Framework/GUI-Framework/1.Core/UIElements/Web/BaseWebElement.cs:line 37\n   at SeleniumTest.Tests.Steps.Items.PriorityStepDefinitions.PriorityShouldBeSet(String itemName, String itemColor) in /home/runner/work/GUI-Framework/GUI-Framework/3.Tests/UI/StepDefinitions/Item/PriorityStepDefinition.cs:line 30\n   at TechTalk.SpecFlow.Bindings.BindingInvoker.InvokeBinding(IBinding binding, IContextManager contextManager, Object[] arguments, ITestTracer testTracer, TimeSpan& duration)\n   at Allure.SpecFlowPlugin.AllureBindingInvoker.InvokeBinding(IBinding binding, IContextManager contextManager, Object[] arguments, ITestTracer testTracer, TimeSpan& duration)\n   at TechTalk.SpecFlow.Infrastructure.TestExecutionEngine.ExecuteStepMatch(BindingMatch match, Object[] arguments, TimeSpan& duration)\n   at TechTalk.SpecFlow.Infrastructure.TestExecutionEngine.ExecuteStep(IContextManager contextManager, StepInstance stepInstance)","flaky":false,"newFailed":true,"newBroken":false,"newPassed":false,"retriesCount":0,"retriesStatusChange":false,"beforeStages":[{"name":"CreateProject [1]","time":{"start":1677588105150,"stop":1677588105246,"duration":96},"status":"passed","steps":[],"attachments":[],"parameters":[],"stepsCount":0,"attachmentsCount":0,"shouldDisplayMessage":false,"hasContent":false},{"name":"CreateAnItem [2]","time":{"start":1677588105246,"stop":1677588105269,"duration":23},"status":"passed","steps":[],"attachments":[],"parameters":[],"stepsCount":0,"attachmentsCount":0,"shouldDisplayMessage":false,"hasContent":false}],"testStage":{"status":"failed","statusMessage":"Timed out after 30 seconds -> no such element: Unable to locate element: {\"method\":\"xpath\",\"selector\":\"//div[@class='ItemContentDiv'][contains(@style,'0')]\"}\n  (Session info: chrome=109.0.5414.119)","statusTrace":"OpenQA.Selenium.WebDriverTimeoutException: Timed out after 30 seconds\n ---> OpenQA.Selenium.NoSuchElementException: no such element: Unable to locate element: {\"method\":\"xpath\",\"selector\":\"//div[@class='ItemContentDiv'][contains(@style,'0')]\"}\n  (Session info: chrome=109.0.5414.119)\n   at OpenQA.Selenium.WebDriver.UnpackAndThrowOnError(Response errorResponse, String commandToExecute)\n   at OpenQA.Selenium.WebDriver.Execute(String driverCommandToExecute, Dictionary`2 parameters)\n   at OpenQA.Selenium.WebDriver.FindElement(String mechanism, String value)\n   at OpenQA.Selenium.By.<.ctor>b__11_0(ISearchContext context)\n   at OpenQA.Selenium.By.FindElement(ISearchContext context)\n   at OpenQA.Selenium.WebDriver.FindElement(By by)\n   at SeleniumExtras.WaitHelpers.ExpectedConditions.<>c__DisplayClass6_0.<ElementExists>b__0(IWebDriver driver)\n   at OpenQA.Selenium.Support.UI.DefaultWait`1.Until[TResult](Func`2 condition, CancellationToken token)\n   --- End of inner exception stack trace ---\n   at OpenQA.Selenium.Support.UI.DefaultWait`1.ThrowTimeoutException(String exceptionMessage, Exception lastException)\n   at OpenQA.Selenium.Support.UI.DefaultWait`1.Until[TResult](Func`2 condition, CancellationToken token)\n   at OpenQA.Selenium.Support.UI.DefaultWait`1.Until[TResult](Func`2 condition)\n   at Todoly.Core.UIElements.Web.BaseWebElement.get_WebElement() in /home/runner/work/GUI-Framework/GUI-Framework/1.Core/UIElements/Web/BaseWebElement.cs:line 37\n   at SeleniumTest.Tests.Steps.Items.PriorityStepDefinitions.PriorityShouldBeSet(String itemName, String itemColor) in /home/runner/work/GUI-Framework/GUI-Framework/3.Tests/UI/StepDefinitions/Item/PriorityStepDefinition.cs:line 30\n   at TechTalk.SpecFlow.Bindings.BindingInvoker.InvokeBinding(IBinding binding, IContextManager contextManager, Object[] arguments, ITestTracer testTracer, TimeSpan& duration)\n   at Allure.SpecFlowPlugin.AllureBindingInvoker.InvokeBinding(IBinding binding, IContextManager contextManager, Object[] arguments, ITestTracer testTracer, TimeSpan& duration)\n   at TechTalk.SpecFlow.Infrastructure.TestExecutionEngine.ExecuteStepMatch(BindingMatch match, Object[] arguments, TimeSpan& duration)\n   at TechTalk.SpecFlow.Infrastructure.TestExecutionEngine.ExecuteStep(IContextManager contextManager, StepInstance stepInstance)","steps":[{"name":"Given  the user is logged in","time":{"start":1677588105269,"stop":1677588107615,"duration":2346},"status":"passed","steps":[],"attachments":[],"parameters":[],"stepsCount":0,"attachmentsCount":0,"shouldDisplayMessage":false,"hasContent":false},{"name":"When  the user clicks on 'Project Button' <Kids> at 'Project Component'","time":{"start":1677588107615,"stop":1677588107755,"duration":140},"status":"passed","steps":[],"attachments":[],"parameters":[],"stepsCount":0,"attachmentsCount":0,"shouldDisplayMessage":false,"hasContent":false},{"name":"And  the user hovers on \"Get Item\" <EatLunch> at 'Items Component'","time":{"start":1677588107755,"stop":1677588108153,"duration":398},"status":"passed","steps":[],"attachments":[],"parameters":[],"stepsCount":0,"attachmentsCount":0,"shouldDisplayMessage":false,"hasContent":false},{"name":"And  the user clicks on \"Item Contextmenu\" <EatLunch> on \"2\" option at \"Items Component\"","time":{"start":1677588108153,"stop":1677588108392,"duration":239},"status":"passed","steps":[],"attachments":[],"parameters":[],"stepsCount":0,"attachmentsCount":0,"shouldDisplayMessage":false,"hasContent":false},{"name":"Then  the <EatLunch> color should be rgb(22, 139, 184)","time":{"start":1677588108392,"stop":1677588168448,"duration":60056},"status":"failed","steps":[],"attachments":[],"parameters":[],"stepsCount":0,"attachmentsCount":0,"shouldDisplayMessage":false,"hasContent":false}],"attachments":[{"uid":"82514566acb0b902","name":"Failed test screenshot","source":"82514566acb0b902.png","type":"application/png","size":54975}],"parameters":[],"stepsCount":5,"attachmentsCount":1,"shouldDisplayMessage":true,"hasContent":true},"afterStages":[{"name":"RemoveProjects [10000]","time":{"start":1677588168595,"stop":1677588168713,"duration":118},"status":"passed","steps":[],"attachments":[],"parameters":[],"stepsCount":0,"attachmentsCount":0,"shouldDisplayMessage":false,"hasContent":false},{"name":"CaptureScreenshot [10000]","time":{"start":1677588168713,"stop":1677588168916,"duration":203},"status":"passed","steps":[],"attachments":[],"parameters":[],"stepsCount":0,"attachmentsCount":0,"shouldDisplayMessage":false,"hasContent":false},{"name":"SessionDisposal [10000]","time":{"start":1677588168916,"stop":1677588168916,"duration":0},"status":"passed","steps":[],"attachments":[],"parameters":[],"stepsCount":0,"attachmentsCount":0,"shouldDisplayMessage":false,"hasContent":false}],"labels":[{"name":"thread","value":"NonParallelWorker"},{"name":"host","value":"fv-az571-592"},{"name":"feature","value":"Item Priority"},{"name":"tag","value":"Smoke"},{"name":"tag","value":"Regression"},{"name":"tag","value":"create.project.Kids"},{"name":"tag","value":"create.item.EatLunch"},{"name":"tag","value":"delete.projects"},{"name":"tag","value":"UI_Priority_Item"},{"name":"resultFormat","value":"allure2"}],"parameters":[{"name":"Color","value":"rgb(22, 139, 184)"},{"name":"Priority","value":"2"}],"links":[],"hidden":false,"retry":false,"extra":{"severity":"normal","retries":[],"categories":[{"name":"Product defects","matchedStatuses":[],"flaky":false}],"history":{"statistic":{"failed":1,"broken":4,"skipped":0,"passed":6,"unknown":0,"total":11},"items":[{"uid":"353ff6d5124f1983","reportUrl":"https://BC-LT-02.github.io/GUI-Framework/619//#testresult/353ff6d5124f1983","status":"broken","statusDetails":"Error specifying the driver","time":{"start":1677587916713,"stop":1677587916714,"duration":1}},{"uid":"e58f5c4564bd55fa","reportUrl":"https://BC-LT-02.github.io/GUI-Framework/622//#testresult/e58f5c4564bd55fa","status":"passed","time":{"start":1677587610064,"stop":1677587614376,"duration":4312}},{"uid":"6b331864e10a5f49","reportUrl":"https://BC-LT-02.github.io/GUI-Framework/621//#testresult/6b331864e10a5f49","status":"passed","time":{"start":1677586088543,"stop":1677586092647,"duration":4104}},{"uid":"446bcb4aaeb42b4a","reportUrl":"https://BC-LT-02.github.io/GUI-Framework/621//#testresult/446bcb4aaeb42b4a","status":"passed","time":{"start":1677585617176,"stop":1677585621451,"duration":4275}},{"uid":"6dcc57bc72605d68","reportUrl":"https://BC-LT-02.github.io/GUI-Framework/621//#testresult/6dcc57bc72605d68","status":"passed","time":{"start":1677585283234,"stop":1677585287428,"duration":4194}},{"uid":"25c839d43a7032d4","reportUrl":"https://BC-LT-02.github.io/GUI-Framework/621//#testresult/25c839d43a7032d4","status":"passed","time":{"start":1677584883868,"stop":1677584886935,"duration":3067}},{"uid":"4c283542cab24323","reportUrl":"https://BC-LT-02.github.io/GUI-Framework/620//#testresult/4c283542cab24323","status":"passed","time":{"start":1677584239743,"stop":1677584242739,"duration":2996}},{"uid":"e9ef704d76d0d131","reportUrl":"https://BC-LT-02.github.io/GUI-Framework/619//#testresult/e9ef704d76d0d131","status":"broken","statusDetails":"Error specifying the driver","time":{"start":1677571324619,"stop":1677571324620,"duration":1}},{"uid":"3053ec843e748542","reportUrl":"https://BC-LT-02.github.io/GUI-Framework/618//#testresult/3053ec843e748542","status":"broken","statusDetails":"Error specifying the driver","time":{"start":1677570847784,"stop":1677570847785,"duration":1}},{"uid":"21247da1693f3317","reportUrl":"https://BC-LT-02.github.io/GUI-Framework/618//#testresult/21247da1693f3317","status":"broken","statusDetails":"Error specifying the driver","time":{"start":1677570660855,"stop":1677570660856,"duration":1}}]},"tags":["create.project.Kids","UI_Priority_Item","Regression","create.item.EatLunch","Smoke","delete.projects"]},"source":"106ad1a686d275bd.json","parameterValues":["rgb(22, 139, 184)","2"]}