{"uid":"2472c8d393bb3f03","name":"Postpone the Due Date of an item succesfully","fullName":"Postpone the Due Date of an item succesfully","historyId":"Postpone the Due Date of an item succesfully-1954856252","time":{"start":1677605100614,"stop":1677605164107,"duration":63493},"status":"failed","statusMessage":"Timed out after 30 seconds -> no such element: Unable to locate element: {\"method\":\"xpath\",\"selector\":\"//div[@id='ProjectListPlaceHolder']//td[text()='NotImportant']\"}\n  (Session info: chrome=109.0.5414.119)","statusTrace":"OpenQA.Selenium.WebDriverTimeoutException: Timed out after 30 seconds\n ---> OpenQA.Selenium.NoSuchElementException: no such element: Unable to locate element: {\"method\":\"xpath\",\"selector\":\"//div[@id='ProjectListPlaceHolder']//td[text()='NotImportant']\"}\n  (Session info: chrome=109.0.5414.119)\n   at OpenQA.Selenium.WebDriver.UnpackAndThrowOnError(Response errorResponse, String commandToExecute)\n   at OpenQA.Selenium.WebDriver.Execute(String driverCommandToExecute, Dictionary`2 parameters)\n   at OpenQA.Selenium.WebDriver.FindElement(String mechanism, String value)\n   at OpenQA.Selenium.By.<.ctor>b__11_0(ISearchContext context)\n   at OpenQA.Selenium.By.FindElement(ISearchContext context)\n   at OpenQA.Selenium.WebDriver.FindElement(By by)\n   at SeleniumExtras.WaitHelpers.ExpectedConditions.<>c__DisplayClass6_0.<ElementExists>b__0(IWebDriver driver)\n   at OpenQA.Selenium.Support.UI.DefaultWait`1.Until[TResult](Func`2 condition, CancellationToken token)\n   --- End of inner exception stack trace ---\n   at OpenQA.Selenium.Support.UI.DefaultWait`1.ThrowTimeoutException(String exceptionMessage, Exception lastException)\n   at OpenQA.Selenium.Support.UI.DefaultWait`1.Until[TResult](Func`2 condition, CancellationToken token)\n   at OpenQA.Selenium.Support.UI.DefaultWait`1.Until[TResult](Func`2 condition)\n   at Todoly.Core.UIElements.Web.BaseWebElement.get_WebElement() in /home/runner/work/GUI-Framework/GUI-Framework/1.Core/UIElements/Web/BaseWebElement.cs:line 37\n   at Todoly.Core.UIElements.Web.Button.Click() in /home/runner/work/GUI-Framework/GUI-Framework/1.Core/UIElements/Web/Button.cs:line 17\n   at Todoly.Tests.UI.Steps.Commons.CommonSteps.Click(String elementName, String locatorArgument, String viewName) in /home/runner/work/GUI-Framework/GUI-Framework/3.Tests/UI/StepDefinitions/CommonStepDefinition.cs:line 69\n   at TechTalk.SpecFlow.Bindings.BindingInvoker.InvokeBinding(IBinding binding, IContextManager contextManager, Object[] arguments, ITestTracer testTracer, TimeSpan& duration)\n   at Allure.SpecFlowPlugin.AllureBindingInvoker.InvokeBinding(IBinding binding, IContextManager contextManager, Object[] arguments, ITestTracer testTracer, TimeSpan& duration)\n   at TechTalk.SpecFlow.Infrastructure.TestExecutionEngine.ExecuteStepMatch(BindingMatch match, Object[] arguments, TimeSpan& duration)\n   at TechTalk.SpecFlow.Infrastructure.TestExecutionEngine.ExecuteStep(IContextManager contextManager, StepInstance stepInstance)","flaky":false,"newFailed":true,"newBroken":false,"newPassed":false,"retriesCount":0,"retriesStatusChange":false,"beforeStages":[{"name":"CreateProject [1]","time":{"start":1677605100116,"stop":1677605100511,"duration":395},"status":"passed","steps":[],"attachments":[],"parameters":[],"stepsCount":0,"attachmentsCount":0,"shouldDisplayMessage":false,"hasContent":false},{"name":"CreateAnItem [2]","time":{"start":1677605100511,"stop":1677605100614,"duration":103},"status":"passed","steps":[],"attachments":[],"parameters":[],"stepsCount":0,"attachmentsCount":0,"shouldDisplayMessage":false,"hasContent":false}],"testStage":{"status":"failed","statusMessage":"Timed out after 30 seconds -> no such element: Unable to locate element: {\"method\":\"xpath\",\"selector\":\"//div[@id='ProjectListPlaceHolder']//td[text()='NotImportant']\"}\n  (Session info: chrome=109.0.5414.119)","statusTrace":"OpenQA.Selenium.WebDriverTimeoutException: Timed out after 30 seconds\n ---> OpenQA.Selenium.NoSuchElementException: no such element: Unable to locate element: {\"method\":\"xpath\",\"selector\":\"//div[@id='ProjectListPlaceHolder']//td[text()='NotImportant']\"}\n  (Session info: chrome=109.0.5414.119)\n   at OpenQA.Selenium.WebDriver.UnpackAndThrowOnError(Response errorResponse, String commandToExecute)\n   at OpenQA.Selenium.WebDriver.Execute(String driverCommandToExecute, Dictionary`2 parameters)\n   at OpenQA.Selenium.WebDriver.FindElement(String mechanism, String value)\n   at OpenQA.Selenium.By.<.ctor>b__11_0(ISearchContext context)\n   at OpenQA.Selenium.By.FindElement(ISearchContext context)\n   at OpenQA.Selenium.WebDriver.FindElement(By by)\n   at SeleniumExtras.WaitHelpers.ExpectedConditions.<>c__DisplayClass6_0.<ElementExists>b__0(IWebDriver driver)\n   at OpenQA.Selenium.Support.UI.DefaultWait`1.Until[TResult](Func`2 condition, CancellationToken token)\n   --- End of inner exception stack trace ---\n   at OpenQA.Selenium.Support.UI.DefaultWait`1.ThrowTimeoutException(String exceptionMessage, Exception lastException)\n   at OpenQA.Selenium.Support.UI.DefaultWait`1.Until[TResult](Func`2 condition, CancellationToken token)\n   at OpenQA.Selenium.Support.UI.DefaultWait`1.Until[TResult](Func`2 condition)\n   at Todoly.Core.UIElements.Web.BaseWebElement.get_WebElement() in /home/runner/work/GUI-Framework/GUI-Framework/1.Core/UIElements/Web/BaseWebElement.cs:line 37\n   at Todoly.Core.UIElements.Web.Button.Click() in /home/runner/work/GUI-Framework/GUI-Framework/1.Core/UIElements/Web/Button.cs:line 17\n   at Todoly.Tests.UI.Steps.Commons.CommonSteps.Click(String elementName, String locatorArgument, String viewName) in /home/runner/work/GUI-Framework/GUI-Framework/3.Tests/UI/StepDefinitions/CommonStepDefinition.cs:line 69\n   at TechTalk.SpecFlow.Bindings.BindingInvoker.InvokeBinding(IBinding binding, IContextManager contextManager, Object[] arguments, ITestTracer testTracer, TimeSpan& duration)\n   at Allure.SpecFlowPlugin.AllureBindingInvoker.InvokeBinding(IBinding binding, IContextManager contextManager, Object[] arguments, ITestTracer testTracer, TimeSpan& duration)\n   at TechTalk.SpecFlow.Infrastructure.TestExecutionEngine.ExecuteStepMatch(BindingMatch match, Object[] arguments, TimeSpan& duration)\n   at TechTalk.SpecFlow.Infrastructure.TestExecutionEngine.ExecuteStep(IContextManager contextManager, StepInstance stepInstance)","steps":[{"name":"Given  the user is logged in","time":{"start":1677605100614,"stop":1677605103904,"duration":3290},"status":"passed","steps":[],"attachments":[],"parameters":[],"stepsCount":0,"attachmentsCount":0,"shouldDisplayMessage":false,"hasContent":false},{"name":"When  the user clicks on 'Project Button' <NotImportant> at 'Project Component'","time":{"start":1677605103904,"stop":1677605163993,"duration":60089},"status":"failed","steps":[],"attachments":[],"parameters":[],"stepsCount":0,"attachmentsCount":0,"shouldDisplayMessage":false,"hasContent":false},{"name":"And  the user hovers on \"Get Item\" <Clean> at 'Items Component'","time":{"start":1677605164102,"stop":1677605164104,"duration":2},"status":"skipped","steps":[],"attachments":[],"parameters":[],"stepsCount":0,"attachmentsCount":0,"shouldDisplayMessage":false,"hasContent":false},{"name":"And  the user clicks on 'Item DueDate' <Clean> at 'Items Component'","time":{"start":1677605164106,"stop":1677605164106,"duration":0},"status":"skipped","steps":[],"attachments":[],"parameters":[],"stepsCount":0,"attachmentsCount":0,"shouldDisplayMessage":false,"hasContent":false},{"name":"And  inputs \"20 Jun 12:00 PM\" as due date","time":{"start":1677605164106,"stop":1677605164106,"duration":0},"status":"skipped","steps":[],"attachments":[],"parameters":[],"stepsCount":0,"attachmentsCount":0,"shouldDisplayMessage":false,"hasContent":false},{"name":"And  clicks on 1 month \"Clean\"","time":{"start":1677605164106,"stop":1677605164106,"duration":0},"status":"skipped","steps":[],"attachments":[],"parameters":[],"stepsCount":0,"attachmentsCount":0,"shouldDisplayMessage":false,"hasContent":false},{"name":"Then  the \"Clean\" date-tag should be displayed as \"20 Jul 12:00 PM\"","time":{"start":1677605164106,"stop":1677605164106,"duration":0},"status":"skipped","steps":[],"attachments":[],"parameters":[],"stepsCount":0,"attachmentsCount":0,"shouldDisplayMessage":false,"hasContent":false}],"attachments":[{"uid":"d2ab8bc82101109b","name":"Failed test screenshot","source":"d2ab8bc82101109b.png","type":"application/png","size":56498}],"parameters":[],"stepsCount":7,"attachmentsCount":1,"shouldDisplayMessage":true,"hasContent":true},"afterStages":[{"name":"RemoveProjects [10000]","time":{"start":1677605164107,"stop":1677605165240,"duration":1133},"status":"passed","steps":[],"attachments":[],"parameters":[],"stepsCount":0,"attachmentsCount":0,"shouldDisplayMessage":false,"hasContent":false},{"name":"CaptureScreenshot [10000]","time":{"start":1677605165240,"stop":1677605165425,"duration":185},"status":"passed","steps":[],"attachments":[],"parameters":[],"stepsCount":0,"attachmentsCount":0,"shouldDisplayMessage":false,"hasContent":false},{"name":"SessionDisposal [10000]","time":{"start":1677605165425,"stop":1677605165425,"duration":0},"status":"passed","steps":[],"attachments":[],"parameters":[],"stepsCount":0,"attachmentsCount":0,"shouldDisplayMessage":false,"hasContent":false}],"labels":[{"name":"thread","value":"NonParallelWorker"},{"name":"host","value":"fv-az305-5"},{"name":"feature","value":"Item Due Date"},{"name":"tag","value":"Jorge"},{"name":"tag","value":"Smoke"},{"name":"tag","value":"Regression"},{"name":"tag","value":"create.project.NotImportant"},{"name":"tag","value":"delete.projects"},{"name":"tag","value":"create.item.Clean"},{"name":"tag","value":"Due_Date_Item"},{"name":"resultFormat","value":"allure2"}],"parameters":[{"name":"DateTag","value":"20 Jul 12:00 PM"},{"name":"Postpone","value":"1 month"}],"links":[],"hidden":false,"retry":false,"extra":{"severity":"normal","retries":[],"categories":[{"name":"Product defects","matchedStatuses":[],"flaky":false}],"history":{"statistic":{"failed":2,"broken":3,"skipped":0,"passed":8,"unknown":0,"total":13},"items":[{"uid":"4436f8b907ddbf44","reportUrl":"https://BC-LT-02.github.io/GUI-Framework/649//#testresult/4436f8b907ddbf44","status":"passed","time":{"start":1677605055769,"stop":1677605061821,"duration":6052}},{"uid":"5c1bb4d011570b34","reportUrl":"https://BC-LT-02.github.io/GUI-Framework/650//#testresult/5c1bb4d011570b34","status":"broken","statusDetails":"The type initializer for 'Todoly.Core.Helpers.ConfigModel' threw an exception. -> Key not found","time":{"start":1677605081863,"stop":1677605081864,"duration":1}},{"uid":"9ae8d2ba0e0c54ce","reportUrl":"https://BC-LT-02.github.io/GUI-Framework/651//#testresult/9ae8d2ba0e0c54ce","status":"passed","time":{"start":1677604568943,"stop":1677604573820,"duration":4877}},{"uid":"5f9fca26ceedca27","reportUrl":"https://BC-LT-02.github.io/GUI-Framework/649//#testresult/5f9fca26ceedca27","status":"passed","time":{"start":1677604455655,"stop":1677604460792,"duration":5137}},{"uid":"6d5553b1b2637727","reportUrl":"https://BC-LT-02.github.io/GUI-Framework/650//#testresult/6d5553b1b2637727","status":"broken","statusDetails":"The type initializer for 'Todoly.Core.Helpers.ConfigModel' threw an exception. -> Key not found","time":{"start":1677604199352,"stop":1677604199353,"duration":1}},{"uid":"86bc5b9726e4888a","reportUrl":"https://BC-LT-02.github.io/GUI-Framework/649//#testresult/86bc5b9726e4888a","status":"passed","time":{"start":1677603785749,"stop":1677603789885,"duration":4136}},{"uid":"497607c72d904a71","reportUrl":"https://BC-LT-02.github.io/GUI-Framework/649//#testresult/497607c72d904a71","status":"passed","time":{"start":1677603408597,"stop":1677603413679,"duration":5082}},{"uid":"c1f30394608b5b5c","reportUrl":"https://BC-LT-02.github.io/GUI-Framework/648//#testresult/c1f30394608b5b5c","status":"broken","statusDetails":"The type initializer for 'Todoly.Core.Helpers.ConfigModel' threw an exception. -> Key not found","time":{"start":1677603243922,"stop":1677603243923,"duration":1}},{"uid":"87b7043fe7c41333","reportUrl":"https://BC-LT-02.github.io/GUI-Framework/647//#testresult/87b7043fe7c41333","status":"passed","time":{"start":1677602664592,"stop":1677602670813,"duration":6221}},{"uid":"a9e0bc90fc231c8c","reportUrl":"https://BC-LT-02.github.io/GUI-Framework/644//#testresult/a9e0bc90fc231c8c","status":"passed","time":{"start":1677601751025,"stop":1677601755130,"duration":4105}},{"uid":"899dc03b89d2f7b3","reportUrl":"https://BC-LT-02.github.io/GUI-Framework/642//#testresult/899dc03b89d2f7b3","status":"passed","time":{"start":1677601047146,"stop":1677601052167,"duration":5021}},{"uid":"f956d7ff188c5d4f","reportUrl":"https://BC-LT-02.github.io/GUI-Framework/641//#testresult/f956d7ff188c5d4f","status":"failed","statusDetails":"Timed out after 30 seconds -> no such element: Unable to locate element: {\"method\":\"xpath\",\"selector\":\"//div[@id='ProjectListPlaceHolder']//td[text()='NotImportant']\"}\n  (Session info: chrome=109.0.5414.119)","time":{"start":1677600112985,"stop":1677600176960,"duration":63975}}]},"tags":["Regression","Due_Date_Item","Smoke","Jorge","create.item.Clean","create.project.NotImportant","delete.projects"]},"source":"2472c8d393bb3f03.json","parameterValues":["20 Jul 12:00 PM","1 month"]}