{"uid":"809cac62307272ed","name":"Create a new project","fullName":"Create a new project","historyId":"Create a new project","time":{"start":1677571326428,"stop":1677571326429,"duration":1},"status":"broken","statusMessage":"Error specifying the driver","statusTrace":"System.NotImplementedException: Error specifying the driver\n   at Todoly.Core.UIElements.Drivers.WebDriverFactory.GetDriver(String driverType) in /home/runner/work/GUI-Framework/GUI-Framework/1.Core/UIElements/Drivers/WebDriverFactory.cs:line 33\n   at Todoly.Core.UIElements.Drivers.GenericWebDriver.LoadDriver() in /home/runner/work/GUI-Framework/GUI-Framework/1.Core/UIElements/Drivers/GenericWebDriver.cs:line 29\n   at Todoly.Core.UIElements.Drivers.GenericWebDriver.get_Instance() in /home/runner/work/GUI-Framework/GUI-Framework/1.Core/UIElements/Drivers/GenericWebDriver.cs:line 11\n   at SeleniumTest.Tests.Hooks.Hooks.CaptureScreenshot() in /home/runner/work/GUI-Framework/GUI-Framework/3.Tests/UI/Hooks/Hooks.cs:line 133\n   at TechTalk.SpecFlow.Bindings.BindingInvoker.InvokeBinding(IBinding binding, IContextManager contextManager, Object[] arguments, ITestTracer testTracer, TimeSpan& duration)\n   at Allure.SpecFlowPlugin.AllureBindingInvoker.InvokeBinding(IBinding binding, IContextManager contextManager, Object[] arguments, ITestTracer testTracer, TimeSpan& duration)","flaky":false,"newFailed":false,"newBroken":false,"newPassed":false,"retriesCount":0,"retriesStatusChange":false,"beforeStages":[{"name":"CreateProject [1]","time":{"start":1677571326428,"stop":1677571326428,"duration":0},"status":"passed","steps":[],"attachments":[],"parameters":[],"stepsCount":0,"attachmentsCount":0,"shouldDisplayMessage":false,"hasContent":false},{"name":"CreateAnItem [2]","time":{"start":1677571326428,"stop":1677571326428,"duration":0},"status":"passed","steps":[],"attachments":[],"parameters":[],"stepsCount":0,"attachmentsCount":0,"shouldDisplayMessage":false,"hasContent":false}],"testStage":{"status":"broken","statusMessage":"Error specifying the driver","statusTrace":"System.NotImplementedException: Error specifying the driver\n   at Todoly.Core.UIElements.Drivers.WebDriverFactory.GetDriver(String driverType) in /home/runner/work/GUI-Framework/GUI-Framework/1.Core/UIElements/Drivers/WebDriverFactory.cs:line 33\n   at Todoly.Core.UIElements.Drivers.GenericWebDriver.LoadDriver() in /home/runner/work/GUI-Framework/GUI-Framework/1.Core/UIElements/Drivers/GenericWebDriver.cs:line 29\n   at Todoly.Core.UIElements.Drivers.GenericWebDriver.get_Instance() in /home/runner/work/GUI-Framework/GUI-Framework/1.Core/UIElements/Drivers/GenericWebDriver.cs:line 11\n   at SeleniumTest.Tests.Hooks.Hooks.CaptureScreenshot() in /home/runner/work/GUI-Framework/GUI-Framework/3.Tests/UI/Hooks/Hooks.cs:line 133\n   at TechTalk.SpecFlow.Bindings.BindingInvoker.InvokeBinding(IBinding binding, IContextManager contextManager, Object[] arguments, ITestTracer testTracer, TimeSpan& duration)\n   at Allure.SpecFlowPlugin.AllureBindingInvoker.InvokeBinding(IBinding binding, IContextManager contextManager, Object[] arguments, ITestTracer testTracer, TimeSpan& duration)","steps":[{"name":"Given  the user is logged in","time":{"start":1677571326428,"stop":1677571326428,"duration":0},"status":"failed","steps":[],"attachments":[],"parameters":[],"stepsCount":0,"attachmentsCount":0,"shouldDisplayMessage":false,"hasContent":false}],"attachments":[],"parameters":[],"stepsCount":1,"attachmentsCount":0,"shouldDisplayMessage":true,"hasContent":true},"afterStages":[{"name":"CaptureScreenshot [10000]","time":{"start":1677571326429,"stop":1677571326429,"duration":0},"status":"broken","steps":[],"attachments":[],"parameters":[],"stepsCount":0,"attachmentsCount":0,"shouldDisplayMessage":false,"hasContent":false}],"labels":[{"name":"thread","value":"NonParallelWorker"},{"name":"host","value":"fv-az741-19"},{"name":"feature","value":"Project Creation"},{"name":"tag","value":"Smoke"},{"name":"tag","value":"Regression"},{"name":"resultFormat","value":"allure2"}],"parameters":[],"links":[],"hidden":false,"retry":false,"extra":{"severity":"normal","retries":[],"categories":[{"name":"Test defects","matchedStatuses":[],"flaky":false}],"history":{"statistic":{"failed":0,"broken":3,"skipped":0,"passed":0,"unknown":0,"total":3},"items":[{"uid":"f6745150edd4eaa9","reportUrl":"https://BC-LT-02.github.io/GUI-Framework/618//#testresult/f6745150edd4eaa9","status":"broken","statusDetails":"Error specifying the driver","time":{"start":1677570849539,"stop":1677570849540,"duration":1}},{"uid":"aa38d33d63654596","reportUrl":"https://BC-LT-02.github.io/GUI-Framework/618//#testresult/aa38d33d63654596","status":"broken","statusDetails":"Error specifying the driver","time":{"start":1677570662612,"stop":1677570662613,"duration":1}}]},"tags":["Regression","Smoke"]},"source":"809cac62307272ed.json","parameterValues":[]}