{"uid":"9bb11928c945acc2","name":"Delete a project","fullName":"Delete a project","historyId":"Delete a project","time":{"start":1677571326617,"stop":1677571326618,"duration":1},"status":"broken","statusMessage":"Error specifying the driver","statusTrace":"System.NotImplementedException: Error specifying the driver\n   at Todoly.Core.UIElements.Drivers.WebDriverFactory.GetDriver(String driverType) in /home/runner/work/GUI-Framework/GUI-Framework/1.Core/UIElements/Drivers/WebDriverFactory.cs:line 33\n   at Todoly.Core.UIElements.Drivers.GenericWebDriver.LoadDriver() in /home/runner/work/GUI-Framework/GUI-Framework/1.Core/UIElements/Drivers/GenericWebDriver.cs:line 29\n   at Todoly.Core.UIElements.Drivers.GenericWebDriver.get_Instance() in /home/runner/work/GUI-Framework/GUI-Framework/1.Core/UIElements/Drivers/GenericWebDriver.cs:line 11\n   at SeleniumTest.Tests.Hooks.Hooks.CaptureScreenshot() in /home/runner/work/GUI-Framework/GUI-Framework/3.Tests/UI/Hooks/Hooks.cs:line 133\n   at TechTalk.SpecFlow.Bindings.BindingInvoker.InvokeBinding(IBinding binding, IContextManager contextManager, Object[] arguments, ITestTracer testTracer, TimeSpan& duration)\n   at Allure.SpecFlowPlugin.AllureBindingInvoker.InvokeBinding(IBinding binding, IContextManager contextManager, Object[] arguments, ITestTracer testTracer, TimeSpan& duration)","flaky":false,"newFailed":false,"newBroken":false,"newPassed":false,"retriesCount":0,"retriesStatusChange":false,"beforeStages":[{"name":"CreateProject [1]","time":{"start":1677571326430,"stop":1677571326617,"duration":187},"status":"passed","steps":[],"attachments":[],"parameters":[],"stepsCount":0,"attachmentsCount":0,"shouldDisplayMessage":false,"hasContent":false},{"name":"CreateAnItem [2]","time":{"start":1677571326617,"stop":1677571326617,"duration":0},"status":"passed","steps":[],"attachments":[],"parameters":[],"stepsCount":0,"attachmentsCount":0,"shouldDisplayMessage":false,"hasContent":false}],"testStage":{"status":"broken","statusMessage":"Error specifying the driver","statusTrace":"System.NotImplementedException: Error specifying the driver\n   at Todoly.Core.UIElements.Drivers.WebDriverFactory.GetDriver(String driverType) in /home/runner/work/GUI-Framework/GUI-Framework/1.Core/UIElements/Drivers/WebDriverFactory.cs:line 33\n   at Todoly.Core.UIElements.Drivers.GenericWebDriver.LoadDriver() in /home/runner/work/GUI-Framework/GUI-Framework/1.Core/UIElements/Drivers/GenericWebDriver.cs:line 29\n   at Todoly.Core.UIElements.Drivers.GenericWebDriver.get_Instance() in /home/runner/work/GUI-Framework/GUI-Framework/1.Core/UIElements/Drivers/GenericWebDriver.cs:line 11\n   at SeleniumTest.Tests.Hooks.Hooks.CaptureScreenshot() in /home/runner/work/GUI-Framework/GUI-Framework/3.Tests/UI/Hooks/Hooks.cs:line 133\n   at TechTalk.SpecFlow.Bindings.BindingInvoker.InvokeBinding(IBinding binding, IContextManager contextManager, Object[] arguments, ITestTracer testTracer, TimeSpan& duration)\n   at Allure.SpecFlowPlugin.AllureBindingInvoker.InvokeBinding(IBinding binding, IContextManager contextManager, Object[] arguments, ITestTracer testTracer, TimeSpan& duration)","steps":[{"name":"Given  the user is logged in","time":{"start":1677571326617,"stop":1677571326617,"duration":0},"status":"failed","steps":[],"attachments":[],"parameters":[],"stepsCount":0,"attachmentsCount":0,"shouldDisplayMessage":false,"hasContent":false}],"attachments":[],"parameters":[],"stepsCount":1,"attachmentsCount":0,"shouldDisplayMessage":true,"hasContent":true},"afterStages":[{"name":"CaptureScreenshot [10000]","time":{"start":1677571326618,"stop":1677571326618,"duration":0},"status":"broken","steps":[],"attachments":[],"parameters":[],"stepsCount":0,"attachmentsCount":0,"shouldDisplayMessage":false,"hasContent":false}],"labels":[{"name":"thread","value":"NonParallelWorker"},{"name":"host","value":"fv-az741-19"},{"name":"feature","value":"Project Deletion"},{"name":"tag","value":"Smoke"},{"name":"tag","value":"Regression"},{"name":"tag","value":"create.project.MyProject"},{"name":"resultFormat","value":"allure2"}],"parameters":[],"links":[],"hidden":false,"retry":false,"extra":{"severity":"normal","retries":[],"categories":[{"name":"Test defects","matchedStatuses":[],"flaky":false}],"history":{"statistic":{"failed":0,"broken":3,"skipped":0,"passed":0,"unknown":0,"total":3},"items":[{"uid":"3495593d47eae1f8","reportUrl":"https://BC-LT-02.github.io/GUI-Framework/618//#testresult/3495593d47eae1f8","status":"broken","statusDetails":"Error specifying the driver","time":{"start":1677570849725,"stop":1677570849726,"duration":1}},{"uid":"1d8f0dbc94da659a","reportUrl":"https://BC-LT-02.github.io/GUI-Framework/618//#testresult/1d8f0dbc94da659a","status":"broken","statusDetails":"Error specifying the driver","time":{"start":1677570662841,"stop":1677570662842,"duration":1}}]},"tags":["Regression","create.project.MyProject","Smoke"]},"source":"9bb11928c945acc2.json","parameterValues":[]}