{"uid":"5982f19d4eea4959","name":"Edit a project","fullName":"Edit a project","historyId":"Edit a project","time":{"start":1677609396433,"stop":1677609459565,"duration":63132},"status":"failed","statusMessage":"Timed out after 30 seconds -> no such element: Unable to locate element: {\"method\":\"xpath\",\"selector\":\"//div[@id='ProjectListPlaceHolder']//td[text()='MyProject']\"}\n  (Session info: chrome=109.0.5414.119)","statusTrace":"OpenQA.Selenium.WebDriverTimeoutException: Timed out after 30 seconds\n ---> OpenQA.Selenium.NoSuchElementException: no such element: Unable to locate element: {\"method\":\"xpath\",\"selector\":\"//div[@id='ProjectListPlaceHolder']//td[text()='MyProject']\"}\n  (Session info: chrome=109.0.5414.119)\n   at OpenQA.Selenium.WebDriver.UnpackAndThrowOnError(Response errorResponse, String commandToExecute)\n   at OpenQA.Selenium.WebDriver.Execute(String driverCommandToExecute, Dictionary`2 parameters)\n   at OpenQA.Selenium.WebDriver.FindElement(String mechanism, String value)\n   at OpenQA.Selenium.By.<.ctor>b__11_0(ISearchContext context)\n   at OpenQA.Selenium.By.FindElement(ISearchContext context)\n   at OpenQA.Selenium.WebDriver.FindElement(By by)\n   at SeleniumExtras.WaitHelpers.ExpectedConditions.<>c__DisplayClass6_0.<ElementExists>b__0(IWebDriver driver)\n   at OpenQA.Selenium.Support.UI.DefaultWait`1.Until[TResult](Func`2 condition, CancellationToken token)\n   --- End of inner exception stack trace ---\n   at OpenQA.Selenium.Support.UI.DefaultWait`1.ThrowTimeoutException(String exceptionMessage, Exception lastException)\n   at OpenQA.Selenium.Support.UI.DefaultWait`1.Until[TResult](Func`2 condition, CancellationToken token)\n   at OpenQA.Selenium.Support.UI.DefaultWait`1.Until[TResult](Func`2 condition)\n   at Todoly.Core.UIElements.Web.BaseWebElement.get_WebElement() in /home/runner/work/GUI-Framework/GUI-Framework/1.Core/UIElements/Web/BaseWebElement.cs:line 37\n   at Todoly.Tests.UI.Steps.Commons.CommonSteps.OpenContextMenu(String locatorArgument, String viewName) in /home/runner/work/GUI-Framework/GUI-Framework/3.Tests/UI/StepDefinitions/CommonStepDefinition.cs:line 111\n   at TechTalk.SpecFlow.Bindings.BindingInvoker.InvokeBinding(IBinding binding, IContextManager contextManager, Object[] arguments, ITestTracer testTracer, TimeSpan& duration)\n   at Allure.SpecFlowPlugin.AllureBindingInvoker.InvokeBinding(IBinding binding, IContextManager contextManager, Object[] arguments, ITestTracer testTracer, TimeSpan& duration)\n   at TechTalk.SpecFlow.Infrastructure.TestExecutionEngine.ExecuteStepMatch(BindingMatch match, Object[] arguments, TimeSpan& duration)\n   at TechTalk.SpecFlow.Infrastructure.TestExecutionEngine.ExecuteStep(IContextManager contextManager, StepInstance stepInstance)","flaky":false,"newFailed":true,"newBroken":false,"newPassed":false,"retriesCount":0,"retriesStatusChange":false,"beforeStages":[{"name":"CreateProject [1]","time":{"start":1677609396154,"stop":1677609396433,"duration":279},"status":"passed","steps":[],"attachments":[],"parameters":[],"stepsCount":0,"attachmentsCount":0,"shouldDisplayMessage":false,"hasContent":false},{"name":"CreateAnItem [2]","time":{"start":1677609396433,"stop":1677609396433,"duration":0},"status":"passed","steps":[],"attachments":[],"parameters":[],"stepsCount":0,"attachmentsCount":0,"shouldDisplayMessage":false,"hasContent":false}],"testStage":{"status":"failed","statusMessage":"Timed out after 30 seconds -> no such element: Unable to locate element: {\"method\":\"xpath\",\"selector\":\"//div[@id='ProjectListPlaceHolder']//td[text()='MyProject']\"}\n  (Session info: chrome=109.0.5414.119)","statusTrace":"OpenQA.Selenium.WebDriverTimeoutException: Timed out after 30 seconds\n ---> OpenQA.Selenium.NoSuchElementException: no such element: Unable to locate element: {\"method\":\"xpath\",\"selector\":\"//div[@id='ProjectListPlaceHolder']//td[text()='MyProject']\"}\n  (Session info: chrome=109.0.5414.119)\n   at OpenQA.Selenium.WebDriver.UnpackAndThrowOnError(Response errorResponse, String commandToExecute)\n   at OpenQA.Selenium.WebDriver.Execute(String driverCommandToExecute, Dictionary`2 parameters)\n   at OpenQA.Selenium.WebDriver.FindElement(String mechanism, String value)\n   at OpenQA.Selenium.By.<.ctor>b__11_0(ISearchContext context)\n   at OpenQA.Selenium.By.FindElement(ISearchContext context)\n   at OpenQA.Selenium.WebDriver.FindElement(By by)\n   at SeleniumExtras.WaitHelpers.ExpectedConditions.<>c__DisplayClass6_0.<ElementExists>b__0(IWebDriver driver)\n   at OpenQA.Selenium.Support.UI.DefaultWait`1.Until[TResult](Func`2 condition, CancellationToken token)\n   --- End of inner exception stack trace ---\n   at OpenQA.Selenium.Support.UI.DefaultWait`1.ThrowTimeoutException(String exceptionMessage, Exception lastException)\n   at OpenQA.Selenium.Support.UI.DefaultWait`1.Until[TResult](Func`2 condition, CancellationToken token)\n   at OpenQA.Selenium.Support.UI.DefaultWait`1.Until[TResult](Func`2 condition)\n   at Todoly.Core.UIElements.Web.BaseWebElement.get_WebElement() in /home/runner/work/GUI-Framework/GUI-Framework/1.Core/UIElements/Web/BaseWebElement.cs:line 37\n   at Todoly.Tests.UI.Steps.Commons.CommonSteps.OpenContextMenu(String locatorArgument, String viewName) in /home/runner/work/GUI-Framework/GUI-Framework/3.Tests/UI/StepDefinitions/CommonStepDefinition.cs:line 111\n   at TechTalk.SpecFlow.Bindings.BindingInvoker.InvokeBinding(IBinding binding, IContextManager contextManager, Object[] arguments, ITestTracer testTracer, TimeSpan& duration)\n   at Allure.SpecFlowPlugin.AllureBindingInvoker.InvokeBinding(IBinding binding, IContextManager contextManager, Object[] arguments, ITestTracer testTracer, TimeSpan& duration)\n   at TechTalk.SpecFlow.Infrastructure.TestExecutionEngine.ExecuteStepMatch(BindingMatch match, Object[] arguments, TimeSpan& duration)\n   at TechTalk.SpecFlow.Infrastructure.TestExecutionEngine.ExecuteStep(IContextManager contextManager, StepInstance stepInstance)","steps":[{"name":"Given  the user is logged in","time":{"start":1677609396434,"stop":1677609399402,"duration":2968},"status":"passed","steps":[],"attachments":[],"parameters":[],"stepsCount":0,"attachmentsCount":0,"shouldDisplayMessage":false,"hasContent":false},{"name":"When  the user opens the Project Context Menu on <MyProject> at 'Project Component'","time":{"start":1677609399402,"stop":1677609459462,"duration":60060},"status":"failed","steps":[],"attachments":[],"parameters":[],"stepsCount":0,"attachmentsCount":0,"shouldDisplayMessage":false,"hasContent":false},{"name":"And  clicks on 'Edit' on the Project Context Menu","time":{"start":1677609459564,"stop":1677609459564,"duration":0},"status":"skipped","steps":[],"attachments":[],"parameters":[],"stepsCount":0,"attachmentsCount":0,"shouldDisplayMessage":false,"hasContent":false},{"name":"And  types \"My New Project Name\" on 'Edit Project Input'","time":{"start":1677609459564,"stop":1677609459564,"duration":0},"status":"skipped","steps":[],"attachments":[],"parameters":[],"stepsCount":0,"attachmentsCount":0,"shouldDisplayMessage":false,"hasContent":false},{"name":"And  clicks on 'Save Edit Project'","time":{"start":1677609459564,"stop":1677609459564,"duration":0},"status":"skipped","steps":[],"attachments":[],"parameters":[],"stepsCount":0,"attachmentsCount":0,"shouldDisplayMessage":false,"hasContent":false},{"name":"Then  the 'Project Button' <My New Project Name> should be displayed","time":{"start":1677609459564,"stop":1677609459564,"duration":0},"status":"skipped","steps":[],"attachments":[],"parameters":[],"stepsCount":0,"attachmentsCount":0,"shouldDisplayMessage":false,"hasContent":false}],"attachments":[{"uid":"ee39dc3da1c0c840","name":"Failed test screenshot","source":"ee39dc3da1c0c840.png","type":"application/png","size":56606}],"parameters":[],"stepsCount":6,"attachmentsCount":1,"shouldDisplayMessage":true,"hasContent":true},"afterStages":[{"name":"CaptureScreenshot [10000]","time":{"start":1677609459565,"stop":1677609459754,"duration":189},"status":"passed","steps":[],"attachments":[],"parameters":[],"stepsCount":0,"attachmentsCount":0,"shouldDisplayMessage":false,"hasContent":false},{"name":"SessionDisposal [10000]","time":{"start":1677609459754,"stop":1677609459754,"duration":0},"status":"passed","steps":[],"attachments":[],"parameters":[],"stepsCount":0,"attachmentsCount":0,"shouldDisplayMessage":false,"hasContent":false}],"labels":[{"name":"thread","value":"NonParallelWorker"},{"name":"host","value":"fv-az206-475"},{"name":"feature","value":"Project Update"},{"name":"tag","value":"Regression"},{"name":"tag","value":"create.project.MyProject"},{"name":"resultFormat","value":"allure2"}],"parameters":[],"links":[],"hidden":false,"retry":false,"extra":{"severity":"normal","retries":[],"categories":[{"name":"Product defects","matchedStatuses":[],"flaky":false}],"history":{"statistic":{"failed":1,"broken":7,"skipped":0,"passed":16,"unknown":0,"total":24},"items":[{"uid":"b8cbda37fde77673","reportUrl":"https://BC-LT-02.github.io/GUI-Framework/656//#testresult/b8cbda37fde77673","status":"passed","time":{"start":1677608782537,"stop":1677608786790,"duration":4253}},{"uid":"9737fff45469c3b2","reportUrl":"https://BC-LT-02.github.io/GUI-Framework/657//#testresult/9737fff45469c3b2","status":"broken","statusDetails":"Exception has been thrown by the target of an invocation. -> The type initializer for 'Todoly.Core.Helpers.ConfigModel' threw an exception. -> Key not found : BROWSERSTACK-USERNAME","time":{"start":1677608789890,"stop":1677608789892,"duration":2}},{"uid":"65b0d0c5adb62cdf","reportUrl":"https://BC-LT-02.github.io/GUI-Framework/4//#testresult/65b0d0c5adb62cdf","status":"passed","time":{"start":1677608137151,"stop":1677608140599,"duration":3448}},{"uid":"c426dffbd39c72e2","reportUrl":"https://BC-LT-02.github.io/GUI-Framework/655//#testresult/c426dffbd39c72e2","status":"passed","time":{"start":1677607689194,"stop":1677607693478,"duration":4284}},{"uid":"e43c1b30fe1509d1","reportUrl":"https://BC-LT-02.github.io/GUI-Framework/650//#testresult/e43c1b30fe1509d1","status":"broken","statusDetails":"Exception has been thrown by the target of an invocation. -> The type initializer for 'Todoly.Core.Helpers.ConfigModel' threw an exception. -> Key not found","time":{"start":1677607377990,"stop":1677607377992,"duration":2}},{"uid":"deb3171ebd3b9a50","reportUrl":"https://BC-LT-02.github.io/GUI-Framework/650//#testresult/deb3171ebd3b9a50","status":"broken","statusDetails":"Exception has been thrown by the target of an invocation. -> The type initializer for 'Todoly.Core.Helpers.ConfigModel' threw an exception. -> Key not found","time":{"start":1677607094063,"stop":1677607094064,"duration":1}},{"uid":"bfcc19626f28dfd1","reportUrl":"https://BC-LT-02.github.io/GUI-Framework/654//#testresult/bfcc19626f28dfd1","status":"passed","time":{"start":1677606342214,"stop":1677606346495,"duration":4281}},{"uid":"fa805aaabde331ec","reportUrl":"https://BC-LT-02.github.io/GUI-Framework/653//#testresult/fa805aaabde331ec","status":"passed","time":{"start":1677606011017,"stop":1677606014580,"duration":3563}},{"uid":"f13b062c91ca66c9","reportUrl":"https://BC-LT-02.github.io/GUI-Framework/652//#testresult/f13b062c91ca66c9","status":"passed","time":{"start":1677605355034,"stop":1677605359296,"duration":4262}},{"uid":"5b5bfb6090c1b657","reportUrl":"https://BC-LT-02.github.io/GUI-Framework/649//#testresult/5b5bfb6090c1b657","status":"passed","time":{"start":1677605246141,"stop":1677605250547,"duration":4406}},{"uid":"2c973c302e030d8e","reportUrl":"https://BC-LT-02.github.io/GUI-Framework/650//#testresult/2c973c302e030d8e","status":"broken","statusDetails":"Exception has been thrown by the target of an invocation. -> The type initializer for 'Todoly.Core.Helpers.ConfigModel' threw an exception. -> Key not found","time":{"start":1677605081922,"stop":1677605081923,"duration":1}},{"uid":"3c7f4f9c5a8ae38d","reportUrl":"https://BC-LT-02.github.io/GUI-Framework/651//#testresult/3c7f4f9c5a8ae38d","status":"passed","time":{"start":1677604672699,"stop":1677604676614,"duration":3915}},{"uid":"ea7c0fdd00e98e07","reportUrl":"https://BC-LT-02.github.io/GUI-Framework/650//#testresult/ea7c0fdd00e98e07","status":"broken","statusDetails":"Exception has been thrown by the target of an invocation. -> The type initializer for 'Todoly.Core.Helpers.ConfigModel' threw an exception. -> Key not found","time":{"start":1677604199487,"stop":1677604199488,"duration":1}},{"uid":"e73ab5dff92983fa","reportUrl":"https://BC-LT-02.github.io/GUI-Framework/649//#testresult/e73ab5dff92983fa","status":"passed","time":{"start":1677603881537,"stop":1677603884591,"duration":3054}},{"uid":"e105e6d2e5857a75","reportUrl":"https://BC-LT-02.github.io/GUI-Framework/649//#testresult/e105e6d2e5857a75","status":"passed","time":{"start":1677603517642,"stop":1677603521210,"duration":3568}},{"uid":"8bf2ffc95b09e334","reportUrl":"https://BC-LT-02.github.io/GUI-Framework/648//#testresult/8bf2ffc95b09e334","status":"broken","statusDetails":"Exception has been thrown by the target of an invocation. -> The type initializer for 'Todoly.Core.Helpers.ConfigModel' threw an exception. -> Key not found","time":{"start":1677603244064,"stop":1677603244065,"duration":1}},{"uid":"58942d73712f6544","reportUrl":"https://BC-LT-02.github.io/GUI-Framework/647//#testresult/58942d73712f6544","status":"passed","time":{"start":1677602794875,"stop":1677602799195,"duration":4320}},{"uid":"6f512b4061dc2114","reportUrl":"https://BC-LT-02.github.io/GUI-Framework/645//#testresult/6f512b4061dc2114","status":"broken","statusDetails":"Exception has been thrown by the target of an invocation. -> The type initializer for 'Todoly.Core.Helpers.ConfigModel' threw an exception. -> Key not found","time":{"start":1677602151092,"stop":1677602151093,"duration":1}},{"uid":"480a496e0045c086","reportUrl":"https://BC-LT-02.github.io/GUI-Framework/644//#testresult/480a496e0045c086","status":"passed","time":{"start":1677601849737,"stop":1677601852822,"duration":3085}},{"uid":"7083cffb0087e262","reportUrl":"https://BC-LT-02.github.io/GUI-Framework/642//#testresult/7083cffb0087e262","status":"passed","time":{"start":1677601207311,"stop":1677601210801,"duration":3490}}]},"tags":["Regression","create.project.MyProject"]},"source":"5982f19d4eea4959.json","parameterValues":[]}