{"uid":"981704ddc6b13509","name":"Logout off the site succesfully","fullName":"Logout off the site succesfully","historyId":"Logout off the site succesfully","time":{"start":1677609494896,"stop":1677609555660,"duration":60764},"status":"failed","statusMessage":"Timed out after 30 seconds -> no such element: Unable to locate element: {\"method\":\"css selector\",\"selector\":\"#ctl00_HeaderTopControl1_LinkButtonLogout\"}\n  (Session info: chrome=109.0.5414.119)","statusTrace":"OpenQA.Selenium.WebDriverTimeoutException: Timed out after 30 seconds\n ---> OpenQA.Selenium.NoSuchElementException: no such element: Unable to locate element: {\"method\":\"css selector\",\"selector\":\"#ctl00_HeaderTopControl1_LinkButtonLogout\"}\n  (Session info: chrome=109.0.5414.119)\n   at OpenQA.Selenium.WebDriver.UnpackAndThrowOnError(Response errorResponse, String commandToExecute)\n   at OpenQA.Selenium.WebDriver.Execute(String driverCommandToExecute, Dictionary`2 parameters)\n   at OpenQA.Selenium.WebDriver.FindElement(String mechanism, String value)\n   at OpenQA.Selenium.By.<.ctor>b__11_0(ISearchContext context)\n   at OpenQA.Selenium.By.FindElement(ISearchContext context)\n   at OpenQA.Selenium.WebDriver.FindElement(By by)\n   at SeleniumExtras.WaitHelpers.ExpectedConditions.<>c__DisplayClass6_0.<ElementExists>b__0(IWebDriver driver)\n   at OpenQA.Selenium.Support.UI.DefaultWait`1.Until[TResult](Func`2 condition, CancellationToken token)\n   --- End of inner exception stack trace ---\n   at OpenQA.Selenium.Support.UI.DefaultWait`1.ThrowTimeoutException(String exceptionMessage, Exception lastException)\n   at OpenQA.Selenium.Support.UI.DefaultWait`1.Until[TResult](Func`2 condition, CancellationToken token)\n   at OpenQA.Selenium.Support.UI.DefaultWait`1.Until[TResult](Func`2 condition)\n   at Todoly.Core.UIElements.Web.BaseWebElement.get_WebElement() in /home/runner/work/GUI-Framework/GUI-Framework/1.Core/UIElements/Web/BaseWebElement.cs:line 37\n   at Todoly.Core.UIElements.Web.Button.Click() in /home/runner/work/GUI-Framework/GUI-Framework/1.Core/UIElements/Web/Button.cs:line 17\n   at Todoly.Tests.UI.Steps.Commons.CommonSteps.Click(String elementName, String viewName) in /home/runner/work/GUI-Framework/GUI-Framework/3.Tests/UI/StepDefinitions/CommonStepDefinition.cs:line 58\n   at TechTalk.SpecFlow.Bindings.BindingInvoker.InvokeBinding(IBinding binding, IContextManager contextManager, Object[] arguments, ITestTracer testTracer, TimeSpan& duration)\n   at Allure.SpecFlowPlugin.AllureBindingInvoker.InvokeBinding(IBinding binding, IContextManager contextManager, Object[] arguments, ITestTracer testTracer, TimeSpan& duration)\n   at TechTalk.SpecFlow.Infrastructure.TestExecutionEngine.ExecuteStepMatch(BindingMatch match, Object[] arguments, TimeSpan& duration)\n   at TechTalk.SpecFlow.Infrastructure.TestExecutionEngine.ExecuteStep(IContextManager contextManager, StepInstance stepInstance)","flaky":false,"newFailed":true,"newBroken":false,"newPassed":false,"retriesCount":0,"retriesStatusChange":false,"beforeStages":[{"name":"CreateProject [1]","time":{"start":1677609494896,"stop":1677609494896,"duration":0},"status":"passed","steps":[],"attachments":[],"parameters":[],"stepsCount":0,"attachmentsCount":0,"shouldDisplayMessage":false,"hasContent":false},{"name":"CreateAnItem [2]","time":{"start":1677609494896,"stop":1677609494896,"duration":0},"status":"passed","steps":[],"attachments":[],"parameters":[],"stepsCount":0,"attachmentsCount":0,"shouldDisplayMessage":false,"hasContent":false}],"testStage":{"status":"failed","statusMessage":"Timed out after 30 seconds -> no such element: Unable to locate element: {\"method\":\"css selector\",\"selector\":\"#ctl00_HeaderTopControl1_LinkButtonLogout\"}\n  (Session info: chrome=109.0.5414.119)","statusTrace":"OpenQA.Selenium.WebDriverTimeoutException: Timed out after 30 seconds\n ---> OpenQA.Selenium.NoSuchElementException: no such element: Unable to locate element: {\"method\":\"css selector\",\"selector\":\"#ctl00_HeaderTopControl1_LinkButtonLogout\"}\n  (Session info: chrome=109.0.5414.119)\n   at OpenQA.Selenium.WebDriver.UnpackAndThrowOnError(Response errorResponse, String commandToExecute)\n   at OpenQA.Selenium.WebDriver.Execute(String driverCommandToExecute, Dictionary`2 parameters)\n   at OpenQA.Selenium.WebDriver.FindElement(String mechanism, String value)\n   at OpenQA.Selenium.By.<.ctor>b__11_0(ISearchContext context)\n   at OpenQA.Selenium.By.FindElement(ISearchContext context)\n   at OpenQA.Selenium.WebDriver.FindElement(By by)\n   at SeleniumExtras.WaitHelpers.ExpectedConditions.<>c__DisplayClass6_0.<ElementExists>b__0(IWebDriver driver)\n   at OpenQA.Selenium.Support.UI.DefaultWait`1.Until[TResult](Func`2 condition, CancellationToken token)\n   --- End of inner exception stack trace ---\n   at OpenQA.Selenium.Support.UI.DefaultWait`1.ThrowTimeoutException(String exceptionMessage, Exception lastException)\n   at OpenQA.Selenium.Support.UI.DefaultWait`1.Until[TResult](Func`2 condition, CancellationToken token)\n   at OpenQA.Selenium.Support.UI.DefaultWait`1.Until[TResult](Func`2 condition)\n   at Todoly.Core.UIElements.Web.BaseWebElement.get_WebElement() in /home/runner/work/GUI-Framework/GUI-Framework/1.Core/UIElements/Web/BaseWebElement.cs:line 37\n   at Todoly.Core.UIElements.Web.Button.Click() in /home/runner/work/GUI-Framework/GUI-Framework/1.Core/UIElements/Web/Button.cs:line 17\n   at Todoly.Tests.UI.Steps.Commons.CommonSteps.Click(String elementName, String viewName) in /home/runner/work/GUI-Framework/GUI-Framework/3.Tests/UI/StepDefinitions/CommonStepDefinition.cs:line 58\n   at TechTalk.SpecFlow.Bindings.BindingInvoker.InvokeBinding(IBinding binding, IContextManager contextManager, Object[] arguments, ITestTracer testTracer, TimeSpan& duration)\n   at Allure.SpecFlowPlugin.AllureBindingInvoker.InvokeBinding(IBinding binding, IContextManager contextManager, Object[] arguments, ITestTracer testTracer, TimeSpan& duration)\n   at TechTalk.SpecFlow.Infrastructure.TestExecutionEngine.ExecuteStepMatch(BindingMatch match, Object[] arguments, TimeSpan& duration)\n   at TechTalk.SpecFlow.Infrastructure.TestExecutionEngine.ExecuteStep(IContextManager contextManager, StepInstance stepInstance)","steps":[{"name":"When  the user clicks on 'Logout' at 'Home Page'","time":{"start":1677609494896,"stop":1677609555564,"duration":60668},"status":"failed","steps":[],"attachments":[],"parameters":[],"stepsCount":0,"attachmentsCount":0,"shouldDisplayMessage":false,"hasContent":false},{"name":"Then  the user should be logged out from the site","time":{"start":1677609555659,"stop":1677609555659,"duration":0},"status":"skipped","steps":[],"attachments":[],"parameters":[],"stepsCount":0,"attachmentsCount":0,"shouldDisplayMessage":false,"hasContent":false}],"attachments":[{"uid":"bfb6c4e042af1866","name":"Failed test screenshot","source":"bfb6c4e042af1866.png","type":"application/png","size":6591}],"parameters":[],"stepsCount":2,"attachmentsCount":1,"shouldDisplayMessage":true,"hasContent":true},"afterStages":[{"name":"CaptureScreenshot [10000]","time":{"start":1677609555660,"stop":1677609555841,"duration":181},"status":"passed","steps":[],"attachments":[],"parameters":[],"stepsCount":0,"attachmentsCount":0,"shouldDisplayMessage":false,"hasContent":false},{"name":"SessionDisposal [10000]","time":{"start":1677609555841,"stop":1677609555841,"duration":0},"status":"passed","steps":[],"attachments":[],"parameters":[],"stepsCount":0,"attachmentsCount":0,"shouldDisplayMessage":false,"hasContent":false}],"labels":[{"name":"thread","value":"NonParallelWorker"},{"name":"host","value":"fv-az206-475"},{"name":"feature","value":"User"},{"name":"tag","value":"Smoke"},{"name":"resultFormat","value":"allure2"}],"parameters":[],"links":[],"hidden":false,"retry":false,"extra":{"severity":"normal","retries":[],"categories":[{"name":"Product defects","matchedStatuses":[],"flaky":false}],"history":{"statistic":{"failed":2,"broken":7,"skipped":0,"passed":15,"unknown":0,"total":24},"items":[{"uid":"9f4b279d707013f","reportUrl":"https://BC-LT-02.github.io/GUI-Framework/656//#testresult/9f4b279d707013f","status":"passed","time":{"start":1677608827008,"stop":1677608830668,"duration":3660}},{"uid":"eba7c32a94953ca7","reportUrl":"https://BC-LT-02.github.io/GUI-Framework/657//#testresult/eba7c32a94953ca7","status":"broken","statusDetails":"Exception has been thrown by the target of an invocation. -> The type initializer for 'Todoly.Core.Helpers.ConfigModel' threw an exception. -> Key not found : BROWSERSTACK-USERNAME","time":{"start":1677608789946,"stop":1677608789947,"duration":1}},{"uid":"80174ca9f43df0f3","reportUrl":"https://BC-LT-02.github.io/GUI-Framework/4//#testresult/80174ca9f43df0f3","status":"passed","time":{"start":1677608170289,"stop":1677608172955,"duration":2666}},{"uid":"8a01152b39dfea34","reportUrl":"https://BC-LT-02.github.io/GUI-Framework/655//#testresult/8a01152b39dfea34","status":"passed","time":{"start":1677607733893,"stop":1677607737868,"duration":3975}},{"uid":"1148d6ae6f91db8d","reportUrl":"https://BC-LT-02.github.io/GUI-Framework/650//#testresult/1148d6ae6f91db8d","status":"broken","statusDetails":"Exception has been thrown by the target of an invocation. -> The type initializer for 'Todoly.Core.Helpers.ConfigModel' threw an exception. -> Key not found","time":{"start":1677607378038,"stop":1677607378039,"duration":1}},{"uid":"97ed1890bee31638","reportUrl":"https://BC-LT-02.github.io/GUI-Framework/650//#testresult/97ed1890bee31638","status":"broken","statusDetails":"Exception has been thrown by the target of an invocation. -> The type initializer for 'Todoly.Core.Helpers.ConfigModel' threw an exception. -> Key not found","time":{"start":1677607094134,"stop":1677607094136,"duration":2}},{"uid":"c10849e75c69dfc9","reportUrl":"https://BC-LT-02.github.io/GUI-Framework/654//#testresult/c10849e75c69dfc9","status":"passed","time":{"start":1677606385976,"stop":1677606389709,"duration":3733}},{"uid":"c5b679a189242bb7","reportUrl":"https://BC-LT-02.github.io/GUI-Framework/653//#testresult/c5b679a189242bb7","status":"passed","time":{"start":1677606047431,"stop":1677606050596,"duration":3165}},{"uid":"3675f9c807915204","reportUrl":"https://BC-LT-02.github.io/GUI-Framework/652//#testresult/3675f9c807915204","status":"passed","time":{"start":1677605398222,"stop":1677605401852,"duration":3630}},{"uid":"50e18d4ddd448a5c","reportUrl":"https://BC-LT-02.github.io/GUI-Framework/649//#testresult/50e18d4ddd448a5c","status":"passed","time":{"start":1677605291190,"stop":1677605295079,"duration":3889}},{"uid":"c37be6c8c5568c2c","reportUrl":"https://BC-LT-02.github.io/GUI-Framework/650//#testresult/c37be6c8c5568c2c","status":"broken","statusDetails":"Exception has been thrown by the target of an invocation. -> The type initializer for 'Todoly.Core.Helpers.ConfigModel' threw an exception. -> Key not found","time":{"start":1677605082028,"stop":1677605082029,"duration":1}},{"uid":"ac02283bd9203888","reportUrl":"https://BC-LT-02.github.io/GUI-Framework/651//#testresult/ac02283bd9203888","status":"failed","statusDetails":"Timed out after 30 seconds -> no such element: Unable to locate element: {\"method\":\"css selector\",\"selector\":\"#ctl00_HeaderTopControl1_LinkButtonLogout\"}\n  (Session info: chrome=109.0.5414.119)","time":{"start":1677604706834,"stop":1677604767936,"duration":61102}},{"uid":"93726545b886c207","reportUrl":"https://BC-LT-02.github.io/GUI-Framework/650//#testresult/93726545b886c207","status":"broken","statusDetails":"Exception has been thrown by the target of an invocation. -> The type initializer for 'Todoly.Core.Helpers.ConfigModel' threw an exception. -> Key not found","time":{"start":1677604199603,"stop":1677604199604,"duration":1}},{"uid":"8b7e3cb6a26ca0fe","reportUrl":"https://BC-LT-02.github.io/GUI-Framework/649//#testresult/8b7e3cb6a26ca0fe","status":"passed","time":{"start":1677603912421,"stop":1677603914842,"duration":2421}},{"uid":"25b5e06d06df783e","reportUrl":"https://BC-LT-02.github.io/GUI-Framework/649//#testresult/25b5e06d06df783e","status":"passed","time":{"start":1677603554010,"stop":1677603556988,"duration":2978}},{"uid":"578d5ca75d784d56","reportUrl":"https://BC-LT-02.github.io/GUI-Framework/648//#testresult/578d5ca75d784d56","status":"broken","statusDetails":"Exception has been thrown by the target of an invocation. -> The type initializer for 'Todoly.Core.Helpers.ConfigModel' threw an exception. -> Key not found","time":{"start":1677603244115,"stop":1677603244116,"duration":1}},{"uid":"185935caa5729a6a","reportUrl":"https://BC-LT-02.github.io/GUI-Framework/647//#testresult/185935caa5729a6a","status":"passed","time":{"start":1677602840115,"stop":1677602843989,"duration":3874}},{"uid":"1e0df58e2e578640","reportUrl":"https://BC-LT-02.github.io/GUI-Framework/645//#testresult/1e0df58e2e578640","status":"broken","statusDetails":"Exception has been thrown by the target of an invocation. -> The type initializer for 'Todoly.Core.Helpers.ConfigModel' threw an exception. -> Key not found","time":{"start":1677602151141,"stop":1677602151142,"duration":1}},{"uid":"8edd088593bd9fda","reportUrl":"https://BC-LT-02.github.io/GUI-Framework/644//#testresult/8edd088593bd9fda","status":"passed","time":{"start":1677601882730,"stop":1677601885262,"duration":2532}},{"uid":"f6e1e159e8ce77af","reportUrl":"https://BC-LT-02.github.io/GUI-Framework/642//#testresult/f6e1e159e8ce77af","status":"passed","time":{"start":1677601240976,"stop":1677601243568,"duration":2592}}]},"tags":["Smoke"]},"source":"981704ddc6b13509.json","parameterValues":[]}