{"uid":"b37b499f9036be76","name":"Change a project image","fullName":"Change a project image","historyId":"Change a project image","time":{"start":1677609332988,"stop":1677609395958,"duration":62970},"status":"failed","statusMessage":"Timed out after 30 seconds -> no such element: Unable to locate element: {\"method\":\"xpath\",\"selector\":\"//div[@id='ProjectListPlaceHolder']//td[text()='MyProject']\"}\n  (Session info: chrome=109.0.5414.119)","statusTrace":"OpenQA.Selenium.WebDriverTimeoutException: Timed out after 30 seconds\n ---> OpenQA.Selenium.NoSuchElementException: no such element: Unable to locate element: {\"method\":\"xpath\",\"selector\":\"//div[@id='ProjectListPlaceHolder']//td[text()='MyProject']\"}\n  (Session info: chrome=109.0.5414.119)\n   at OpenQA.Selenium.WebDriver.UnpackAndThrowOnError(Response errorResponse, String commandToExecute)\n   at OpenQA.Selenium.WebDriver.Execute(String driverCommandToExecute, Dictionary`2 parameters)\n   at OpenQA.Selenium.WebDriver.FindElement(String mechanism, String value)\n   at OpenQA.Selenium.By.<.ctor>b__11_0(ISearchContext context)\n   at OpenQA.Selenium.By.FindElement(ISearchContext context)\n   at OpenQA.Selenium.WebDriver.FindElement(By by)\n   at SeleniumExtras.WaitHelpers.ExpectedConditions.<>c__DisplayClass6_0.<ElementExists>b__0(IWebDriver driver)\n   at OpenQA.Selenium.Support.UI.DefaultWait`1.Until[TResult](Func`2 condition, CancellationToken token)\n   --- End of inner exception stack trace ---\n   at OpenQA.Selenium.Support.UI.DefaultWait`1.ThrowTimeoutException(String exceptionMessage, Exception lastException)\n   at OpenQA.Selenium.Support.UI.DefaultWait`1.Until[TResult](Func`2 condition, CancellationToken token)\n   at OpenQA.Selenium.Support.UI.DefaultWait`1.Until[TResult](Func`2 condition)\n   at Todoly.Core.UIElements.Web.BaseWebElement.get_WebElement() in /home/runner/work/GUI-Framework/GUI-Framework/1.Core/UIElements/Web/BaseWebElement.cs:line 37\n   at Todoly.Tests.UI.Steps.Commons.CommonSteps.OpenContextMenu(String locatorArgument, String viewName) in /home/runner/work/GUI-Framework/GUI-Framework/3.Tests/UI/StepDefinitions/CommonStepDefinition.cs:line 111\n   at TechTalk.SpecFlow.Bindings.BindingInvoker.InvokeBinding(IBinding binding, IContextManager contextManager, Object[] arguments, ITestTracer testTracer, TimeSpan& duration)\n   at Allure.SpecFlowPlugin.AllureBindingInvoker.InvokeBinding(IBinding binding, IContextManager contextManager, Object[] arguments, ITestTracer testTracer, TimeSpan& duration)\n   at TechTalk.SpecFlow.Infrastructure.TestExecutionEngine.ExecuteStepMatch(BindingMatch match, Object[] arguments, TimeSpan& duration)\n   at TechTalk.SpecFlow.Infrastructure.TestExecutionEngine.ExecuteStep(IContextManager contextManager, StepInstance stepInstance)","flaky":false,"newFailed":true,"newBroken":false,"newPassed":false,"retriesCount":0,"retriesStatusChange":false,"beforeStages":[{"name":"CreateProject [1]","time":{"start":1677609332681,"stop":1677609332988,"duration":307},"status":"passed","steps":[],"attachments":[],"parameters":[],"stepsCount":0,"attachmentsCount":0,"shouldDisplayMessage":false,"hasContent":false},{"name":"CreateAnItem [2]","time":{"start":1677609332988,"stop":1677609332988,"duration":0},"status":"passed","steps":[],"attachments":[],"parameters":[],"stepsCount":0,"attachmentsCount":0,"shouldDisplayMessage":false,"hasContent":false}],"testStage":{"status":"failed","statusMessage":"Timed out after 30 seconds -> no such element: Unable to locate element: {\"method\":\"xpath\",\"selector\":\"//div[@id='ProjectListPlaceHolder']//td[text()='MyProject']\"}\n  (Session info: chrome=109.0.5414.119)","statusTrace":"OpenQA.Selenium.WebDriverTimeoutException: Timed out after 30 seconds\n ---> OpenQA.Selenium.NoSuchElementException: no such element: Unable to locate element: {\"method\":\"xpath\",\"selector\":\"//div[@id='ProjectListPlaceHolder']//td[text()='MyProject']\"}\n  (Session info: chrome=109.0.5414.119)\n   at OpenQA.Selenium.WebDriver.UnpackAndThrowOnError(Response errorResponse, String commandToExecute)\n   at OpenQA.Selenium.WebDriver.Execute(String driverCommandToExecute, Dictionary`2 parameters)\n   at OpenQA.Selenium.WebDriver.FindElement(String mechanism, String value)\n   at OpenQA.Selenium.By.<.ctor>b__11_0(ISearchContext context)\n   at OpenQA.Selenium.By.FindElement(ISearchContext context)\n   at OpenQA.Selenium.WebDriver.FindElement(By by)\n   at SeleniumExtras.WaitHelpers.ExpectedConditions.<>c__DisplayClass6_0.<ElementExists>b__0(IWebDriver driver)\n   at OpenQA.Selenium.Support.UI.DefaultWait`1.Until[TResult](Func`2 condition, CancellationToken token)\n   --- End of inner exception stack trace ---\n   at OpenQA.Selenium.Support.UI.DefaultWait`1.ThrowTimeoutException(String exceptionMessage, Exception lastException)\n   at OpenQA.Selenium.Support.UI.DefaultWait`1.Until[TResult](Func`2 condition, CancellationToken token)\n   at OpenQA.Selenium.Support.UI.DefaultWait`1.Until[TResult](Func`2 condition)\n   at Todoly.Core.UIElements.Web.BaseWebElement.get_WebElement() in /home/runner/work/GUI-Framework/GUI-Framework/1.Core/UIElements/Web/BaseWebElement.cs:line 37\n   at Todoly.Tests.UI.Steps.Commons.CommonSteps.OpenContextMenu(String locatorArgument, String viewName) in /home/runner/work/GUI-Framework/GUI-Framework/3.Tests/UI/StepDefinitions/CommonStepDefinition.cs:line 111\n   at TechTalk.SpecFlow.Bindings.BindingInvoker.InvokeBinding(IBinding binding, IContextManager contextManager, Object[] arguments, ITestTracer testTracer, TimeSpan& duration)\n   at Allure.SpecFlowPlugin.AllureBindingInvoker.InvokeBinding(IBinding binding, IContextManager contextManager, Object[] arguments, ITestTracer testTracer, TimeSpan& duration)\n   at TechTalk.SpecFlow.Infrastructure.TestExecutionEngine.ExecuteStepMatch(BindingMatch match, Object[] arguments, TimeSpan& duration)\n   at TechTalk.SpecFlow.Infrastructure.TestExecutionEngine.ExecuteStep(IContextManager contextManager, StepInstance stepInstance)","steps":[{"name":"Given  the user is logged in","time":{"start":1677609332988,"stop":1677609335747,"duration":2759},"status":"passed","steps":[],"attachments":[],"parameters":[],"stepsCount":0,"attachmentsCount":0,"shouldDisplayMessage":false,"hasContent":false},{"name":"When  the user opens the Project Context Menu on <MyProject> at 'Project Component'","time":{"start":1677609335747,"stop":1677609395847,"duration":60100},"status":"failed","steps":[],"attachments":[],"parameters":[],"stepsCount":0,"attachmentsCount":0,"shouldDisplayMessage":false,"hasContent":false},{"name":"And  clicks on 'Shopping Bag Image'","time":{"start":1677609395953,"stop":1677609395954,"duration":1},"status":"skipped","steps":[],"attachments":[],"parameters":[],"stepsCount":0,"attachmentsCount":0,"shouldDisplayMessage":false,"hasContent":false},{"name":"Then  the 'Project With Shopping Bag Image' should be displayed","time":{"start":1677609395957,"stop":1677609395958,"duration":1},"status":"skipped","steps":[],"attachments":[],"parameters":[],"stepsCount":0,"attachmentsCount":0,"shouldDisplayMessage":false,"hasContent":false}],"attachments":[{"uid":"1935278d47ea56ad","name":"Failed test screenshot","source":"1935278d47ea56ad.png","type":"application/png","size":56882}],"parameters":[],"stepsCount":4,"attachmentsCount":1,"shouldDisplayMessage":true,"hasContent":true},"afterStages":[{"name":"CaptureScreenshot [10000]","time":{"start":1677609395958,"stop":1677609396145,"duration":187},"status":"passed","steps":[],"attachments":[],"parameters":[],"stepsCount":0,"attachmentsCount":0,"shouldDisplayMessage":false,"hasContent":false},{"name":"SessionDisposal [10000]","time":{"start":1677609396145,"stop":1677609396145,"duration":0},"status":"passed","steps":[],"attachments":[],"parameters":[],"stepsCount":0,"attachmentsCount":0,"shouldDisplayMessage":false,"hasContent":false}],"labels":[{"name":"thread","value":"NonParallelWorker"},{"name":"host","value":"fv-az206-475"},{"name":"feature","value":"Project Image Selection"},{"name":"tag","value":"Regression"},{"name":"tag","value":"create.project.MyProject"},{"name":"resultFormat","value":"allure2"}],"parameters":[],"links":[],"hidden":false,"retry":false,"extra":{"severity":"normal","retries":[],"categories":[{"name":"Product defects","matchedStatuses":[],"flaky":false}],"history":{"statistic":{"failed":2,"broken":7,"skipped":0,"passed":15,"unknown":0,"total":24},"items":[{"uid":"aab54d424fdf08e2","reportUrl":"https://BC-LT-02.github.io/GUI-Framework/656//#testresult/aab54d424fdf08e2","status":"passed","time":{"start":1677608777889,"stop":1677608781966,"duration":4077}},{"uid":"1c0faaf8cc4110d5","reportUrl":"https://BC-LT-02.github.io/GUI-Framework/657//#testresult/1c0faaf8cc4110d5","status":"broken","statusDetails":"Exception has been thrown by the target of an invocation. -> The type initializer for 'Todoly.Core.Helpers.ConfigModel' threw an exception. -> Key not found : BROWSERSTACK-USERNAME","time":{"start":1677608789874,"stop":1677608789875,"duration":1}},{"uid":"fae76195e9fa6bfb","reportUrl":"https://BC-LT-02.github.io/GUI-Framework/4//#testresult/fae76195e9fa6bfb","status":"passed","time":{"start":1677608133956,"stop":1677608136902,"duration":2946}},{"uid":"b2f034a16c4ea99","reportUrl":"https://BC-LT-02.github.io/GUI-Framework/655//#testresult/b2f034a16c4ea99","status":"passed","time":{"start":1677607684578,"stop":1677607688666,"duration":4088}},{"uid":"587485016373b645","reportUrl":"https://BC-LT-02.github.io/GUI-Framework/650//#testresult/587485016373b645","status":"broken","statusDetails":"Exception has been thrown by the target of an invocation. -> The type initializer for 'Todoly.Core.Helpers.ConfigModel' threw an exception. -> Key not found","time":{"start":1677607377984,"stop":1677607377985,"duration":1}},{"uid":"a268e5270393590b","reportUrl":"https://BC-LT-02.github.io/GUI-Framework/650//#testresult/a268e5270393590b","status":"broken","statusDetails":"Exception has been thrown by the target of an invocation. -> The type initializer for 'Todoly.Core.Helpers.ConfigModel' threw an exception. -> Key not found","time":{"start":1677607094057,"stop":1677607094059,"duration":2}},{"uid":"4791f84b2e23777","reportUrl":"https://BC-LT-02.github.io/GUI-Framework/654//#testresult/4791f84b2e23777","status":"passed","time":{"start":1677606337658,"stop":1677606341655,"duration":3997}},{"uid":"9ca4461b59698b79","reportUrl":"https://BC-LT-02.github.io/GUI-Framework/653//#testresult/9ca4461b59698b79","status":"passed","time":{"start":1677606007344,"stop":1677606010569,"duration":3225}},{"uid":"1384f40323eb5b8c","reportUrl":"https://BC-LT-02.github.io/GUI-Framework/652//#testresult/1384f40323eb5b8c","status":"passed","time":{"start":1677605350634,"stop":1677605354535,"duration":3901}},{"uid":"3a90ee3b938fd111","reportUrl":"https://BC-LT-02.github.io/GUI-Framework/649//#testresult/3a90ee3b938fd111","status":"failed","statusDetails":"MoveToElement cannot move to a null element with no offset. (Parameter 'toElement')","time":{"start":1677605181704,"stop":1677605245407,"duration":63703}},{"uid":"6a4651699e4f2cd2","reportUrl":"https://BC-LT-02.github.io/GUI-Framework/650//#testresult/6a4651699e4f2cd2","status":"broken","statusDetails":"Exception has been thrown by the target of an invocation. -> The type initializer for 'Todoly.Core.Helpers.ConfigModel' threw an exception. -> Key not found","time":{"start":1677605081918,"stop":1677605081919,"duration":1}},{"uid":"4e5b154e271555c2","reportUrl":"https://BC-LT-02.github.io/GUI-Framework/651//#testresult/4e5b154e271555c2","status":"passed","time":{"start":1677604669122,"stop":1677604672402,"duration":3280}},{"uid":"c5189ca8ba3cbdc7","reportUrl":"https://BC-LT-02.github.io/GUI-Framework/650//#testresult/c5189ca8ba3cbdc7","status":"broken","statusDetails":"Exception has been thrown by the target of an invocation. -> The type initializer for 'Todoly.Core.Helpers.ConfigModel' threw an exception. -> Key not found","time":{"start":1677604199480,"stop":1677604199481,"duration":1}},{"uid":"af11ac164a64cfb0","reportUrl":"https://BC-LT-02.github.io/GUI-Framework/649//#testresult/af11ac164a64cfb0","status":"passed","time":{"start":1677603878478,"stop":1677603881203,"duration":2725}},{"uid":"fd1eadf502c2bc60","reportUrl":"https://BC-LT-02.github.io/GUI-Framework/649//#testresult/fd1eadf502c2bc60","status":"passed","time":{"start":1677603514055,"stop":1677603517200,"duration":3145}},{"uid":"cb1c1bd5e6eadffe","reportUrl":"https://BC-LT-02.github.io/GUI-Framework/648//#testresult/cb1c1bd5e6eadffe","status":"broken","statusDetails":"Exception has been thrown by the target of an invocation. -> The type initializer for 'Todoly.Core.Helpers.ConfigModel' threw an exception. -> Key not found","time":{"start":1677603244059,"stop":1677603244060,"duration":1}},{"uid":"70b6ae4ad8c8e8ea","reportUrl":"https://BC-LT-02.github.io/GUI-Framework/647//#testresult/70b6ae4ad8c8e8ea","status":"passed","time":{"start":1677602790274,"stop":1677602794339,"duration":4065}},{"uid":"e183b2a58239993d","reportUrl":"https://BC-LT-02.github.io/GUI-Framework/645//#testresult/e183b2a58239993d","status":"broken","statusDetails":"Exception has been thrown by the target of an invocation. -> The type initializer for 'Todoly.Core.Helpers.ConfigModel' threw an exception. -> Key not found","time":{"start":1677602151087,"stop":1677602151088,"duration":1}},{"uid":"5546a784826414f7","reportUrl":"https://BC-LT-02.github.io/GUI-Framework/644//#testresult/5546a784826414f7","status":"passed","time":{"start":1677601846609,"stop":1677601849446,"duration":2837}},{"uid":"11313458357ebcf7","reportUrl":"https://BC-LT-02.github.io/GUI-Framework/642//#testresult/11313458357ebcf7","status":"passed","time":{"start":1677601204092,"stop":1677601207015,"duration":2923}}]},"tags":["Regression","create.project.MyProject"]},"source":"b37b499f9036be76.json","parameterValues":[]}