{"uid":"ac02283bd9203888","name":"Logout off the site succesfully","fullName":"Logout off the site succesfully","historyId":"Logout off the site succesfully","time":{"start":1677604706834,"stop":1677604767936,"duration":61102},"status":"failed","statusMessage":"Timed out after 30 seconds -> no such element: Unable to locate element: {\"method\":\"css selector\",\"selector\":\"#ctl00_HeaderTopControl1_LinkButtonLogout\"}\n  (Session info: chrome=109.0.5414.119)","statusTrace":"OpenQA.Selenium.WebDriverTimeoutException: Timed out after 30 seconds\n ---> OpenQA.Selenium.NoSuchElementException: no such element: Unable to locate element: {\"method\":\"css selector\",\"selector\":\"#ctl00_HeaderTopControl1_LinkButtonLogout\"}\n  (Session info: chrome=109.0.5414.119)\n   at OpenQA.Selenium.WebDriver.UnpackAndThrowOnError(Response errorResponse, String commandToExecute)\n   at OpenQA.Selenium.WebDriver.Execute(String driverCommandToExecute, Dictionary`2 parameters)\n   at OpenQA.Selenium.WebDriver.FindElement(String mechanism, String value)\n   at OpenQA.Selenium.By.<.ctor>b__11_0(ISearchContext context)\n   at OpenQA.Selenium.By.FindElement(ISearchContext context)\n   at OpenQA.Selenium.WebDriver.FindElement(By by)\n   at SeleniumExtras.WaitHelpers.ExpectedConditions.<>c__DisplayClass6_0.<ElementExists>b__0(IWebDriver driver)\n   at OpenQA.Selenium.Support.UI.DefaultWait`1.Until[TResult](Func`2 condition, CancellationToken token)\n   --- End of inner exception stack trace ---\n   at OpenQA.Selenium.Support.UI.DefaultWait`1.ThrowTimeoutException(String exceptionMessage, Exception lastException)\n   at OpenQA.Selenium.Support.UI.DefaultWait`1.Until[TResult](Func`2 condition, CancellationToken token)\n   at OpenQA.Selenium.Support.UI.DefaultWait`1.Until[TResult](Func`2 condition)\n   at Todoly.Core.UIElements.Web.BaseWebElement.get_WebElement() in /home/runner/work/GUI-Framework/GUI-Framework/1.Core/UIElements/Web/BaseWebElement.cs:line 37\n   at Todoly.Core.UIElements.Web.Button.Click() in /home/runner/work/GUI-Framework/GUI-Framework/1.Core/UIElements/Web/Button.cs:line 17\n   at Todoly.Tests.UI.Steps.Commons.CommonSteps.Click(String elementName, String viewName) in /home/runner/work/GUI-Framework/GUI-Framework/3.Tests/UI/StepDefinitions/CommonStepDefinition.cs:line 58\n   at TechTalk.SpecFlow.Bindings.BindingInvoker.InvokeBinding(IBinding binding, IContextManager contextManager, Object[] arguments, ITestTracer testTracer, TimeSpan& duration)\n   at Allure.SpecFlowPlugin.AllureBindingInvoker.InvokeBinding(IBinding binding, IContextManager contextManager, Object[] arguments, ITestTracer testTracer, TimeSpan& duration)\n   at TechTalk.SpecFlow.Infrastructure.TestExecutionEngine.ExecuteStepMatch(BindingMatch match, Object[] arguments, TimeSpan& duration)\n   at TechTalk.SpecFlow.Infrastructure.TestExecutionEngine.ExecuteStep(IContextManager contextManager, StepInstance stepInstance)","flaky":false,"newFailed":true,"newBroken":false,"newPassed":false,"retriesCount":0,"retriesStatusChange":false,"beforeStages":[{"name":"CreateProject [1]","time":{"start":1677604706834,"stop":1677604706834,"duration":0},"status":"passed","steps":[],"attachments":[],"parameters":[],"stepsCount":0,"attachmentsCount":0,"shouldDisplayMessage":false,"hasContent":false},{"name":"CreateAnItem [2]","time":{"start":1677604706834,"stop":1677604706834,"duration":0},"status":"passed","steps":[],"attachments":[],"parameters":[],"stepsCount":0,"attachmentsCount":0,"shouldDisplayMessage":false,"hasContent":false}],"testStage":{"status":"failed","statusMessage":"Timed out after 30 seconds -> no such element: Unable to locate element: {\"method\":\"css selector\",\"selector\":\"#ctl00_HeaderTopControl1_LinkButtonLogout\"}\n  (Session info: chrome=109.0.5414.119)","statusTrace":"OpenQA.Selenium.WebDriverTimeoutException: Timed out after 30 seconds\n ---> OpenQA.Selenium.NoSuchElementException: no such element: Unable to locate element: {\"method\":\"css selector\",\"selector\":\"#ctl00_HeaderTopControl1_LinkButtonLogout\"}\n  (Session info: chrome=109.0.5414.119)\n   at OpenQA.Selenium.WebDriver.UnpackAndThrowOnError(Response errorResponse, String commandToExecute)\n   at OpenQA.Selenium.WebDriver.Execute(String driverCommandToExecute, Dictionary`2 parameters)\n   at OpenQA.Selenium.WebDriver.FindElement(String mechanism, String value)\n   at OpenQA.Selenium.By.<.ctor>b__11_0(ISearchContext context)\n   at OpenQA.Selenium.By.FindElement(ISearchContext context)\n   at OpenQA.Selenium.WebDriver.FindElement(By by)\n   at SeleniumExtras.WaitHelpers.ExpectedConditions.<>c__DisplayClass6_0.<ElementExists>b__0(IWebDriver driver)\n   at OpenQA.Selenium.Support.UI.DefaultWait`1.Until[TResult](Func`2 condition, CancellationToken token)\n   --- End of inner exception stack trace ---\n   at OpenQA.Selenium.Support.UI.DefaultWait`1.ThrowTimeoutException(String exceptionMessage, Exception lastException)\n   at OpenQA.Selenium.Support.UI.DefaultWait`1.Until[TResult](Func`2 condition, CancellationToken token)\n   at OpenQA.Selenium.Support.UI.DefaultWait`1.Until[TResult](Func`2 condition)\n   at Todoly.Core.UIElements.Web.BaseWebElement.get_WebElement() in /home/runner/work/GUI-Framework/GUI-Framework/1.Core/UIElements/Web/BaseWebElement.cs:line 37\n   at Todoly.Core.UIElements.Web.Button.Click() in /home/runner/work/GUI-Framework/GUI-Framework/1.Core/UIElements/Web/Button.cs:line 17\n   at Todoly.Tests.UI.Steps.Commons.CommonSteps.Click(String elementName, String viewName) in /home/runner/work/GUI-Framework/GUI-Framework/3.Tests/UI/StepDefinitions/CommonStepDefinition.cs:line 58\n   at TechTalk.SpecFlow.Bindings.BindingInvoker.InvokeBinding(IBinding binding, IContextManager contextManager, Object[] arguments, ITestTracer testTracer, TimeSpan& duration)\n   at Allure.SpecFlowPlugin.AllureBindingInvoker.InvokeBinding(IBinding binding, IContextManager contextManager, Object[] arguments, ITestTracer testTracer, TimeSpan& duration)\n   at TechTalk.SpecFlow.Infrastructure.TestExecutionEngine.ExecuteStepMatch(BindingMatch match, Object[] arguments, TimeSpan& duration)\n   at TechTalk.SpecFlow.Infrastructure.TestExecutionEngine.ExecuteStep(IContextManager contextManager, StepInstance stepInstance)","steps":[{"name":"When  the user clicks on 'Logout' at 'Home Page'","time":{"start":1677604706834,"stop":1677604767806,"duration":60972},"status":"failed","steps":[],"attachments":[],"parameters":[],"stepsCount":0,"attachmentsCount":0,"shouldDisplayMessage":false,"hasContent":false},{"name":"Then  the user should be logged out from the site","time":{"start":1677604767935,"stop":1677604767935,"duration":0},"status":"skipped","steps":[],"attachments":[],"parameters":[],"stepsCount":0,"attachmentsCount":0,"shouldDisplayMessage":false,"hasContent":false}],"attachments":[{"uid":"355e3790b28bff3a","name":"Failed test screenshot","source":"355e3790b28bff3a.png","type":"application/png","size":6591}],"parameters":[],"stepsCount":2,"attachmentsCount":1,"shouldDisplayMessage":true,"hasContent":true},"afterStages":[{"name":"CaptureScreenshot [10000]","time":{"start":1677604767936,"stop":1677604768145,"duration":209},"status":"passed","steps":[],"attachments":[],"parameters":[],"stepsCount":0,"attachmentsCount":0,"shouldDisplayMessage":false,"hasContent":false},{"name":"SessionDisposal [10000]","time":{"start":1677604768145,"stop":1677604768145,"duration":0},"status":"passed","steps":[],"attachments":[],"parameters":[],"stepsCount":0,"attachmentsCount":0,"shouldDisplayMessage":false,"hasContent":false}],"labels":[{"name":"thread","value":"NonParallelWorker"},{"name":"host","value":"fv-az471-559"},{"name":"feature","value":"User"},{"name":"tag","value":"Smoke"},{"name":"resultFormat","value":"allure2"}],"parameters":[],"links":[],"hidden":false,"retry":false,"extra":{"severity":"normal","retries":[],"categories":[{"name":"Product defects","matchedStatuses":[],"flaky":false}],"history":{"statistic":{"failed":1,"broken":3,"skipped":0,"passed":8,"unknown":0,"total":12},"items":[{"uid":"93726545b886c207","reportUrl":"https://BC-LT-02.github.io/GUI-Framework/650//#testresult/93726545b886c207","status":"broken","statusDetails":"Exception has been thrown by the target of an invocation. -> The type initializer for 'Todoly.Core.Helpers.ConfigModel' threw an exception. -> Key not found","time":{"start":1677604199603,"stop":1677604199604,"duration":1}},{"uid":"8b7e3cb6a26ca0fe","reportUrl":"https://BC-LT-02.github.io/GUI-Framework/649//#testresult/8b7e3cb6a26ca0fe","status":"passed","time":{"start":1677603912421,"stop":1677603914842,"duration":2421}},{"uid":"25b5e06d06df783e","reportUrl":"https://BC-LT-02.github.io/GUI-Framework/649//#testresult/25b5e06d06df783e","status":"passed","time":{"start":1677603554010,"stop":1677603556988,"duration":2978}},{"uid":"578d5ca75d784d56","reportUrl":"https://BC-LT-02.github.io/GUI-Framework/648//#testresult/578d5ca75d784d56","status":"broken","statusDetails":"Exception has been thrown by the target of an invocation. -> The type initializer for 'Todoly.Core.Helpers.ConfigModel' threw an exception. -> Key not found","time":{"start":1677603244115,"stop":1677603244116,"duration":1}},{"uid":"185935caa5729a6a","reportUrl":"https://BC-LT-02.github.io/GUI-Framework/647//#testresult/185935caa5729a6a","status":"passed","time":{"start":1677602840115,"stop":1677602843989,"duration":3874}},{"uid":"1e0df58e2e578640","reportUrl":"https://BC-LT-02.github.io/GUI-Framework/645//#testresult/1e0df58e2e578640","status":"broken","statusDetails":"Exception has been thrown by the target of an invocation. -> The type initializer for 'Todoly.Core.Helpers.ConfigModel' threw an exception. -> Key not found","time":{"start":1677602151141,"stop":1677602151142,"duration":1}},{"uid":"8edd088593bd9fda","reportUrl":"https://BC-LT-02.github.io/GUI-Framework/644//#testresult/8edd088593bd9fda","status":"passed","time":{"start":1677601882730,"stop":1677601885262,"duration":2532}},{"uid":"f6e1e159e8ce77af","reportUrl":"https://BC-LT-02.github.io/GUI-Framework/642//#testresult/f6e1e159e8ce77af","status":"passed","time":{"start":1677601240976,"stop":1677601243568,"duration":2592}},{"uid":"66cdd1135329afc5","reportUrl":"https://BC-LT-02.github.io/GUI-Framework/641//#testresult/66cdd1135329afc5","status":"passed","time":{"start":1677600594935,"stop":1677600599008,"duration":4073}},{"uid":"b510a705ec7f367c","reportUrl":"https://BC-LT-02.github.io/GUI-Framework/640//#testresult/b510a705ec7f367c","status":"passed","time":{"start":1677600321395,"stop":1677600323964,"duration":2569}},{"uid":"d183c68bae0ab632","reportUrl":"https://BC-LT-02.github.io/GUI-Framework/636//#testresult/d183c68bae0ab632","status":"passed","time":{"start":1677598842685,"stop":1677598845461,"duration":2776}}]},"tags":["Smoke"]},"source":"ac02283bd9203888.json","parameterValues":[]}