{"uid":"dc051bd90f869509","name":"Postpone the Due Date of an item succesfully","fullName":"Postpone the Due Date of an item succesfully","historyId":"Postpone the Due Date of an item succesfully-1416956608","time":{"start":1677602150940,"stop":1677602150941,"duration":1},"status":"broken","statusMessage":"The type initializer for 'Todoly.Core.Helpers.ConfigModel' threw an exception. -> Key not found","statusTrace":"System.TypeInitializationException: The type initializer for 'Todoly.Core.Helpers.ConfigModel' threw an exception.\n ---> System.Exception: Key not found\n   at Todoly.Core.Helpers.ConfigBuilder.GetString(String key) in /home/runner/work/GUI-Framework/GUI-Framework/1.Core/Helpers/ConfigBuilder.cs:line 22\n   at Todoly.Core.Helpers.ConfigModel..cctor() in /home/runner/work/GUI-Framework/GUI-Framework/1.Core/Helpers/ConfigModel.cs:line 18\n   --- End of inner exception stack trace ---\n   at Todoly.Core.Helpers.APIScripts.RemoveAllProjects() in /home/runner/work/GUI-Framework/GUI-Framework/1.Core/Helpers/Scripts/APIScripts.cs:line 11\n   at SeleniumTest.Tests.Hooks.Hooks.RemoveProjects() in /home/runner/work/GUI-Framework/GUI-Framework/3.Tests/UI/Hooks/Hooks.cs:line 76\n   at TechTalk.SpecFlow.Bindings.BindingInvoker.InvokeBinding(IBinding binding, IContextManager contextManager, Object[] arguments, ITestTracer testTracer, TimeSpan& duration)\n   at Allure.SpecFlowPlugin.AllureBindingInvoker.InvokeBinding(IBinding binding, IContextManager contextManager, Object[] arguments, ITestTracer testTracer, TimeSpan& duration)","flaky":false,"newFailed":false,"newBroken":true,"newPassed":false,"retriesCount":0,"retriesStatusChange":false,"beforeStages":[{"name":"CreateProject [1]","time":{"start":1677602150939,"stop":1677602150940,"duration":1},"status":"broken","steps":[],"attachments":[],"parameters":[],"stepsCount":0,"attachmentsCount":0,"shouldDisplayMessage":false,"hasContent":false}],"testStage":{"status":"broken","statusMessage":"The type initializer for 'Todoly.Core.Helpers.ConfigModel' threw an exception. -> Key not found","statusTrace":"System.TypeInitializationException: The type initializer for 'Todoly.Core.Helpers.ConfigModel' threw an exception.\n ---> System.Exception: Key not found\n   at Todoly.Core.Helpers.ConfigBuilder.GetString(String key) in /home/runner/work/GUI-Framework/GUI-Framework/1.Core/Helpers/ConfigBuilder.cs:line 22\n   at Todoly.Core.Helpers.ConfigModel..cctor() in /home/runner/work/GUI-Framework/GUI-Framework/1.Core/Helpers/ConfigModel.cs:line 18\n   --- End of inner exception stack trace ---\n   at Todoly.Core.Helpers.APIScripts.RemoveAllProjects() in /home/runner/work/GUI-Framework/GUI-Framework/1.Core/Helpers/Scripts/APIScripts.cs:line 11\n   at SeleniumTest.Tests.Hooks.Hooks.RemoveProjects() in /home/runner/work/GUI-Framework/GUI-Framework/3.Tests/UI/Hooks/Hooks.cs:line 76\n   at TechTalk.SpecFlow.Bindings.BindingInvoker.InvokeBinding(IBinding binding, IContextManager contextManager, Object[] arguments, ITestTracer testTracer, TimeSpan& duration)\n   at Allure.SpecFlowPlugin.AllureBindingInvoker.InvokeBinding(IBinding binding, IContextManager contextManager, Object[] arguments, ITestTracer testTracer, TimeSpan& duration)","steps":[{"name":"Given  the user is logged in","time":{"start":1677602150940,"stop":1677602150940,"duration":0},"status":"skipped","steps":[],"attachments":[],"parameters":[],"stepsCount":0,"attachmentsCount":0,"shouldDisplayMessage":false,"hasContent":false},{"name":"When  the user clicks on 'Project Button' <NotImportant> at 'Project Component'","time":{"start":1677602150940,"stop":1677602150940,"duration":0},"status":"skipped","steps":[],"attachments":[],"parameters":[],"stepsCount":0,"attachmentsCount":0,"shouldDisplayMessage":false,"hasContent":false},{"name":"And  the user clicks on the Set Due Date option","time":{"start":1677602150940,"stop":1677602150940,"duration":0},"status":"skipped","steps":[],"attachments":[],"parameters":[],"stepsCount":0,"attachmentsCount":0,"shouldDisplayMessage":false,"hasContent":false},{"name":"And  inputs \"20 Jun 12:00 PM\" as due date","time":{"start":1677602150940,"stop":1677602150940,"duration":0},"status":"skipped","steps":[],"attachments":[],"parameters":[],"stepsCount":0,"attachmentsCount":0,"shouldDisplayMessage":false,"hasContent":false},{"name":"And  clicks on Postpone 1 day","time":{"start":1677602150940,"stop":1677602150940,"duration":0},"status":"skipped","steps":[],"attachments":[],"parameters":[],"stepsCount":0,"attachmentsCount":0,"shouldDisplayMessage":false,"hasContent":false},{"name":"Then  the item should be displayed with the \"21 Jun 12:00 PM\" date-tag","time":{"start":1677602150940,"stop":1677602150941,"duration":1},"status":"skipped","steps":[],"attachments":[],"parameters":[],"stepsCount":0,"attachmentsCount":0,"shouldDisplayMessage":false,"hasContent":false}],"attachments":[],"parameters":[],"stepsCount":6,"attachmentsCount":0,"shouldDisplayMessage":true,"hasContent":true},"afterStages":[{"name":"RemoveProjects [10000]","time":{"start":1677602150941,"stop":1677602150941,"duration":0},"status":"broken","steps":[],"attachments":[],"parameters":[],"stepsCount":0,"attachmentsCount":0,"shouldDisplayMessage":false,"hasContent":false}],"labels":[{"name":"thread","value":"NonParallelWorker"},{"name":"host","value":"fv-az986-186"},{"name":"feature","value":"Item Due Date"},{"name":"tag","value":"Smoke"},{"name":"tag","value":"Regression"},{"name":"tag","value":"create.project.NotImportant"},{"name":"tag","value":"delete.projects"},{"name":"tag","value":"create.item.Clean"},{"name":"tag","value":"Due_Date_Item"},{"name":"resultFormat","value":"allure2"}],"parameters":[{"name":"Postpone","value":"1 day"},{"name":"PostposeDate","value":"21 Jun 12:00 PM"}],"links":[],"hidden":false,"retry":false,"extra":{"severity":"normal","retries":[],"categories":[{"name":"Test defects","matchedStatuses":[],"flaky":false}],"history":{"statistic":{"failed":1,"broken":1,"skipped":0,"passed":1,"unknown":0,"total":3},"items":[{"uid":"fafdcc98c72f0329","reportUrl":"https://BC-LT-02.github.io/GUI-Framework/640//#testresult/fafdcc98c72f0329","status":"failed","statusDetails":"Timed out after 30 seconds -> no such element: Unable to locate element: {\"method\":\"xpath\",\"selector\":\"//div[@class='ItemContentDiv' and text()='']\"}\n  (Session info: chrome=109.0.5414.119)","time":{"start":1677599560978,"stop":1677599624566,"duration":63588}},{"uid":"80f5579d944f7b34","reportUrl":"https://BC-LT-02.github.io/GUI-Framework/636//#testresult/80f5579d944f7b34","status":"passed","time":{"start":1677598549319,"stop":1677598554842,"duration":5523}}]},"tags":["Regression","Due_Date_Item","Smoke","create.item.Clean","create.project.NotImportant","delete.projects"]},"source":"dc051bd90f869509.json","parameterValues":["1 day","21 Jun 12:00 PM"]}