{"uid":"6d041b55cefee8ce","name":"Update time zone succesfully","fullName":"Update time zone succesfully","historyId":"Update time zone succesfully","time":{"start":1677616384599,"stop":1677616447869,"duration":63270},"status":"failed","statusMessage":"Timed out after 30 seconds -> no such element: Unable to locate element: {\"method\":\"xpath\",\"selector\":\"//div[@id='ctl00_HeaderTopControl1_PanelHeaderButtons']//a[text()='Settings']\"}\n  (Session info: chrome=109.0.5414.119)","statusTrace":"OpenQA.Selenium.WebDriverTimeoutException: Timed out after 30 seconds\n ---> OpenQA.Selenium.NoSuchElementException: no such element: Unable to locate element: {\"method\":\"xpath\",\"selector\":\"//div[@id='ctl00_HeaderTopControl1_PanelHeaderButtons']//a[text()='Settings']\"}\n  (Session info: chrome=109.0.5414.119)\n   at OpenQA.Selenium.WebDriver.UnpackAndThrowOnError(Response errorResponse, String commandToExecute)\n   at OpenQA.Selenium.WebDriver.Execute(String driverCommandToExecute, Dictionary`2 parameters)\n   at OpenQA.Selenium.WebDriver.FindElement(String mechanism, String value)\n   at OpenQA.Selenium.By.<.ctor>b__11_0(ISearchContext context)\n   at OpenQA.Selenium.By.FindElement(ISearchContext context)\n   at OpenQA.Selenium.WebDriver.FindElement(By by)\n   at SeleniumExtras.WaitHelpers.ExpectedConditions.<>c__DisplayClass6_0.<ElementExists>b__0(IWebDriver driver)\n   at OpenQA.Selenium.Support.UI.DefaultWait`1.Until[TResult](Func`2 condition, CancellationToken token)\n   --- End of inner exception stack trace ---\n   at OpenQA.Selenium.Support.UI.DefaultWait`1.ThrowTimeoutException(String exceptionMessage, Exception lastException)\n   at OpenQA.Selenium.Support.UI.DefaultWait`1.Until[TResult](Func`2 condition, CancellationToken token)\n   at OpenQA.Selenium.Support.UI.DefaultWait`1.Until[TResult](Func`2 condition)\n   at Todoly.Core.UIElements.Web.BaseWebElement.get_WebElement() in /home/runner/work/GUI-Framework/GUI-Framework/1.Core/UIElements/Web/BaseWebElement.cs:line 37\n   at Todoly.Core.UIElements.Web.Button.Click() in /home/runner/work/GUI-Framework/GUI-Framework/1.Core/UIElements/Web/Button.cs:line 17\n   at Todoly.Tests.UI.Steps.Commons.CommonSteps.Click(String elementName, String viewName) in /home/runner/work/GUI-Framework/GUI-Framework/3.Tests/UI/StepDefinitions/CommonStepDefinition.cs:line 59\n   at TechTalk.SpecFlow.Bindings.BindingInvoker.InvokeBinding(IBinding binding, IContextManager contextManager, Object[] arguments, ITestTracer testTracer, TimeSpan& duration)\n   at Allure.SpecFlowPlugin.AllureBindingInvoker.InvokeBinding(IBinding binding, IContextManager contextManager, Object[] arguments, ITestTracer testTracer, TimeSpan& duration)\n   at TechTalk.SpecFlow.Infrastructure.TestExecutionEngine.ExecuteStepMatch(BindingMatch match, Object[] arguments, TimeSpan& duration)\n   at TechTalk.SpecFlow.Infrastructure.TestExecutionEngine.ExecuteStep(IContextManager contextManager, StepInstance stepInstance)","flaky":false,"newFailed":true,"newBroken":false,"newPassed":false,"retriesCount":0,"retriesStatusChange":false,"beforeStages":[{"name":"CreateProject [1]","time":{"start":1677616384599,"stop":1677616384599,"duration":0},"status":"passed","steps":[],"attachments":[],"parameters":[],"stepsCount":0,"attachmentsCount":0,"shouldDisplayMessage":false,"hasContent":false},{"name":"CreateAnItem [2]","time":{"start":1677616384599,"stop":1677616384599,"duration":0},"status":"passed","steps":[],"attachments":[],"parameters":[],"stepsCount":0,"attachmentsCount":0,"shouldDisplayMessage":false,"hasContent":false}],"testStage":{"status":"failed","statusMessage":"Timed out after 30 seconds -> no such element: Unable to locate element: {\"method\":\"xpath\",\"selector\":\"//div[@id='ctl00_HeaderTopControl1_PanelHeaderButtons']//a[text()='Settings']\"}\n  (Session info: chrome=109.0.5414.119)","statusTrace":"OpenQA.Selenium.WebDriverTimeoutException: Timed out after 30 seconds\n ---> OpenQA.Selenium.NoSuchElementException: no such element: Unable to locate element: {\"method\":\"xpath\",\"selector\":\"//div[@id='ctl00_HeaderTopControl1_PanelHeaderButtons']//a[text()='Settings']\"}\n  (Session info: chrome=109.0.5414.119)\n   at OpenQA.Selenium.WebDriver.UnpackAndThrowOnError(Response errorResponse, String commandToExecute)\n   at OpenQA.Selenium.WebDriver.Execute(String driverCommandToExecute, Dictionary`2 parameters)\n   at OpenQA.Selenium.WebDriver.FindElement(String mechanism, String value)\n   at OpenQA.Selenium.By.<.ctor>b__11_0(ISearchContext context)\n   at OpenQA.Selenium.By.FindElement(ISearchContext context)\n   at OpenQA.Selenium.WebDriver.FindElement(By by)\n   at SeleniumExtras.WaitHelpers.ExpectedConditions.<>c__DisplayClass6_0.<ElementExists>b__0(IWebDriver driver)\n   at OpenQA.Selenium.Support.UI.DefaultWait`1.Until[TResult](Func`2 condition, CancellationToken token)\n   --- End of inner exception stack trace ---\n   at OpenQA.Selenium.Support.UI.DefaultWait`1.ThrowTimeoutException(String exceptionMessage, Exception lastException)\n   at OpenQA.Selenium.Support.UI.DefaultWait`1.Until[TResult](Func`2 condition, CancellationToken token)\n   at OpenQA.Selenium.Support.UI.DefaultWait`1.Until[TResult](Func`2 condition)\n   at Todoly.Core.UIElements.Web.BaseWebElement.get_WebElement() in /home/runner/work/GUI-Framework/GUI-Framework/1.Core/UIElements/Web/BaseWebElement.cs:line 37\n   at Todoly.Core.UIElements.Web.Button.Click() in /home/runner/work/GUI-Framework/GUI-Framework/1.Core/UIElements/Web/Button.cs:line 17\n   at Todoly.Tests.UI.Steps.Commons.CommonSteps.Click(String elementName, String viewName) in /home/runner/work/GUI-Framework/GUI-Framework/3.Tests/UI/StepDefinitions/CommonStepDefinition.cs:line 59\n   at TechTalk.SpecFlow.Bindings.BindingInvoker.InvokeBinding(IBinding binding, IContextManager contextManager, Object[] arguments, ITestTracer testTracer, TimeSpan& duration)\n   at Allure.SpecFlowPlugin.AllureBindingInvoker.InvokeBinding(IBinding binding, IContextManager contextManager, Object[] arguments, ITestTracer testTracer, TimeSpan& duration)\n   at TechTalk.SpecFlow.Infrastructure.TestExecutionEngine.ExecuteStepMatch(BindingMatch match, Object[] arguments, TimeSpan& duration)\n   at TechTalk.SpecFlow.Infrastructure.TestExecutionEngine.ExecuteStep(IContextManager contextManager, StepInstance stepInstance)","steps":[{"name":"Given  the user is logged in","time":{"start":1677616384599,"stop":1677616387653,"duration":3054},"status":"passed","steps":[],"attachments":[],"parameters":[],"stepsCount":0,"attachmentsCount":0,"shouldDisplayMessage":false,"hasContent":false},{"name":"When  the user clicks on 'Settings' at 'Home Page'","time":{"start":1677616387653,"stop":1677616447737,"duration":60084},"status":"failed","steps":[],"attachments":[],"parameters":[],"stepsCount":0,"attachmentsCount":0,"shouldDisplayMessage":false,"hasContent":false},{"name":"And  clicks on 'Time Zone' at 'Profile Page'","time":{"start":1677616447868,"stop":1677616447868,"duration":0},"status":"skipped","steps":[],"attachments":[],"parameters":[],"stepsCount":0,"attachmentsCount":0,"shouldDisplayMessage":false,"hasContent":false},{"name":"And  clicks on 'Hawaiian Time'","time":{"start":1677616447868,"stop":1677616447868,"duration":0},"status":"skipped","steps":[],"attachments":[],"parameters":[],"stepsCount":0,"attachmentsCount":0,"shouldDisplayMessage":false,"hasContent":false},{"name":"And  clicks on 'Ok'","time":{"start":1677616447868,"stop":1677616447868,"duration":0},"status":"skipped","steps":[],"attachments":[],"parameters":[],"stepsCount":0,"attachmentsCount":0,"shouldDisplayMessage":false,"hasContent":false},{"name":"Then  the 'NonDisplayedClose' should not be displayed","time":{"start":1677616447868,"stop":1677616447868,"duration":0},"status":"skipped","steps":[],"attachments":[],"parameters":[],"stepsCount":0,"attachmentsCount":0,"shouldDisplayMessage":false,"hasContent":false},{"name":"When  the user clicks on 'Settings' at 'Home Page'","time":{"start":1677616447868,"stop":1677616447868,"duration":0},"status":"skipped","steps":[],"attachments":[],"parameters":[],"stepsCount":0,"attachmentsCount":0,"shouldDisplayMessage":false,"hasContent":false},{"name":"And  the 'Hawaiian Time' is selected at 'Profile Page'","time":{"start":1677616447868,"stop":1677616447868,"duration":0},"status":"skipped","steps":[],"attachments":[],"parameters":[],"stepsCount":0,"attachmentsCount":0,"shouldDisplayMessage":false,"hasContent":false}],"attachments":[{"uid":"dd4442cb13bffce4","name":"Failed test screenshot","source":"dd4442cb13bffce4.png","type":"application/png","size":240644}],"parameters":[],"stepsCount":8,"attachmentsCount":1,"shouldDisplayMessage":true,"hasContent":true},"afterStages":[{"name":"UpdateTimeZone [10000]","time":{"start":1677616447869,"stop":1677616448237,"duration":368},"status":"passed","steps":[],"attachments":[],"parameters":[],"stepsCount":0,"attachmentsCount":0,"shouldDisplayMessage":false,"hasContent":false},{"name":"CaptureScreenshot [10000]","time":{"start":1677616448237,"stop":1677616448454,"duration":217},"status":"passed","steps":[],"attachments":[],"parameters":[],"stepsCount":0,"attachmentsCount":0,"shouldDisplayMessage":false,"hasContent":false},{"name":"SessionDisposal [10000]","time":{"start":1677616448454,"stop":1677616448454,"duration":0},"status":"passed","steps":[],"attachments":[],"parameters":[],"stepsCount":0,"attachmentsCount":0,"shouldDisplayMessage":false,"hasContent":false}],"labels":[{"name":"thread","value":"NonParallelWorker"},{"name":"host","value":"fv-az358-809"},{"name":"feature","value":"Time Zone update"},{"name":"tag","value":"Acceptance"},{"name":"tag","value":"restore.default.timezone"},{"name":"resultFormat","value":"allure2"}],"parameters":[],"links":[],"hidden":false,"retry":false,"extra":{"severity":"normal","retries":[],"categories":[{"name":"Product defects","matchedStatuses":[],"flaky":false}],"history":{"statistic":{"failed":1,"broken":7,"skipped":0,"passed":29,"unknown":0,"total":37},"items":[{"uid":"5dc21e021514e1fa","reportUrl":"https://BC-LT-02.github.io/GUI-Framework/668//#testresult/5dc21e021514e1fa","status":"passed","time":{"start":1677616403047,"stop":1677616408215,"duration":5168}},{"uid":"e19eb9e895dc0f1e","reportUrl":"https://BC-LT-02.github.io/GUI-Framework/668//#testresult/e19eb9e895dc0f1e","status":"passed","time":{"start":1677615996632,"stop":1677616000786,"duration":4154}},{"uid":"29670b8f0f50eed6","reportUrl":"https://BC-LT-02.github.io/GUI-Framework/667//#testresult/29670b8f0f50eed6","status":"passed","time":{"start":1677614581883,"stop":1677614586255,"duration":4372}},{"uid":"b3bf2acc48bf238e","reportUrl":"https://BC-LT-02.github.io/GUI-Framework/666//#testresult/b3bf2acc48bf238e","status":"passed","time":{"start":1677613844124,"stop":1677613849735,"duration":5611}},{"uid":"16d00bb52b8a6dcd","reportUrl":"https://BC-LT-02.github.io/GUI-Framework/664//#testresult/16d00bb52b8a6dcd","status":"passed","time":{"start":1677613545302,"stop":1677613550031,"duration":4729}},{"uid":"7c99c47d5a484b89","reportUrl":"https://BC-LT-02.github.io/GUI-Framework/665//#testresult/7c99c47d5a484b89","status":"passed","time":{"start":1677613275718,"stop":1677613280228,"duration":4510}},{"uid":"c0a65545fb126a48","reportUrl":"https://BC-LT-02.github.io/GUI-Framework/664//#testresult/c0a65545fb126a48","status":"passed","time":{"start":1677612897574,"stop":1677612902110,"duration":4536}},{"uid":"1d2863f282c605ff","reportUrl":"https://BC-LT-02.github.io/GUI-Framework/662//#testresult/1d2863f282c605ff","status":"passed","time":{"start":1677612400649,"stop":1677612405763,"duration":5114}},{"uid":"74af3399c80fc218","reportUrl":"https://BC-LT-02.github.io/GUI-Framework/662//#testresult/74af3399c80fc218","status":"passed","time":{"start":1677611747407,"stop":1677611751324,"duration":3917}},{"uid":"bf21094fcf5019aa","reportUrl":"https://BC-LT-02.github.io/GUI-Framework/661//#testresult/bf21094fcf5019aa","status":"passed","time":{"start":1677611155245,"stop":1677611159639,"duration":4394}},{"uid":"b25a2f2f2e4d32b3","reportUrl":"https://BC-LT-02.github.io/GUI-Framework/659//#testresult/b25a2f2f2e4d32b3","status":"passed","time":{"start":1677610410513,"stop":1677610414936,"duration":4423}},{"uid":"74c773f3cc40fa33","reportUrl":"https://BC-LT-02.github.io/GUI-Framework/659//#testresult/74c773f3cc40fa33","status":"passed","time":{"start":1677609979121,"stop":1677609983095,"duration":3974}},{"uid":"d5efd6e2b7203931","reportUrl":"https://BC-LT-02.github.io/GUI-Framework/658//#testresult/d5efd6e2b7203931","status":"passed","time":{"start":1677609486698,"stop":1677609491247,"duration":4549}},{"uid":"286938180eb52731","reportUrl":"https://BC-LT-02.github.io/GUI-Framework/656//#testresult/286938180eb52731","status":"passed","time":{"start":1677608817668,"stop":1677608822748,"duration":5080}},{"uid":"c6aa445c511b67a5","reportUrl":"https://BC-LT-02.github.io/GUI-Framework/657//#testresult/c6aa445c511b67a5","status":"broken","statusDetails":"Exception has been thrown by the target of an invocation. -> The type initializer for 'Todoly.Core.Helpers.ConfigModel' threw an exception. -> Key not found : BROWSERSTACK-USERNAME","time":{"start":1677608789930,"stop":1677608789931,"duration":1}},{"uid":"aec2f40ab87a955e","reportUrl":"https://BC-LT-02.github.io/GUI-Framework/4//#testresult/aec2f40ab87a955e","status":"passed","time":{"start":1677608163593,"stop":1677608167545,"duration":3952}},{"uid":"6fc8b655ade56bf9","reportUrl":"https://BC-LT-02.github.io/GUI-Framework/655//#testresult/6fc8b655ade56bf9","status":"passed","time":{"start":1677607724679,"stop":1677607729725,"duration":5046}},{"uid":"4aeb21fc6ae25635","reportUrl":"https://BC-LT-02.github.io/GUI-Framework/650//#testresult/4aeb21fc6ae25635","status":"broken","statusDetails":"Exception has been thrown by the target of an invocation. -> The type initializer for 'Todoly.Core.Helpers.ConfigModel' threw an exception. -> Key not found","time":{"start":1677607378027,"stop":1677607378028,"duration":1}},{"uid":"3fff484f59797d9b","reportUrl":"https://BC-LT-02.github.io/GUI-Framework/650//#testresult/3fff484f59797d9b","status":"broken","statusDetails":"Exception has been thrown by the target of an invocation. -> The type initializer for 'Todoly.Core.Helpers.ConfigModel' threw an exception. -> Key not found","time":{"start":1677607094124,"stop":1677607094125,"duration":1}},{"uid":"38ff42cc05f376b9","reportUrl":"https://BC-LT-02.github.io/GUI-Framework/654//#testresult/38ff42cc05f376b9","status":"passed","time":{"start":1677606376905,"stop":1677606381945,"duration":5040}}]},"tags":["Acceptance","restore.default.timezone"]},"source":"6d041b55cefee8ce.json","parameterValues":[]}