{"uid":"bb9da0e5180ee62b","name":"Add a project below","fullName":"Add a project below","historyId":"Add a project below","time":{"start":1677616180958,"stop":1677616244621,"duration":63663},"status":"failed","statusMessage":"Timed out after 30 seconds -> no such element: Unable to locate element: {\"method\":\"xpath\",\"selector\":\"//div[@id='ProjectListPlaceHolder']//td[text()='MyProject']\"}\n  (Session info: chrome=109.0.5414.119)","statusTrace":"OpenQA.Selenium.WebDriverTimeoutException: Timed out after 30 seconds\n ---> OpenQA.Selenium.NoSuchElementException: no such element: Unable to locate element: {\"method\":\"xpath\",\"selector\":\"//div[@id='ProjectListPlaceHolder']//td[text()='MyProject']\"}\n  (Session info: chrome=109.0.5414.119)\n   at OpenQA.Selenium.WebDriver.UnpackAndThrowOnError(Response errorResponse, String commandToExecute)\n   at OpenQA.Selenium.WebDriver.Execute(String driverCommandToExecute, Dictionary`2 parameters)\n   at OpenQA.Selenium.WebDriver.FindElement(String mechanism, String value)\n   at OpenQA.Selenium.By.<.ctor>b__11_0(ISearchContext context)\n   at OpenQA.Selenium.By.FindElement(ISearchContext context)\n   at OpenQA.Selenium.WebDriver.FindElement(By by)\n   at SeleniumExtras.WaitHelpers.ExpectedConditions.<>c__DisplayClass6_0.<ElementExists>b__0(IWebDriver driver)\n   at OpenQA.Selenium.Support.UI.DefaultWait`1.Until[TResult](Func`2 condition, CancellationToken token)\n   --- End of inner exception stack trace ---\n   at OpenQA.Selenium.Support.UI.DefaultWait`1.ThrowTimeoutException(String exceptionMessage, Exception lastException)\n   at OpenQA.Selenium.Support.UI.DefaultWait`1.Until[TResult](Func`2 condition, CancellationToken token)\n   at OpenQA.Selenium.Support.UI.DefaultWait`1.Until[TResult](Func`2 condition)\n   at Todoly.Core.UIElements.Web.BaseWebElement.get_WebElement() in /home/runner/work/GUI-Framework/GUI-Framework/1.Core/UIElements/Web/BaseWebElement.cs:line 37\n   at Todoly.Tests.UI.Steps.Commons.CommonSteps.OpenContextMenu(String locatorArgument, String viewName) in /home/runner/work/GUI-Framework/GUI-Framework/3.Tests/UI/StepDefinitions/CommonStepDefinition.cs:line 119\n   at TechTalk.SpecFlow.Bindings.BindingInvoker.InvokeBinding(IBinding binding, IContextManager contextManager, Object[] arguments, ITestTracer testTracer, TimeSpan& duration)\n   at Allure.SpecFlowPlugin.AllureBindingInvoker.InvokeBinding(IBinding binding, IContextManager contextManager, Object[] arguments, ITestTracer testTracer, TimeSpan& duration)\n   at TechTalk.SpecFlow.Infrastructure.TestExecutionEngine.ExecuteStepMatch(BindingMatch match, Object[] arguments, TimeSpan& duration)\n   at TechTalk.SpecFlow.Infrastructure.TestExecutionEngine.ExecuteStep(IContextManager contextManager, StepInstance stepInstance)","flaky":false,"newFailed":true,"newBroken":false,"newPassed":false,"retriesCount":0,"retriesStatusChange":false,"beforeStages":[{"name":"CreateProject [1]","time":{"start":1677616180521,"stop":1677616180958,"duration":437},"status":"passed","steps":[],"attachments":[],"parameters":[],"stepsCount":0,"attachmentsCount":0,"shouldDisplayMessage":false,"hasContent":false},{"name":"CreateAnItem [2]","time":{"start":1677616180958,"stop":1677616180958,"duration":0},"status":"passed","steps":[],"attachments":[],"parameters":[],"stepsCount":0,"attachmentsCount":0,"shouldDisplayMessage":false,"hasContent":false}],"testStage":{"status":"failed","statusMessage":"Timed out after 30 seconds -> no such element: Unable to locate element: {\"method\":\"xpath\",\"selector\":\"//div[@id='ProjectListPlaceHolder']//td[text()='MyProject']\"}\n  (Session info: chrome=109.0.5414.119)","statusTrace":"OpenQA.Selenium.WebDriverTimeoutException: Timed out after 30 seconds\n ---> OpenQA.Selenium.NoSuchElementException: no such element: Unable to locate element: {\"method\":\"xpath\",\"selector\":\"//div[@id='ProjectListPlaceHolder']//td[text()='MyProject']\"}\n  (Session info: chrome=109.0.5414.119)\n   at OpenQA.Selenium.WebDriver.UnpackAndThrowOnError(Response errorResponse, String commandToExecute)\n   at OpenQA.Selenium.WebDriver.Execute(String driverCommandToExecute, Dictionary`2 parameters)\n   at OpenQA.Selenium.WebDriver.FindElement(String mechanism, String value)\n   at OpenQA.Selenium.By.<.ctor>b__11_0(ISearchContext context)\n   at OpenQA.Selenium.By.FindElement(ISearchContext context)\n   at OpenQA.Selenium.WebDriver.FindElement(By by)\n   at SeleniumExtras.WaitHelpers.ExpectedConditions.<>c__DisplayClass6_0.<ElementExists>b__0(IWebDriver driver)\n   at OpenQA.Selenium.Support.UI.DefaultWait`1.Until[TResult](Func`2 condition, CancellationToken token)\n   --- End of inner exception stack trace ---\n   at OpenQA.Selenium.Support.UI.DefaultWait`1.ThrowTimeoutException(String exceptionMessage, Exception lastException)\n   at OpenQA.Selenium.Support.UI.DefaultWait`1.Until[TResult](Func`2 condition, CancellationToken token)\n   at OpenQA.Selenium.Support.UI.DefaultWait`1.Until[TResult](Func`2 condition)\n   at Todoly.Core.UIElements.Web.BaseWebElement.get_WebElement() in /home/runner/work/GUI-Framework/GUI-Framework/1.Core/UIElements/Web/BaseWebElement.cs:line 37\n   at Todoly.Tests.UI.Steps.Commons.CommonSteps.OpenContextMenu(String locatorArgument, String viewName) in /home/runner/work/GUI-Framework/GUI-Framework/3.Tests/UI/StepDefinitions/CommonStepDefinition.cs:line 119\n   at TechTalk.SpecFlow.Bindings.BindingInvoker.InvokeBinding(IBinding binding, IContextManager contextManager, Object[] arguments, ITestTracer testTracer, TimeSpan& duration)\n   at Allure.SpecFlowPlugin.AllureBindingInvoker.InvokeBinding(IBinding binding, IContextManager contextManager, Object[] arguments, ITestTracer testTracer, TimeSpan& duration)\n   at TechTalk.SpecFlow.Infrastructure.TestExecutionEngine.ExecuteStepMatch(BindingMatch match, Object[] arguments, TimeSpan& duration)\n   at TechTalk.SpecFlow.Infrastructure.TestExecutionEngine.ExecuteStep(IContextManager contextManager, StepInstance stepInstance)","steps":[{"name":"Given  the user is logged in","time":{"start":1677616180958,"stop":1677616184427,"duration":3469},"status":"passed","steps":[],"attachments":[],"parameters":[],"stepsCount":0,"attachmentsCount":0,"shouldDisplayMessage":false,"hasContent":false},{"name":"When  the user opens the Project Context Menu on <MyProject> at 'Project Component'","time":{"start":1677616184427,"stop":1677616244523,"duration":60096},"status":"failed","steps":[],"attachments":[],"parameters":[],"stepsCount":0,"attachmentsCount":0,"shouldDisplayMessage":false,"hasContent":false},{"name":"And  clicks on 'Add item below' on the Project Context Menu","time":{"start":1677616244620,"stop":1677616244620,"duration":0},"status":"skipped","steps":[],"attachments":[],"parameters":[],"stepsCount":0,"attachmentsCount":0,"shouldDisplayMessage":false,"hasContent":false},{"name":"And  types \"My New Project Name\" on 'Edit Project Input'","time":{"start":1677616244620,"stop":1677616244620,"duration":0},"status":"skipped","steps":[],"attachments":[],"parameters":[],"stepsCount":0,"attachmentsCount":0,"shouldDisplayMessage":false,"hasContent":false},{"name":"And  clicks on 'Save Edit Project'","time":{"start":1677616244620,"stop":1677616244620,"duration":0},"status":"skipped","steps":[],"attachments":[],"parameters":[],"stepsCount":0,"attachmentsCount":0,"shouldDisplayMessage":false,"hasContent":false},{"name":"Then  the 'Project Button' <My New Project Name> should be displayed","time":{"start":1677616244620,"stop":1677616244620,"duration":0},"status":"skipped","steps":[],"attachments":[],"parameters":[],"stepsCount":0,"attachmentsCount":0,"shouldDisplayMessage":false,"hasContent":false}],"attachments":[{"uid":"fdf0e94155714528","name":"Failed test screenshot","source":"fdf0e94155714528.png","type":"application/png","size":56979}],"parameters":[],"stepsCount":6,"attachmentsCount":1,"shouldDisplayMessage":true,"hasContent":true},"afterStages":[{"name":"CaptureScreenshot [10000]","time":{"start":1677616244621,"stop":1677616244807,"duration":186},"status":"passed","steps":[],"attachments":[],"parameters":[],"stepsCount":0,"attachmentsCount":0,"shouldDisplayMessage":false,"hasContent":false},{"name":"SessionDisposal [10000]","time":{"start":1677616244808,"stop":1677616244808,"duration":0},"status":"passed","steps":[],"attachments":[],"parameters":[],"stepsCount":0,"attachmentsCount":0,"shouldDisplayMessage":false,"hasContent":false}],"labels":[{"name":"thread","value":"NonParallelWorker"},{"name":"host","value":"fv-az358-809"},{"name":"feature","value":"Project Creation Above"},{"name":"tag","value":"Regression"},{"name":"tag","value":"create.project.MyProject"},{"name":"resultFormat","value":"allure2"}],"parameters":[],"links":[],"hidden":false,"retry":false,"extra":{"severity":"normal","retries":[],"categories":[{"name":"Product defects","matchedStatuses":[],"flaky":false}],"history":{"statistic":{"failed":2,"broken":7,"skipped":0,"passed":28,"unknown":0,"total":37},"items":[{"uid":"9543ad8a14d780ec","reportUrl":"https://BC-LT-02.github.io/GUI-Framework/668//#testresult/9543ad8a14d780ec","status":"passed","time":{"start":1677616339176,"stop":1677616343644,"duration":4468}},{"uid":"323b35c03c2c47f2","reportUrl":"https://BC-LT-02.github.io/GUI-Framework/668//#testresult/323b35c03c2c47f2","status":"passed","time":{"start":1677615913141,"stop":1677615916560,"duration":3419}},{"uid":"a2e14bcfa152061c","reportUrl":"https://BC-LT-02.github.io/GUI-Framework/667//#testresult/a2e14bcfa152061c","status":"passed","time":{"start":1677614508346,"stop":1677614511879,"duration":3533}},{"uid":"afb1132342738ea5","reportUrl":"https://BC-LT-02.github.io/GUI-Framework/666//#testresult/afb1132342738ea5","status":"passed","time":{"start":1677613775783,"stop":1677613780564,"duration":4781}},{"uid":"54ee65ebc07eac34","reportUrl":"https://BC-LT-02.github.io/GUI-Framework/664//#testresult/54ee65ebc07eac34","status":"passed","time":{"start":1677613468704,"stop":1677613472554,"duration":3850}},{"uid":"7048d407053042e5","reportUrl":"https://BC-LT-02.github.io/GUI-Framework/665//#testresult/7048d407053042e5","status":"passed","time":{"start":1677613218908,"stop":1677613222493,"duration":3585}},{"uid":"c88a9fc7d86deac0","reportUrl":"https://BC-LT-02.github.io/GUI-Framework/664//#testresult/c88a9fc7d86deac0","status":"passed","time":{"start":1677612821492,"stop":1677612825255,"duration":3763}},{"uid":"b869144410cf2679","reportUrl":"https://BC-LT-02.github.io/GUI-Framework/662//#testresult/b869144410cf2679","status":"passed","time":{"start":1677612168806,"stop":1677612172921,"duration":4115}},{"uid":"6a70b94439360b76","reportUrl":"https://BC-LT-02.github.io/GUI-Framework/662//#testresult/6a70b94439360b76","status":"passed","time":{"start":1677611678929,"stop":1677611681998,"duration":3069}},{"uid":"9237f2a9bdcffa35","reportUrl":"https://BC-LT-02.github.io/GUI-Framework/661//#testresult/9237f2a9bdcffa35","status":"passed","time":{"start":1677611080491,"stop":1677611084133,"duration":3642}},{"uid":"a3a8e5fef19a7437","reportUrl":"https://BC-LT-02.github.io/GUI-Framework/659//#testresult/a3a8e5fef19a7437","status":"passed","time":{"start":1677610335738,"stop":1677610339396,"duration":3658}},{"uid":"3f024fed1c75c63c","reportUrl":"https://BC-LT-02.github.io/GUI-Framework/659//#testresult/3f024fed1c75c63c","status":"passed","time":{"start":1677609910119,"stop":1677609913354,"duration":3235}},{"uid":"c98bcabe807952b7","reportUrl":"https://BC-LT-02.github.io/GUI-Framework/658//#testresult/c98bcabe807952b7","status":"passed","time":{"start":1677609291364,"stop":1677609295126,"duration":3762}},{"uid":"e905423439499d72","reportUrl":"https://BC-LT-02.github.io/GUI-Framework/656//#testresult/e905423439499d72","status":"passed","time":{"start":1677608734425,"stop":1677608738674,"duration":4249}},{"uid":"53aa321750b7f04","reportUrl":"https://BC-LT-02.github.io/GUI-Framework/657//#testresult/53aa321750b7f04","status":"broken","statusDetails":"Exception has been thrown by the target of an invocation. -> The type initializer for 'Todoly.Core.Helpers.ConfigModel' threw an exception. -> Key not found : BROWSERSTACK-USERNAME","time":{"start":1677608789837,"stop":1677608789844,"duration":7}},{"uid":"45ebb40e7cb6f01b","reportUrl":"https://BC-LT-02.github.io/GUI-Framework/4//#testresult/45ebb40e7cb6f01b","status":"passed","time":{"start":1677608094017,"stop":1677608097384,"duration":3367}},{"uid":"cf884f3b8559fd58","reportUrl":"https://BC-LT-02.github.io/GUI-Framework/655//#testresult/cf884f3b8559fd58","status":"passed","time":{"start":1677607570589,"stop":1677607574829,"duration":4240}},{"uid":"cea5f3d11a17712d","reportUrl":"https://BC-LT-02.github.io/GUI-Framework/650//#testresult/cea5f3d11a17712d","status":"broken","statusDetails":"Exception has been thrown by the target of an invocation. -> The type initializer for 'Todoly.Core.Helpers.ConfigModel' threw an exception. -> Key not found","time":{"start":1677607377944,"stop":1677607377946,"duration":2}},{"uid":"338f922bfd171a78","reportUrl":"https://BC-LT-02.github.io/GUI-Framework/650//#testresult/338f922bfd171a78","status":"broken","statusDetails":"Exception has been thrown by the target of an invocation. -> The type initializer for 'Todoly.Core.Helpers.ConfigModel' threw an exception. -> Key not found","time":{"start":1677607094038,"stop":1677607094039,"duration":1}},{"uid":"d57fbf72d8b57029","reportUrl":"https://BC-LT-02.github.io/GUI-Framework/654//#testresult/d57fbf72d8b57029","status":"passed","time":{"start":1677606294321,"stop":1677606298490,"duration":4169}}]},"tags":["Regression","create.project.MyProject"]},"source":"bb9da0e5180ee62b.json","parameterValues":[]}