{"uid":"3e76a66f30002746","name":"Update the Due Date of an item succesfully","fullName":"Update the Due Date of an item succesfully","historyId":"Update the Due Date of an item succesfully-277079152","time":{"start":1677600265833,"stop":1677600329767,"duration":63934},"status":"failed","statusMessage":"Timed out after 30 seconds -> no such element: Unable to locate element: {\"method\":\"xpath\",\"selector\":\"//div[@id='ProjectListPlaceHolder']//td[text()='Calendar']\"}\n  (Session info: chrome=109.0.5414.119)","statusTrace":"OpenQA.Selenium.WebDriverTimeoutException: Timed out after 30 seconds\n ---> OpenQA.Selenium.NoSuchElementException: no such element: Unable to locate element: {\"method\":\"xpath\",\"selector\":\"//div[@id='ProjectListPlaceHolder']//td[text()='Calendar']\"}\n  (Session info: chrome=109.0.5414.119)\n   at OpenQA.Selenium.WebDriver.UnpackAndThrowOnError(Response errorResponse, String commandToExecute)\n   at OpenQA.Selenium.WebDriver.Execute(String driverCommandToExecute, Dictionary`2 parameters)\n   at OpenQA.Selenium.WebDriver.FindElement(String mechanism, String value)\n   at OpenQA.Selenium.By.<.ctor>b__11_0(ISearchContext context)\n   at OpenQA.Selenium.By.FindElement(ISearchContext context)\n   at OpenQA.Selenium.WebDriver.FindElement(By by)\n   at SeleniumExtras.WaitHelpers.ExpectedConditions.<>c__DisplayClass6_0.<ElementExists>b__0(IWebDriver driver)\n   at OpenQA.Selenium.Support.UI.DefaultWait`1.Until[TResult](Func`2 condition, CancellationToken token)\n   --- End of inner exception stack trace ---\n   at OpenQA.Selenium.Support.UI.DefaultWait`1.ThrowTimeoutException(String exceptionMessage, Exception lastException)\n   at OpenQA.Selenium.Support.UI.DefaultWait`1.Until[TResult](Func`2 condition, CancellationToken token)\n   at OpenQA.Selenium.Support.UI.DefaultWait`1.Until[TResult](Func`2 condition)\n   at Todoly.Core.UIElements.Web.BaseWebElement.get_WebElement() in /home/runner/work/GUI-Framework/GUI-Framework/1.Core/UIElements/Web/BaseWebElement.cs:line 37\n   at Todoly.Core.UIElements.Web.Button.Click() in /home/runner/work/GUI-Framework/GUI-Framework/1.Core/UIElements/Web/Button.cs:line 17\n   at Todoly.Tests.UI.Steps.Commons.CommonSteps.Click(String elementName, String locatorArgument, String viewName) in /home/runner/work/GUI-Framework/GUI-Framework/3.Tests/UI/StepDefinitions/CommonStepDefinition.cs:line 69\n   at TechTalk.SpecFlow.Bindings.BindingInvoker.InvokeBinding(IBinding binding, IContextManager contextManager, Object[] arguments, ITestTracer testTracer, TimeSpan& duration)\n   at Allure.SpecFlowPlugin.AllureBindingInvoker.InvokeBinding(IBinding binding, IContextManager contextManager, Object[] arguments, ITestTracer testTracer, TimeSpan& duration)\n   at TechTalk.SpecFlow.Infrastructure.TestExecutionEngine.ExecuteStepMatch(BindingMatch match, Object[] arguments, TimeSpan& duration)\n   at TechTalk.SpecFlow.Infrastructure.TestExecutionEngine.ExecuteStep(IContextManager contextManager, StepInstance stepInstance)","flaky":false,"newFailed":true,"newBroken":false,"newPassed":false,"retriesCount":0,"retriesStatusChange":false,"beforeStages":[{"name":"CreateProject [1]","time":{"start":1677600265271,"stop":1677600265726,"duration":455},"status":"passed","steps":[],"attachments":[],"parameters":[],"attachmentsCount":0,"shouldDisplayMessage":false,"hasContent":false,"stepsCount":0},{"name":"CreateAnItem [2]","time":{"start":1677600265726,"stop":1677600265832,"duration":106},"status":"passed","steps":[],"attachments":[],"parameters":[],"attachmentsCount":0,"shouldDisplayMessage":false,"hasContent":false,"stepsCount":0}],"testStage":{"status":"failed","statusMessage":"Timed out after 30 seconds -> no such element: Unable to locate element: {\"method\":\"xpath\",\"selector\":\"//div[@id='ProjectListPlaceHolder']//td[text()='Calendar']\"}\n  (Session info: chrome=109.0.5414.119)","statusTrace":"OpenQA.Selenium.WebDriverTimeoutException: Timed out after 30 seconds\n ---> OpenQA.Selenium.NoSuchElementException: no such element: Unable to locate element: {\"method\":\"xpath\",\"selector\":\"//div[@id='ProjectListPlaceHolder']//td[text()='Calendar']\"}\n  (Session info: chrome=109.0.5414.119)\n   at OpenQA.Selenium.WebDriver.UnpackAndThrowOnError(Response errorResponse, String commandToExecute)\n   at OpenQA.Selenium.WebDriver.Execute(String driverCommandToExecute, Dictionary`2 parameters)\n   at OpenQA.Selenium.WebDriver.FindElement(String mechanism, String value)\n   at OpenQA.Selenium.By.<.ctor>b__11_0(ISearchContext context)\n   at OpenQA.Selenium.By.FindElement(ISearchContext context)\n   at OpenQA.Selenium.WebDriver.FindElement(By by)\n   at SeleniumExtras.WaitHelpers.ExpectedConditions.<>c__DisplayClass6_0.<ElementExists>b__0(IWebDriver driver)\n   at OpenQA.Selenium.Support.UI.DefaultWait`1.Until[TResult](Func`2 condition, CancellationToken token)\n   --- End of inner exception stack trace ---\n   at OpenQA.Selenium.Support.UI.DefaultWait`1.ThrowTimeoutException(String exceptionMessage, Exception lastException)\n   at OpenQA.Selenium.Support.UI.DefaultWait`1.Until[TResult](Func`2 condition, CancellationToken token)\n   at OpenQA.Selenium.Support.UI.DefaultWait`1.Until[TResult](Func`2 condition)\n   at Todoly.Core.UIElements.Web.BaseWebElement.get_WebElement() in /home/runner/work/GUI-Framework/GUI-Framework/1.Core/UIElements/Web/BaseWebElement.cs:line 37\n   at Todoly.Core.UIElements.Web.Button.Click() in /home/runner/work/GUI-Framework/GUI-Framework/1.Core/UIElements/Web/Button.cs:line 17\n   at Todoly.Tests.UI.Steps.Commons.CommonSteps.Click(String elementName, String locatorArgument, String viewName) in /home/runner/work/GUI-Framework/GUI-Framework/3.Tests/UI/StepDefinitions/CommonStepDefinition.cs:line 69\n   at TechTalk.SpecFlow.Bindings.BindingInvoker.InvokeBinding(IBinding binding, IContextManager contextManager, Object[] arguments, ITestTracer testTracer, TimeSpan& duration)\n   at Allure.SpecFlowPlugin.AllureBindingInvoker.InvokeBinding(IBinding binding, IContextManager contextManager, Object[] arguments, ITestTracer testTracer, TimeSpan& duration)\n   at TechTalk.SpecFlow.Infrastructure.TestExecutionEngine.ExecuteStepMatch(BindingMatch match, Object[] arguments, TimeSpan& duration)\n   at TechTalk.SpecFlow.Infrastructure.TestExecutionEngine.ExecuteStep(IContextManager contextManager, StepInstance stepInstance)","steps":[{"name":"Given  the user is logged in","time":{"start":1677600265833,"stop":1677600269543,"duration":3710},"status":"passed","steps":[],"attachments":[],"parameters":[],"attachmentsCount":0,"shouldDisplayMessage":false,"hasContent":false,"stepsCount":0},{"name":"When  the user clicks on 'Project Button' <Calendar> at 'Project Component'","time":{"start":1677600269544,"stop":1677600329652,"duration":60108},"status":"failed","steps":[],"attachments":[],"parameters":[],"attachmentsCount":0,"shouldDisplayMessage":false,"hasContent":false,"stepsCount":0},{"name":"And  the user hovers on \"Get Item\" <NewItem> at 'Items Component'","time":{"start":1677600329765,"stop":1677600329766,"duration":1},"status":"skipped","steps":[],"attachments":[],"parameters":[],"attachmentsCount":0,"shouldDisplayMessage":false,"hasContent":false,"stepsCount":0},{"name":"And  the user clicks on 'Item DueDate' <NewItem> at 'Items Component'","time":{"start":1677600329766,"stop":1677600329766,"duration":0},"status":"skipped","steps":[],"attachments":[],"parameters":[],"attachmentsCount":0,"shouldDisplayMessage":false,"hasContent":false,"stepsCount":0},{"name":"And  inputs \"Tomorrow\" as due date","time":{"start":1677600329766,"stop":1677600329766,"duration":0},"status":"skipped","steps":[],"attachments":[],"parameters":[],"attachmentsCount":0,"shouldDisplayMessage":false,"hasContent":false,"stepsCount":0},{"name":"Then  the \"NewItem\" date-tag should be displayed as \"Tomorrow\"","time":{"start":1677600329766,"stop":1677600329766,"duration":0},"status":"skipped","steps":[],"attachments":[],"parameters":[],"attachmentsCount":0,"shouldDisplayMessage":false,"hasContent":false,"stepsCount":0}],"attachments":[{"uid":"1b74108bf4b00ec6","name":"Failed test screenshot","source":"1b74108bf4b00ec6.png","type":"application/png","size":54303}],"parameters":[],"attachmentsCount":1,"shouldDisplayMessage":true,"hasContent":true,"stepsCount":6},"afterStages":[{"name":"RemoveProjects [10000]","time":{"start":1677600329767,"stop":1677600330238,"duration":471},"status":"passed","steps":[],"attachments":[],"parameters":[],"attachmentsCount":0,"shouldDisplayMessage":false,"hasContent":false,"stepsCount":0},{"name":"CaptureScreenshot [10000]","time":{"start":1677600330238,"stop":1677600330450,"duration":212},"status":"passed","steps":[],"attachments":[],"parameters":[],"attachmentsCount":0,"shouldDisplayMessage":false,"hasContent":false,"stepsCount":0},{"name":"SessionDisposal [10000]","time":{"start":1677600330450,"stop":1677600330450,"duration":0},"status":"passed","steps":[],"attachments":[],"parameters":[],"attachmentsCount":0,"shouldDisplayMessage":false,"hasContent":false,"stepsCount":0}],"labels":[{"name":"thread","value":"NonParallelWorker"},{"name":"host","value":"fv-az411-35"},{"name":"feature","value":"Item Due Date"},{"name":"tag","value":"Smoke"},{"name":"tag","value":"Regression"},{"name":"tag","value":"create.project.Calendar"},{"name":"tag","value":"delete.projects"},{"name":"tag","value":"create.item.NewItem"},{"name":"tag","value":"Due_Date_Item"},{"name":"resultFormat","value":"allure2"}],"parameters":[{"name":"Date","value":"Tomorrow"},{"name":"DateTag","value":"Tomorrow"}],"links":[],"hidden":false,"retry":false,"extra":{"severity":"normal","retries":[],"categories":[{"name":"Product defects","matchedStatuses":[],"flaky":false}],"history":{"statistic":{"failed":1,"broken":0,"skipped":0,"passed":1,"unknown":0,"total":2},"items":[{"uid":"4656c616729f9a4d","reportUrl":"https://BC-LT-02.github.io/GUI-Framework/640//#testresult/4656c616729f9a4d","status":"passed","time":{"start":1677600214166,"stop":1677600218179,"duration":4013}}]},"tags":["create.project.Calendar","create.item.NewItem","Regression","Due_Date_Item","Smoke","delete.projects"]},"source":"3e76a66f30002746.json","parameterValues":["Tomorrow","Tomorrow"]}