{"uid":"a60443dc45ac6f13","name":"Postpone the Due Date of an item succesfully","fullName":"Postpone the Due Date of an item succesfully","historyId":"Postpone the Due Date of an item succesfully277505748","time":{"start":1677600178318,"stop":1677600242612,"duration":64294},"status":"failed","statusMessage":"Timed out after 30 seconds -> no such element: Unable to locate element: {\"method\":\"xpath\",\"selector\":\"//div[@id='ProjectListPlaceHolder']//td[text()='NotImportant']\"}\n  (Session info: chrome=109.0.5414.119)","statusTrace":"OpenQA.Selenium.WebDriverTimeoutException: Timed out after 30 seconds\n ---> OpenQA.Selenium.NoSuchElementException: no such element: Unable to locate element: {\"method\":\"xpath\",\"selector\":\"//div[@id='ProjectListPlaceHolder']//td[text()='NotImportant']\"}\n  (Session info: chrome=109.0.5414.119)\n   at OpenQA.Selenium.WebDriver.UnpackAndThrowOnError(Response errorResponse, String commandToExecute)\n   at OpenQA.Selenium.WebDriver.Execute(String driverCommandToExecute, Dictionary`2 parameters)\n   at OpenQA.Selenium.WebDriver.FindElement(String mechanism, String value)\n   at OpenQA.Selenium.By.<.ctor>b__11_0(ISearchContext context)\n   at OpenQA.Selenium.By.FindElement(ISearchContext context)\n   at OpenQA.Selenium.WebDriver.FindElement(By by)\n   at SeleniumExtras.WaitHelpers.ExpectedConditions.<>c__DisplayClass6_0.<ElementExists>b__0(IWebDriver driver)\n   at OpenQA.Selenium.Support.UI.DefaultWait`1.Until[TResult](Func`2 condition, CancellationToken token)\n   --- End of inner exception stack trace ---\n   at OpenQA.Selenium.Support.UI.DefaultWait`1.ThrowTimeoutException(String exceptionMessage, Exception lastException)\n   at OpenQA.Selenium.Support.UI.DefaultWait`1.Until[TResult](Func`2 condition, CancellationToken token)\n   at OpenQA.Selenium.Support.UI.DefaultWait`1.Until[TResult](Func`2 condition)\n   at Todoly.Core.UIElements.Web.BaseWebElement.get_WebElement() in /home/runner/work/GUI-Framework/GUI-Framework/1.Core/UIElements/Web/BaseWebElement.cs:line 37\n   at Todoly.Core.UIElements.Web.Button.Click() in /home/runner/work/GUI-Framework/GUI-Framework/1.Core/UIElements/Web/Button.cs:line 17\n   at Todoly.Tests.UI.Steps.Commons.CommonSteps.Click(String elementName, String locatorArgument, String viewName) in /home/runner/work/GUI-Framework/GUI-Framework/3.Tests/UI/StepDefinitions/CommonStepDefinition.cs:line 69\n   at TechTalk.SpecFlow.Bindings.BindingInvoker.InvokeBinding(IBinding binding, IContextManager contextManager, Object[] arguments, ITestTracer testTracer, TimeSpan& duration)\n   at Allure.SpecFlowPlugin.AllureBindingInvoker.InvokeBinding(IBinding binding, IContextManager contextManager, Object[] arguments, ITestTracer testTracer, TimeSpan& duration)\n   at TechTalk.SpecFlow.Infrastructure.TestExecutionEngine.ExecuteStepMatch(BindingMatch match, Object[] arguments, TimeSpan& duration)\n   at TechTalk.SpecFlow.Infrastructure.TestExecutionEngine.ExecuteStep(IContextManager contextManager, StepInstance stepInstance)","flaky":false,"newFailed":false,"newBroken":false,"newPassed":false,"retriesCount":0,"retriesStatusChange":false,"beforeStages":[{"name":"CreateProject [1]","time":{"start":1677600177774,"stop":1677600178226,"duration":452},"status":"passed","steps":[],"attachments":[],"parameters":[],"attachmentsCount":0,"shouldDisplayMessage":false,"hasContent":false,"stepsCount":0},{"name":"CreateAnItem [2]","time":{"start":1677600178226,"stop":1677600178318,"duration":92},"status":"passed","steps":[],"attachments":[],"parameters":[],"attachmentsCount":0,"shouldDisplayMessage":false,"hasContent":false,"stepsCount":0}],"testStage":{"status":"failed","statusMessage":"Timed out after 30 seconds -> no such element: Unable to locate element: {\"method\":\"xpath\",\"selector\":\"//div[@id='ProjectListPlaceHolder']//td[text()='NotImportant']\"}\n  (Session info: chrome=109.0.5414.119)","statusTrace":"OpenQA.Selenium.WebDriverTimeoutException: Timed out after 30 seconds\n ---> OpenQA.Selenium.NoSuchElementException: no such element: Unable to locate element: {\"method\":\"xpath\",\"selector\":\"//div[@id='ProjectListPlaceHolder']//td[text()='NotImportant']\"}\n  (Session info: chrome=109.0.5414.119)\n   at OpenQA.Selenium.WebDriver.UnpackAndThrowOnError(Response errorResponse, String commandToExecute)\n   at OpenQA.Selenium.WebDriver.Execute(String driverCommandToExecute, Dictionary`2 parameters)\n   at OpenQA.Selenium.WebDriver.FindElement(String mechanism, String value)\n   at OpenQA.Selenium.By.<.ctor>b__11_0(ISearchContext context)\n   at OpenQA.Selenium.By.FindElement(ISearchContext context)\n   at OpenQA.Selenium.WebDriver.FindElement(By by)\n   at SeleniumExtras.WaitHelpers.ExpectedConditions.<>c__DisplayClass6_0.<ElementExists>b__0(IWebDriver driver)\n   at OpenQA.Selenium.Support.UI.DefaultWait`1.Until[TResult](Func`2 condition, CancellationToken token)\n   --- End of inner exception stack trace ---\n   at OpenQA.Selenium.Support.UI.DefaultWait`1.ThrowTimeoutException(String exceptionMessage, Exception lastException)\n   at OpenQA.Selenium.Support.UI.DefaultWait`1.Until[TResult](Func`2 condition, CancellationToken token)\n   at OpenQA.Selenium.Support.UI.DefaultWait`1.Until[TResult](Func`2 condition)\n   at Todoly.Core.UIElements.Web.BaseWebElement.get_WebElement() in /home/runner/work/GUI-Framework/GUI-Framework/1.Core/UIElements/Web/BaseWebElement.cs:line 37\n   at Todoly.Core.UIElements.Web.Button.Click() in /home/runner/work/GUI-Framework/GUI-Framework/1.Core/UIElements/Web/Button.cs:line 17\n   at Todoly.Tests.UI.Steps.Commons.CommonSteps.Click(String elementName, String locatorArgument, String viewName) in /home/runner/work/GUI-Framework/GUI-Framework/3.Tests/UI/StepDefinitions/CommonStepDefinition.cs:line 69\n   at TechTalk.SpecFlow.Bindings.BindingInvoker.InvokeBinding(IBinding binding, IContextManager contextManager, Object[] arguments, ITestTracer testTracer, TimeSpan& duration)\n   at Allure.SpecFlowPlugin.AllureBindingInvoker.InvokeBinding(IBinding binding, IContextManager contextManager, Object[] arguments, ITestTracer testTracer, TimeSpan& duration)\n   at TechTalk.SpecFlow.Infrastructure.TestExecutionEngine.ExecuteStepMatch(BindingMatch match, Object[] arguments, TimeSpan& duration)\n   at TechTalk.SpecFlow.Infrastructure.TestExecutionEngine.ExecuteStep(IContextManager contextManager, StepInstance stepInstance)","steps":[{"name":"Given  the user is logged in","time":{"start":1677600178318,"stop":1677600182430,"duration":4112},"status":"passed","steps":[],"attachments":[],"parameters":[],"attachmentsCount":0,"shouldDisplayMessage":false,"hasContent":false,"stepsCount":0},{"name":"When  the user clicks on 'Project Button' <NotImportant> at 'Project Component'","time":{"start":1677600182430,"stop":1677600242478,"duration":60048},"status":"failed","steps":[],"attachments":[],"parameters":[],"attachmentsCount":0,"shouldDisplayMessage":false,"hasContent":false,"stepsCount":0},{"name":"And  the user hovers on \"Get Item\" <Clean> at 'Items Component'","time":{"start":1677600242611,"stop":1677600242611,"duration":0},"status":"skipped","steps":[],"attachments":[],"parameters":[],"attachmentsCount":0,"shouldDisplayMessage":false,"hasContent":false,"stepsCount":0},{"name":"And  the user clicks on 'Item DueDate' <Clean> at 'Items Component'","time":{"start":1677600242611,"stop":1677600242611,"duration":0},"status":"skipped","steps":[],"attachments":[],"parameters":[],"attachmentsCount":0,"shouldDisplayMessage":false,"hasContent":false,"stepsCount":0},{"name":"And  inputs \"20 Jun 12:00 PM\" as due date","time":{"start":1677600242611,"stop":1677600242611,"duration":0},"status":"skipped","steps":[],"attachments":[],"parameters":[],"attachmentsCount":0,"shouldDisplayMessage":false,"hasContent":false,"stepsCount":0},{"name":"And  clicks on 2 months \"Clean\"","time":{"start":1677600242611,"stop":1677600242611,"duration":0},"status":"skipped","steps":[],"attachments":[],"parameters":[],"attachmentsCount":0,"shouldDisplayMessage":false,"hasContent":false,"stepsCount":0},{"name":"Then  the \"Clean\" date-tag should be displayed as \"20 Aug 12:00 PM\"","time":{"start":1677600242611,"stop":1677600242611,"duration":0},"status":"skipped","steps":[],"attachments":[],"parameters":[],"attachmentsCount":0,"shouldDisplayMessage":false,"hasContent":false,"stepsCount":0}],"attachments":[{"uid":"ee6ee6705dd3579f","name":"Failed test screenshot","source":"ee6ee6705dd3579f.png","type":"application/png","size":56115}],"parameters":[],"attachmentsCount":1,"shouldDisplayMessage":true,"hasContent":true,"stepsCount":7},"afterStages":[{"name":"RemoveProjects [10000]","time":{"start":1677600242612,"stop":1677600243751,"duration":1139},"status":"passed","steps":[],"attachments":[],"parameters":[],"attachmentsCount":0,"shouldDisplayMessage":false,"hasContent":false,"stepsCount":0},{"name":"CaptureScreenshot [10000]","time":{"start":1677600243751,"stop":1677600243995,"duration":244},"status":"passed","steps":[],"attachments":[],"parameters":[],"attachmentsCount":0,"shouldDisplayMessage":false,"hasContent":false,"stepsCount":0},{"name":"SessionDisposal [10000]","time":{"start":1677600243995,"stop":1677600243995,"duration":0},"status":"passed","steps":[],"attachments":[],"parameters":[],"attachmentsCount":0,"shouldDisplayMessage":false,"hasContent":false,"stepsCount":0}],"labels":[{"name":"thread","value":"NonParallelWorker"},{"name":"host","value":"fv-az411-35"},{"name":"feature","value":"Item Due Date"},{"name":"tag","value":"Jorge"},{"name":"tag","value":"Smoke"},{"name":"tag","value":"Regression"},{"name":"tag","value":"create.project.NotImportant"},{"name":"tag","value":"delete.projects"},{"name":"tag","value":"create.item.Clean"},{"name":"tag","value":"Due_Date_Item"},{"name":"resultFormat","value":"allure2"}],"parameters":[{"name":"DateTag","value":"20 Aug 12:00 PM"},{"name":"Postpone","value":"2 months"}],"links":[],"hidden":false,"retry":false,"extra":{"severity":"normal","retries":[],"categories":[{"name":"Product defects","matchedStatuses":[],"flaky":false}],"tags":["Regression","Due_Date_Item","Smoke","Jorge","create.item.Clean","create.project.NotImportant","delete.projects"]},"source":"a60443dc45ac6f13.json","parameterValues":["20 Aug 12:00 PM","2 months"]}