{"uid":"311a4ecee4045f18","name":"Check if item appear on given section","fullName":"Check if item appear on given section","historyId":"Check if item appear on given section454141176","time":{"start":1677728245182,"stop":1677728285982,"duration":40800},"status":"failed","statusMessage":"Timed out after 30 seconds -> no such element: Unable to locate element: {\"method\":\"xpath\",\"selector\":\"//div[@id='FilterItemProjectDiv' and text()='Errands']\"}\n  (Session info: chrome=109.0.5414.119)","statusTrace":"OpenQA.Selenium.WebDriverTimeoutException: Timed out after 30 seconds\n ---> OpenQA.Selenium.NoSuchElementException: no such element: Unable to locate element: {\"method\":\"xpath\",\"selector\":\"//div[@id='FilterItemProjectDiv' and text()='Errands']\"}\n  (Session info: chrome=109.0.5414.119)\n   at OpenQA.Selenium.WebDriver.UnpackAndThrowOnError(Response errorResponse, String commandToExecute)\n   at OpenQA.Selenium.WebDriver.Execute(String driverCommandToExecute, Dictionary`2 parameters)\n   at OpenQA.Selenium.WebDriver.FindElement(String mechanism, String value)\n   at OpenQA.Selenium.By.<.ctor>b__11_0(ISearchContext context)\n   at OpenQA.Selenium.By.FindElement(ISearchContext context)\n   at OpenQA.Selenium.WebDriver.FindElement(By by)\n   at SeleniumExtras.WaitHelpers.ExpectedConditions.<>c__DisplayClass7_0.<ElementIsVisible>b__0(IWebDriver driver)\n   at OpenQA.Selenium.Support.UI.DefaultWait`1.Until[TResult](Func`2 condition, CancellationToken token)\n   --- End of inner exception stack trace ---\n   at OpenQA.Selenium.Support.UI.DefaultWait`1.ThrowTimeoutException(String exceptionMessage, Exception lastException)\n   at OpenQA.Selenium.Support.UI.DefaultWait`1.Until[TResult](Func`2 condition, CancellationToken token)\n   at OpenQA.Selenium.Support.UI.DefaultWait`1.Until[TResult](Func`2 condition)\n   at CallSite.Target(Closure , CallSite , WebDriverWait , Object )\n   at System.Dynamic.UpdateDelegates.UpdateAndExecuteVoid2[T0,T1](CallSite site, T0 arg0, T1 arg1)\n   at SeleniumTest.Tests.Steps.Items.DueDateStepDefinitions.DisplayedInSection(String itemName, String projectName, String sectionName) in /home/sch/actions-runner/_work/GUI-Framework/GUI-Framework/3.Tests/UI/StepDefinitions/Item/DueDateStepDefinition.cs:line 73\n   at TechTalk.SpecFlow.Bindings.BindingInvoker.InvokeBinding(IBinding binding, IContextManager contextManager, Object[] arguments, ITestTracer testTracer, TimeSpan& duration)\n   at Allure.SpecFlowPlugin.AllureBindingInvoker.InvokeBinding(IBinding binding, IContextManager contextManager, Object[] arguments, ITestTracer testTracer, TimeSpan& duration)\n   at TechTalk.SpecFlow.Infrastructure.TestExecutionEngine.ExecuteStepMatch(BindingMatch match, Object[] arguments, TimeSpan& duration)\n   at TechTalk.SpecFlow.Infrastructure.TestExecutionEngine.ExecuteStep(IContextManager contextManager, StepInstance stepInstance)","flaky":false,"newFailed":false,"newBroken":false,"newPassed":false,"retriesCount":0,"retriesStatusChange":false,"beforeStages":[{"name":"BeforeFeature [10000]","time":{"start":1677728243705,"stop":1677728243774,"duration":69},"status":"passed","steps":[],"attachments":[],"parameters":[],"stepsCount":0,"attachmentsCount":0,"shouldDisplayMessage":false,"hasContent":false},{"name":"CreateProject [1]","time":{"start":1677728243788,"stop":1677728244968,"duration":1180},"status":"passed","steps":[],"attachments":[],"parameters":[],"stepsCount":0,"attachmentsCount":0,"shouldDisplayMessage":false,"hasContent":false},{"name":"CreateItems [2]","time":{"start":1677728244968,"stop":1677728245170,"duration":202},"status":"passed","steps":[],"attachments":[],"parameters":[],"stepsCount":0,"attachmentsCount":0,"shouldDisplayMessage":false,"hasContent":false},{"name":"BeforeScenario [10000]","time":{"start":1677728245170,"stop":1677728245171,"duration":1},"status":"passed","steps":[],"attachments":[],"parameters":[],"stepsCount":0,"attachmentsCount":0,"shouldDisplayMessage":false,"hasContent":false}],"testStage":{"status":"failed","statusMessage":"Timed out after 30 seconds -> no such element: Unable to locate element: {\"method\":\"xpath\",\"selector\":\"//div[@id='FilterItemProjectDiv' and text()='Errands']\"}\n  (Session info: chrome=109.0.5414.119)","statusTrace":"OpenQA.Selenium.WebDriverTimeoutException: Timed out after 30 seconds\n ---> OpenQA.Selenium.NoSuchElementException: no such element: Unable to locate element: {\"method\":\"xpath\",\"selector\":\"//div[@id='FilterItemProjectDiv' and text()='Errands']\"}\n  (Session info: chrome=109.0.5414.119)\n   at OpenQA.Selenium.WebDriver.UnpackAndThrowOnError(Response errorResponse, String commandToExecute)\n   at OpenQA.Selenium.WebDriver.Execute(String driverCommandToExecute, Dictionary`2 parameters)\n   at OpenQA.Selenium.WebDriver.FindElement(String mechanism, String value)\n   at OpenQA.Selenium.By.<.ctor>b__11_0(ISearchContext context)\n   at OpenQA.Selenium.By.FindElement(ISearchContext context)\n   at OpenQA.Selenium.WebDriver.FindElement(By by)\n   at SeleniumExtras.WaitHelpers.ExpectedConditions.<>c__DisplayClass7_0.<ElementIsVisible>b__0(IWebDriver driver)\n   at OpenQA.Selenium.Support.UI.DefaultWait`1.Until[TResult](Func`2 condition, CancellationToken token)\n   --- End of inner exception stack trace ---\n   at OpenQA.Selenium.Support.UI.DefaultWait`1.ThrowTimeoutException(String exceptionMessage, Exception lastException)\n   at OpenQA.Selenium.Support.UI.DefaultWait`1.Until[TResult](Func`2 condition, CancellationToken token)\n   at OpenQA.Selenium.Support.UI.DefaultWait`1.Until[TResult](Func`2 condition)\n   at CallSite.Target(Closure , CallSite , WebDriverWait , Object )\n   at System.Dynamic.UpdateDelegates.UpdateAndExecuteVoid2[T0,T1](CallSite site, T0 arg0, T1 arg1)\n   at SeleniumTest.Tests.Steps.Items.DueDateStepDefinitions.DisplayedInSection(String itemName, String projectName, String sectionName) in /home/sch/actions-runner/_work/GUI-Framework/GUI-Framework/3.Tests/UI/StepDefinitions/Item/DueDateStepDefinition.cs:line 73\n   at TechTalk.SpecFlow.Bindings.BindingInvoker.InvokeBinding(IBinding binding, IContextManager contextManager, Object[] arguments, ITestTracer testTracer, TimeSpan& duration)\n   at Allure.SpecFlowPlugin.AllureBindingInvoker.InvokeBinding(IBinding binding, IContextManager contextManager, Object[] arguments, ITestTracer testTracer, TimeSpan& duration)\n   at TechTalk.SpecFlow.Infrastructure.TestExecutionEngine.ExecuteStepMatch(BindingMatch match, Object[] arguments, TimeSpan& duration)\n   at TechTalk.SpecFlow.Infrastructure.TestExecutionEngine.ExecuteStep(IContextManager contextManager, StepInstance stepInstance)","steps":[{"name":"Given  the user is logged in","time":{"start":1677728245190,"stop":1677728252736,"duration":7546},"status":"passed","steps":[],"attachments":[],"parameters":[],"stepsCount":0,"attachmentsCount":0,"shouldDisplayMessage":false,"hasContent":false},{"name":"When  the user clicks on 'Project Button' <Errands> at 'Project Component'","time":{"start":1677728252738,"stop":1677728252909,"duration":171},"status":"passed","steps":[],"attachments":[],"parameters":[],"stepsCount":0,"attachmentsCount":0,"shouldDisplayMessage":false,"hasContent":false},{"name":"And  the user hovers on \"Get Item\" <GoToGym> at 'Items Component'","time":{"start":1677728252909,"stop":1677728253505,"duration":596},"status":"passed","steps":[],"attachments":[],"parameters":[],"stepsCount":0,"attachmentsCount":0,"shouldDisplayMessage":false,"hasContent":false},{"name":"And  the user clicks on 'Item DueDate' <GoToGym> at 'Items Component'","time":{"start":1677728253506,"stop":1677728253788,"duration":282},"status":"passed","steps":[],"attachments":[],"parameters":[],"stepsCount":0,"attachmentsCount":0,"shouldDisplayMessage":false,"hasContent":false},{"name":"And  inputs \"Today\" as due date","time":{"start":1677728253789,"stop":1677728254513,"duration":724},"status":"passed","steps":[],"attachments":[],"parameters":[],"stepsCount":0,"attachmentsCount":0,"shouldDisplayMessage":false,"hasContent":false},{"name":"Then  the \"GoToGym\" in \"Errands\" should be displayed in \"Today\" section","time":{"start":1677728254516,"stop":1677728285853,"duration":31337},"status":"failed","steps":[],"attachments":[],"parameters":[],"stepsCount":0,"attachmentsCount":0,"shouldDisplayMessage":false,"hasContent":false}],"attachments":[{"uid":"b4c7b711df9c446f","name":"Failed test screenshot","source":"b4c7b711df9c446f.png","type":"application/png","size":59730}],"parameters":[],"stepsCount":6,"attachmentsCount":1,"shouldDisplayMessage":true,"hasContent":true},"afterStages":[{"name":"RemoveProjects [10000]","time":{"start":1677728285983,"stop":1677728286931,"duration":948},"status":"passed","steps":[],"attachments":[],"parameters":[],"stepsCount":0,"attachmentsCount":0,"shouldDisplayMessage":false,"hasContent":false},{"name":"CaptureScreenshot [10000]","time":{"start":1677728286931,"stop":1677728287162,"duration":231},"status":"passed","steps":[],"attachments":[],"parameters":[],"stepsCount":0,"attachmentsCount":0,"shouldDisplayMessage":false,"hasContent":false},{"name":"SessionDisposal [10000]","time":{"start":1677728287162,"stop":1677728287166,"duration":4},"status":"passed","steps":[],"attachments":[],"parameters":[],"stepsCount":0,"attachmentsCount":0,"shouldDisplayMessage":false,"hasContent":false},{"name":"AfterFeature [10000]","time":{"start":1677728516243,"stop":1677728516244,"duration":1},"status":"passed","steps":[],"attachments":[],"parameters":[],"stepsCount":0,"attachmentsCount":0,"shouldDisplayMessage":false,"hasContent":false}],"labels":[{"name":"thread","value":"NonParallelWorker"},{"name":"host","value":"sch"},{"name":"feature","value":"Item Due Date"},{"name":"tag","value":"Smoke"},{"name":"tag","value":"Regression"},{"name":"tag","value":"create.project.Errands"},{"name":"tag","value":"delete.projects"},{"name":"tag","value":"create.item.GoToGym"},{"name":"tag","value":"Due_Date_Item"},{"name":"resultFormat","value":"allure2"}],"parameters":[{"name":"Date","value":"Today"},{"name":"When","value":"Today"}],"links":[],"hidden":false,"retry":false,"extra":{"severity":"normal","retries":[],"categories":[{"name":"Product defects","matchedStatuses":[],"flaky":false}],"history":{"statistic":{"failed":5,"broken":0,"skipped":0,"passed":2,"unknown":0,"total":7},"items":[{"uid":"3b7b7d0f8be0c2e7","reportUrl":"https://BC-LT-02.github.io/GUI-Framework/732//#testresult/3b7b7d0f8be0c2e7","status":"failed","statusDetails":"Timed out after 30 seconds -> no such element: Unable to locate element: {\"method\":\"xpath\",\"selector\":\"//div[@id='FilterItemProjectDiv' and text()='Errands']\"}\n  (Session info: chrome=109.0.5414.119)","time":{"start":1677725909487,"stop":1677725949874,"duration":40387}},{"uid":"29e5561644dd154b","reportUrl":"https://BC-LT-02.github.io/GUI-Framework/730//#testresult/29e5561644dd154b","status":"failed","statusDetails":"Timed out after 30 seconds -> no such element: Unable to locate element: {\"method\":\"xpath\",\"selector\":\"//div[@id='FilterItemProjectDiv' and text()='Errands']\"}\n  (Session info: chrome=109.0.5414.119)","time":{"start":1677725390097,"stop":1677725430265,"duration":40168}},{"uid":"dbaa72787ce30502","reportUrl":"https://BC-LT-02.github.io/GUI-Framework/730//#testresult/dbaa72787ce30502","status":"failed","statusDetails":"Timed out after 30 seconds -> no such element: Unable to locate element: {\"method\":\"xpath\",\"selector\":\"//div[@id='FilterItemProjectDiv' and text()='Errands']\"}\n  (Session info: chrome=109.0.5414.119)","time":{"start":1677724425100,"stop":1677724465187,"duration":40087}},{"uid":"bf103dc5de6704d","reportUrl":"https://BC-LT-02.github.io/GUI-Framework/729//#testresult/bf103dc5de6704d","status":"passed","time":{"start":1677713950581,"stop":1677713960213,"duration":9632}},{"uid":"61b5840ddcd8a4aa","reportUrl":"https://BC-LT-02.github.io/GUI-Framework/728//#testresult/61b5840ddcd8a4aa","status":"passed","time":{"start":1677712598306,"stop":1677712608619,"duration":10313}},{"uid":"1b4413f0133b61df","reportUrl":"https://BC-LT-02.github.io/GUI-Framework/727//#testresult/1b4413f0133b61df","status":"failed","statusDetails":"Timed out after 30 seconds -> no such element: Unable to locate element: {\"method\":\"xpath\",\"selector\":\"//div[@id='ItemListPlaceHolder']//div[text()='asd']/ancestor::tr/td/img[contains(@class, 'handle')]\"}\n  (Session info: chrome=109.0.5414.119)","time":{"start":1677709965403,"stop":1677710005679,"duration":40276}}]},"tags":["Regression","Due_Date_Item","Smoke","create.item.GoToGym","create.project.Errands","delete.projects"]},"source":"311a4ecee4045f18.json","parameterValues":["Today","Today"]}