{"uid":"233280b9928116c1","name":"Create an Item Successfully","fullName":"Create an Item Successfully","historyId":"Create an Item Successfully","time":{"start":1677570654545,"stop":1677570654547,"duration":2},"status":"broken","statusMessage":"Error specifying the driver","statusTrace":"System.NotImplementedException: Error specifying the driver\n   at Todoly.Core.UIElements.Drivers.WebDriverFactory.GetDriver(String driverType) in /home/runner/work/GUI-Framework/GUI-Framework/1.Core/UIElements/Drivers/WebDriverFactory.cs:line 33\n   at Todoly.Core.UIElements.Drivers.GenericWebDriver.LoadDriver() in /home/runner/work/GUI-Framework/GUI-Framework/1.Core/UIElements/Drivers/GenericWebDriver.cs:line 29\n   at Todoly.Core.UIElements.Drivers.GenericWebDriver.get_Instance() in /home/runner/work/GUI-Framework/GUI-Framework/1.Core/UIElements/Drivers/GenericWebDriver.cs:line 11\n   at SeleniumTest.Tests.Hooks.Hooks.CaptureScreenshot() in /home/runner/work/GUI-Framework/GUI-Framework/3.Tests/UI/Hooks/Hooks.cs:line 133\n   at TechTalk.SpecFlow.Bindings.BindingInvoker.InvokeBinding(IBinding binding, IContextManager contextManager, Object[] arguments, ITestTracer testTracer, TimeSpan& duration)\n   at Allure.SpecFlowPlugin.AllureBindingInvoker.InvokeBinding(IBinding binding, IContextManager contextManager, Object[] arguments, ITestTracer testTracer, TimeSpan& duration)","flaky":false,"newFailed":false,"newBroken":false,"newPassed":false,"retriesCount":0,"retriesStatusChange":false,"beforeStages":[{"name":"CreateProject [1]","time":{"start":1677570654360,"stop":1677570654545,"duration":185},"status":"passed","steps":[],"attachments":[],"parameters":[],"stepsCount":0,"attachmentsCount":0,"shouldDisplayMessage":false,"hasContent":false},{"name":"CreateAnItem [2]","time":{"start":1677570654545,"stop":1677570654545,"duration":0},"status":"passed","steps":[],"attachments":[],"parameters":[],"stepsCount":0,"attachmentsCount":0,"shouldDisplayMessage":false,"hasContent":false}],"testStage":{"status":"broken","statusMessage":"Error specifying the driver","statusTrace":"System.NotImplementedException: Error specifying the driver\n   at Todoly.Core.UIElements.Drivers.WebDriverFactory.GetDriver(String driverType) in /home/runner/work/GUI-Framework/GUI-Framework/1.Core/UIElements/Drivers/WebDriverFactory.cs:line 33\n   at Todoly.Core.UIElements.Drivers.GenericWebDriver.LoadDriver() in /home/runner/work/GUI-Framework/GUI-Framework/1.Core/UIElements/Drivers/GenericWebDriver.cs:line 29\n   at Todoly.Core.UIElements.Drivers.GenericWebDriver.get_Instance() in /home/runner/work/GUI-Framework/GUI-Framework/1.Core/UIElements/Drivers/GenericWebDriver.cs:line 11\n   at SeleniumTest.Tests.Hooks.Hooks.CaptureScreenshot() in /home/runner/work/GUI-Framework/GUI-Framework/3.Tests/UI/Hooks/Hooks.cs:line 133\n   at TechTalk.SpecFlow.Bindings.BindingInvoker.InvokeBinding(IBinding binding, IContextManager contextManager, Object[] arguments, ITestTracer testTracer, TimeSpan& duration)\n   at Allure.SpecFlowPlugin.AllureBindingInvoker.InvokeBinding(IBinding binding, IContextManager contextManager, Object[] arguments, ITestTracer testTracer, TimeSpan& duration)","steps":[{"name":"Given  the user is logged in","time":{"start":1677570654545,"stop":1677570654546,"duration":1},"status":"failed","steps":[],"attachments":[],"parameters":[],"stepsCount":0,"attachmentsCount":0,"shouldDisplayMessage":false,"hasContent":false}],"attachments":[],"parameters":[],"stepsCount":1,"attachmentsCount":0,"shouldDisplayMessage":true,"hasContent":true},"afterStages":[{"name":"CaptureScreenshot [10000]","time":{"start":1677570654547,"stop":1677570654547,"duration":0},"status":"broken","steps":[],"attachments":[],"parameters":[],"stepsCount":0,"attachmentsCount":0,"shouldDisplayMessage":false,"hasContent":false}],"labels":[{"name":"thread","value":"NonParallelWorker"},{"name":"host","value":"fv-az493-815"},{"name":"feature","value":"Create an Item in a Project"},{"name":"tag","value":"smoke"},{"name":"tag","value":"create.project.NewProject"},{"name":"resultFormat","value":"allure2"}],"parameters":[],"links":[],"hidden":false,"retry":false,"extra":{"severity":"normal","retries":[],"categories":[{"name":"Test defects","matchedStatuses":[],"flaky":false}],"tags":["smoke","create.project.NewProject"]},"source":"233280b9928116c1.json","parameterValues":[]}