{"uid":"9463926401fe2819","name":"Change a project image","fullName":"Change a project image","historyId":"Change a project image","time":{"start":1677570849922,"stop":1677570849923,"duration":1},"status":"broken","statusMessage":"Error specifying the driver","statusTrace":"System.NotImplementedException: Error specifying the driver\n   at Todoly.Core.UIElements.Drivers.WebDriverFactory.GetDriver(String driverType) in /home/runner/work/GUI-Framework/GUI-Framework/1.Core/UIElements/Drivers/WebDriverFactory.cs:line 33\n   at Todoly.Core.UIElements.Drivers.GenericWebDriver.LoadDriver() in /home/runner/work/GUI-Framework/GUI-Framework/1.Core/UIElements/Drivers/GenericWebDriver.cs:line 29\n   at Todoly.Core.UIElements.Drivers.GenericWebDriver.get_Instance() in /home/runner/work/GUI-Framework/GUI-Framework/1.Core/UIElements/Drivers/GenericWebDriver.cs:line 11\n   at SeleniumTest.Tests.Hooks.Hooks.CaptureScreenshot() in /home/runner/work/GUI-Framework/GUI-Framework/3.Tests/UI/Hooks/Hooks.cs:line 133\n   at TechTalk.SpecFlow.Bindings.BindingInvoker.InvokeBinding(IBinding binding, IContextManager contextManager, Object[] arguments, ITestTracer testTracer, TimeSpan& duration)\n   at Allure.SpecFlowPlugin.AllureBindingInvoker.InvokeBinding(IBinding binding, IContextManager contextManager, Object[] arguments, ITestTracer testTracer, TimeSpan& duration)","flaky":false,"newFailed":false,"newBroken":false,"newPassed":false,"retriesCount":0,"retriesStatusChange":false,"beforeStages":[{"name":"CreateProject [1]","time":{"start":1677570849729,"stop":1677570849921,"duration":192},"status":"passed","steps":[],"attachments":[],"parameters":[],"stepsCount":0,"attachmentsCount":0,"shouldDisplayMessage":false,"hasContent":false},{"name":"CreateAnItem [2]","time":{"start":1677570849921,"stop":1677570849922,"duration":1},"status":"passed","steps":[],"attachments":[],"parameters":[],"stepsCount":0,"attachmentsCount":0,"shouldDisplayMessage":false,"hasContent":false}],"testStage":{"status":"broken","statusMessage":"Error specifying the driver","statusTrace":"System.NotImplementedException: Error specifying the driver\n   at Todoly.Core.UIElements.Drivers.WebDriverFactory.GetDriver(String driverType) in /home/runner/work/GUI-Framework/GUI-Framework/1.Core/UIElements/Drivers/WebDriverFactory.cs:line 33\n   at Todoly.Core.UIElements.Drivers.GenericWebDriver.LoadDriver() in /home/runner/work/GUI-Framework/GUI-Framework/1.Core/UIElements/Drivers/GenericWebDriver.cs:line 29\n   at Todoly.Core.UIElements.Drivers.GenericWebDriver.get_Instance() in /home/runner/work/GUI-Framework/GUI-Framework/1.Core/UIElements/Drivers/GenericWebDriver.cs:line 11\n   at SeleniumTest.Tests.Hooks.Hooks.CaptureScreenshot() in /home/runner/work/GUI-Framework/GUI-Framework/3.Tests/UI/Hooks/Hooks.cs:line 133\n   at TechTalk.SpecFlow.Bindings.BindingInvoker.InvokeBinding(IBinding binding, IContextManager contextManager, Object[] arguments, ITestTracer testTracer, TimeSpan& duration)\n   at Allure.SpecFlowPlugin.AllureBindingInvoker.InvokeBinding(IBinding binding, IContextManager contextManager, Object[] arguments, ITestTracer testTracer, TimeSpan& duration)","steps":[{"name":"Given  the user is logged in","time":{"start":1677570849922,"stop":1677570849922,"duration":0},"status":"failed","steps":[],"attachments":[],"parameters":[],"stepsCount":0,"attachmentsCount":0,"shouldDisplayMessage":false,"hasContent":false}],"attachments":[],"parameters":[],"stepsCount":1,"attachmentsCount":0,"shouldDisplayMessage":true,"hasContent":true},"afterStages":[{"name":"CaptureScreenshot [10000]","time":{"start":1677570849923,"stop":1677570849923,"duration":0},"status":"broken","steps":[],"attachments":[],"parameters":[],"stepsCount":0,"attachmentsCount":0,"shouldDisplayMessage":false,"hasContent":false}],"labels":[{"name":"thread","value":"NonParallelWorker"},{"name":"host","value":"fv-az988-961"},{"name":"feature","value":"Project Image Selection"},{"name":"tag","value":"Regression"},{"name":"tag","value":"create.project.MyProject"},{"name":"resultFormat","value":"allure2"}],"parameters":[],"links":[],"hidden":false,"retry":false,"extra":{"severity":"normal","retries":[],"categories":[{"name":"Test defects","matchedStatuses":[],"flaky":false}],"history":{"statistic":{"failed":0,"broken":2,"skipped":0,"passed":0,"unknown":0,"total":2},"items":[{"uid":"f7f3353c2040a3f","reportUrl":"https://BC-LT-02.github.io/GUI-Framework/618//#testresult/f7f3353c2040a3f","status":"broken","statusDetails":"Error specifying the driver","time":{"start":1677570663032,"stop":1677570663033,"duration":1}}]},"tags":["Regression","create.project.MyProject"]},"source":"9463926401fe2819.json","parameterValues":[]}