{"uid":"b13b1c72f87bbc95","name":"Add a project above","fullName":"Add a project above","historyId":"Add a project above","time":{"start":1677570849331,"stop":1677570849333,"duration":2},"status":"broken","statusMessage":"Error specifying the driver","statusTrace":"System.NotImplementedException: Error specifying the driver\n   at Todoly.Core.UIElements.Drivers.WebDriverFactory.GetDriver(String driverType) in /home/runner/work/GUI-Framework/GUI-Framework/1.Core/UIElements/Drivers/WebDriverFactory.cs:line 33\n   at Todoly.Core.UIElements.Drivers.GenericWebDriver.LoadDriver() in /home/runner/work/GUI-Framework/GUI-Framework/1.Core/UIElements/Drivers/GenericWebDriver.cs:line 29\n   at Todoly.Core.UIElements.Drivers.GenericWebDriver.get_Instance() in /home/runner/work/GUI-Framework/GUI-Framework/1.Core/UIElements/Drivers/GenericWebDriver.cs:line 11\n   at SeleniumTest.Tests.Hooks.Hooks.CaptureScreenshot() in /home/runner/work/GUI-Framework/GUI-Framework/3.Tests/UI/Hooks/Hooks.cs:line 133\n   at TechTalk.SpecFlow.Bindings.BindingInvoker.InvokeBinding(IBinding binding, IContextManager contextManager, Object[] arguments, ITestTracer testTracer, TimeSpan& duration)\n   at Allure.SpecFlowPlugin.AllureBindingInvoker.InvokeBinding(IBinding binding, IContextManager contextManager, Object[] arguments, ITestTracer testTracer, TimeSpan& duration)","flaky":false,"newFailed":false,"newBroken":false,"newPassed":false,"retriesCount":0,"retriesStatusChange":false,"beforeStages":[{"name":"CreateProject [1]","time":{"start":1677570849149,"stop":1677570849331,"duration":182},"status":"passed","steps":[],"attachments":[],"parameters":[],"stepsCount":0,"attachmentsCount":0,"shouldDisplayMessage":false,"hasContent":false},{"name":"CreateAnItem [2]","time":{"start":1677570849331,"stop":1677570849331,"duration":0},"status":"passed","steps":[],"attachments":[],"parameters":[],"stepsCount":0,"attachmentsCount":0,"shouldDisplayMessage":false,"hasContent":false}],"testStage":{"status":"broken","statusMessage":"Error specifying the driver","statusTrace":"System.NotImplementedException: Error specifying the driver\n   at Todoly.Core.UIElements.Drivers.WebDriverFactory.GetDriver(String driverType) in /home/runner/work/GUI-Framework/GUI-Framework/1.Core/UIElements/Drivers/WebDriverFactory.cs:line 33\n   at Todoly.Core.UIElements.Drivers.GenericWebDriver.LoadDriver() in /home/runner/work/GUI-Framework/GUI-Framework/1.Core/UIElements/Drivers/GenericWebDriver.cs:line 29\n   at Todoly.Core.UIElements.Drivers.GenericWebDriver.get_Instance() in /home/runner/work/GUI-Framework/GUI-Framework/1.Core/UIElements/Drivers/GenericWebDriver.cs:line 11\n   at SeleniumTest.Tests.Hooks.Hooks.CaptureScreenshot() in /home/runner/work/GUI-Framework/GUI-Framework/3.Tests/UI/Hooks/Hooks.cs:line 133\n   at TechTalk.SpecFlow.Bindings.BindingInvoker.InvokeBinding(IBinding binding, IContextManager contextManager, Object[] arguments, ITestTracer testTracer, TimeSpan& duration)\n   at Allure.SpecFlowPlugin.AllureBindingInvoker.InvokeBinding(IBinding binding, IContextManager contextManager, Object[] arguments, ITestTracer testTracer, TimeSpan& duration)","steps":[{"name":"Given  the user is logged in","time":{"start":1677570849331,"stop":1677570849332,"duration":1},"status":"failed","steps":[],"attachments":[],"parameters":[],"stepsCount":0,"attachmentsCount":0,"shouldDisplayMessage":false,"hasContent":false}],"attachments":[],"parameters":[],"stepsCount":1,"attachmentsCount":0,"shouldDisplayMessage":true,"hasContent":true},"afterStages":[{"name":"CaptureScreenshot [10000]","time":{"start":1677570849333,"stop":1677570849333,"duration":0},"status":"broken","steps":[],"attachments":[],"parameters":[],"stepsCount":0,"attachmentsCount":0,"shouldDisplayMessage":false,"hasContent":false}],"labels":[{"name":"thread","value":"NonParallelWorker"},{"name":"host","value":"fv-az988-961"},{"name":"feature","value":"Project Creation Above"},{"name":"tag","value":"Regression"},{"name":"tag","value":"create.project.MyProject"},{"name":"resultFormat","value":"allure2"}],"parameters":[],"links":[],"hidden":false,"retry":false,"extra":{"severity":"normal","retries":[],"categories":[{"name":"Test defects","matchedStatuses":[],"flaky":false}],"history":{"statistic":{"failed":0,"broken":2,"skipped":0,"passed":0,"unknown":0,"total":2},"items":[{"uid":"2661a6bee85383ee","reportUrl":"https://BC-LT-02.github.io/GUI-Framework/618//#testresult/2661a6bee85383ee","status":"broken","statusDetails":"Error specifying the driver","time":{"start":1677570662416,"stop":1677570662418,"duration":2}}]},"tags":["Regression","create.project.MyProject"]},"source":"b13b1c72f87bbc95.json","parameterValues":[]}