{"uid":"31b2a4ba8389968e","name":"Drang and drop above another project","fullName":"Drang and drop above another project","historyId":"Drang and drop above another project","time":{"start":1677620220514,"stop":1677620284122,"duration":63608},"status":"failed","statusMessage":"Timed out after 30 seconds -> no such element: Unable to locate element: {\"method\":\"xpath\",\"selector\":\"(//div[@id='ProjectListPlaceHolder']//li)[2]//td[text()='MyProject1']\"}\n  (Session info: chrome=109.0.5414.119)","statusTrace":"OpenQA.Selenium.WebDriverTimeoutException: Timed out after 30 seconds\n ---> OpenQA.Selenium.NoSuchElementException: no such element: Unable to locate element: {\"method\":\"xpath\",\"selector\":\"(//div[@id='ProjectListPlaceHolder']//li)[2]//td[text()='MyProject1']\"}\n  (Session info: chrome=109.0.5414.119)\n   at OpenQA.Selenium.WebDriver.UnpackAndThrowOnError(Response errorResponse, String commandToExecute)\n   at OpenQA.Selenium.WebDriver.Execute(String driverCommandToExecute, Dictionary`2 parameters)\n   at OpenQA.Selenium.WebDriver.FindElement(String mechanism, String value)\n   at OpenQA.Selenium.By.<.ctor>b__11_0(ISearchContext context)\n   at OpenQA.Selenium.By.FindElement(ISearchContext context)\n   at OpenQA.Selenium.WebDriver.FindElement(By by)\n   at SeleniumExtras.WaitHelpers.ExpectedConditions.<>c__DisplayClass6_0.<ElementExists>b__0(IWebDriver driver)\n   at OpenQA.Selenium.Support.UI.DefaultWait`1.Until[TResult](Func`2 condition, CancellationToken token)\n   --- End of inner exception stack trace ---\n   at OpenQA.Selenium.Support.UI.DefaultWait`1.ThrowTimeoutException(String exceptionMessage, Exception lastException)\n   at OpenQA.Selenium.Support.UI.DefaultWait`1.Until[TResult](Func`2 condition, CancellationToken token)\n   at OpenQA.Selenium.Support.UI.DefaultWait`1.Until[TResult](Func`2 condition)\n   at Todoly.Core.UIElements.Web.BaseWebElement.get_WebElement() in /home/runner/work/GUI-Framework/GUI-Framework/1.Core/UIElements/Web/BaseWebElement.cs:line 37\n   at Todoly.Tests.UI.Steps.Commons.CommonSteps.ValidateDisplay(String elementName, String locatorArgument, String display, String viewName) in /home/runner/work/GUI-Framework/GUI-Framework/3.Tests/UI/StepDefinitions/CommonStepDefinition.cs:line 196\n   at TechTalk.SpecFlow.Bindings.BindingInvoker.InvokeBinding(IBinding binding, IContextManager contextManager, Object[] arguments, ITestTracer testTracer, TimeSpan& duration)\n   at Allure.SpecFlowPlugin.AllureBindingInvoker.InvokeBinding(IBinding binding, IContextManager contextManager, Object[] arguments, ITestTracer testTracer, TimeSpan& duration)\n   at TechTalk.SpecFlow.Infrastructure.TestExecutionEngine.ExecuteStepMatch(BindingMatch match, Object[] arguments, TimeSpan& duration)\n   at TechTalk.SpecFlow.Infrastructure.TestExecutionEngine.ExecuteStep(IContextManager contextManager, StepInstance stepInstance)","flaky":false,"newFailed":false,"newBroken":false,"newPassed":false,"retriesCount":0,"retriesStatusChange":false,"beforeStages":[{"name":"CreateProject [1]","time":{"start":1677620220032,"stop":1677620220514,"duration":482},"status":"passed","steps":[],"attachments":[],"parameters":[],"stepsCount":0,"attachmentsCount":0,"shouldDisplayMessage":false,"hasContent":false},{"name":"CreateAnItem [2]","time":{"start":1677620220514,"stop":1677620220514,"duration":0},"status":"passed","steps":[],"attachments":[],"parameters":[],"stepsCount":0,"attachmentsCount":0,"shouldDisplayMessage":false,"hasContent":false}],"testStage":{"status":"failed","statusMessage":"Timed out after 30 seconds -> no such element: Unable to locate element: {\"method\":\"xpath\",\"selector\":\"(//div[@id='ProjectListPlaceHolder']//li)[2]//td[text()='MyProject1']\"}\n  (Session info: chrome=109.0.5414.119)","statusTrace":"OpenQA.Selenium.WebDriverTimeoutException: Timed out after 30 seconds\n ---> OpenQA.Selenium.NoSuchElementException: no such element: Unable to locate element: {\"method\":\"xpath\",\"selector\":\"(//div[@id='ProjectListPlaceHolder']//li)[2]//td[text()='MyProject1']\"}\n  (Session info: chrome=109.0.5414.119)\n   at OpenQA.Selenium.WebDriver.UnpackAndThrowOnError(Response errorResponse, String commandToExecute)\n   at OpenQA.Selenium.WebDriver.Execute(String driverCommandToExecute, Dictionary`2 parameters)\n   at OpenQA.Selenium.WebDriver.FindElement(String mechanism, String value)\n   at OpenQA.Selenium.By.<.ctor>b__11_0(ISearchContext context)\n   at OpenQA.Selenium.By.FindElement(ISearchContext context)\n   at OpenQA.Selenium.WebDriver.FindElement(By by)\n   at SeleniumExtras.WaitHelpers.ExpectedConditions.<>c__DisplayClass6_0.<ElementExists>b__0(IWebDriver driver)\n   at OpenQA.Selenium.Support.UI.DefaultWait`1.Until[TResult](Func`2 condition, CancellationToken token)\n   --- End of inner exception stack trace ---\n   at OpenQA.Selenium.Support.UI.DefaultWait`1.ThrowTimeoutException(String exceptionMessage, Exception lastException)\n   at OpenQA.Selenium.Support.UI.DefaultWait`1.Until[TResult](Func`2 condition, CancellationToken token)\n   at OpenQA.Selenium.Support.UI.DefaultWait`1.Until[TResult](Func`2 condition)\n   at Todoly.Core.UIElements.Web.BaseWebElement.get_WebElement() in /home/runner/work/GUI-Framework/GUI-Framework/1.Core/UIElements/Web/BaseWebElement.cs:line 37\n   at Todoly.Tests.UI.Steps.Commons.CommonSteps.ValidateDisplay(String elementName, String locatorArgument, String display, String viewName) in /home/runner/work/GUI-Framework/GUI-Framework/3.Tests/UI/StepDefinitions/CommonStepDefinition.cs:line 196\n   at TechTalk.SpecFlow.Bindings.BindingInvoker.InvokeBinding(IBinding binding, IContextManager contextManager, Object[] arguments, ITestTracer testTracer, TimeSpan& duration)\n   at Allure.SpecFlowPlugin.AllureBindingInvoker.InvokeBinding(IBinding binding, IContextManager contextManager, Object[] arguments, ITestTracer testTracer, TimeSpan& duration)\n   at TechTalk.SpecFlow.Infrastructure.TestExecutionEngine.ExecuteStepMatch(BindingMatch match, Object[] arguments, TimeSpan& duration)\n   at TechTalk.SpecFlow.Infrastructure.TestExecutionEngine.ExecuteStep(IContextManager contextManager, StepInstance stepInstance)","steps":[{"name":"Given  the user is logged in","time":{"start":1677620220514,"stop":1677620223260,"duration":2746},"status":"passed","steps":[],"attachments":[],"parameters":[],"stepsCount":0,"attachmentsCount":0,"shouldDisplayMessage":false,"hasContent":false},{"name":"When  the user drags and drop 'MyProject2' 'Project Handle' above 'MyProject1' at 'Project Component'","time":{"start":1677620223261,"stop":1677620223963,"duration":702},"status":"passed","steps":[],"attachments":[],"parameters":[],"stepsCount":0,"attachmentsCount":0,"shouldDisplayMessage":false,"hasContent":false},{"name":"Then  the 'Second Project' <MyProject1> should be displayed","time":{"start":1677620223963,"stop":1677620284017,"duration":60054},"status":"failed","steps":[],"attachments":[],"parameters":[],"stepsCount":0,"attachmentsCount":0,"shouldDisplayMessage":false,"hasContent":false}],"attachments":[{"uid":"db695c28709e469e","name":"Failed test screenshot","source":"db695c28709e469e.png","type":"application/png","size":67675}],"parameters":[],"stepsCount":3,"attachmentsCount":1,"shouldDisplayMessage":true,"hasContent":true},"afterStages":[{"name":"CaptureScreenshot [10000]","time":{"start":1677620284122,"stop":1677620284319,"duration":197},"status":"passed","steps":[],"attachments":[],"parameters":[],"stepsCount":0,"attachmentsCount":0,"shouldDisplayMessage":false,"hasContent":false},{"name":"SessionDisposal [10000]","time":{"start":1677620284319,"stop":1677620284319,"duration":0},"status":"passed","steps":[],"attachments":[],"parameters":[],"stepsCount":0,"attachmentsCount":0,"shouldDisplayMessage":false,"hasContent":false}],"labels":[{"name":"thread","value":"NonParallelWorker"},{"name":"host","value":"fv-az244-959"},{"name":"feature","value":"Project Drag and Drop actions"},{"name":"tag","value":"Regression"},{"name":"tag","value":"create.project.MyProject1"},{"name":"tag","value":"create.project.MyProject2"},{"name":"resultFormat","value":"allure2"}],"parameters":[],"links":[],"hidden":false,"retry":false,"extra":{"severity":"normal","retries":[],"categories":[{"name":"Product defects","matchedStatuses":[],"flaky":false}],"history":{"statistic":{"failed":5,"broken":0,"skipped":0,"passed":0,"unknown":0,"total":5},"items":[{"uid":"71c359089ed0d79e","reportUrl":"https://BC-LT-02.github.io/GUI-Framework/655//#testresult/71c359089ed0d79e","status":"failed","statusDetails":"Timed out after 30 seconds -> no such element: Unable to locate element: {\"method\":\"xpath\",\"selector\":\"(//div[@id='ProjectListPlaceHolder']//li)[2]//td[text()='MyProject1']\"}\n  (Session info: chrome=109.0.5414.119)","time":{"start":1677619148971,"stop":1677619213036,"duration":64065}},{"uid":"7dcfc6302fee3358","reportUrl":"https://BC-LT-02.github.io/GUI-Framework/655//#testresult/7dcfc6302fee3358","status":"failed","statusDetails":"Timed out after 30 seconds -> no such element: Unable to locate element: {\"method\":\"xpath\",\"selector\":\"(//div[@id='ProjectListPlaceHolder']//li)[2]//td[text()='MyProject1']\"}\n  (Session info: chrome=109.0.5414.119)","time":{"start":1677607614082,"stop":1677607678774,"duration":64692}},{"uid":"9e4c359b236509c3","reportUrl":"https://BC-LT-02.github.io/GUI-Framework/653//#testresult/9e4c359b236509c3","status":"failed","statusDetails":"Timed out after 30 seconds -> no such element: Unable to locate element: {\"method\":\"xpath\",\"selector\":\"(//div[@id='ProjectListPlaceHolder']//li)[2]//td[text()='MyProject1']\"}\n  (Session info: chrome=109.0.5414.119)","time":{"start":1677605939192,"stop":1677606002715,"duration":63523}},{"uid":"9833baee326fdaff","reportUrl":"https://BC-LT-02.github.io/GUI-Framework/652//#testresult/9833baee326fdaff","status":"failed","statusDetails":"Timed out after 30 seconds -> no such element: Unable to locate element: {\"method\":\"xpath\",\"selector\":\"(//div[@id='ProjectListPlaceHolder']//li)[2]//td[text()='MyProject1']\"}\n  (Session info: chrome=109.0.5414.119)","time":{"start":1677605281331,"stop":1677605345427,"duration":64096}}]},"tags":["create.project.MyProject1","create.project.MyProject2","Regression"]},"source":"31b2a4ba8389968e.json","parameterValues":[]}