{"uid":"5f5cce860010d521","name":"Add a project above","fullName":"Add a project above","historyId":"Add a project above","time":{"start":1677620055485,"stop":1677620118676,"duration":63191},"status":"failed","statusMessage":"Timed out after 30 seconds -> no such element: Unable to locate element: {\"method\":\"xpath\",\"selector\":\"//div[@id='ProjectListPlaceHolder']//td[text()='MyProject']\"}\n  (Session info: chrome=109.0.5414.119)","statusTrace":"OpenQA.Selenium.WebDriverTimeoutException: Timed out after 30 seconds\n ---> OpenQA.Selenium.NoSuchElementException: no such element: Unable to locate element: {\"method\":\"xpath\",\"selector\":\"//div[@id='ProjectListPlaceHolder']//td[text()='MyProject']\"}\n  (Session info: chrome=109.0.5414.119)\n   at OpenQA.Selenium.WebDriver.UnpackAndThrowOnError(Response errorResponse, String commandToExecute)\n   at OpenQA.Selenium.WebDriver.Execute(String driverCommandToExecute, Dictionary`2 parameters)\n   at OpenQA.Selenium.WebDriver.FindElement(String mechanism, String value)\n   at OpenQA.Selenium.By.<.ctor>b__11_0(ISearchContext context)\n   at OpenQA.Selenium.By.FindElement(ISearchContext context)\n   at OpenQA.Selenium.WebDriver.FindElement(By by)\n   at SeleniumExtras.WaitHelpers.ExpectedConditions.<>c__DisplayClass6_0.<ElementExists>b__0(IWebDriver driver)\n   at OpenQA.Selenium.Support.UI.DefaultWait`1.Until[TResult](Func`2 condition, CancellationToken token)\n   --- End of inner exception stack trace ---\n   at OpenQA.Selenium.Support.UI.DefaultWait`1.ThrowTimeoutException(String exceptionMessage, Exception lastException)\n   at OpenQA.Selenium.Support.UI.DefaultWait`1.Until[TResult](Func`2 condition, CancellationToken token)\n   at OpenQA.Selenium.Support.UI.DefaultWait`1.Until[TResult](Func`2 condition)\n   at Todoly.Core.UIElements.Web.BaseWebElement.get_WebElement() in /home/runner/work/GUI-Framework/GUI-Framework/1.Core/UIElements/Web/BaseWebElement.cs:line 37\n   at System.Dynamic.UpdateDelegates.UpdateAndExecute1[T0,TRet](CallSite site, T0 arg0)\n   at Todoly.Tests.UI.Steps.Commons.CommonSteps.OpenContextMenu(String locatorArgument, String viewName) in /home/runner/work/GUI-Framework/GUI-Framework/3.Tests/UI/StepDefinitions/CommonStepDefinition.cs:line 119\n   at TechTalk.SpecFlow.Bindings.BindingInvoker.InvokeBinding(IBinding binding, IContextManager contextManager, Object[] arguments, ITestTracer testTracer, TimeSpan& duration)\n   at Allure.SpecFlowPlugin.AllureBindingInvoker.InvokeBinding(IBinding binding, IContextManager contextManager, Object[] arguments, ITestTracer testTracer, TimeSpan& duration)\n   at TechTalk.SpecFlow.Infrastructure.TestExecutionEngine.ExecuteStepMatch(BindingMatch match, Object[] arguments, TimeSpan& duration)\n   at TechTalk.SpecFlow.Infrastructure.TestExecutionEngine.ExecuteStep(IContextManager contextManager, StepInstance stepInstance)","flaky":true,"newFailed":true,"newBroken":false,"newPassed":false,"retriesCount":0,"retriesStatusChange":false,"beforeStages":[{"name":"CreateProject [1]","time":{"start":1677620055143,"stop":1677620055485,"duration":342},"status":"passed","steps":[],"attachments":[],"parameters":[],"stepsCount":0,"attachmentsCount":0,"shouldDisplayMessage":false,"hasContent":false},{"name":"CreateAnItem [2]","time":{"start":1677620055485,"stop":1677620055485,"duration":0},"status":"passed","steps":[],"attachments":[],"parameters":[],"stepsCount":0,"attachmentsCount":0,"shouldDisplayMessage":false,"hasContent":false}],"testStage":{"status":"failed","statusMessage":"Timed out after 30 seconds -> no such element: Unable to locate element: {\"method\":\"xpath\",\"selector\":\"//div[@id='ProjectListPlaceHolder']//td[text()='MyProject']\"}\n  (Session info: chrome=109.0.5414.119)","statusTrace":"OpenQA.Selenium.WebDriverTimeoutException: Timed out after 30 seconds\n ---> OpenQA.Selenium.NoSuchElementException: no such element: Unable to locate element: {\"method\":\"xpath\",\"selector\":\"//div[@id='ProjectListPlaceHolder']//td[text()='MyProject']\"}\n  (Session info: chrome=109.0.5414.119)\n   at OpenQA.Selenium.WebDriver.UnpackAndThrowOnError(Response errorResponse, String commandToExecute)\n   at OpenQA.Selenium.WebDriver.Execute(String driverCommandToExecute, Dictionary`2 parameters)\n   at OpenQA.Selenium.WebDriver.FindElement(String mechanism, String value)\n   at OpenQA.Selenium.By.<.ctor>b__11_0(ISearchContext context)\n   at OpenQA.Selenium.By.FindElement(ISearchContext context)\n   at OpenQA.Selenium.WebDriver.FindElement(By by)\n   at SeleniumExtras.WaitHelpers.ExpectedConditions.<>c__DisplayClass6_0.<ElementExists>b__0(IWebDriver driver)\n   at OpenQA.Selenium.Support.UI.DefaultWait`1.Until[TResult](Func`2 condition, CancellationToken token)\n   --- End of inner exception stack trace ---\n   at OpenQA.Selenium.Support.UI.DefaultWait`1.ThrowTimeoutException(String exceptionMessage, Exception lastException)\n   at OpenQA.Selenium.Support.UI.DefaultWait`1.Until[TResult](Func`2 condition, CancellationToken token)\n   at OpenQA.Selenium.Support.UI.DefaultWait`1.Until[TResult](Func`2 condition)\n   at Todoly.Core.UIElements.Web.BaseWebElement.get_WebElement() in /home/runner/work/GUI-Framework/GUI-Framework/1.Core/UIElements/Web/BaseWebElement.cs:line 37\n   at System.Dynamic.UpdateDelegates.UpdateAndExecute1[T0,TRet](CallSite site, T0 arg0)\n   at Todoly.Tests.UI.Steps.Commons.CommonSteps.OpenContextMenu(String locatorArgument, String viewName) in /home/runner/work/GUI-Framework/GUI-Framework/3.Tests/UI/StepDefinitions/CommonStepDefinition.cs:line 119\n   at TechTalk.SpecFlow.Bindings.BindingInvoker.InvokeBinding(IBinding binding, IContextManager contextManager, Object[] arguments, ITestTracer testTracer, TimeSpan& duration)\n   at Allure.SpecFlowPlugin.AllureBindingInvoker.InvokeBinding(IBinding binding, IContextManager contextManager, Object[] arguments, ITestTracer testTracer, TimeSpan& duration)\n   at TechTalk.SpecFlow.Infrastructure.TestExecutionEngine.ExecuteStepMatch(BindingMatch match, Object[] arguments, TimeSpan& duration)\n   at TechTalk.SpecFlow.Infrastructure.TestExecutionEngine.ExecuteStep(IContextManager contextManager, StepInstance stepInstance)","steps":[{"name":"Given  the user is logged in","time":{"start":1677620055486,"stop":1677620058487,"duration":3001},"status":"passed","steps":[],"attachments":[],"parameters":[],"stepsCount":0,"attachmentsCount":0,"shouldDisplayMessage":false,"hasContent":false},{"name":"When  the user opens the Project Context Menu on <MyProject> at 'Project Component'","time":{"start":1677620058487,"stop":1677620118582,"duration":60095},"status":"failed","steps":[],"attachments":[],"parameters":[],"stepsCount":0,"attachmentsCount":0,"shouldDisplayMessage":false,"hasContent":false},{"name":"And  clicks on 'Add item above' on the Project Context Menu","time":{"start":1677620118675,"stop":1677620118675,"duration":0},"status":"skipped","steps":[],"attachments":[],"parameters":[],"stepsCount":0,"attachmentsCount":0,"shouldDisplayMessage":false,"hasContent":false},{"name":"And  types \"My New Project Name\" on 'Edit Project Input'","time":{"start":1677620118675,"stop":1677620118675,"duration":0},"status":"skipped","steps":[],"attachments":[],"parameters":[],"stepsCount":0,"attachmentsCount":0,"shouldDisplayMessage":false,"hasContent":false},{"name":"And  clicks on 'Save Edit Project'","time":{"start":1677620118675,"stop":1677620118675,"duration":0},"status":"skipped","steps":[],"attachments":[],"parameters":[],"stepsCount":0,"attachmentsCount":0,"shouldDisplayMessage":false,"hasContent":false},{"name":"Then  the 'Project Button' <My New Project Name> should be displayed","time":{"start":1677620118675,"stop":1677620118675,"duration":0},"status":"skipped","steps":[],"attachments":[],"parameters":[],"stepsCount":0,"attachmentsCount":0,"shouldDisplayMessage":false,"hasContent":false}],"attachments":[{"uid":"a41c980f304937e6","name":"Failed test screenshot","source":"a41c980f304937e6.png","type":"application/png","size":56834}],"parameters":[],"stepsCount":6,"attachmentsCount":1,"shouldDisplayMessage":true,"hasContent":true},"afterStages":[{"name":"CaptureScreenshot [10000]","time":{"start":1677620118676,"stop":1677620118874,"duration":198},"status":"passed","steps":[],"attachments":[],"parameters":[],"stepsCount":0,"attachmentsCount":0,"shouldDisplayMessage":false,"hasContent":false},{"name":"SessionDisposal [10000]","time":{"start":1677620118874,"stop":1677620118874,"duration":0},"status":"passed","steps":[],"attachments":[],"parameters":[],"stepsCount":0,"attachmentsCount":0,"shouldDisplayMessage":false,"hasContent":false}],"labels":[{"name":"thread","value":"NonParallelWorker"},{"name":"host","value":"fv-az244-959"},{"name":"feature","value":"Project Creation Above and Below"},{"name":"tag","value":"Regression"},{"name":"tag","value":"create.project.MyProject"},{"name":"resultFormat","value":"allure2"}],"parameters":[],"links":[],"hidden":false,"retry":false,"extra":{"severity":"normal","retries":[],"categories":[{"name":"Product defects","matchedStatuses":[],"flaky":false}],"history":{"statistic":{"failed":2,"broken":8,"skipped":0,"passed":35,"unknown":0,"total":45},"items":[{"uid":"a5124f0a66b68db7","reportUrl":"https://BC-LT-02.github.io/GUI-Framework/671//#testresult/a5124f0a66b68db7","status":"passed","time":{"start":1677619457146,"stop":1677619460652,"duration":3506}},{"uid":"bc8f7e9dc4fc8cb4","reportUrl":"https://BC-LT-02.github.io/GUI-Framework/672//#testresult/bc8f7e9dc4fc8cb4","status":"failed","statusDetails":"Timed out after 30 seconds -> no such element: Unable to locate element: {\"method\":\"xpath\",\"selector\":\"//div[@id='ProjectListPlaceHolder']//td[text()='MyProject']\"}\n  (Session info: chrome=109.0.5414.119)","time":{"start":1677619239075,"stop":1677619302434,"duration":63359}},{"uid":"2fddd26b55700974","reportUrl":"https://BC-LT-02.github.io/GUI-Framework/655//#testresult/2fddd26b55700974","status":"passed","time":{"start":1677619100112,"stop":1677619104895,"duration":4783}},{"uid":"6befdcc235c6e28f","reportUrl":"https://BC-LT-02.github.io/GUI-Framework/5//#testresult/6befdcc235c6e28f","status":"passed","time":{"start":1677618737029,"stop":1677618740245,"duration":3216}},{"uid":"4e2299b1864cef2e","reportUrl":"https://BC-LT-02.github.io/GUI-Framework/671//#testresult/4e2299b1864cef2e","status":"broken","statusDetails":"An unknown exception was encountered sending an HTTP request to the remote WebDriver server for URL http://localhost:4444/session/35bc8fc69ed971ff26706ee1eb7ca697/screenshot. The exception message was: Connection refused (localhost:4444) -> Connection refused (localhost:4444) -> Connection refused","time":{"start":1677618680255,"stop":1677618680260,"duration":5}},{"uid":"475b75eeb3ab7a5d","reportUrl":"https://BC-LT-02.github.io/GUI-Framework/670//#testresult/475b75eeb3ab7a5d","status":"passed","time":{"start":1677618069489,"stop":1677618073347,"duration":3858}},{"uid":"7827c72932464e46","reportUrl":"https://BC-LT-02.github.io/GUI-Framework/669//#testresult/7827c72932464e46","status":"passed","time":{"start":1677617140667,"stop":1677617144203,"duration":3536}},{"uid":"a3f2bfa9e3b05857","reportUrl":"https://BC-LT-02.github.io/GUI-Framework/669//#testresult/a3f2bfa9e3b05857","status":"passed","time":{"start":1677616175849,"stop":1677616180413,"duration":4564}},{"uid":"4171b09d3f45f01c","reportUrl":"https://BC-LT-02.github.io/GUI-Framework/668//#testresult/4171b09d3f45f01c","status":"passed","time":{"start":1677616334119,"stop":1677616338684,"duration":4565}},{"uid":"adb7ebcfa243945b","reportUrl":"https://BC-LT-02.github.io/GUI-Framework/668//#testresult/adb7ebcfa243945b","status":"passed","time":{"start":1677615908957,"stop":1677615912767,"duration":3810}},{"uid":"4718b882356f2686","reportUrl":"https://BC-LT-02.github.io/GUI-Framework/667//#testresult/4718b882356f2686","status":"passed","time":{"start":1677614504098,"stop":1677614507961,"duration":3863}},{"uid":"5b57dc291479b18d","reportUrl":"https://BC-LT-02.github.io/GUI-Framework/666//#testresult/5b57dc291479b18d","status":"passed","time":{"start":1677613770150,"stop":1677613775259,"duration":5109}},{"uid":"c0fd0749dede5f0a","reportUrl":"https://BC-LT-02.github.io/GUI-Framework/664//#testresult/c0fd0749dede5f0a","status":"passed","time":{"start":1677613464436,"stop":1677613468354,"duration":3918}},{"uid":"fd9bb654f6d3ec64","reportUrl":"https://BC-LT-02.github.io/GUI-Framework/665//#testresult/fd9bb654f6d3ec64","status":"passed","time":{"start":1677613214617,"stop":1677613218417,"duration":3800}},{"uid":"962e653e53f7037e","reportUrl":"https://BC-LT-02.github.io/GUI-Framework/664//#testresult/962e653e53f7037e","status":"passed","time":{"start":1677612817201,"stop":1677612821037,"duration":3836}},{"uid":"715b38a54c05f203","reportUrl":"https://BC-LT-02.github.io/GUI-Framework/662//#testresult/715b38a54c05f203","status":"passed","time":{"start":1677612164063,"stop":1677612168255,"duration":4192}},{"uid":"3b7958a81e6f0302","reportUrl":"https://BC-LT-02.github.io/GUI-Framework/662//#testresult/3b7958a81e6f0302","status":"passed","time":{"start":1677611675263,"stop":1677611678591,"duration":3328}},{"uid":"9e78d7cd97c42e00","reportUrl":"https://BC-LT-02.github.io/GUI-Framework/661//#testresult/9e78d7cd97c42e00","status":"passed","time":{"start":1677611076114,"stop":1677611080097,"duration":3983}},{"uid":"65920a1ece033aae","reportUrl":"https://BC-LT-02.github.io/GUI-Framework/659//#testresult/65920a1ece033aae","status":"passed","time":{"start":1677610331484,"stop":1677610335304,"duration":3820}},{"uid":"2b3942203f3ed654","reportUrl":"https://BC-LT-02.github.io/GUI-Framework/659//#testresult/2b3942203f3ed654","status":"passed","time":{"start":1677609906546,"stop":1677609909861,"duration":3315}}]},"tags":["Regression","create.project.MyProject"]},"source":"5f5cce860010d521.json","parameterValues":[]}