{"uid":"7df74dc00e6eb0f6","name":"View account settings succesfully","fullName":"View account settings succesfully","historyId":"View account settings succesfully","time":{"start":1677623700308,"stop":1677623763760,"duration":63452},"status":"failed","statusMessage":"Timed out after 30 seconds -> no such element: Unable to locate element: {\"method\":\"xpath\",\"selector\":\"//div[@id='ctl00_HeaderTopControl1_PanelHeaderButtons']//a[text()='Settings']\"}\n  (Session info: chrome=109.0.5414.119)","statusTrace":"OpenQA.Selenium.WebDriverTimeoutException: Timed out after 30 seconds\n ---> OpenQA.Selenium.NoSuchElementException: no such element: Unable to locate element: {\"method\":\"xpath\",\"selector\":\"//div[@id='ctl00_HeaderTopControl1_PanelHeaderButtons']//a[text()='Settings']\"}\n  (Session info: chrome=109.0.5414.119)\n   at OpenQA.Selenium.WebDriver.UnpackAndThrowOnError(Response errorResponse, String commandToExecute)\n   at OpenQA.Selenium.WebDriver.Execute(String driverCommandToExecute, Dictionary`2 parameters)\n   at OpenQA.Selenium.WebDriver.FindElement(String mechanism, String value)\n   at OpenQA.Selenium.By.<.ctor>b__11_0(ISearchContext context)\n   at OpenQA.Selenium.By.FindElement(ISearchContext context)\n   at OpenQA.Selenium.WebDriver.FindElement(By by)\n   at SeleniumExtras.WaitHelpers.ExpectedConditions.<>c__DisplayClass6_0.<ElementExists>b__0(IWebDriver driver)\n   at OpenQA.Selenium.Support.UI.DefaultWait`1.Until[TResult](Func`2 condition, CancellationToken token)\n   --- End of inner exception stack trace ---\n   at OpenQA.Selenium.Support.UI.DefaultWait`1.ThrowTimeoutException(String exceptionMessage, Exception lastException)\n   at OpenQA.Selenium.Support.UI.DefaultWait`1.Until[TResult](Func`2 condition, CancellationToken token)\n   at OpenQA.Selenium.Support.UI.DefaultWait`1.Until[TResult](Func`2 condition)\n   at Todoly.Core.UIElements.Web.BaseWebElement.get_WebElement() in /home/runner/work/GUI-Framework/GUI-Framework/1.Core/UIElements/Web/BaseWebElement.cs:line 37\n   at Todoly.Core.UIElements.Web.Button.Click() in /home/runner/work/GUI-Framework/GUI-Framework/1.Core/UIElements/Web/Button.cs:line 17\n   at Todoly.Tests.UI.Steps.Commons.CommonSteps.Click(String elementName, String viewName) in /home/runner/work/GUI-Framework/GUI-Framework/3.Tests/UI/StepDefinitions/CommonStepDefinition.cs:line 59\n   at TechTalk.SpecFlow.Bindings.BindingInvoker.InvokeBinding(IBinding binding, IContextManager contextManager, Object[] arguments, ITestTracer testTracer, TimeSpan& duration)\n   at Allure.SpecFlowPlugin.AllureBindingInvoker.InvokeBinding(IBinding binding, IContextManager contextManager, Object[] arguments, ITestTracer testTracer, TimeSpan& duration)\n   at TechTalk.SpecFlow.Infrastructure.TestExecutionEngine.ExecuteStepMatch(BindingMatch match, Object[] arguments, TimeSpan& duration)\n   at TechTalk.SpecFlow.Infrastructure.TestExecutionEngine.ExecuteStep(IContextManager contextManager, StepInstance stepInstance)","flaky":false,"newFailed":true,"newBroken":false,"newPassed":false,"retriesCount":0,"retriesStatusChange":false,"beforeStages":[{"name":"CreateProject [1]","time":{"start":1677623700308,"stop":1677623700308,"duration":0},"status":"passed","steps":[],"attachments":[],"parameters":[],"stepsCount":0,"attachmentsCount":0,"shouldDisplayMessage":false,"hasContent":false},{"name":"CreateAnItem [2]","time":{"start":1677623700308,"stop":1677623700308,"duration":0},"status":"passed","steps":[],"attachments":[],"parameters":[],"stepsCount":0,"attachmentsCount":0,"shouldDisplayMessage":false,"hasContent":false}],"testStage":{"status":"failed","statusMessage":"Timed out after 30 seconds -> no such element: Unable to locate element: {\"method\":\"xpath\",\"selector\":\"//div[@id='ctl00_HeaderTopControl1_PanelHeaderButtons']//a[text()='Settings']\"}\n  (Session info: chrome=109.0.5414.119)","statusTrace":"OpenQA.Selenium.WebDriverTimeoutException: Timed out after 30 seconds\n ---> OpenQA.Selenium.NoSuchElementException: no such element: Unable to locate element: {\"method\":\"xpath\",\"selector\":\"//div[@id='ctl00_HeaderTopControl1_PanelHeaderButtons']//a[text()='Settings']\"}\n  (Session info: chrome=109.0.5414.119)\n   at OpenQA.Selenium.WebDriver.UnpackAndThrowOnError(Response errorResponse, String commandToExecute)\n   at OpenQA.Selenium.WebDriver.Execute(String driverCommandToExecute, Dictionary`2 parameters)\n   at OpenQA.Selenium.WebDriver.FindElement(String mechanism, String value)\n   at OpenQA.Selenium.By.<.ctor>b__11_0(ISearchContext context)\n   at OpenQA.Selenium.By.FindElement(ISearchContext context)\n   at OpenQA.Selenium.WebDriver.FindElement(By by)\n   at SeleniumExtras.WaitHelpers.ExpectedConditions.<>c__DisplayClass6_0.<ElementExists>b__0(IWebDriver driver)\n   at OpenQA.Selenium.Support.UI.DefaultWait`1.Until[TResult](Func`2 condition, CancellationToken token)\n   --- End of inner exception stack trace ---\n   at OpenQA.Selenium.Support.UI.DefaultWait`1.ThrowTimeoutException(String exceptionMessage, Exception lastException)\n   at OpenQA.Selenium.Support.UI.DefaultWait`1.Until[TResult](Func`2 condition, CancellationToken token)\n   at OpenQA.Selenium.Support.UI.DefaultWait`1.Until[TResult](Func`2 condition)\n   at Todoly.Core.UIElements.Web.BaseWebElement.get_WebElement() in /home/runner/work/GUI-Framework/GUI-Framework/1.Core/UIElements/Web/BaseWebElement.cs:line 37\n   at Todoly.Core.UIElements.Web.Button.Click() in /home/runner/work/GUI-Framework/GUI-Framework/1.Core/UIElements/Web/Button.cs:line 17\n   at Todoly.Tests.UI.Steps.Commons.CommonSteps.Click(String elementName, String viewName) in /home/runner/work/GUI-Framework/GUI-Framework/3.Tests/UI/StepDefinitions/CommonStepDefinition.cs:line 59\n   at TechTalk.SpecFlow.Bindings.BindingInvoker.InvokeBinding(IBinding binding, IContextManager contextManager, Object[] arguments, ITestTracer testTracer, TimeSpan& duration)\n   at Allure.SpecFlowPlugin.AllureBindingInvoker.InvokeBinding(IBinding binding, IContextManager contextManager, Object[] arguments, ITestTracer testTracer, TimeSpan& duration)\n   at TechTalk.SpecFlow.Infrastructure.TestExecutionEngine.ExecuteStepMatch(BindingMatch match, Object[] arguments, TimeSpan& duration)\n   at TechTalk.SpecFlow.Infrastructure.TestExecutionEngine.ExecuteStep(IContextManager contextManager, StepInstance stepInstance)","steps":[{"name":"Given  the user is logged in","time":{"start":1677623700308,"stop":1677623703539,"duration":3231},"status":"passed","steps":[],"attachments":[],"parameters":[],"stepsCount":0,"attachmentsCount":0,"shouldDisplayMessage":false,"hasContent":false},{"name":"When  the user clicks on 'Settings' at 'Home Page'","time":{"start":1677623703539,"stop":1677623763628,"duration":60089},"status":"failed","steps":[],"attachments":[],"parameters":[],"stepsCount":0,"attachmentsCount":0,"shouldDisplayMessage":false,"hasContent":false},{"name":"And  clicks on 'Account'","time":{"start":1677623763759,"stop":1677623763759,"duration":0},"status":"skipped","steps":[],"attachments":[],"parameters":[],"stepsCount":0,"attachmentsCount":0,"shouldDisplayMessage":false,"hasContent":false},{"name":"Then  the 'Delete Account' should be displayed at 'Home Page'","time":{"start":1677623763759,"stop":1677623763759,"duration":0},"status":"skipped","steps":[],"attachments":[],"parameters":[],"stepsCount":0,"attachmentsCount":0,"shouldDisplayMessage":false,"hasContent":false}],"attachments":[{"uid":"5b7729995bc542c7","name":"Failed test screenshot","source":"5b7729995bc542c7.png","type":"application/png","size":240734}],"parameters":[],"stepsCount":4,"attachmentsCount":1,"shouldDisplayMessage":true,"hasContent":true},"afterStages":[{"name":"CaptureScreenshot [10000]","time":{"start":1677623763760,"stop":1677623763995,"duration":235},"status":"passed","steps":[],"attachments":[],"parameters":[],"stepsCount":0,"attachmentsCount":0,"shouldDisplayMessage":false,"hasContent":false},{"name":"SessionDisposal [10000]","time":{"start":1677623763995,"stop":1677623763995,"duration":0},"status":"passed","steps":[],"attachments":[],"parameters":[],"stepsCount":0,"attachmentsCount":0,"shouldDisplayMessage":false,"hasContent":false}],"labels":[{"name":"thread","value":"NonParallelWorker"},{"name":"host","value":"fv-az413-723"},{"name":"feature","value":"Settings account view"},{"name":"tag","value":"Regression"},{"name":"resultFormat","value":"allure2"}],"parameters":[],"links":[],"hidden":false,"retry":false,"extra":{"severity":"normal","retries":[],"categories":[{"name":"Product defects","matchedStatuses":[],"flaky":false}],"history":{"statistic":{"failed":2,"broken":8,"skipped":0,"passed":42,"unknown":0,"total":52},"items":[{"uid":"b337f38c9a1c2522","reportUrl":"https://BC-LT-02.github.io/GUI-Framework/675//#testresult/b337f38c9a1c2522","status":"passed","time":{"start":1677623693651,"stop":1677623698029,"duration":4378}},{"uid":"f3aab646c5d2e519","reportUrl":"https://BC-LT-02.github.io/GUI-Framework/672//#testresult/f3aab646c5d2e519","status":"passed","time":{"start":1677622715051,"stop":1677622718153,"duration":3102}},{"uid":"109ae69416dee34d","reportUrl":"https://BC-LT-02.github.io/GUI-Framework/674//#testresult/109ae69416dee34d","status":"passed","time":{"start":1677622022915,"stop":1677622027066,"duration":4151}},{"uid":"e2e2188aca0cf634","reportUrl":"https://BC-LT-02.github.io/GUI-Framework/674//#testresult/e2e2188aca0cf634","status":"passed","time":{"start":1677621242803,"stop":1677621246970,"duration":4167}},{"uid":"c6003c3baff2642e","reportUrl":"https://BC-LT-02.github.io/GUI-Framework/674//#testresult/c6003c3baff2642e","status":"passed","time":{"start":1677620412255,"stop":1677620416112,"duration":3857}},{"uid":"4abc9696b1168e29","reportUrl":"https://BC-LT-02.github.io/GUI-Framework/672//#testresult/4abc9696b1168e29","status":"failed","statusDetails":"Timed out after 30 seconds -> no such element: Unable to locate element: {\"method\":\"xpath\",\"selector\":\"//div[@id='ctl00_HeaderTopControl1_PanelHeaderButtons']//a[text()='Settings']\"}\n  (Session info: chrome=109.0.5414.119)","time":{"start":1677620306134,"stop":1677620369325,"duration":63191}},{"uid":"f3601a07b4b4a400","reportUrl":"https://BC-LT-02.github.io/GUI-Framework/673//#testresult/f3601a07b4b4a400","status":"passed","time":{"start":1677620300645,"stop":1677620304251,"duration":3606}},{"uid":"54cdb62609e31455","reportUrl":"https://BC-LT-02.github.io/GUI-Framework/671//#testresult/54cdb62609e31455","status":"passed","time":{"start":1677619514475,"stop":1677619517686,"duration":3211}},{"uid":"31818cbe4e48319","reportUrl":"https://BC-LT-02.github.io/GUI-Framework/672//#testresult/31818cbe4e48319","status":"passed","time":{"start":1677619451419,"stop":1677619455697,"duration":4278}},{"uid":"35bf5441643e24a5","reportUrl":"https://BC-LT-02.github.io/GUI-Framework/655//#testresult/35bf5441643e24a5","status":"passed","time":{"start":1677619231903,"stop":1677619236133,"duration":4230}},{"uid":"5eeb75cbb136bc3d","reportUrl":"https://BC-LT-02.github.io/GUI-Framework/5//#testresult/5eeb75cbb136bc3d","status":"passed","time":{"start":1677618789844,"stop":1677618792771,"duration":2927}},{"uid":"7bc42993cc5a059e","reportUrl":"https://BC-LT-02.github.io/GUI-Framework/671//#testresult/7bc42993cc5a059e","status":"broken","statusDetails":"An unknown exception was encountered sending an HTTP request to the remote WebDriver server for URL http://localhost:4444/session/35bc8fc69ed971ff26706ee1eb7ca697/screenshot. The exception message was: Connection refused (localhost:4444) -> Connection refused (localhost:4444) -> Connection refused","time":{"start":1677618681602,"stop":1677618681607,"duration":5}},{"uid":"cdb25b76fe3b39ed","reportUrl":"https://BC-LT-02.github.io/GUI-Framework/670//#testresult/cdb25b76fe3b39ed","status":"passed","time":{"start":1677618126662,"stop":1677618130267,"duration":3605}},{"uid":"9a1ebf3c4a9be637","reportUrl":"https://BC-LT-02.github.io/GUI-Framework/669//#testresult/9a1ebf3c4a9be637","status":"passed","time":{"start":1677617196101,"stop":1677617199402,"duration":3301}},{"uid":"fc936184f887826f","reportUrl":"https://BC-LT-02.github.io/GUI-Framework/669//#testresult/fc936184f887826f","status":"passed","time":{"start":1677616357845,"stop":1677616362219,"duration":4374}},{"uid":"d520a49eaac8f038","reportUrl":"https://BC-LT-02.github.io/GUI-Framework/668//#testresult/d520a49eaac8f038","status":"passed","time":{"start":1677616376549,"stop":1677616380793,"duration":4244}},{"uid":"ec6984649f1707f9","reportUrl":"https://BC-LT-02.github.io/GUI-Framework/668//#testresult/ec6984649f1707f9","status":"passed","time":{"start":1677615975580,"stop":1677615979084,"duration":3504}},{"uid":"c6ad4599a7c922c9","reportUrl":"https://BC-LT-02.github.io/GUI-Framework/667//#testresult/c6ad4599a7c922c9","status":"passed","time":{"start":1677614560390,"stop":1677614563880,"duration":3490}},{"uid":"944bcfae705763f1","reportUrl":"https://BC-LT-02.github.io/GUI-Framework/666//#testresult/944bcfae705763f1","status":"passed","time":{"start":1677613815651,"stop":1677613820288,"duration":4637}},{"uid":"b91723a3ba8d8634","reportUrl":"https://BC-LT-02.github.io/GUI-Framework/664//#testresult/b91723a3ba8d8634","status":"passed","time":{"start":1677613522468,"stop":1677613526133,"duration":3665}}]},"tags":["Regression"]},"source":"7df74dc00e6eb0f6.json","parameterValues":[]}