{"uid":"b85a1b441c12bf81","name":"Add a project above","fullName":"Add a project above","historyId":"Add a project above","time":{"start":1677623448547,"stop":1677623512308,"duration":63761},"status":"failed","statusMessage":"Timed out after 30 seconds -> no such element: Unable to locate element: {\"method\":\"xpath\",\"selector\":\"//div[@id='ProjectListPlaceHolder']//td[text()='MyProject']\"}\n  (Session info: chrome=109.0.5414.119)","statusTrace":"OpenQA.Selenium.WebDriverTimeoutException: Timed out after 30 seconds\n ---> OpenQA.Selenium.NoSuchElementException: no such element: Unable to locate element: {\"method\":\"xpath\",\"selector\":\"//div[@id='ProjectListPlaceHolder']//td[text()='MyProject']\"}\n  (Session info: chrome=109.0.5414.119)\n   at OpenQA.Selenium.WebDriver.UnpackAndThrowOnError(Response errorResponse, String commandToExecute)\n   at OpenQA.Selenium.WebDriver.Execute(String driverCommandToExecute, Dictionary`2 parameters)\n   at OpenQA.Selenium.WebDriver.FindElement(String mechanism, String value)\n   at OpenQA.Selenium.By.<.ctor>b__11_0(ISearchContext context)\n   at OpenQA.Selenium.By.FindElement(ISearchContext context)\n   at OpenQA.Selenium.WebDriver.FindElement(By by)\n   at SeleniumExtras.WaitHelpers.ExpectedConditions.<>c__DisplayClass6_0.<ElementExists>b__0(IWebDriver driver)\n   at OpenQA.Selenium.Support.UI.DefaultWait`1.Until[TResult](Func`2 condition, CancellationToken token)\n   --- End of inner exception stack trace ---\n   at OpenQA.Selenium.Support.UI.DefaultWait`1.ThrowTimeoutException(String exceptionMessage, Exception lastException)\n   at OpenQA.Selenium.Support.UI.DefaultWait`1.Until[TResult](Func`2 condition, CancellationToken token)\n   at OpenQA.Selenium.Support.UI.DefaultWait`1.Until[TResult](Func`2 condition)\n   at Todoly.Core.UIElements.Web.BaseWebElement.get_WebElement() in /home/runner/work/GUI-Framework/GUI-Framework/1.Core/UIElements/Web/BaseWebElement.cs:line 37\n   at System.Dynamic.UpdateDelegates.UpdateAndExecute1[T0,TRet](CallSite site, T0 arg0)\n   at Todoly.Tests.UI.Steps.Commons.CommonSteps.OpenContextMenu(String locatorArgument, String viewName) in /home/runner/work/GUI-Framework/GUI-Framework/3.Tests/UI/StepDefinitions/CommonStepDefinition.cs:line 119\n   at TechTalk.SpecFlow.Bindings.BindingInvoker.InvokeBinding(IBinding binding, IContextManager contextManager, Object[] arguments, ITestTracer testTracer, TimeSpan& duration)\n   at Allure.SpecFlowPlugin.AllureBindingInvoker.InvokeBinding(IBinding binding, IContextManager contextManager, Object[] arguments, ITestTracer testTracer, TimeSpan& duration)\n   at TechTalk.SpecFlow.Infrastructure.TestExecutionEngine.ExecuteStepMatch(BindingMatch match, Object[] arguments, TimeSpan& duration)\n   at TechTalk.SpecFlow.Infrastructure.TestExecutionEngine.ExecuteStep(IContextManager contextManager, StepInstance stepInstance)","flaky":false,"newFailed":true,"newBroken":false,"newPassed":false,"retriesCount":0,"retriesStatusChange":false,"beforeStages":[{"name":"CreateProject [1]","time":{"start":1677623448114,"stop":1677623448546,"duration":432},"status":"passed","steps":[],"attachments":[],"parameters":[],"stepsCount":0,"attachmentsCount":0,"shouldDisplayMessage":false,"hasContent":false},{"name":"CreateAnItem [2]","time":{"start":1677623448546,"stop":1677623448546,"duration":0},"status":"passed","steps":[],"attachments":[],"parameters":[],"stepsCount":0,"attachmentsCount":0,"shouldDisplayMessage":false,"hasContent":false}],"testStage":{"status":"failed","statusMessage":"Timed out after 30 seconds -> no such element: Unable to locate element: {\"method\":\"xpath\",\"selector\":\"//div[@id='ProjectListPlaceHolder']//td[text()='MyProject']\"}\n  (Session info: chrome=109.0.5414.119)","statusTrace":"OpenQA.Selenium.WebDriverTimeoutException: Timed out after 30 seconds\n ---> OpenQA.Selenium.NoSuchElementException: no such element: Unable to locate element: {\"method\":\"xpath\",\"selector\":\"//div[@id='ProjectListPlaceHolder']//td[text()='MyProject']\"}\n  (Session info: chrome=109.0.5414.119)\n   at OpenQA.Selenium.WebDriver.UnpackAndThrowOnError(Response errorResponse, String commandToExecute)\n   at OpenQA.Selenium.WebDriver.Execute(String driverCommandToExecute, Dictionary`2 parameters)\n   at OpenQA.Selenium.WebDriver.FindElement(String mechanism, String value)\n   at OpenQA.Selenium.By.<.ctor>b__11_0(ISearchContext context)\n   at OpenQA.Selenium.By.FindElement(ISearchContext context)\n   at OpenQA.Selenium.WebDriver.FindElement(By by)\n   at SeleniumExtras.WaitHelpers.ExpectedConditions.<>c__DisplayClass6_0.<ElementExists>b__0(IWebDriver driver)\n   at OpenQA.Selenium.Support.UI.DefaultWait`1.Until[TResult](Func`2 condition, CancellationToken token)\n   --- End of inner exception stack trace ---\n   at OpenQA.Selenium.Support.UI.DefaultWait`1.ThrowTimeoutException(String exceptionMessage, Exception lastException)\n   at OpenQA.Selenium.Support.UI.DefaultWait`1.Until[TResult](Func`2 condition, CancellationToken token)\n   at OpenQA.Selenium.Support.UI.DefaultWait`1.Until[TResult](Func`2 condition)\n   at Todoly.Core.UIElements.Web.BaseWebElement.get_WebElement() in /home/runner/work/GUI-Framework/GUI-Framework/1.Core/UIElements/Web/BaseWebElement.cs:line 37\n   at System.Dynamic.UpdateDelegates.UpdateAndExecute1[T0,TRet](CallSite site, T0 arg0)\n   at Todoly.Tests.UI.Steps.Commons.CommonSteps.OpenContextMenu(String locatorArgument, String viewName) in /home/runner/work/GUI-Framework/GUI-Framework/3.Tests/UI/StepDefinitions/CommonStepDefinition.cs:line 119\n   at TechTalk.SpecFlow.Bindings.BindingInvoker.InvokeBinding(IBinding binding, IContextManager contextManager, Object[] arguments, ITestTracer testTracer, TimeSpan& duration)\n   at Allure.SpecFlowPlugin.AllureBindingInvoker.InvokeBinding(IBinding binding, IContextManager contextManager, Object[] arguments, ITestTracer testTracer, TimeSpan& duration)\n   at TechTalk.SpecFlow.Infrastructure.TestExecutionEngine.ExecuteStepMatch(BindingMatch match, Object[] arguments, TimeSpan& duration)\n   at TechTalk.SpecFlow.Infrastructure.TestExecutionEngine.ExecuteStep(IContextManager contextManager, StepInstance stepInstance)","steps":[{"name":"Given  the user is logged in","time":{"start":1677623448547,"stop":1677623452085,"duration":3538},"status":"passed","steps":[],"attachments":[],"parameters":[],"stepsCount":0,"attachmentsCount":0,"shouldDisplayMessage":false,"hasContent":false},{"name":"When  the user opens the Project Context Menu on <MyProject> at 'Project Component'","time":{"start":1677623452086,"stop":1677623512210,"duration":60124},"status":"failed","steps":[],"attachments":[],"parameters":[],"stepsCount":0,"attachmentsCount":0,"shouldDisplayMessage":false,"hasContent":false},{"name":"And  clicks on 'Add item above' on the Project Context Menu","time":{"start":1677623512301,"stop":1677623512302,"duration":1},"status":"skipped","steps":[],"attachments":[],"parameters":[],"stepsCount":0,"attachmentsCount":0,"shouldDisplayMessage":false,"hasContent":false},{"name":"And  types \"My New Project Name\" on 'Edit Project Input'","time":{"start":1677623512304,"stop":1677623512305,"duration":1},"status":"skipped","steps":[],"attachments":[],"parameters":[],"stepsCount":0,"attachmentsCount":0,"shouldDisplayMessage":false,"hasContent":false},{"name":"And  clicks on 'Save Edit Project'","time":{"start":1677623512305,"stop":1677623512305,"duration":0},"status":"skipped","steps":[],"attachments":[],"parameters":[],"stepsCount":0,"attachmentsCount":0,"shouldDisplayMessage":false,"hasContent":false},{"name":"Then  the 'Project Button' <My New Project Name> should be displayed","time":{"start":1677623512305,"stop":1677623512305,"duration":0},"status":"skipped","steps":[],"attachments":[],"parameters":[],"stepsCount":0,"attachmentsCount":0,"shouldDisplayMessage":false,"hasContent":false}],"attachments":[{"uid":"8e5f0f948d344913","name":"Failed test screenshot","source":"8e5f0f948d344913.png","type":"application/png","size":56991}],"parameters":[],"stepsCount":6,"attachmentsCount":1,"shouldDisplayMessage":true,"hasContent":true},"afterStages":[{"name":"CaptureScreenshot [10000]","time":{"start":1677623512308,"stop":1677623512490,"duration":182},"status":"passed","steps":[],"attachments":[],"parameters":[],"stepsCount":0,"attachmentsCount":0,"shouldDisplayMessage":false,"hasContent":false},{"name":"SessionDisposal [10000]","time":{"start":1677623512490,"stop":1677623512490,"duration":0},"status":"passed","steps":[],"attachments":[],"parameters":[],"stepsCount":0,"attachmentsCount":0,"shouldDisplayMessage":false,"hasContent":false}],"labels":[{"name":"thread","value":"NonParallelWorker"},{"name":"host","value":"fv-az413-723"},{"name":"feature","value":"Project Creation Above and Below"},{"name":"tag","value":"Regression"},{"name":"tag","value":"create.project.MyProject"},{"name":"resultFormat","value":"allure2"}],"parameters":[],"links":[],"hidden":false,"retry":false,"extra":{"severity":"normal","retries":[],"categories":[{"name":"Product defects","matchedStatuses":[],"flaky":false}],"history":{"statistic":{"failed":3,"broken":8,"skipped":0,"passed":41,"unknown":0,"total":52},"items":[{"uid":"9e61f4fc54d1b34","reportUrl":"https://BC-LT-02.github.io/GUI-Framework/675//#testresult/9e61f4fc54d1b34","status":"passed","time":{"start":1677623630249,"stop":1677623635015,"duration":4766}},{"uid":"dc414370925dfb38","reportUrl":"https://BC-LT-02.github.io/GUI-Framework/672//#testresult/dc414370925dfb38","status":"passed","time":{"start":1677622661850,"stop":1677622665117,"duration":3267}},{"uid":"9b648fe50a701fe","reportUrl":"https://BC-LT-02.github.io/GUI-Framework/674//#testresult/9b648fe50a701fe","status":"passed","time":{"start":1677621961015,"stop":1677621965518,"duration":4503}},{"uid":"b9ba15ac64c1c140","reportUrl":"https://BC-LT-02.github.io/GUI-Framework/674//#testresult/b9ba15ac64c1c140","status":"passed","time":{"start":1677621179621,"stop":1677621184195,"duration":4574}},{"uid":"f4b6ce469b65a9a1","reportUrl":"https://BC-LT-02.github.io/GUI-Framework/674//#testresult/f4b6ce469b65a9a1","status":"passed","time":{"start":1677620352098,"stop":1677620356364,"duration":4266}},{"uid":"5506db789ed3e938","reportUrl":"https://BC-LT-02.github.io/GUI-Framework/672//#testresult/5506db789ed3e938","status":"passed","time":{"start":1677620244712,"stop":1677620249110,"duration":4398}},{"uid":"5f5cce860010d521","reportUrl":"https://BC-LT-02.github.io/GUI-Framework/673//#testresult/5f5cce860010d521","status":"failed","statusDetails":"Timed out after 30 seconds -> no such element: Unable to locate element: {\"method\":\"xpath\",\"selector\":\"//div[@id='ProjectListPlaceHolder']//td[text()='MyProject']\"}\n  (Session info: chrome=109.0.5414.119)","time":{"start":1677620055485,"stop":1677620118676,"duration":63191}},{"uid":"a5124f0a66b68db7","reportUrl":"https://BC-LT-02.github.io/GUI-Framework/671//#testresult/a5124f0a66b68db7","status":"passed","time":{"start":1677619457146,"stop":1677619460652,"duration":3506}},{"uid":"bc8f7e9dc4fc8cb4","reportUrl":"https://BC-LT-02.github.io/GUI-Framework/672//#testresult/bc8f7e9dc4fc8cb4","status":"failed","statusDetails":"Timed out after 30 seconds -> no such element: Unable to locate element: {\"method\":\"xpath\",\"selector\":\"//div[@id='ProjectListPlaceHolder']//td[text()='MyProject']\"}\n  (Session info: chrome=109.0.5414.119)","time":{"start":1677619239075,"stop":1677619302434,"duration":63359}},{"uid":"2fddd26b55700974","reportUrl":"https://BC-LT-02.github.io/GUI-Framework/655//#testresult/2fddd26b55700974","status":"passed","time":{"start":1677619100112,"stop":1677619104895,"duration":4783}},{"uid":"6befdcc235c6e28f","reportUrl":"https://BC-LT-02.github.io/GUI-Framework/5//#testresult/6befdcc235c6e28f","status":"passed","time":{"start":1677618737029,"stop":1677618740245,"duration":3216}},{"uid":"4e2299b1864cef2e","reportUrl":"https://BC-LT-02.github.io/GUI-Framework/671//#testresult/4e2299b1864cef2e","status":"broken","statusDetails":"An unknown exception was encountered sending an HTTP request to the remote WebDriver server for URL http://localhost:4444/session/35bc8fc69ed971ff26706ee1eb7ca697/screenshot. The exception message was: Connection refused (localhost:4444) -> Connection refused (localhost:4444) -> Connection refused","time":{"start":1677618680255,"stop":1677618680260,"duration":5}},{"uid":"475b75eeb3ab7a5d","reportUrl":"https://BC-LT-02.github.io/GUI-Framework/670//#testresult/475b75eeb3ab7a5d","status":"passed","time":{"start":1677618069489,"stop":1677618073347,"duration":3858}},{"uid":"7827c72932464e46","reportUrl":"https://BC-LT-02.github.io/GUI-Framework/669//#testresult/7827c72932464e46","status":"passed","time":{"start":1677617140667,"stop":1677617144203,"duration":3536}},{"uid":"a3f2bfa9e3b05857","reportUrl":"https://BC-LT-02.github.io/GUI-Framework/669//#testresult/a3f2bfa9e3b05857","status":"passed","time":{"start":1677616175849,"stop":1677616180413,"duration":4564}},{"uid":"4171b09d3f45f01c","reportUrl":"https://BC-LT-02.github.io/GUI-Framework/668//#testresult/4171b09d3f45f01c","status":"passed","time":{"start":1677616334119,"stop":1677616338684,"duration":4565}},{"uid":"adb7ebcfa243945b","reportUrl":"https://BC-LT-02.github.io/GUI-Framework/668//#testresult/adb7ebcfa243945b","status":"passed","time":{"start":1677615908957,"stop":1677615912767,"duration":3810}},{"uid":"4718b882356f2686","reportUrl":"https://BC-LT-02.github.io/GUI-Framework/667//#testresult/4718b882356f2686","status":"passed","time":{"start":1677614504098,"stop":1677614507961,"duration":3863}},{"uid":"5b57dc291479b18d","reportUrl":"https://BC-LT-02.github.io/GUI-Framework/666//#testresult/5b57dc291479b18d","status":"passed","time":{"start":1677613770150,"stop":1677613775259,"duration":5109}},{"uid":"c0fd0749dede5f0a","reportUrl":"https://BC-LT-02.github.io/GUI-Framework/664//#testresult/c0fd0749dede5f0a","status":"passed","time":{"start":1677613464436,"stop":1677613468354,"duration":3918}}]},"tags":["Regression","create.project.MyProject"]},"source":"b85a1b441c12bf81.json","parameterValues":[]}