{"uid":"721c101756794660","name":"Update the Due Date of an item succesfully","fullName":"Update the Due Date of an item succesfully","historyId":"Update the Due Date of an item succesfully","time":{"start":1677585236521,"stop":1677585271183,"duration":34662},"status":"failed","statusMessage":"Timed out after 30 seconds","statusTrace":"OpenQA.Selenium.WebDriverTimeoutException: Timed out after 30 seconds\n   at OpenQA.Selenium.Support.UI.DefaultWait`1.ThrowTimeoutException(String exceptionMessage, Exception lastException)\n   at OpenQA.Selenium.Support.UI.DefaultWait`1.Until[TResult](Func`2 condition, CancellationToken token)\n   at OpenQA.Selenium.Support.UI.DefaultWait`1.Until[TResult](Func`2 condition)\n   at CallSite.Target(Closure , CallSite , WebDriverWait , Object )\n   at SeleniumTest.Tests.Steps.Items.DueDateStepDefinitions.VerifyDueDate(String dateTag) in /home/runner/work/GUI-Framework/GUI-Framework/3.Tests/UI/StepDefinitions/Item/DueDateStepDefinition.cs:line 87\n   at TechTalk.SpecFlow.Bindings.BindingInvoker.InvokeBinding(IBinding binding, IContextManager contextManager, Object[] arguments, ITestTracer testTracer, TimeSpan& duration)\n   at Allure.SpecFlowPlugin.AllureBindingInvoker.InvokeBinding(IBinding binding, IContextManager contextManager, Object[] arguments, ITestTracer testTracer, TimeSpan& duration)\n   at TechTalk.SpecFlow.Infrastructure.TestExecutionEngine.ExecuteStepMatch(BindingMatch match, Object[] arguments, TimeSpan& duration)\n   at TechTalk.SpecFlow.Infrastructure.TestExecutionEngine.ExecuteStep(IContextManager contextManager, StepInstance stepInstance)","flaky":false,"newFailed":false,"newBroken":false,"newPassed":false,"retriesCount":0,"retriesStatusChange":false,"beforeStages":[{"name":"CreateProject [1]","time":{"start":1677585235962,"stop":1677585236415,"duration":453},"status":"passed","steps":[],"attachments":[],"parameters":[],"stepsCount":0,"attachmentsCount":0,"shouldDisplayMessage":false,"hasContent":false},{"name":"CreateAnItem [2]","time":{"start":1677585236415,"stop":1677585236521,"duration":106},"status":"passed","steps":[],"attachments":[],"parameters":[],"stepsCount":0,"attachmentsCount":0,"shouldDisplayMessage":false,"hasContent":false}],"testStage":{"status":"failed","statusMessage":"Timed out after 30 seconds","statusTrace":"OpenQA.Selenium.WebDriverTimeoutException: Timed out after 30 seconds\n   at OpenQA.Selenium.Support.UI.DefaultWait`1.ThrowTimeoutException(String exceptionMessage, Exception lastException)\n   at OpenQA.Selenium.Support.UI.DefaultWait`1.Until[TResult](Func`2 condition, CancellationToken token)\n   at OpenQA.Selenium.Support.UI.DefaultWait`1.Until[TResult](Func`2 condition)\n   at CallSite.Target(Closure , CallSite , WebDriverWait , Object )\n   at SeleniumTest.Tests.Steps.Items.DueDateStepDefinitions.VerifyDueDate(String dateTag) in /home/runner/work/GUI-Framework/GUI-Framework/3.Tests/UI/StepDefinitions/Item/DueDateStepDefinition.cs:line 87\n   at TechTalk.SpecFlow.Bindings.BindingInvoker.InvokeBinding(IBinding binding, IContextManager contextManager, Object[] arguments, ITestTracer testTracer, TimeSpan& duration)\n   at Allure.SpecFlowPlugin.AllureBindingInvoker.InvokeBinding(IBinding binding, IContextManager contextManager, Object[] arguments, ITestTracer testTracer, TimeSpan& duration)\n   at TechTalk.SpecFlow.Infrastructure.TestExecutionEngine.ExecuteStepMatch(BindingMatch match, Object[] arguments, TimeSpan& duration)\n   at TechTalk.SpecFlow.Infrastructure.TestExecutionEngine.ExecuteStep(IContextManager contextManager, StepInstance stepInstance)","steps":[{"name":"Given  the user is logged in","time":{"start":1677585236521,"stop":1677585239761,"duration":3240},"status":"passed","steps":[],"attachments":[],"parameters":[],"stepsCount":0,"attachmentsCount":0,"shouldDisplayMessage":false,"hasContent":false},{"name":"When  the user clicks on 'Project Button' <Calendar> at 'Project Component'","time":{"start":1677585239761,"stop":1677585239856,"duration":95},"status":"passed","steps":[],"attachments":[],"parameters":[],"stepsCount":0,"attachmentsCount":0,"shouldDisplayMessage":false,"hasContent":false},{"name":"And  the user clicks on the Set Due Date option","time":{"start":1677585239856,"stop":1677585240461,"duration":605},"status":"passed","steps":[],"attachments":[],"parameters":[],"stepsCount":0,"attachmentsCount":0,"shouldDisplayMessage":false,"hasContent":false},{"name":"And  inputs \"1 Mar 12:00 AM\" as due date","time":{"start":1677585240461,"stop":1677585240890,"duration":429},"status":"passed","steps":[],"attachments":[],"parameters":[],"stepsCount":0,"attachmentsCount":0,"shouldDisplayMessage":false,"hasContent":false},{"name":"Then  the item should be displayed with the \"1 Mar 12:00 AM\" date-tag","time":{"start":1677585240890,"stop":1677585271080,"duration":30190},"status":"failed","steps":[],"attachments":[],"parameters":[],"stepsCount":0,"attachmentsCount":0,"shouldDisplayMessage":false,"hasContent":false}],"attachments":[{"uid":"3ce0210f81778af7","name":"Failed test screenshot","source":"3ce0210f81778af7.png","type":"application/png","size":58785}],"parameters":[],"stepsCount":5,"attachmentsCount":1,"shouldDisplayMessage":true,"hasContent":true},"afterStages":[{"name":"CaptureScreenshot [10000]","time":{"start":1677585271184,"stop":1677585271363,"duration":179},"status":"passed","steps":[],"attachments":[],"parameters":[],"stepsCount":0,"attachmentsCount":0,"shouldDisplayMessage":false,"hasContent":false},{"name":"SessionDisposal [10000]","time":{"start":1677585271363,"stop":1677585271363,"duration":0},"status":"passed","steps":[],"attachments":[],"parameters":[],"stepsCount":0,"attachmentsCount":0,"shouldDisplayMessage":false,"hasContent":false}],"labels":[{"name":"thread","value":"NonParallelWorker"},{"name":"host","value":"fv-az363-155"},{"name":"feature","value":"Item Due Date"},{"name":"tag","value":"Smoke"},{"name":"tag","value":"Regression"},{"name":"tag","value":"create.project.Calendar"},{"name":"tag","value":"create.item.NewItem"},{"name":"tag","value":"Due_Date_Item"},{"name":"resultFormat","value":"allure2"}],"parameters":[],"links":[],"hidden":false,"retry":false,"extra":{"severity":"normal","retries":[],"categories":[{"name":"Product defects","matchedStatuses":[],"flaky":false}],"history":{"statistic":{"failed":3,"broken":3,"skipped":0,"passed":0,"unknown":0,"total":6},"items":[{"uid":"d04b7ca2f05e205","reportUrl":"https://BC-LT-02.github.io/GUI-Framework/621//#testresult/d04b7ca2f05e205","status":"failed","statusDetails":"Timed out after 30 seconds","time":{"start":1677584841816,"stop":1677584875806,"duration":33990}},{"uid":"a65265233fbf0668","reportUrl":"https://BC-LT-02.github.io/GUI-Framework/620//#testresult/a65265233fbf0668","status":"failed","statusDetails":"Timed out after 30 seconds","time":{"start":1677584197951,"stop":1677584232114,"duration":34163}},{"uid":"fc3f8cf1f7d70bec","reportUrl":"https://BC-LT-02.github.io/GUI-Framework/619//#testresult/fc3f8cf1f7d70bec","status":"broken","statusDetails":"Error specifying the driver","time":{"start":1677571323590,"stop":1677571323591,"duration":1}},{"uid":"6ee6fa6c7e1d6214","reportUrl":"https://BC-LT-02.github.io/GUI-Framework/618//#testresult/6ee6fa6c7e1d6214","status":"broken","statusDetails":"Error specifying the driver","time":{"start":1677570846716,"stop":1677570846717,"duration":1}},{"uid":"a369e1a044be4066","reportUrl":"https://BC-LT-02.github.io/GUI-Framework/618//#testresult/a369e1a044be4066","status":"broken","statusDetails":"Error specifying the driver","time":{"start":1677570659795,"stop":1677570659796,"duration":1}}]},"tags":["create.project.Calendar","create.item.NewItem","Regression","Due_Date_Item","Smoke"]},"source":"721c101756794660.json","parameterValues":[]}