{"uid":"3e394d4cb12eebea","name":"View More Options Successfully","fullName":"View More Options Successfully","historyId":"View More Options Successfully","time":{"start":1677598480609,"stop":1677598543099,"duration":62490},"status":"failed","statusMessage":"Timed out after 30 seconds -> no such element: Unable to locate element: {\"method\":\"xpath\",\"selector\":\"//div[@id='ProjectListPlaceHolder']//td[text()='NewProject']\"}\n  (Session info: chrome=109.0.5414.119)","statusTrace":"OpenQA.Selenium.WebDriverTimeoutException: Timed out after 30 seconds\n ---> OpenQA.Selenium.NoSuchElementException: no such element: Unable to locate element: {\"method\":\"xpath\",\"selector\":\"//div[@id='ProjectListPlaceHolder']//td[text()='NewProject']\"}\n  (Session info: chrome=109.0.5414.119)\n   at OpenQA.Selenium.WebDriver.UnpackAndThrowOnError(Response errorResponse, String commandToExecute)\n   at OpenQA.Selenium.WebDriver.Execute(String driverCommandToExecute, Dictionary`2 parameters)\n   at OpenQA.Selenium.WebDriver.FindElement(String mechanism, String value)\n   at OpenQA.Selenium.By.<.ctor>b__11_0(ISearchContext context)\n   at OpenQA.Selenium.By.FindElement(ISearchContext context)\n   at OpenQA.Selenium.WebDriver.FindElement(By by)\n   at SeleniumExtras.WaitHelpers.ExpectedConditions.<>c__DisplayClass6_0.<ElementExists>b__0(IWebDriver driver)\n   at OpenQA.Selenium.Support.UI.DefaultWait`1.Until[TResult](Func`2 condition, CancellationToken token)\n   --- End of inner exception stack trace ---\n   at OpenQA.Selenium.Support.UI.DefaultWait`1.ThrowTimeoutException(String exceptionMessage, Exception lastException)\n   at OpenQA.Selenium.Support.UI.DefaultWait`1.Until[TResult](Func`2 condition, CancellationToken token)\n   at OpenQA.Selenium.Support.UI.DefaultWait`1.Until[TResult](Func`2 condition)\n   at Todoly.Core.UIElements.Web.BaseWebElement.get_WebElement() in /home/runner/work/GUI-Framework/GUI-Framework/1.Core/UIElements/Web/BaseWebElement.cs:line 37\n   at Todoly.Core.UIElements.Web.Button.Click() in /home/runner/work/GUI-Framework/GUI-Framework/1.Core/UIElements/Web/Button.cs:line 17\n   at Todoly.Tests.UI.Steps.Commons.CommonSteps.Click(String elementName, String locatorArgument, String viewName) in /home/runner/work/GUI-Framework/GUI-Framework/3.Tests/UI/StepDefinitions/CommonStepDefinition.cs:line 69\n   at TechTalk.SpecFlow.Bindings.BindingInvoker.InvokeBinding(IBinding binding, IContextManager contextManager, Object[] arguments, ITestTracer testTracer, TimeSpan& duration)\n   at Allure.SpecFlowPlugin.AllureBindingInvoker.InvokeBinding(IBinding binding, IContextManager contextManager, Object[] arguments, ITestTracer testTracer, TimeSpan& duration)\n   at TechTalk.SpecFlow.Infrastructure.TestExecutionEngine.ExecuteStepMatch(BindingMatch match, Object[] arguments, TimeSpan& duration)\n   at TechTalk.SpecFlow.Infrastructure.TestExecutionEngine.ExecuteStep(IContextManager contextManager, StepInstance stepInstance)","flaky":false,"newFailed":true,"newBroken":false,"newPassed":false,"retriesCount":1,"retriesStatusChange":false,"beforeStages":[{"name":"CreateProject [1]","time":{"start":1677598480379,"stop":1677598480608,"duration":229},"status":"passed","steps":[],"attachments":[],"parameters":[],"stepsCount":0,"attachmentsCount":0,"shouldDisplayMessage":false,"hasContent":false},{"name":"CreateAnItem [2]","time":{"start":1677598480608,"stop":1677598480608,"duration":0},"status":"passed","steps":[],"attachments":[],"parameters":[],"stepsCount":0,"attachmentsCount":0,"shouldDisplayMessage":false,"hasContent":false}],"testStage":{"status":"failed","statusMessage":"Timed out after 30 seconds -> no such element: Unable to locate element: {\"method\":\"xpath\",\"selector\":\"//div[@id='ProjectListPlaceHolder']//td[text()='NewProject']\"}\n  (Session info: chrome=109.0.5414.119)","statusTrace":"OpenQA.Selenium.WebDriverTimeoutException: Timed out after 30 seconds\n ---> OpenQA.Selenium.NoSuchElementException: no such element: Unable to locate element: {\"method\":\"xpath\",\"selector\":\"//div[@id='ProjectListPlaceHolder']//td[text()='NewProject']\"}\n  (Session info: chrome=109.0.5414.119)\n   at OpenQA.Selenium.WebDriver.UnpackAndThrowOnError(Response errorResponse, String commandToExecute)\n   at OpenQA.Selenium.WebDriver.Execute(String driverCommandToExecute, Dictionary`2 parameters)\n   at OpenQA.Selenium.WebDriver.FindElement(String mechanism, String value)\n   at OpenQA.Selenium.By.<.ctor>b__11_0(ISearchContext context)\n   at OpenQA.Selenium.By.FindElement(ISearchContext context)\n   at OpenQA.Selenium.WebDriver.FindElement(By by)\n   at SeleniumExtras.WaitHelpers.ExpectedConditions.<>c__DisplayClass6_0.<ElementExists>b__0(IWebDriver driver)\n   at OpenQA.Selenium.Support.UI.DefaultWait`1.Until[TResult](Func`2 condition, CancellationToken token)\n   --- End of inner exception stack trace ---\n   at OpenQA.Selenium.Support.UI.DefaultWait`1.ThrowTimeoutException(String exceptionMessage, Exception lastException)\n   at OpenQA.Selenium.Support.UI.DefaultWait`1.Until[TResult](Func`2 condition, CancellationToken token)\n   at OpenQA.Selenium.Support.UI.DefaultWait`1.Until[TResult](Func`2 condition)\n   at Todoly.Core.UIElements.Web.BaseWebElement.get_WebElement() in /home/runner/work/GUI-Framework/GUI-Framework/1.Core/UIElements/Web/BaseWebElement.cs:line 37\n   at Todoly.Core.UIElements.Web.Button.Click() in /home/runner/work/GUI-Framework/GUI-Framework/1.Core/UIElements/Web/Button.cs:line 17\n   at Todoly.Tests.UI.Steps.Commons.CommonSteps.Click(String elementName, String locatorArgument, String viewName) in /home/runner/work/GUI-Framework/GUI-Framework/3.Tests/UI/StepDefinitions/CommonStepDefinition.cs:line 69\n   at TechTalk.SpecFlow.Bindings.BindingInvoker.InvokeBinding(IBinding binding, IContextManager contextManager, Object[] arguments, ITestTracer testTracer, TimeSpan& duration)\n   at Allure.SpecFlowPlugin.AllureBindingInvoker.InvokeBinding(IBinding binding, IContextManager contextManager, Object[] arguments, ITestTracer testTracer, TimeSpan& duration)\n   at TechTalk.SpecFlow.Infrastructure.TestExecutionEngine.ExecuteStepMatch(BindingMatch match, Object[] arguments, TimeSpan& duration)\n   at TechTalk.SpecFlow.Infrastructure.TestExecutionEngine.ExecuteStep(IContextManager contextManager, StepInstance stepInstance)","steps":[{"name":"Given  the user is logged in","time":{"start":1677598480609,"stop":1677598482947,"duration":2338},"status":"passed","steps":[],"attachments":[],"parameters":[],"stepsCount":0,"attachmentsCount":0,"shouldDisplayMessage":false,"hasContent":false},{"name":"When  the user clicks on 'Project Button' <NewProject> at 'Project Component'","time":{"start":1677598482947,"stop":1677598542995,"duration":60048},"status":"failed","steps":[],"attachments":[],"parameters":[],"stepsCount":0,"attachmentsCount":0,"shouldDisplayMessage":false,"hasContent":false},{"name":"And  clicks on 'More Option' at 'Items Component'","time":{"start":1677598543098,"stop":1677598543098,"duration":0},"status":"skipped","steps":[],"attachments":[],"parameters":[],"stepsCount":0,"attachmentsCount":0,"shouldDisplayMessage":false,"hasContent":false},{"name":"Then  the 'More Options Panel' should be displayed","time":{"start":1677598543098,"stop":1677598543098,"duration":0},"status":"skipped","steps":[],"attachments":[],"parameters":[],"stepsCount":0,"attachmentsCount":0,"shouldDisplayMessage":false,"hasContent":false}],"attachments":[{"uid":"2d31942443aec19a","name":"Failed test screenshot","source":"2d31942443aec19a.png","type":"application/png","size":56311}],"parameters":[],"stepsCount":4,"attachmentsCount":1,"shouldDisplayMessage":true,"hasContent":true},"afterStages":[{"name":"CaptureScreenshot [10000]","time":{"start":1677598543099,"stop":1677598543295,"duration":196},"status":"passed","steps":[],"attachments":[],"parameters":[],"stepsCount":0,"attachmentsCount":0,"shouldDisplayMessage":false,"hasContent":false},{"name":"SessionDisposal [10000]","time":{"start":1677598543295,"stop":1677598543295,"duration":0},"status":"passed","steps":[],"attachments":[],"parameters":[],"stepsCount":0,"attachmentsCount":0,"shouldDisplayMessage":false,"hasContent":false}],"labels":[{"name":"thread","value":"NonParallelWorker"},{"name":"host","value":"fv-az444-718"},{"name":"feature","value":"View More Options"},{"name":"tag","value":"create.project.NewProject"},{"name":"resultFormat","value":"allure2"}],"parameters":[],"links":[],"hidden":false,"retry":false,"extra":{"severity":"normal","retries":[{"uid":"448933e6cb4d9950","status":"failed","statusDetails":"Timed out after 30 seconds -> no such element: Unable to locate element: {\"method\":\"xpath\",\"selector\":\"//div[@id='ProjectListPlaceHolder']//td[text()='NewProject']\"}\n  (Session info: chrome=109.0.5414.119)","time":{"start":1677598417821,"stop":1677598480164,"duration":62343}}],"categories":[{"name":"Product defects","matchedStatuses":[],"flaky":false}],"history":{"statistic":{"failed":2,"broken":1,"skipped":0,"passed":16,"unknown":0,"total":19},"items":[{"uid":"394e55843355ad1b","reportUrl":"https://BC-LT-02.github.io/GUI-Framework/635//#testresult/394e55843355ad1b","status":"passed","time":{"start":1677598491634,"stop":1677598494526,"duration":2892}},{"uid":"1d1c8d5c253aa6a3","reportUrl":"https://BC-LT-02.github.io/GUI-Framework/633//#testresult/1d1c8d5c253aa6a3","status":"passed","time":{"start":1677598194750,"stop":1677598197749,"duration":2999}},{"uid":"dcece780505c08fe","reportUrl":"https://BC-LT-02.github.io/GUI-Framework/632//#testresult/dcece780505c08fe","status":"passed","time":{"start":1677597942551,"stop":1677597946320,"duration":3769}},{"uid":"81811d955b7b152f","reportUrl":"https://BC-LT-02.github.io/GUI-Framework/633//#testresult/81811d955b7b152f","status":"passed","time":{"start":1677597620497,"stop":1677597624384,"duration":3887}},{"uid":"1d0100e59ad8b827","reportUrl":"https://BC-LT-02.github.io/GUI-Framework/632//#testresult/1d0100e59ad8b827","status":"passed","time":{"start":1677597353012,"stop":1677597355507,"duration":2495}},{"uid":"1f0645cfc3273962","reportUrl":"https://BC-LT-02.github.io/GUI-Framework/3//#testresult/1f0645cfc3273962","status":"passed","time":{"start":1677597244298,"stop":1677597246718,"duration":2420}},{"uid":"1fbd7410c7bd8626","reportUrl":"https://BC-LT-02.github.io/GUI-Framework/633//#testresult/1fbd7410c7bd8626","status":"failed","statusDetails":"Timed out after 30 seconds","time":{"start":1677596937228,"stop":1677597030371,"duration":93143}},{"uid":"1cd0d160648136b6","reportUrl":"https://BC-LT-02.github.io/GUI-Framework/632//#testresult/1cd0d160648136b6","status":"passed","time":{"start":1677596956238,"stop":1677596959756,"duration":3518}},{"uid":"83dcfe38dc9c254f","reportUrl":"https://BC-LT-02.github.io/GUI-Framework/627//#testresult/83dcfe38dc9c254f","status":"passed","time":{"start":1677592017785,"stop":1677592021657,"duration":3872}},{"uid":"af592a45e38e8703","reportUrl":"https://BC-LT-02.github.io/GUI-Framework/626//#testresult/af592a45e38e8703","status":"passed","time":{"start":1677591576975,"stop":1677591579796,"duration":2821}},{"uid":"55c5c95b320cc92a","reportUrl":"https://BC-LT-02.github.io/GUI-Framework/627//#testresult/55c5c95b320cc92a","status":"passed","time":{"start":1677590859281,"stop":1677590861996,"duration":2715}},{"uid":"3d88f184824118b9","reportUrl":"https://BC-LT-02.github.io/GUI-Framework/626//#testresult/3d88f184824118b9","status":"passed","time":{"start":1677590636617,"stop":1677590639079,"duration":2462}},{"uid":"e268ce1acad05caf","reportUrl":"https://BC-LT-02.github.io/GUI-Framework/625//#testresult/e268ce1acad05caf","status":"passed","time":{"start":1677590190886,"stop":1677590193687,"duration":2801}},{"uid":"1537182fa4c8a78f","reportUrl":"https://BC-LT-02.github.io/GUI-Framework/621//#testresult/1537182fa4c8a78f","status":"passed","time":{"start":1677586114754,"stop":1677586118321,"duration":3567}},{"uid":"414055bd0b456228","reportUrl":"https://BC-LT-02.github.io/GUI-Framework/621//#testresult/414055bd0b456228","status":"passed","time":{"start":1677585644109,"stop":1677585647895,"duration":3786}},{"uid":"767ee18341c2ed69","reportUrl":"https://BC-LT-02.github.io/GUI-Framework/621//#testresult/767ee18341c2ed69","status":"passed","time":{"start":1677585309204,"stop":1677585312839,"duration":3635}},{"uid":"db9e1dd455f8a40a","reportUrl":"https://BC-LT-02.github.io/GUI-Framework/621//#testresult/db9e1dd455f8a40a","status":"passed","time":{"start":1677584901784,"stop":1677584904169,"duration":2385}},{"uid":"c8fffab158512b1","reportUrl":"https://BC-LT-02.github.io/GUI-Framework/620//#testresult/c8fffab158512b1","status":"broken","statusDetails":"No matching step definition found for the step","time":{"start":1677584256515,"stop":1677584259040,"duration":2525}}]},"tags":["create.project.NewProject"]},"source":"3e394d4cb12eebea.json","parameterValues":[]}