{"uid":"31d59482db5f3482","name":"Delete a project","fullName":"Delete a project","historyId":"Delete a project","time":{"start":1677619312723,"stop":1677619376367,"duration":63644},"status":"failed","statusMessage":"Timed out after 30 seconds -> no such element: Unable to locate element: {\"method\":\"xpath\",\"selector\":\"//div[@id='ProjectListPlaceHolder']//td[text()='MyProject']\"}\n  (Session info: chrome=109.0.5414.119)","statusTrace":"OpenQA.Selenium.WebDriverTimeoutException: Timed out after 30 seconds\n ---> OpenQA.Selenium.NoSuchElementException: no such element: Unable to locate element: {\"method\":\"xpath\",\"selector\":\"//div[@id='ProjectListPlaceHolder']//td[text()='MyProject']\"}\n  (Session info: chrome=109.0.5414.119)\n   at OpenQA.Selenium.WebDriver.UnpackAndThrowOnError(Response errorResponse, String commandToExecute)\n   at OpenQA.Selenium.WebDriver.Execute(String driverCommandToExecute, Dictionary`2 parameters)\n   at OpenQA.Selenium.WebDriver.FindElement(String mechanism, String value)\n   at OpenQA.Selenium.By.<.ctor>b__11_0(ISearchContext context)\n   at OpenQA.Selenium.By.FindElement(ISearchContext context)\n   at OpenQA.Selenium.WebDriver.FindElement(By by)\n   at SeleniumExtras.WaitHelpers.ExpectedConditions.<>c__DisplayClass6_0.<ElementExists>b__0(IWebDriver driver)\n   at OpenQA.Selenium.Support.UI.DefaultWait`1.Until[TResult](Func`2 condition, CancellationToken token)\n   --- End of inner exception stack trace ---\n   at OpenQA.Selenium.Support.UI.DefaultWait`1.ThrowTimeoutException(String exceptionMessage, Exception lastException)\n   at OpenQA.Selenium.Support.UI.DefaultWait`1.Until[TResult](Func`2 condition, CancellationToken token)\n   at OpenQA.Selenium.Support.UI.DefaultWait`1.Until[TResult](Func`2 condition)\n   at Todoly.Core.UIElements.Web.BaseWebElement.get_WebElement() in /home/runner/work/GUI-Framework/GUI-Framework/1.Core/UIElements/Web/BaseWebElement.cs:line 37\n   at Todoly.Tests.UI.Steps.Commons.CommonSteps.OpenContextMenu(String locatorArgument, String viewName) in /home/runner/work/GUI-Framework/GUI-Framework/3.Tests/UI/StepDefinitions/CommonStepDefinition.cs:line 119\n   at TechTalk.SpecFlow.Bindings.BindingInvoker.InvokeBinding(IBinding binding, IContextManager contextManager, Object[] arguments, ITestTracer testTracer, TimeSpan& duration)\n   at Allure.SpecFlowPlugin.AllureBindingInvoker.InvokeBinding(IBinding binding, IContextManager contextManager, Object[] arguments, ITestTracer testTracer, TimeSpan& duration)\n   at TechTalk.SpecFlow.Infrastructure.TestExecutionEngine.ExecuteStepMatch(BindingMatch match, Object[] arguments, TimeSpan& duration)\n   at TechTalk.SpecFlow.Infrastructure.TestExecutionEngine.ExecuteStep(IContextManager contextManager, StepInstance stepInstance)","flaky":false,"newFailed":true,"newBroken":false,"newPassed":false,"retriesCount":0,"retriesStatusChange":false,"beforeStages":[{"name":"CreateProject [1]","time":{"start":1677619312241,"stop":1677619312722,"duration":481},"status":"passed","steps":[],"attachments":[],"parameters":[],"stepsCount":0,"attachmentsCount":0,"shouldDisplayMessage":false,"hasContent":false},{"name":"CreateAnItem [2]","time":{"start":1677619312722,"stop":1677619312722,"duration":0},"status":"passed","steps":[],"attachments":[],"parameters":[],"stepsCount":0,"attachmentsCount":0,"shouldDisplayMessage":false,"hasContent":false}],"testStage":{"status":"failed","statusMessage":"Timed out after 30 seconds -> no such element: Unable to locate element: {\"method\":\"xpath\",\"selector\":\"//div[@id='ProjectListPlaceHolder']//td[text()='MyProject']\"}\n  (Session info: chrome=109.0.5414.119)","statusTrace":"OpenQA.Selenium.WebDriverTimeoutException: Timed out after 30 seconds\n ---> OpenQA.Selenium.NoSuchElementException: no such element: Unable to locate element: {\"method\":\"xpath\",\"selector\":\"//div[@id='ProjectListPlaceHolder']//td[text()='MyProject']\"}\n  (Session info: chrome=109.0.5414.119)\n   at OpenQA.Selenium.WebDriver.UnpackAndThrowOnError(Response errorResponse, String commandToExecute)\n   at OpenQA.Selenium.WebDriver.Execute(String driverCommandToExecute, Dictionary`2 parameters)\n   at OpenQA.Selenium.WebDriver.FindElement(String mechanism, String value)\n   at OpenQA.Selenium.By.<.ctor>b__11_0(ISearchContext context)\n   at OpenQA.Selenium.By.FindElement(ISearchContext context)\n   at OpenQA.Selenium.WebDriver.FindElement(By by)\n   at SeleniumExtras.WaitHelpers.ExpectedConditions.<>c__DisplayClass6_0.<ElementExists>b__0(IWebDriver driver)\n   at OpenQA.Selenium.Support.UI.DefaultWait`1.Until[TResult](Func`2 condition, CancellationToken token)\n   --- End of inner exception stack trace ---\n   at OpenQA.Selenium.Support.UI.DefaultWait`1.ThrowTimeoutException(String exceptionMessage, Exception lastException)\n   at OpenQA.Selenium.Support.UI.DefaultWait`1.Until[TResult](Func`2 condition, CancellationToken token)\n   at OpenQA.Selenium.Support.UI.DefaultWait`1.Until[TResult](Func`2 condition)\n   at Todoly.Core.UIElements.Web.BaseWebElement.get_WebElement() in /home/runner/work/GUI-Framework/GUI-Framework/1.Core/UIElements/Web/BaseWebElement.cs:line 37\n   at Todoly.Tests.UI.Steps.Commons.CommonSteps.OpenContextMenu(String locatorArgument, String viewName) in /home/runner/work/GUI-Framework/GUI-Framework/3.Tests/UI/StepDefinitions/CommonStepDefinition.cs:line 119\n   at TechTalk.SpecFlow.Bindings.BindingInvoker.InvokeBinding(IBinding binding, IContextManager contextManager, Object[] arguments, ITestTracer testTracer, TimeSpan& duration)\n   at Allure.SpecFlowPlugin.AllureBindingInvoker.InvokeBinding(IBinding binding, IContextManager contextManager, Object[] arguments, ITestTracer testTracer, TimeSpan& duration)\n   at TechTalk.SpecFlow.Infrastructure.TestExecutionEngine.ExecuteStepMatch(BindingMatch match, Object[] arguments, TimeSpan& duration)\n   at TechTalk.SpecFlow.Infrastructure.TestExecutionEngine.ExecuteStep(IContextManager contextManager, StepInstance stepInstance)","steps":[{"name":"Given  the user is logged in","time":{"start":1677619312723,"stop":1677619316223,"duration":3500},"status":"passed","steps":[],"attachments":[],"parameters":[],"stepsCount":0,"attachmentsCount":0,"shouldDisplayMessage":false,"hasContent":false},{"name":"When  the user opens the Project Context Menu on <MyProject> at 'Project Component'","time":{"start":1677619316223,"stop":1677619376256,"duration":60033},"status":"failed","steps":[],"attachments":[],"parameters":[],"stepsCount":0,"attachmentsCount":0,"shouldDisplayMessage":false,"hasContent":false},{"name":"And  clicks on 'Delete' on the Project Context Menu","time":{"start":1677619376366,"stop":1677619376366,"duration":0},"status":"skipped","steps":[],"attachments":[],"parameters":[],"stepsCount":0,"attachmentsCount":0,"shouldDisplayMessage":false,"hasContent":false},{"name":"And  accepts the alert","time":{"start":1677619376366,"stop":1677619376366,"duration":0},"status":"skipped","steps":[],"attachments":[],"parameters":[],"stepsCount":0,"attachmentsCount":0,"shouldDisplayMessage":false,"hasContent":false},{"name":"Then  the 'Project Button' <MyProject> should not be displayed","time":{"start":1677619376366,"stop":1677619376366,"duration":0},"status":"skipped","steps":[],"attachments":[],"parameters":[],"stepsCount":0,"attachmentsCount":0,"shouldDisplayMessage":false,"hasContent":false}],"attachments":[{"uid":"eb37b055f4b89c3d","name":"Failed test screenshot","source":"eb37b055f4b89c3d.png","type":"application/png","size":56857}],"parameters":[],"stepsCount":5,"attachmentsCount":1,"shouldDisplayMessage":true,"hasContent":true},"afterStages":[{"name":"CaptureScreenshot [10000]","time":{"start":1677619376367,"stop":1677619376557,"duration":190},"status":"passed","steps":[],"attachments":[],"parameters":[],"stepsCount":0,"attachmentsCount":0,"shouldDisplayMessage":false,"hasContent":false},{"name":"SessionDisposal [10000]","time":{"start":1677619376557,"stop":1677619376557,"duration":0},"status":"passed","steps":[],"attachments":[],"parameters":[],"stepsCount":0,"attachmentsCount":0,"shouldDisplayMessage":false,"hasContent":false}],"labels":[{"name":"thread","value":"NonParallelWorker"},{"name":"host","value":"fv-az419-625"},{"name":"feature","value":"Project Deletion"},{"name":"tag","value":"Smoke"},{"name":"tag","value":"Regression"},{"name":"tag","value":"create.project.MyProject"},{"name":"resultFormat","value":"allure2"}],"parameters":[],"links":[],"hidden":false,"retry":false,"extra":{"severity":"normal","retries":[],"categories":[{"name":"Product defects","matchedStatuses":[],"flaky":false}],"history":{"statistic":{"failed":1,"broken":8,"skipped":0,"passed":34,"unknown":0,"total":43},"items":[{"uid":"556d205e3d1726ba","reportUrl":"https://BC-LT-02.github.io/GUI-Framework/655//#testresult/556d205e3d1726ba","status":"passed","time":{"start":1677619114556,"stop":1677619148441,"duration":33885}},{"uid":"5c9b13a03a4ef0cf","reportUrl":"https://BC-LT-02.github.io/GUI-Framework/5//#testresult/5c9b13a03a4ef0cf","status":"passed","time":{"start":1677618747093,"stop":1677618779898,"duration":32805}},{"uid":"59cc7d13f93a9082","reportUrl":"https://BC-LT-02.github.io/GUI-Framework/671//#testresult/59cc7d13f93a9082","status":"broken","statusDetails":"An unknown exception was encountered sending an HTTP request to the remote WebDriver server for URL http://localhost:4444/session/35bc8fc69ed971ff26706ee1eb7ca697/screenshot. The exception message was: Connection refused (localhost:4444) -> Connection refused (localhost:4444) -> Connection refused","time":{"start":1677618680953,"stop":1677618680959,"duration":6}},{"uid":"5f4843e9b14c907e","reportUrl":"https://BC-LT-02.github.io/GUI-Framework/670//#testresult/5f4843e9b14c907e","status":"passed","time":{"start":1677618081191,"stop":1677618114593,"duration":33402}},{"uid":"2aead27cfeef6d7d","reportUrl":"https://BC-LT-02.github.io/GUI-Framework/669//#testresult/2aead27cfeef6d7d","status":"passed","time":{"start":1677617151645,"stop":1677617184676,"duration":33031}},{"uid":"ce293c31941fd86e","reportUrl":"https://BC-LT-02.github.io/GUI-Framework/669//#testresult/ce293c31941fd86e","status":"passed","time":{"start":1677616249734,"stop":1677616283776,"duration":34042}},{"uid":"28a39b492462f4fe","reportUrl":"https://BC-LT-02.github.io/GUI-Framework/668//#testresult/28a39b492462f4fe","status":"passed","time":{"start":1677616348334,"stop":1677616362418,"duration":14084}},{"uid":"f73095e30c761953","reportUrl":"https://BC-LT-02.github.io/GUI-Framework/668//#testresult/f73095e30c761953","status":"passed","time":{"start":1677615920472,"stop":1677615933593,"duration":13121}},{"uid":"85869184a618e378","reportUrl":"https://BC-LT-02.github.io/GUI-Framework/667//#testresult/85869184a618e378","status":"passed","time":{"start":1677614515690,"stop":1677614548879,"duration":33189}},{"uid":"6d3dd9af1a3215cb","reportUrl":"https://BC-LT-02.github.io/GUI-Framework/666//#testresult/6d3dd9af1a3215cb","status":"passed","time":{"start":1677613785613,"stop":1677613799911,"duration":14298}},{"uid":"44acfbc27942e880","reportUrl":"https://BC-LT-02.github.io/GUI-Framework/664//#testresult/44acfbc27942e880","status":"passed","time":{"start":1677613476657,"stop":1677613510165,"duration":33508}},{"uid":"d33eb1ecab82be37","reportUrl":"https://BC-LT-02.github.io/GUI-Framework/665//#testresult/d33eb1ecab82be37","status":"passed","time":{"start":1677613226958,"stop":1677613240368,"duration":13410}},{"uid":"e344239d3c260adb","reportUrl":"https://BC-LT-02.github.io/GUI-Framework/664//#testresult/e344239d3c260adb","status":"passed","time":{"start":1677612829323,"stop":1677612862688,"duration":33365}},{"uid":"c5f342c5c158f4eb","reportUrl":"https://BC-LT-02.github.io/GUI-Framework/662//#testresult/c5f342c5c158f4eb","status":"passed","time":{"start":1677612177544,"stop":1677612211412,"duration":33868}},{"uid":"62e637226b8c2986","reportUrl":"https://BC-LT-02.github.io/GUI-Framework/662//#testresult/62e637226b8c2986","status":"passed","time":{"start":1677611685169,"stop":1677611717979,"duration":32810}},{"uid":"e4245b574f1ec602","reportUrl":"https://BC-LT-02.github.io/GUI-Framework/661//#testresult/e4245b574f1ec602","status":"passed","time":{"start":1677611088114,"stop":1677611121580,"duration":33466}},{"uid":"76790df1202fdb1","reportUrl":"https://BC-LT-02.github.io/GUI-Framework/659//#testresult/76790df1202fdb1","status":"passed","time":{"start":1677610343444,"stop":1677610376731,"duration":33287}},{"uid":"854a9cd0c5c9b6f5","reportUrl":"https://BC-LT-02.github.io/GUI-Framework/659//#testresult/854a9cd0c5c9b6f5","status":"passed","time":{"start":1677609916689,"stop":1677609949621,"duration":32932}},{"uid":"324e62eec25e5780","reportUrl":"https://BC-LT-02.github.io/GUI-Framework/658//#testresult/324e62eec25e5780","status":"passed","time":{"start":1677609299134,"stop":1677609332592,"duration":33458}},{"uid":"c6211b6533c1a77f","reportUrl":"https://BC-LT-02.github.io/GUI-Framework/656//#testresult/c6211b6533c1a77f","status":"passed","time":{"start":1677608743538,"stop":1677608777374,"duration":33836}}]},"tags":["Regression","create.project.MyProject","Smoke"]},"source":"31d59482db5f3482.json","parameterValues":[]}