{"uid":"4abc9696b1168e29","name":"View account settings succesfully","fullName":"View account settings succesfully","historyId":"View account settings succesfully","time":{"start":1677620306134,"stop":1677620369325,"duration":63191},"status":"failed","statusMessage":"Timed out after 30 seconds -> no such element: Unable to locate element: {\"method\":\"xpath\",\"selector\":\"//div[@id='ctl00_HeaderTopControl1_PanelHeaderButtons']//a[text()='Settings']\"}\n  (Session info: chrome=109.0.5414.119)","statusTrace":"OpenQA.Selenium.WebDriverTimeoutException: Timed out after 30 seconds\n ---> OpenQA.Selenium.NoSuchElementException: no such element: Unable to locate element: {\"method\":\"xpath\",\"selector\":\"//div[@id='ctl00_HeaderTopControl1_PanelHeaderButtons']//a[text()='Settings']\"}\n  (Session info: chrome=109.0.5414.119)\n   at OpenQA.Selenium.WebDriver.UnpackAndThrowOnError(Response errorResponse, String commandToExecute)\n   at OpenQA.Selenium.WebDriver.Execute(String driverCommandToExecute, Dictionary`2 parameters)\n   at OpenQA.Selenium.WebDriver.FindElement(String mechanism, String value)\n   at OpenQA.Selenium.By.<.ctor>b__11_0(ISearchContext context)\n   at OpenQA.Selenium.By.FindElement(ISearchContext context)\n   at OpenQA.Selenium.WebDriver.FindElement(By by)\n   at SeleniumExtras.WaitHelpers.ExpectedConditions.<>c__DisplayClass6_0.<ElementExists>b__0(IWebDriver driver)\n   at OpenQA.Selenium.Support.UI.DefaultWait`1.Until[TResult](Func`2 condition, CancellationToken token)\n   --- End of inner exception stack trace ---\n   at OpenQA.Selenium.Support.UI.DefaultWait`1.ThrowTimeoutException(String exceptionMessage, Exception lastException)\n   at OpenQA.Selenium.Support.UI.DefaultWait`1.Until[TResult](Func`2 condition, CancellationToken token)\n   at OpenQA.Selenium.Support.UI.DefaultWait`1.Until[TResult](Func`2 condition)\n   at Todoly.Core.UIElements.Web.BaseWebElement.get_WebElement() in /home/runner/work/GUI-Framework/GUI-Framework/1.Core/UIElements/Web/BaseWebElement.cs:line 37\n   at Todoly.Core.UIElements.Web.Button.Click() in /home/runner/work/GUI-Framework/GUI-Framework/1.Core/UIElements/Web/Button.cs:line 17\n   at Todoly.Tests.UI.Steps.Commons.CommonSteps.Click(String elementName, String viewName) in /home/runner/work/GUI-Framework/GUI-Framework/3.Tests/UI/StepDefinitions/CommonStepDefinition.cs:line 59\n   at TechTalk.SpecFlow.Bindings.BindingInvoker.InvokeBinding(IBinding binding, IContextManager contextManager, Object[] arguments, ITestTracer testTracer, TimeSpan& duration)\n   at Allure.SpecFlowPlugin.AllureBindingInvoker.InvokeBinding(IBinding binding, IContextManager contextManager, Object[] arguments, ITestTracer testTracer, TimeSpan& duration)\n   at TechTalk.SpecFlow.Infrastructure.TestExecutionEngine.ExecuteStepMatch(BindingMatch match, Object[] arguments, TimeSpan& duration)\n   at TechTalk.SpecFlow.Infrastructure.TestExecutionEngine.ExecuteStep(IContextManager contextManager, StepInstance stepInstance)","flaky":false,"newFailed":true,"newBroken":false,"newPassed":false,"retriesCount":0,"retriesStatusChange":false,"beforeStages":[{"name":"CreateProject [1]","time":{"start":1677620306134,"stop":1677620306134,"duration":0},"status":"passed","steps":[],"attachments":[],"parameters":[],"stepsCount":0,"attachmentsCount":0,"shouldDisplayMessage":false,"hasContent":false},{"name":"CreateAnItem [2]","time":{"start":1677620306134,"stop":1677620306134,"duration":0},"status":"passed","steps":[],"attachments":[],"parameters":[],"stepsCount":0,"attachmentsCount":0,"shouldDisplayMessage":false,"hasContent":false}],"testStage":{"status":"failed","statusMessage":"Timed out after 30 seconds -> no such element: Unable to locate element: {\"method\":\"xpath\",\"selector\":\"//div[@id='ctl00_HeaderTopControl1_PanelHeaderButtons']//a[text()='Settings']\"}\n  (Session info: chrome=109.0.5414.119)","statusTrace":"OpenQA.Selenium.WebDriverTimeoutException: Timed out after 30 seconds\n ---> OpenQA.Selenium.NoSuchElementException: no such element: Unable to locate element: {\"method\":\"xpath\",\"selector\":\"//div[@id='ctl00_HeaderTopControl1_PanelHeaderButtons']//a[text()='Settings']\"}\n  (Session info: chrome=109.0.5414.119)\n   at OpenQA.Selenium.WebDriver.UnpackAndThrowOnError(Response errorResponse, String commandToExecute)\n   at OpenQA.Selenium.WebDriver.Execute(String driverCommandToExecute, Dictionary`2 parameters)\n   at OpenQA.Selenium.WebDriver.FindElement(String mechanism, String value)\n   at OpenQA.Selenium.By.<.ctor>b__11_0(ISearchContext context)\n   at OpenQA.Selenium.By.FindElement(ISearchContext context)\n   at OpenQA.Selenium.WebDriver.FindElement(By by)\n   at SeleniumExtras.WaitHelpers.ExpectedConditions.<>c__DisplayClass6_0.<ElementExists>b__0(IWebDriver driver)\n   at OpenQA.Selenium.Support.UI.DefaultWait`1.Until[TResult](Func`2 condition, CancellationToken token)\n   --- End of inner exception stack trace ---\n   at OpenQA.Selenium.Support.UI.DefaultWait`1.ThrowTimeoutException(String exceptionMessage, Exception lastException)\n   at OpenQA.Selenium.Support.UI.DefaultWait`1.Until[TResult](Func`2 condition, CancellationToken token)\n   at OpenQA.Selenium.Support.UI.DefaultWait`1.Until[TResult](Func`2 condition)\n   at Todoly.Core.UIElements.Web.BaseWebElement.get_WebElement() in /home/runner/work/GUI-Framework/GUI-Framework/1.Core/UIElements/Web/BaseWebElement.cs:line 37\n   at Todoly.Core.UIElements.Web.Button.Click() in /home/runner/work/GUI-Framework/GUI-Framework/1.Core/UIElements/Web/Button.cs:line 17\n   at Todoly.Tests.UI.Steps.Commons.CommonSteps.Click(String elementName, String viewName) in /home/runner/work/GUI-Framework/GUI-Framework/3.Tests/UI/StepDefinitions/CommonStepDefinition.cs:line 59\n   at TechTalk.SpecFlow.Bindings.BindingInvoker.InvokeBinding(IBinding binding, IContextManager contextManager, Object[] arguments, ITestTracer testTracer, TimeSpan& duration)\n   at Allure.SpecFlowPlugin.AllureBindingInvoker.InvokeBinding(IBinding binding, IContextManager contextManager, Object[] arguments, ITestTracer testTracer, TimeSpan& duration)\n   at TechTalk.SpecFlow.Infrastructure.TestExecutionEngine.ExecuteStepMatch(BindingMatch match, Object[] arguments, TimeSpan& duration)\n   at TechTalk.SpecFlow.Infrastructure.TestExecutionEngine.ExecuteStep(IContextManager contextManager, StepInstance stepInstance)","steps":[{"name":"Given  the user is logged in","time":{"start":1677620306134,"stop":1677620309112,"duration":2978},"status":"passed","steps":[],"attachments":[],"parameters":[],"stepsCount":0,"attachmentsCount":0,"shouldDisplayMessage":false,"hasContent":false},{"name":"When  the user clicks on 'Settings' at 'Home Page'","time":{"start":1677620309112,"stop":1677620369186,"duration":60074},"status":"failed","steps":[],"attachments":[],"parameters":[],"stepsCount":0,"attachmentsCount":0,"shouldDisplayMessage":false,"hasContent":false},{"name":"And  clicks on 'Account'","time":{"start":1677620369324,"stop":1677620369324,"duration":0},"status":"skipped","steps":[],"attachments":[],"parameters":[],"stepsCount":0,"attachmentsCount":0,"shouldDisplayMessage":false,"hasContent":false},{"name":"Then  the 'Delete Account' should be displayed at 'Home Page'","time":{"start":1677620369324,"stop":1677620369324,"duration":0},"status":"skipped","steps":[],"attachments":[],"parameters":[],"stepsCount":0,"attachmentsCount":0,"shouldDisplayMessage":false,"hasContent":false}],"attachments":[{"uid":"e7aef20ad250935a","name":"Failed test screenshot","source":"e7aef20ad250935a.png","type":"application/png","size":240572}],"parameters":[],"stepsCount":4,"attachmentsCount":1,"shouldDisplayMessage":true,"hasContent":true},"afterStages":[{"name":"CaptureScreenshot [10000]","time":{"start":1677620369325,"stop":1677620369560,"duration":235},"status":"passed","steps":[],"attachments":[],"parameters":[],"stepsCount":0,"attachmentsCount":0,"shouldDisplayMessage":false,"hasContent":false},{"name":"SessionDisposal [10000]","time":{"start":1677620369560,"stop":1677620369560,"duration":0},"status":"passed","steps":[],"attachments":[],"parameters":[],"stepsCount":0,"attachmentsCount":0,"shouldDisplayMessage":false,"hasContent":false}],"labels":[{"name":"thread","value":"NonParallelWorker"},{"name":"host","value":"fv-az305-5"},{"name":"feature","value":"Settings account view"},{"name":"tag","value":"Regression"},{"name":"resultFormat","value":"allure2"}],"parameters":[],"links":[],"hidden":false,"retry":false,"extra":{"severity":"normal","retries":[],"categories":[{"name":"Product defects","matchedStatuses":[],"flaky":false}],"history":{"statistic":{"failed":1,"broken":8,"skipped":0,"passed":37,"unknown":0,"total":46},"items":[{"uid":"f3601a07b4b4a400","reportUrl":"https://BC-LT-02.github.io/GUI-Framework/673//#testresult/f3601a07b4b4a400","status":"passed","time":{"start":1677620300645,"stop":1677620304251,"duration":3606}},{"uid":"54cdb62609e31455","reportUrl":"https://BC-LT-02.github.io/GUI-Framework/671//#testresult/54cdb62609e31455","status":"passed","time":{"start":1677619514475,"stop":1677619517686,"duration":3211}},{"uid":"31818cbe4e48319","reportUrl":"https://BC-LT-02.github.io/GUI-Framework/672//#testresult/31818cbe4e48319","status":"passed","time":{"start":1677619451419,"stop":1677619455697,"duration":4278}},{"uid":"35bf5441643e24a5","reportUrl":"https://BC-LT-02.github.io/GUI-Framework/655//#testresult/35bf5441643e24a5","status":"passed","time":{"start":1677619231903,"stop":1677619236133,"duration":4230}},{"uid":"5eeb75cbb136bc3d","reportUrl":"https://BC-LT-02.github.io/GUI-Framework/5//#testresult/5eeb75cbb136bc3d","status":"passed","time":{"start":1677618789844,"stop":1677618792771,"duration":2927}},{"uid":"7bc42993cc5a059e","reportUrl":"https://BC-LT-02.github.io/GUI-Framework/671//#testresult/7bc42993cc5a059e","status":"broken","statusDetails":"An unknown exception was encountered sending an HTTP request to the remote WebDriver server for URL http://localhost:4444/session/35bc8fc69ed971ff26706ee1eb7ca697/screenshot. The exception message was: Connection refused (localhost:4444) -> Connection refused (localhost:4444) -> Connection refused","time":{"start":1677618681602,"stop":1677618681607,"duration":5}},{"uid":"cdb25b76fe3b39ed","reportUrl":"https://BC-LT-02.github.io/GUI-Framework/670//#testresult/cdb25b76fe3b39ed","status":"passed","time":{"start":1677618126662,"stop":1677618130267,"duration":3605}},{"uid":"9a1ebf3c4a9be637","reportUrl":"https://BC-LT-02.github.io/GUI-Framework/669//#testresult/9a1ebf3c4a9be637","status":"passed","time":{"start":1677617196101,"stop":1677617199402,"duration":3301}},{"uid":"fc936184f887826f","reportUrl":"https://BC-LT-02.github.io/GUI-Framework/669//#testresult/fc936184f887826f","status":"passed","time":{"start":1677616357845,"stop":1677616362219,"duration":4374}},{"uid":"d520a49eaac8f038","reportUrl":"https://BC-LT-02.github.io/GUI-Framework/668//#testresult/d520a49eaac8f038","status":"passed","time":{"start":1677616376549,"stop":1677616380793,"duration":4244}},{"uid":"ec6984649f1707f9","reportUrl":"https://BC-LT-02.github.io/GUI-Framework/668//#testresult/ec6984649f1707f9","status":"passed","time":{"start":1677615975580,"stop":1677615979084,"duration":3504}},{"uid":"c6ad4599a7c922c9","reportUrl":"https://BC-LT-02.github.io/GUI-Framework/667//#testresult/c6ad4599a7c922c9","status":"passed","time":{"start":1677614560390,"stop":1677614563880,"duration":3490}},{"uid":"944bcfae705763f1","reportUrl":"https://BC-LT-02.github.io/GUI-Framework/666//#testresult/944bcfae705763f1","status":"passed","time":{"start":1677613815651,"stop":1677613820288,"duration":4637}},{"uid":"b91723a3ba8d8634","reportUrl":"https://BC-LT-02.github.io/GUI-Framework/664//#testresult/b91723a3ba8d8634","status":"passed","time":{"start":1677613522468,"stop":1677613526133,"duration":3665}},{"uid":"7c57c9dd1243cee7","reportUrl":"https://BC-LT-02.github.io/GUI-Framework/665//#testresult/7c57c9dd1243cee7","status":"passed","time":{"start":1677613253318,"stop":1677613257002,"duration":3684}},{"uid":"f4570c834434410d","reportUrl":"https://BC-LT-02.github.io/GUI-Framework/664//#testresult/f4570c834434410d","status":"passed","time":{"start":1677612875079,"stop":1677612878826,"duration":3747}},{"uid":"c1140bc23ce07a8b","reportUrl":"https://BC-LT-02.github.io/GUI-Framework/662//#testresult/c1140bc23ce07a8b","status":"passed","time":{"start":1677612375716,"stop":1677612379780,"duration":4064}},{"uid":"56796ad5e57ae311","reportUrl":"https://BC-LT-02.github.io/GUI-Framework/662//#testresult/56796ad5e57ae311","status":"passed","time":{"start":1677611727964,"stop":1677611731043,"duration":3079}},{"uid":"149d7bc8ad00ba81","reportUrl":"https://BC-LT-02.github.io/GUI-Framework/661//#testresult/149d7bc8ad00ba81","status":"passed","time":{"start":1677611133765,"stop":1677611137167,"duration":3402}},{"uid":"a3d3958944dc9236","reportUrl":"https://BC-LT-02.github.io/GUI-Framework/659//#testresult/a3d3958944dc9236","status":"passed","time":{"start":1677610388617,"stop":1677610392026,"duration":3409}}]},"tags":["Regression"]},"source":"4abc9696b1168e29.json","parameterValues":[]}