{"uid":"84a41f42192a597a","name":"Check if item appear on Today section","fullName":"Check if item appear on Today section","historyId":"Check if item appear on Today section454141176","time":{"start":1677618816030,"stop":1677618881417,"duration":65387},"status":"failed","statusMessage":"Timed out after 30 seconds -> no such element: Unable to locate element: {\"method\":\"xpath\",\"selector\":\"//div[@id='ProjectListPlaceHolder']//td[text()='Errands']\"}\n  (Session info: chrome=109.0.5414.119)","statusTrace":"OpenQA.Selenium.WebDriverTimeoutException: Timed out after 30 seconds\n ---> OpenQA.Selenium.NoSuchElementException: no such element: Unable to locate element: {\"method\":\"xpath\",\"selector\":\"//div[@id='ProjectListPlaceHolder']//td[text()='Errands']\"}\n  (Session info: chrome=109.0.5414.119)\n   at OpenQA.Selenium.WebDriver.UnpackAndThrowOnError(Response errorResponse, String commandToExecute)\n   at OpenQA.Selenium.WebDriver.Execute(String driverCommandToExecute, Dictionary`2 parameters)\n   at OpenQA.Selenium.WebDriver.FindElement(String mechanism, String value)\n   at OpenQA.Selenium.By.<.ctor>b__11_0(ISearchContext context)\n   at OpenQA.Selenium.By.FindElement(ISearchContext context)\n   at OpenQA.Selenium.WebDriver.FindElement(By by)\n   at SeleniumExtras.WaitHelpers.ExpectedConditions.<>c__DisplayClass6_0.<ElementExists>b__0(IWebDriver driver)\n   at OpenQA.Selenium.Support.UI.DefaultWait`1.Until[TResult](Func`2 condition, CancellationToken token)\n   --- End of inner exception stack trace ---\n   at OpenQA.Selenium.Support.UI.DefaultWait`1.ThrowTimeoutException(String exceptionMessage, Exception lastException)\n   at OpenQA.Selenium.Support.UI.DefaultWait`1.Until[TResult](Func`2 condition, CancellationToken token)\n   at OpenQA.Selenium.Support.UI.DefaultWait`1.Until[TResult](Func`2 condition)\n   at Todoly.Core.UIElements.Web.BaseWebElement.get_WebElement() in /home/runner/work/GUI-Framework/GUI-Framework/1.Core/UIElements/Web/BaseWebElement.cs:line 37\n   at Todoly.Core.UIElements.Web.Button.Click() in /home/runner/work/GUI-Framework/GUI-Framework/1.Core/UIElements/Web/Button.cs:line 17\n   at System.Dynamic.UpdateDelegates.UpdateAndExecuteVoid1[T0](CallSite site, T0 arg0)\n   at Todoly.Tests.UI.Steps.Commons.CommonSteps.Click(String elementName, String locatorArgument, String viewName) in /home/runner/work/GUI-Framework/GUI-Framework/3.Tests/UI/StepDefinitions/CommonStepDefinition.cs:line 70\n   at TechTalk.SpecFlow.Bindings.BindingInvoker.InvokeBinding(IBinding binding, IContextManager contextManager, Object[] arguments, ITestTracer testTracer, TimeSpan& duration)\n   at Allure.SpecFlowPlugin.AllureBindingInvoker.InvokeBinding(IBinding binding, IContextManager contextManager, Object[] arguments, ITestTracer testTracer, TimeSpan& duration)\n   at TechTalk.SpecFlow.Infrastructure.TestExecutionEngine.ExecuteStepMatch(BindingMatch match, Object[] arguments, TimeSpan& duration)\n   at TechTalk.SpecFlow.Infrastructure.TestExecutionEngine.ExecuteStep(IContextManager contextManager, StepInstance stepInstance)","flaky":true,"newFailed":true,"newBroken":false,"newPassed":false,"retriesCount":0,"retriesStatusChange":false,"beforeStages":[{"name":"CreateProject [1]","time":{"start":1677618814808,"stop":1677618815903,"duration":1095},"status":"passed","steps":[],"attachments":[],"parameters":[],"stepsCount":0,"attachmentsCount":0,"shouldDisplayMessage":false,"hasContent":false},{"name":"CreateAnItem [2]","time":{"start":1677618815903,"stop":1677618816023,"duration":120},"status":"passed","steps":[],"attachments":[],"parameters":[],"stepsCount":0,"attachmentsCount":0,"shouldDisplayMessage":false,"hasContent":false}],"testStage":{"status":"failed","statusMessage":"Timed out after 30 seconds -> no such element: Unable to locate element: {\"method\":\"xpath\",\"selector\":\"//div[@id='ProjectListPlaceHolder']//td[text()='Errands']\"}\n  (Session info: chrome=109.0.5414.119)","statusTrace":"OpenQA.Selenium.WebDriverTimeoutException: Timed out after 30 seconds\n ---> OpenQA.Selenium.NoSuchElementException: no such element: Unable to locate element: {\"method\":\"xpath\",\"selector\":\"//div[@id='ProjectListPlaceHolder']//td[text()='Errands']\"}\n  (Session info: chrome=109.0.5414.119)\n   at OpenQA.Selenium.WebDriver.UnpackAndThrowOnError(Response errorResponse, String commandToExecute)\n   at OpenQA.Selenium.WebDriver.Execute(String driverCommandToExecute, Dictionary`2 parameters)\n   at OpenQA.Selenium.WebDriver.FindElement(String mechanism, String value)\n   at OpenQA.Selenium.By.<.ctor>b__11_0(ISearchContext context)\n   at OpenQA.Selenium.By.FindElement(ISearchContext context)\n   at OpenQA.Selenium.WebDriver.FindElement(By by)\n   at SeleniumExtras.WaitHelpers.ExpectedConditions.<>c__DisplayClass6_0.<ElementExists>b__0(IWebDriver driver)\n   at OpenQA.Selenium.Support.UI.DefaultWait`1.Until[TResult](Func`2 condition, CancellationToken token)\n   --- End of inner exception stack trace ---\n   at OpenQA.Selenium.Support.UI.DefaultWait`1.ThrowTimeoutException(String exceptionMessage, Exception lastException)\n   at OpenQA.Selenium.Support.UI.DefaultWait`1.Until[TResult](Func`2 condition, CancellationToken token)\n   at OpenQA.Selenium.Support.UI.DefaultWait`1.Until[TResult](Func`2 condition)\n   at Todoly.Core.UIElements.Web.BaseWebElement.get_WebElement() in /home/runner/work/GUI-Framework/GUI-Framework/1.Core/UIElements/Web/BaseWebElement.cs:line 37\n   at Todoly.Core.UIElements.Web.Button.Click() in /home/runner/work/GUI-Framework/GUI-Framework/1.Core/UIElements/Web/Button.cs:line 17\n   at System.Dynamic.UpdateDelegates.UpdateAndExecuteVoid1[T0](CallSite site, T0 arg0)\n   at Todoly.Tests.UI.Steps.Commons.CommonSteps.Click(String elementName, String locatorArgument, String viewName) in /home/runner/work/GUI-Framework/GUI-Framework/3.Tests/UI/StepDefinitions/CommonStepDefinition.cs:line 70\n   at TechTalk.SpecFlow.Bindings.BindingInvoker.InvokeBinding(IBinding binding, IContextManager contextManager, Object[] arguments, ITestTracer testTracer, TimeSpan& duration)\n   at Allure.SpecFlowPlugin.AllureBindingInvoker.InvokeBinding(IBinding binding, IContextManager contextManager, Object[] arguments, ITestTracer testTracer, TimeSpan& duration)\n   at TechTalk.SpecFlow.Infrastructure.TestExecutionEngine.ExecuteStepMatch(BindingMatch match, Object[] arguments, TimeSpan& duration)\n   at TechTalk.SpecFlow.Infrastructure.TestExecutionEngine.ExecuteStep(IContextManager contextManager, StepInstance stepInstance)","steps":[{"name":"Given  the user is logged in","time":{"start":1677618816037,"stop":1677618821112,"duration":5075},"status":"passed","steps":[],"attachments":[],"parameters":[],"stepsCount":0,"attachmentsCount":0,"shouldDisplayMessage":false,"hasContent":false},{"name":"When  the user clicks on 'Project Button' <Errands> at 'Project Component'","time":{"start":1677618821114,"stop":1677618881296,"duration":60182},"status":"failed","steps":[],"attachments":[],"parameters":[],"stepsCount":0,"attachmentsCount":0,"shouldDisplayMessage":false,"hasContent":false},{"name":"And  the user hovers on \"Get Item\" <GoToGym> at 'Items Component'","time":{"start":1677618881407,"stop":1677618881408,"duration":1},"status":"skipped","steps":[],"attachments":[],"parameters":[],"stepsCount":0,"attachmentsCount":0,"shouldDisplayMessage":false,"hasContent":false},{"name":"And  the user clicks on 'Item DueDate' <GoToGym> at 'Items Component'","time":{"start":1677618881411,"stop":1677618881411,"duration":0},"status":"skipped","steps":[],"attachments":[],"parameters":[],"stepsCount":0,"attachmentsCount":0,"shouldDisplayMessage":false,"hasContent":false},{"name":"And  inputs \"Today\" as due date","time":{"start":1677618881411,"stop":1677618881411,"duration":0},"status":"skipped","steps":[],"attachments":[],"parameters":[],"stepsCount":0,"attachmentsCount":0,"shouldDisplayMessage":false,"hasContent":false},{"name":"Then  the \"GoToGym\" should be displayed in \"Today\" section","time":{"start":1677618881411,"stop":1677618881411,"duration":0},"status":"skipped","steps":[],"attachments":[],"parameters":[],"stepsCount":0,"attachmentsCount":0,"shouldDisplayMessage":false,"hasContent":false}],"attachments":[{"uid":"29921b9f590deae0","name":"Failed test screenshot","source":"29921b9f590deae0.png","type":"application/png","size":53037}],"parameters":[],"stepsCount":6,"attachmentsCount":1,"shouldDisplayMessage":true,"hasContent":true},"afterStages":[{"name":"RemoveProjects [10000]","time":{"start":1677618881417,"stop":1677618881891,"duration":474},"status":"passed","steps":[],"attachments":[],"parameters":[],"stepsCount":0,"attachmentsCount":0,"shouldDisplayMessage":false,"hasContent":false},{"name":"CaptureScreenshot [10000]","time":{"start":1677618881891,"stop":1677618882124,"duration":233},"status":"passed","steps":[],"attachments":[],"parameters":[],"stepsCount":0,"attachmentsCount":0,"shouldDisplayMessage":false,"hasContent":false},{"name":"SessionDisposal [10000]","time":{"start":1677618882124,"stop":1677618882125,"duration":1},"status":"passed","steps":[],"attachments":[],"parameters":[],"stepsCount":0,"attachmentsCount":0,"shouldDisplayMessage":false,"hasContent":false}],"labels":[{"name":"thread","value":"NonParallelWorker"},{"name":"host","value":"fv-az419-625"},{"name":"feature","value":"Item Due Date"},{"name":"tag","value":"Smoke"},{"name":"tag","value":"Regression"},{"name":"tag","value":"create.project.Errands"},{"name":"tag","value":"delete.projects"},{"name":"tag","value":"create.item.GoToGym"},{"name":"tag","value":"Due_Date_Item"},{"name":"resultFormat","value":"allure2"}],"parameters":[{"name":"Date","value":"Today"},{"name":"When","value":"Today"}],"links":[],"hidden":false,"retry":false,"extra":{"severity":"normal","retries":[],"categories":[{"name":"Product defects","matchedStatuses":[],"flaky":false}],"history":{"statistic":{"failed":9,"broken":0,"skipped":0,"passed":7,"unknown":0,"total":16},"items":[{"uid":"5c86abdf0ceac10f","reportUrl":"https://BC-LT-02.github.io/GUI-Framework/668//#testresult/5c86abdf0ceac10f","status":"passed","time":{"start":1677616145080,"stop":1677616152135,"duration":7055}},{"uid":"137b68d9835270ea","reportUrl":"https://BC-LT-02.github.io/GUI-Framework/668//#testresult/137b68d9835270ea","status":"failed","statusDetails":"stale element reference: element is not attached to the page document\n  (Session info: chrome=109.0.5414.119)","time":{"start":1677615761731,"stop":1677615767717,"duration":5986}},{"uid":"97ad63a6e6dae690","reportUrl":"https://BC-LT-02.github.io/GUI-Framework/667//#testresult/97ad63a6e6dae690","status":"failed","statusDetails":"stale element reference: element is not attached to the page document\n  (Session info: chrome=109.0.5414.119)","time":{"start":1677614321512,"stop":1677614327535,"duration":6023}},{"uid":"4d99b9fbef499e8e","reportUrl":"https://BC-LT-02.github.io/GUI-Framework/666//#testresult/4d99b9fbef499e8e","status":"passed","time":{"start":1677613506119,"stop":1677613516450,"duration":10331}},{"uid":"8fe73afcca3b3e6d","reportUrl":"https://BC-LT-02.github.io/GUI-Framework/664//#testresult/8fe73afcca3b3e6d","status":"failed","statusDetails":"stale element reference: element is not attached to the page document\n  (Session info: chrome=109.0.5414.119)","time":{"start":1677613272691,"stop":1677613280054,"duration":7363}},{"uid":"ce0e3fcaa9c6beb6","reportUrl":"https://BC-LT-02.github.io/GUI-Framework/665//#testresult/ce0e3fcaa9c6beb6","status":"passed","time":{"start":1677612936530,"stop":1677612942044,"duration":5514}},{"uid":"1904cf8162ae4765","reportUrl":"https://BC-LT-02.github.io/GUI-Framework/664//#testresult/1904cf8162ae4765","status":"passed","time":{"start":1677612629511,"stop":1677612637350,"duration":7839}},{"uid":"b008ddbc60979117","reportUrl":"https://BC-LT-02.github.io/GUI-Framework/662//#testresult/b008ddbc60979117","status":"passed","time":{"start":1677611897715,"stop":1677611904321,"duration":6606}},{"uid":"6c360693797db6c7","reportUrl":"https://BC-LT-02.github.io/GUI-Framework/662//#testresult/6c360693797db6c7","status":"failed","statusDetails":"Timed out after 30 seconds -> no such element: Unable to locate element: {\"method\":\"xpath\",\"selector\":\"//div[@id='ProjectListPlaceHolder']//td[text()='Today']\"}\n  (Session info: chrome=109.0.5414.119)","time":{"start":1677611458602,"stop":1677611522828,"duration":64226}},{"uid":"9516ebd89898703e","reportUrl":"https://BC-LT-02.github.io/GUI-Framework/661//#testresult/9516ebd89898703e","status":"failed","statusDetails":"stale element reference: element is not attached to the page document\n  (Session info: chrome=109.0.5414.119)","time":{"start":1677610885387,"stop":1677610891647,"duration":6260}},{"uid":"a7b3848b0467c9c3","reportUrl":"https://BC-LT-02.github.io/GUI-Framework/659//#testresult/a7b3848b0467c9c3","status":"failed","statusDetails":"stale element reference: element is not attached to the page document\n  (Session info: chrome=109.0.5414.119)","time":{"start":1677610177928,"stop":1677610184190,"duration":6262}},{"uid":"52806dedc7461b4d","reportUrl":"https://BC-LT-02.github.io/GUI-Framework/659//#testresult/52806dedc7461b4d","status":"failed","statusDetails":"Timed out after 30 seconds","time":{"start":1677609686783,"stop":1677609782219,"duration":95436}},{"uid":"efff18965ae2b76e","reportUrl":"https://BC-LT-02.github.io/GUI-Framework/658//#testresult/efff18965ae2b76e","status":"failed","statusDetails":"stale element reference: element is not attached to the page document\n  (Session info: chrome=109.0.5414.119)","time":{"start":1677609126360,"stop":1677609132905,"duration":6545}},{"uid":"84cce2d5e10a8d76","reportUrl":"https://BC-LT-02.github.io/GUI-Framework/656//#testresult/84cce2d5e10a8d76","status":"passed","time":{"start":1677608549339,"stop":1677608556455,"duration":7116}},{"uid":"7760d2d87a2e82b3","reportUrl":"https://BC-LT-02.github.io/GUI-Framework/654//#testresult/7760d2d87a2e82b3","status":"passed","time":{"start":1677606127343,"stop":1677606132262,"duration":4919}}]},"tags":["Regression","Due_Date_Item","Smoke","create.item.GoToGym","create.project.Errands","delete.projects"]},"source":"84a41f42192a597a.json","parameterValues":["Today","Today"]}