{"uid":"f70b3dee6b37942a","name":"Change a project image","fullName":"Change a project image","historyId":"Change a project image","time":{"start":1677619377006,"stop":1677619440780,"duration":63774},"status":"failed","statusMessage":"Timed out after 30 seconds -> no such element: Unable to locate element: {\"method\":\"xpath\",\"selector\":\"//div[@id='ProjectListPlaceHolder']//td[text()='MyProject']\"}\n  (Session info: chrome=109.0.5414.119)","statusTrace":"OpenQA.Selenium.WebDriverTimeoutException: Timed out after 30 seconds\n ---> OpenQA.Selenium.NoSuchElementException: no such element: Unable to locate element: {\"method\":\"xpath\",\"selector\":\"//div[@id='ProjectListPlaceHolder']//td[text()='MyProject']\"}\n  (Session info: chrome=109.0.5414.119)\n   at OpenQA.Selenium.WebDriver.UnpackAndThrowOnError(Response errorResponse, String commandToExecute)\n   at OpenQA.Selenium.WebDriver.Execute(String driverCommandToExecute, Dictionary`2 parameters)\n   at OpenQA.Selenium.WebDriver.FindElement(String mechanism, String value)\n   at OpenQA.Selenium.By.<.ctor>b__11_0(ISearchContext context)\n   at OpenQA.Selenium.By.FindElement(ISearchContext context)\n   at OpenQA.Selenium.WebDriver.FindElement(By by)\n   at SeleniumExtras.WaitHelpers.ExpectedConditions.<>c__DisplayClass6_0.<ElementExists>b__0(IWebDriver driver)\n   at OpenQA.Selenium.Support.UI.DefaultWait`1.Until[TResult](Func`2 condition, CancellationToken token)\n   --- End of inner exception stack trace ---\n   at OpenQA.Selenium.Support.UI.DefaultWait`1.ThrowTimeoutException(String exceptionMessage, Exception lastException)\n   at OpenQA.Selenium.Support.UI.DefaultWait`1.Until[TResult](Func`2 condition, CancellationToken token)\n   at OpenQA.Selenium.Support.UI.DefaultWait`1.Until[TResult](Func`2 condition)\n   at Todoly.Core.UIElements.Web.BaseWebElement.get_WebElement() in /home/runner/work/GUI-Framework/GUI-Framework/1.Core/UIElements/Web/BaseWebElement.cs:line 37\n   at Todoly.Tests.UI.Steps.Commons.CommonSteps.OpenContextMenu(String locatorArgument, String viewName) in /home/runner/work/GUI-Framework/GUI-Framework/3.Tests/UI/StepDefinitions/CommonStepDefinition.cs:line 119\n   at TechTalk.SpecFlow.Bindings.BindingInvoker.InvokeBinding(IBinding binding, IContextManager contextManager, Object[] arguments, ITestTracer testTracer, TimeSpan& duration)\n   at Allure.SpecFlowPlugin.AllureBindingInvoker.InvokeBinding(IBinding binding, IContextManager contextManager, Object[] arguments, ITestTracer testTracer, TimeSpan& duration)\n   at TechTalk.SpecFlow.Infrastructure.TestExecutionEngine.ExecuteStepMatch(BindingMatch match, Object[] arguments, TimeSpan& duration)\n   at TechTalk.SpecFlow.Infrastructure.TestExecutionEngine.ExecuteStep(IContextManager contextManager, StepInstance stepInstance)","flaky":false,"newFailed":true,"newBroken":false,"newPassed":false,"retriesCount":0,"retriesStatusChange":false,"beforeStages":[{"name":"CreateProject [1]","time":{"start":1677619376563,"stop":1677619377006,"duration":443},"status":"passed","steps":[],"attachments":[],"parameters":[],"stepsCount":0,"attachmentsCount":0,"shouldDisplayMessage":false,"hasContent":false},{"name":"CreateAnItem [2]","time":{"start":1677619377006,"stop":1677619377006,"duration":0},"status":"passed","steps":[],"attachments":[],"parameters":[],"stepsCount":0,"attachmentsCount":0,"shouldDisplayMessage":false,"hasContent":false}],"testStage":{"status":"failed","statusMessage":"Timed out after 30 seconds -> no such element: Unable to locate element: {\"method\":\"xpath\",\"selector\":\"//div[@id='ProjectListPlaceHolder']//td[text()='MyProject']\"}\n  (Session info: chrome=109.0.5414.119)","statusTrace":"OpenQA.Selenium.WebDriverTimeoutException: Timed out after 30 seconds\n ---> OpenQA.Selenium.NoSuchElementException: no such element: Unable to locate element: {\"method\":\"xpath\",\"selector\":\"//div[@id='ProjectListPlaceHolder']//td[text()='MyProject']\"}\n  (Session info: chrome=109.0.5414.119)\n   at OpenQA.Selenium.WebDriver.UnpackAndThrowOnError(Response errorResponse, String commandToExecute)\n   at OpenQA.Selenium.WebDriver.Execute(String driverCommandToExecute, Dictionary`2 parameters)\n   at OpenQA.Selenium.WebDriver.FindElement(String mechanism, String value)\n   at OpenQA.Selenium.By.<.ctor>b__11_0(ISearchContext context)\n   at OpenQA.Selenium.By.FindElement(ISearchContext context)\n   at OpenQA.Selenium.WebDriver.FindElement(By by)\n   at SeleniumExtras.WaitHelpers.ExpectedConditions.<>c__DisplayClass6_0.<ElementExists>b__0(IWebDriver driver)\n   at OpenQA.Selenium.Support.UI.DefaultWait`1.Until[TResult](Func`2 condition, CancellationToken token)\n   --- End of inner exception stack trace ---\n   at OpenQA.Selenium.Support.UI.DefaultWait`1.ThrowTimeoutException(String exceptionMessage, Exception lastException)\n   at OpenQA.Selenium.Support.UI.DefaultWait`1.Until[TResult](Func`2 condition, CancellationToken token)\n   at OpenQA.Selenium.Support.UI.DefaultWait`1.Until[TResult](Func`2 condition)\n   at Todoly.Core.UIElements.Web.BaseWebElement.get_WebElement() in /home/runner/work/GUI-Framework/GUI-Framework/1.Core/UIElements/Web/BaseWebElement.cs:line 37\n   at Todoly.Tests.UI.Steps.Commons.CommonSteps.OpenContextMenu(String locatorArgument, String viewName) in /home/runner/work/GUI-Framework/GUI-Framework/3.Tests/UI/StepDefinitions/CommonStepDefinition.cs:line 119\n   at TechTalk.SpecFlow.Bindings.BindingInvoker.InvokeBinding(IBinding binding, IContextManager contextManager, Object[] arguments, ITestTracer testTracer, TimeSpan& duration)\n   at Allure.SpecFlowPlugin.AllureBindingInvoker.InvokeBinding(IBinding binding, IContextManager contextManager, Object[] arguments, ITestTracer testTracer, TimeSpan& duration)\n   at TechTalk.SpecFlow.Infrastructure.TestExecutionEngine.ExecuteStepMatch(BindingMatch match, Object[] arguments, TimeSpan& duration)\n   at TechTalk.SpecFlow.Infrastructure.TestExecutionEngine.ExecuteStep(IContextManager contextManager, StepInstance stepInstance)","steps":[{"name":"Given  the user is logged in","time":{"start":1677619377006,"stop":1677619380590,"duration":3584},"status":"passed","steps":[],"attachments":[],"parameters":[],"stepsCount":0,"attachmentsCount":0,"shouldDisplayMessage":false,"hasContent":false},{"name":"When  the user opens the Project Context Menu on <MyProject> at 'Project Component'","time":{"start":1677619380590,"stop":1677619440682,"duration":60092},"status":"failed","steps":[],"attachments":[],"parameters":[],"stepsCount":0,"attachmentsCount":0,"shouldDisplayMessage":false,"hasContent":false},{"name":"And  clicks on 'Shopping Bag Image'","time":{"start":1677619440779,"stop":1677619440779,"duration":0},"status":"skipped","steps":[],"attachments":[],"parameters":[],"stepsCount":0,"attachmentsCount":0,"shouldDisplayMessage":false,"hasContent":false},{"name":"Then  the 'Project With Shopping Bag Image' should be displayed","time":{"start":1677619440779,"stop":1677619440779,"duration":0},"status":"skipped","steps":[],"attachments":[],"parameters":[],"stepsCount":0,"attachmentsCount":0,"shouldDisplayMessage":false,"hasContent":false}],"attachments":[{"uid":"c8f26644a1dd4b40","name":"Failed test screenshot","source":"c8f26644a1dd4b40.png","type":"application/png","size":56826}],"parameters":[],"stepsCount":4,"attachmentsCount":1,"shouldDisplayMessage":true,"hasContent":true},"afterStages":[{"name":"CaptureScreenshot [10000]","time":{"start":1677619440780,"stop":1677619440973,"duration":193},"status":"passed","steps":[],"attachments":[],"parameters":[],"stepsCount":0,"attachmentsCount":0,"shouldDisplayMessage":false,"hasContent":false},{"name":"SessionDisposal [10000]","time":{"start":1677619440973,"stop":1677619440973,"duration":0},"status":"passed","steps":[],"attachments":[],"parameters":[],"stepsCount":0,"attachmentsCount":0,"shouldDisplayMessage":false,"hasContent":false}],"labels":[{"name":"thread","value":"NonParallelWorker"},{"name":"host","value":"fv-az419-625"},{"name":"feature","value":"Project Image Selection"},{"name":"tag","value":"Regression"},{"name":"tag","value":"create.project.MyProject"},{"name":"resultFormat","value":"allure2"}],"parameters":[],"links":[],"hidden":false,"retry":false,"extra":{"severity":"normal","retries":[],"categories":[{"name":"Product defects","matchedStatuses":[],"flaky":false}],"history":{"statistic":{"failed":5,"broken":8,"skipped":0,"passed":30,"unknown":0,"total":43},"items":[{"uid":"bf1da0c51ec37621","reportUrl":"https://BC-LT-02.github.io/GUI-Framework/655//#testresult/bf1da0c51ec37621","status":"passed","time":{"start":1677619218234,"stop":1677619222052,"duration":3818}},{"uid":"c8552a6d180b24f6","reportUrl":"https://BC-LT-02.github.io/GUI-Framework/5//#testresult/c8552a6d180b24f6","status":"passed","time":{"start":1677618780313,"stop":1677618783234,"duration":2921}},{"uid":"38c90fc9e51aeae1","reportUrl":"https://BC-LT-02.github.io/GUI-Framework/671//#testresult/38c90fc9e51aeae1","status":"broken","statusDetails":"An unknown exception was encountered sending an HTTP request to the remote WebDriver server for URL http://localhost:4444/session/35bc8fc69ed971ff26706ee1eb7ca697/screenshot. The exception message was: Connection refused (localhost:4444) -> Connection refused (localhost:4444) -> Connection refused","time":{"start":1677618681270,"stop":1677618681280,"duration":10}},{"uid":"edb951a9ebc59671","reportUrl":"https://BC-LT-02.github.io/GUI-Framework/670//#testresult/edb951a9ebc59671","status":"passed","time":{"start":1677618114981,"stop":1677618118318,"duration":3337}},{"uid":"1c17957226d1a5cd","reportUrl":"https://BC-LT-02.github.io/GUI-Framework/669//#testresult/1c17957226d1a5cd","status":"passed","time":{"start":1677617185049,"stop":1677617188191,"duration":3142}},{"uid":"391975fdab2f55b7","reportUrl":"https://BC-LT-02.github.io/GUI-Framework/669//#testresult/391975fdab2f55b7","status":"failed","statusDetails":"Timed out after 30 seconds -> no such element: Unable to locate element: {\"method\":\"xpath\",\"selector\":\"//div[@id='ProjectListPlaceHolder']//td[text()='MyProject']\"}\n  (Session info: chrome=109.0.5414.119)","time":{"start":1677616284289,"stop":1677616347900,"duration":63611}},{"uid":"60b227b14a9d684d","reportUrl":"https://BC-LT-02.github.io/GUI-Framework/668//#testresult/60b227b14a9d684d","status":"passed","time":{"start":1677616363042,"stop":1677616367224,"duration":4182}},{"uid":"8cf389c807845115","reportUrl":"https://BC-LT-02.github.io/GUI-Framework/668//#testresult/8cf389c807845115","status":"passed","time":{"start":1677615934009,"stop":1677615937172,"duration":3163}},{"uid":"2a6ccd9129d091ea","reportUrl":"https://BC-LT-02.github.io/GUI-Framework/667//#testresult/2a6ccd9129d091ea","status":"passed","time":{"start":1677614549305,"stop":1677614552596,"duration":3291}},{"uid":"4b6b4cc08fde20dc","reportUrl":"https://BC-LT-02.github.io/GUI-Framework/666//#testresult/4b6b4cc08fde20dc","status":"passed","time":{"start":1677613800442,"stop":1677613804694,"duration":4252}},{"uid":"415e0e806c8788b2","reportUrl":"https://BC-LT-02.github.io/GUI-Framework/664//#testresult/415e0e806c8788b2","status":"passed","time":{"start":1677613510570,"stop":1677613514190,"duration":3620}},{"uid":"5da16c64bfc27fff","reportUrl":"https://BC-LT-02.github.io/GUI-Framework/665//#testresult/5da16c64bfc27fff","status":"passed","time":{"start":1677613241129,"stop":1677613244558,"duration":3429}},{"uid":"3757c4d7f351e9e2","reportUrl":"https://BC-LT-02.github.io/GUI-Framework/664//#testresult/3757c4d7f351e9e2","status":"passed","time":{"start":1677612863131,"stop":1677612866646,"duration":3515}},{"uid":"8e98556499efe34f","reportUrl":"https://BC-LT-02.github.io/GUI-Framework/662//#testresult/8e98556499efe34f","status":"failed","statusDetails":"Timed out after 30 seconds -> no such element: Unable to locate element: {\"method\":\"xpath\",\"selector\":\"//div[@id='ProjectListPlaceHolder']//td[text()='MyProject']\"}\n  (Session info: chrome=109.0.5414.119)","time":{"start":1677612212457,"stop":1677612276085,"duration":63628}},{"uid":"15a9efd1ae9b0cf9","reportUrl":"https://BC-LT-02.github.io/GUI-Framework/662//#testresult/15a9efd1ae9b0cf9","status":"passed","time":{"start":1677611718377,"stop":1677611721154,"duration":2777}},{"uid":"339bf5af421dc978","reportUrl":"https://BC-LT-02.github.io/GUI-Framework/661//#testresult/339bf5af421dc978","status":"passed","time":{"start":1677611122010,"stop":1677611125488,"duration":3478}},{"uid":"53f268122ff8819c","reportUrl":"https://BC-LT-02.github.io/GUI-Framework/659//#testresult/53f268122ff8819c","status":"passed","time":{"start":1677610377155,"stop":1677610380352,"duration":3197}},{"uid":"c87a77c972626990","reportUrl":"https://BC-LT-02.github.io/GUI-Framework/659//#testresult/c87a77c972626990","status":"passed","time":{"start":1677609949911,"stop":1677609953016,"duration":3105}},{"uid":"b37b499f9036be76","reportUrl":"https://BC-LT-02.github.io/GUI-Framework/658//#testresult/b37b499f9036be76","status":"failed","statusDetails":"Timed out after 30 seconds -> no such element: Unable to locate element: {\"method\":\"xpath\",\"selector\":\"//div[@id='ProjectListPlaceHolder']//td[text()='MyProject']\"}\n  (Session info: chrome=109.0.5414.119)","time":{"start":1677609332988,"stop":1677609395958,"duration":62970}},{"uid":"aab54d424fdf08e2","reportUrl":"https://BC-LT-02.github.io/GUI-Framework/656//#testresult/aab54d424fdf08e2","status":"passed","time":{"start":1677608777889,"stop":1677608781966,"duration":4077}}]},"tags":["Regression","create.project.MyProject"]},"source":"f70b3dee6b37942a.json","parameterValues":[]}